[0.436s] DEBUG:colcon:Command line arguments: ['/usr/bin/colcon', 'build', '--packages-select', 'glassy_challenge']
[0.436s] DEBUG:colcon:Parsed command line arguments: Namespace(log_base=None, log_level=None, verb_name='build', build_base='build', install_base='install', merge_install=False, symlink_install=False, test_result_base=None, continue_on_error=False, executor='parallel', parallel_workers=2, event_handlers=None, ignore_user_meta=False, metas=['./colcon.meta'], base_paths=['.'], packages_ignore=None, packages_ignore_regex=None, paths=None, packages_up_to=None, packages_up_to_regex=None, packages_above=None, packages_above_and_dependencies=None, packages_above_depth=None, packages_select_by_dep=None, packages_skip_by_dep=None, packages_skip_up_to=None, packages_select_build_failed=False, packages_skip_build_finished=False, packages_select_test_failures=False, packages_skip_test_passed=False, packages_select=['glassy_challenge'], packages_skip=None, packages_select_regex=None, packages_skip_regex=None, packages_start=None, packages_end=None, allow_overriding=[], cmake_args=None, cmake_target=None, cmake_target_skip_unavailable=False, cmake_clean_cache=False, cmake_clean_first=False, cmake_force_configure=False, ament_cmake_args=None, catkin_cmake_args=None, catkin_skip_building_tests=False, mixin_files=None, mixin=None, verb_parser=<colcon_mixin.mixin.mixin_argument.MixinArgumentDecorator object at 0x71f4aea5aec0>, verb_extension=<colcon_core.verb.build.BuildVerb object at 0x71f4aea5a8f0>, main=<bound method BuildVerb.main of <colcon_core.verb.build.BuildVerb object at 0x71f4aea5a8f0>>, mixin_verb=('build',))
[1.097s] Level 1:colcon.colcon_core.package_discovery:discover_packages(colcon_meta) check parameters
[1.097s] Level 1:colcon.colcon_core.package_discovery:discover_packages(recursive) check parameters
[1.097s] Level 1:colcon.colcon_core.package_discovery:discover_packages(ignore) check parameters
[1.097s] Level 1:colcon.colcon_core.package_discovery:discover_packages(path) check parameters
[1.097s] Level 1:colcon.colcon_core.package_discovery:discover_packages(colcon_meta) discover
[1.097s] Level 1:colcon.colcon_core.package_discovery:discover_packages(recursive) discover
[1.097s] INFO:colcon.colcon_core.package_discovery:Crawling recursively for packages in '/home/diogo/MIR_Project_2024/glassy_challenge_ws'
[1.098s] Level 1:colcon.colcon_core.package_identification:_identify(.) by extensions ['ignore', 'ignore_ament_install']
[1.098s] Level 1:colcon.colcon_core.package_identification:_identify(.) by extension 'ignore'
[1.098s] Level 1:colcon.colcon_core.package_identification:_identify(.) by extension 'ignore_ament_install'
[1.098s] Level 1:colcon.colcon_core.package_identification:_identify(.) by extensions ['colcon_pkg']
[1.098s] Level 1:colcon.colcon_core.package_identification:_identify(.) by extension 'colcon_pkg'
[1.098s] Level 1:colcon.colcon_core.package_identification:_identify(.) by extensions ['colcon_meta']
[1.098s] Level 1:colcon.colcon_core.package_identification:_identify(.) by extension 'colcon_meta'
[1.098s] Level 1:colcon.colcon_core.package_identification:_identify(.) by extensions ['ros']
[1.098s] Level 1:colcon.colcon_core.package_identification:_identify(.) by extension 'ros'
[1.125s] Level 1:colcon.colcon_core.package_identification:_identify(.) by extensions ['cmake', 'python']
[1.125s] Level 1:colcon.colcon_core.package_identification:_identify(.) by extension 'cmake'
[1.125s] Level 1:colcon.colcon_core.package_identification:_identify(.) by extension 'python'
[1.125s] Level 1:colcon.colcon_core.package_identification:_identify(.) by extensions ['python_setup_py']
[1.125s] Level 1:colcon.colcon_core.package_identification:_identify(.) by extension 'python_setup_py'
[1.126s] Level 1:colcon.colcon_core.package_identification:_identify(build) by extensions ['ignore', 'ignore_ament_install']
[1.126s] Level 1:colcon.colcon_core.package_identification:_identify(build) by extension 'ignore'
[1.126s] Level 1:colcon.colcon_core.package_identification:_identify(build) ignored
[1.126s] Level 1:colcon.colcon_core.package_identification:_identify(install) by extensions ['ignore', 'ignore_ament_install']
[1.126s] Level 1:colcon.colcon_core.package_identification:_identify(install) by extension 'ignore'
[1.126s] Level 1:colcon.colcon_core.package_identification:_identify(install) ignored
[1.126s] Level 1:colcon.colcon_core.package_identification:_identify(log) by extensions ['ignore', 'ignore_ament_install']
[1.127s] Level 1:colcon.colcon_core.package_identification:_identify(log) by extension 'ignore'
[1.127s] Level 1:colcon.colcon_core.package_identification:_identify(log) ignored
[1.127s] Level 1:colcon.colcon_core.package_identification:_identify(src) by extensions ['ignore', 'ignore_ament_install']
[1.127s] Level 1:colcon.colcon_core.package_identification:_identify(src) by extension 'ignore'
[1.127s] Level 1:colcon.colcon_core.package_identification:_identify(src) by extension 'ignore_ament_install'
[1.127s] Level 1:colcon.colcon_core.package_identification:_identify(src) by extensions ['colcon_pkg']
[1.127s] Level 1:colcon.colcon_core.package_identification:_identify(src) by extension 'colcon_pkg'
[1.127s] Level 1:colcon.colcon_core.package_identification:_identify(src) by extensions ['colcon_meta']
[1.127s] Level 1:colcon.colcon_core.package_identification:_identify(src) by extension 'colcon_meta'
[1.127s] Level 1:colcon.colcon_core.package_identification:_identify(src) by extensions ['ros']
[1.127s] Level 1:colcon.colcon_core.package_identification:_identify(src) by extension 'ros'
[1.128s] Level 1:colcon.colcon_core.package_identification:_identify(src) by extensions ['cmake', 'python']
[1.128s] Level 1:colcon.colcon_core.package_identification:_identify(src) by extension 'cmake'
[1.128s] Level 1:colcon.colcon_core.package_identification:_identify(src) by extension 'python'
[1.128s] Level 1:colcon.colcon_core.package_identification:_identify(src) by extensions ['python_setup_py']
[1.128s] Level 1:colcon.colcon_core.package_identification:_identify(src) by extension 'python_setup_py'
[1.128s] Level 1:colcon.colcon_core.package_identification:_identify(src/glassy_challenge) by extensions ['ignore', 'ignore_ament_install']
[1.128s] Level 1:colcon.colcon_core.package_identification:_identify(src/glassy_challenge) by extension 'ignore'
[1.128s] Level 1:colcon.colcon_core.package_identification:_identify(src/glassy_challenge) by extension 'ignore_ament_install'
[1.128s] Level 1:colcon.colcon_core.package_identification:_identify(src/glassy_challenge) by extensions ['colcon_pkg']
[1.128s] Level 1:colcon.colcon_core.package_identification:_identify(src/glassy_challenge) by extension 'colcon_pkg'
[1.128s] Level 1:colcon.colcon_core.package_identification:_identify(src/glassy_challenge) by extensions ['colcon_meta']
[1.128s] Level 1:colcon.colcon_core.package_identification:_identify(src/glassy_challenge) by extension 'colcon_meta'
[1.129s] Level 1:colcon.colcon_core.package_identification:_identify(src/glassy_challenge) by extensions ['ros']
[1.129s] Level 1:colcon.colcon_core.package_identification:_identify(src/glassy_challenge) by extension 'ros'
[1.132s] DEBUG:colcon.colcon_core.package_identification:Package 'src/glassy_challenge' with type 'ros.ament_python' and name 'glassy_challenge'
[1.133s] Level 1:colcon.colcon_core.package_identification:_identify(src/glassy_msgs) by extensions ['ignore', 'ignore_ament_install']
[1.133s] Level 1:colcon.colcon_core.package_identification:_identify(src/glassy_msgs) by extension 'ignore'
[1.134s] Level 1:colcon.colcon_core.package_identification:_identify(src/glassy_msgs) by extension 'ignore_ament_install'
[1.134s] Level 1:colcon.colcon_core.package_identification:_identify(src/glassy_msgs) by extensions ['colcon_pkg']
[1.134s] Level 1:colcon.colcon_core.package_identification:_identify(src/glassy_msgs) by extension 'colcon_pkg'
[1.134s] Level 1:colcon.colcon_core.package_identification:_identify(src/glassy_msgs) by extensions ['colcon_meta']
[1.134s] Level 1:colcon.colcon_core.package_identification:_identify(src/glassy_msgs) by extension 'colcon_meta'
[1.134s] Level 1:colcon.colcon_core.package_identification:_identify(src/glassy_msgs) by extensions ['ros']
[1.134s] Level 1:colcon.colcon_core.package_identification:_identify(src/glassy_msgs) by extension 'ros'
[1.135s] DEBUG:colcon.colcon_core.package_identification:Package 'src/glassy_msgs' with type 'ros.ament_cmake' and name 'glassy_msgs'
[1.135s] Level 1:colcon.colcon_core.package_identification:_identify(src/glassy_px4_manager) by extensions ['ignore', 'ignore_ament_install']
[1.135s] Level 1:colcon.colcon_core.package_identification:_identify(src/glassy_px4_manager) by extension 'ignore'
[1.135s] Level 1:colcon.colcon_core.package_identification:_identify(src/glassy_px4_manager) by extension 'ignore_ament_install'
[1.135s] Level 1:colcon.colcon_core.package_identification:_identify(src/glassy_px4_manager) by extensions ['colcon_pkg']
[1.136s] Level 1:colcon.colcon_core.package_identification:_identify(src/glassy_px4_manager) by extension 'colcon_pkg'
[1.136s] Level 1:colcon.colcon_core.package_identification:_identify(src/glassy_px4_manager) by extensions ['colcon_meta']
[1.136s] Level 1:colcon.colcon_core.package_identification:_identify(src/glassy_px4_manager) by extension 'colcon_meta'
[1.136s] Level 1:colcon.colcon_core.package_identification:_identify(src/glassy_px4_manager) by extensions ['ros']
[1.136s] Level 1:colcon.colcon_core.package_identification:_identify(src/glassy_px4_manager) by extension 'ros'
[1.137s] DEBUG:colcon.colcon_core.package_identification:Package 'src/glassy_px4_manager' with type 'ros.ament_cmake' and name 'glassy_px4_manager'
[1.138s] Level 1:colcon.colcon_core.package_identification:_identify(src/glassy_utils) by extensions ['ignore', 'ignore_ament_install']
[1.138s] Level 1:colcon.colcon_core.package_identification:_identify(src/glassy_utils) by extension 'ignore'
[1.138s] Level 1:colcon.colcon_core.package_identification:_identify(src/glassy_utils) by extension 'ignore_ament_install'
[1.138s] Level 1:colcon.colcon_core.package_identification:_identify(src/glassy_utils) by extensions ['colcon_pkg']
[1.138s] Level 1:colcon.colcon_core.package_identification:_identify(src/glassy_utils) by extension 'colcon_pkg'
[1.138s] Level 1:colcon.colcon_core.package_identification:_identify(src/glassy_utils) by extensions ['colcon_meta']
[1.138s] Level 1:colcon.colcon_core.package_identification:_identify(src/glassy_utils) by extension 'colcon_meta'
[1.139s] Level 1:colcon.colcon_core.package_identification:_identify(src/glassy_utils) by extensions ['ros']
[1.139s] Level 1:colcon.colcon_core.package_identification:_identify(src/glassy_utils) by extension 'ros'
[1.140s] DEBUG:colcon.colcon_core.package_identification:Package 'src/glassy_utils' with type 'ros.ament_cmake' and name 'glassy_utils'
[1.140s] Level 1:colcon.colcon_core.package_identification:_identify(src/px4_msgs) by extensions ['ignore', 'ignore_ament_install']
[1.140s] Level 1:colcon.colcon_core.package_identification:_identify(src/px4_msgs) by extension 'ignore'
[1.140s] Level 1:colcon.colcon_core.package_identification:_identify(src/px4_msgs) by extension 'ignore_ament_install'
[1.141s] Level 1:colcon.colcon_core.package_identification:_identify(src/px4_msgs) by extensions ['colcon_pkg']
[1.141s] Level 1:colcon.colcon_core.package_identification:_identify(src/px4_msgs) by extension 'colcon_pkg'
[1.141s] Level 1:colcon.colcon_core.package_identification:_identify(src/px4_msgs) by extensions ['colcon_meta']
[1.141s] Level 1:colcon.colcon_core.package_identification:_identify(src/px4_msgs) by extension 'colcon_meta'
[1.141s] Level 1:colcon.colcon_core.package_identification:_identify(src/px4_msgs) by extensions ['ros']
[1.141s] Level 1:colcon.colcon_core.package_identification:_identify(src/px4_msgs) by extension 'ros'
[1.142s] DEBUG:colcon.colcon_core.package_identification:Package 'src/px4_msgs' with type 'ros.ament_cmake' and name 'px4_msgs'
[1.142s] Level 1:colcon.colcon_core.package_discovery:discover_packages(recursive) using defaults
[1.142s] Level 1:colcon.colcon_core.package_discovery:discover_packages(ignore) discover
[1.142s] Level 1:colcon.colcon_core.package_discovery:discover_packages(ignore) using defaults
[1.142s] Level 1:colcon.colcon_core.package_discovery:discover_packages(path) discover
[1.142s] Level 1:colcon.colcon_core.package_discovery:discover_packages(path) using defaults
[1.201s] INFO:colcon.colcon_core.package_selection:Skipping not selected package 'glassy_msgs' in 'src/glassy_msgs'
[1.201s] INFO:colcon.colcon_core.package_selection:Skipping not selected package 'glassy_utils' in 'src/glassy_utils'
[1.201s] INFO:colcon.colcon_core.package_selection:Skipping not selected package 'px4_msgs' in 'src/px4_msgs'
[1.201s] INFO:colcon.colcon_core.package_selection:Skipping not selected package 'glassy_px4_manager' in 'src/glassy_px4_manager'
[1.202s] Level 1:colcon.colcon_core.package_discovery:discover_packages(prefix_path) check parameters
[1.202s] Level 1:colcon.colcon_core.package_discovery:discover_packages(prefix_path) discover
[1.209s] DEBUG:colcon.colcon_installed_package_information.package_discovery:Found 5 installed packages in /home/diogo/MIR_Project_2024/glassy_challenge_ws/install
[1.211s] DEBUG:colcon.colcon_installed_package_information.package_discovery:Found 271 installed packages in /opt/ros/humble
[1.215s] Level 1:colcon.colcon_core.package_discovery:discover_packages(prefix_path) using defaults
[1.283s] Level 5:colcon.colcon_core.verb:set package 'glassy_challenge' build argument 'cmake_args' from command line to 'None'
[1.283s] Level 5:colcon.colcon_core.verb:set package 'glassy_challenge' build argument 'cmake_target' from command line to 'None'
[1.283s] Level 5:colcon.colcon_core.verb:set package 'glassy_challenge' build argument 'cmake_target_skip_unavailable' from command line to 'False'
[1.283s] Level 5:colcon.colcon_core.verb:set package 'glassy_challenge' build argument 'cmake_clean_cache' from command line to 'False'
[1.283s] Level 5:colcon.colcon_core.verb:set package 'glassy_challenge' build argument 'cmake_clean_first' from command line to 'False'
[1.283s] Level 5:colcon.colcon_core.verb:set package 'glassy_challenge' build argument 'cmake_force_configure' from command line to 'False'
[1.283s] Level 5:colcon.colcon_core.verb:set package 'glassy_challenge' build argument 'ament_cmake_args' from command line to 'None'
[1.283s] Level 5:colcon.colcon_core.verb:set package 'glassy_challenge' build argument 'catkin_cmake_args' from command line to 'None'
[1.283s] Level 5:colcon.colcon_core.verb:set package 'glassy_challenge' build argument 'catkin_skip_building_tests' from command line to 'False'
[1.284s] DEBUG:colcon.colcon_core.verb:Building package 'glassy_challenge' with the following arguments: {'ament_cmake_args': None, 'build_base': '/home/diogo/MIR_Project_2024/glassy_challenge_ws/build/glassy_challenge', 'catkin_cmake_args': None, 'catkin_skip_building_tests': False, 'cmake_args': None, 'cmake_clean_cache': False, 'cmake_clean_first': False, 'cmake_force_configure': False, 'cmake_target': None, 'cmake_target_skip_unavailable': False, 'install_base': '/home/diogo/MIR_Project_2024/glassy_challenge_ws/install/glassy_challenge', 'merge_install': False, 'path': '/home/diogo/MIR_Project_2024/glassy_challenge_ws/src/glassy_challenge', 'symlink_install': False, 'test_result_base': None}
[1.284s] INFO:colcon.colcon_core.executor:Executing jobs using 'parallel' executor
[1.286s] DEBUG:colcon.colcon_parallel_executor.executor.parallel:run_until_complete
[1.286s] INFO:colcon.colcon_ros.task.ament_python.build:Building ROS package in '/home/diogo/MIR_Project_2024/glassy_challenge_ws/src/glassy_challenge' with build type 'ament_python'
[1.286s] Level 1:colcon.colcon_core.shell:create_environment_hook('glassy_challenge', 'ament_prefix_path')
[1.296s] INFO:colcon.colcon_core.plugin_system:Skipping extension 'colcon_core.shell.bat': Not used on non-Windows systems
[1.296s] INFO:colcon.colcon_core.shell:Creating environment hook '/home/diogo/MIR_Project_2024/glassy_challenge_ws/install/glassy_challenge/share/glassy_challenge/hook/ament_prefix_path.ps1'
[1.299s] INFO:colcon.colcon_core.shell:Creating environment descriptor '/home/diogo/MIR_Project_2024/glassy_challenge_ws/install/glassy_challenge/share/glassy_challenge/hook/ament_prefix_path.dsv'
[1.300s] INFO:colcon.colcon_core.shell:Creating environment hook '/home/diogo/MIR_Project_2024/glassy_challenge_ws/install/glassy_challenge/share/glassy_challenge/hook/ament_prefix_path.sh'
[1.301s] INFO:colcon.colcon_core.shell:Skip shell extension 'powershell' for command environment: Not usable outside of PowerShell
[1.301s] DEBUG:colcon.colcon_core.shell:Skip shell extension 'dsv' for command environment
[1.738s] INFO:colcon.colcon_core.task.python.build:Building Python package in '/home/diogo/MIR_Project_2024/glassy_challenge_ws/src/glassy_challenge'
[1.739s] INFO:colcon.colcon_core.shell:Skip shell extension 'powershell' for command environment: Not usable outside of PowerShell
[1.739s] DEBUG:colcon.colcon_core.shell:Skip shell extension 'dsv' for command environment
[2.446s] DEBUG:colcon.colcon_core.event_handler.log_command:Invoking command in '/home/diogo/MIR_Project_2024/glassy_challenge_ws/src/glassy_challenge': CMAKE_PREFIX_PATH=/home/diogo/MIR_Project_2024/glassy_challenge_ws/install/px4_msgs:/home/diogo/MIR_Project_2024/glassy_challenge_ws/install/glassy_msgs:/home/diogo/MIR_Project_2024/glassy_challenge_ws/install/glassy_px4_manager:/home/diogo/MIR_Project_2024/glassy_challenge_ws/install/glassy_utils LD_LIBRARY_PATH=/home/diogo/MIR_Project_2024/glassy_challenge_ws/install/px4_msgs/lib:/home/diogo/MIR_Project_2024/glassy_challenge_ws/install/glassy_msgs/lib:/home/diogo/MIR_Project_2024/glassy_challenge_ws/install/glassy_utils/lib:/opt/ros/humble/opt/rviz_ogre_vendor/lib:/opt/ros/humble/lib/x86_64-linux-gnu:/opt/ros/humble/lib PYTHONPATH=/home/diogo/MIR_Project_2024/glassy_challenge_ws/build/glassy_challenge/prefix_override:/usr/lib/python3/dist-packages/colcon_core/task/python/colcon_distutils_commands:/home/diogo/MIR_Project_2024/glassy_challenge_ws/install/glassy_challenge/lib/python3.10/site-packages:${PYTHONPATH} /usr/bin/python3 -W ignore:setup.py install is deprecated -W ignore:easy_install command is deprecated setup.py egg_info --egg-base ../../build/glassy_challenge build --build-base /home/diogo/MIR_Project_2024/glassy_challenge_ws/build/glassy_challenge/build install --record /home/diogo/MIR_Project_2024/glassy_challenge_ws/build/glassy_challenge/install.log --single-version-externally-managed install_data
[3.027s] DEBUG:colcon.colcon_core.event_handler.log_command:Invoked command in '/home/diogo/MIR_Project_2024/glassy_challenge_ws/src/glassy_challenge' returned '0': CMAKE_PREFIX_PATH=/home/diogo/MIR_Project_2024/glassy_challenge_ws/install/px4_msgs:/home/diogo/MIR_Project_2024/glassy_challenge_ws/install/glassy_msgs:/home/diogo/MIR_Project_2024/glassy_challenge_ws/install/glassy_px4_manager:/home/diogo/MIR_Project_2024/glassy_challenge_ws/install/glassy_utils LD_LIBRARY_PATH=/home/diogo/MIR_Project_2024/glassy_challenge_ws/install/px4_msgs/lib:/home/diogo/MIR_Project_2024/glassy_challenge_ws/install/glassy_msgs/lib:/home/diogo/MIR_Project_2024/glassy_challenge_ws/install/glassy_utils/lib:/opt/ros/humble/opt/rviz_ogre_vendor/lib:/opt/ros/humble/lib/x86_64-linux-gnu:/opt/ros/humble/lib PYTHONPATH=/home/diogo/MIR_Project_2024/glassy_challenge_ws/build/glassy_challenge/prefix_override:/usr/lib/python3/dist-packages/colcon_core/task/python/colcon_distutils_commands:/home/diogo/MIR_Project_2024/glassy_challenge_ws/install/glassy_challenge/lib/python3.10/site-packages:${PYTHONPATH} /usr/bin/python3 -W ignore:setup.py install is deprecated -W ignore:easy_install command is deprecated setup.py egg_info --egg-base ../../build/glassy_challenge build --build-base /home/diogo/MIR_Project_2024/glassy_challenge_ws/build/glassy_challenge/build install --record /home/diogo/MIR_Project_2024/glassy_challenge_ws/build/glassy_challenge/install.log --single-version-externally-managed install_data
[3.045s] Level 1:colcon.colcon_core.environment:checking '/home/diogo/MIR_Project_2024/glassy_challenge_ws/install/glassy_challenge' for CMake module files
[3.047s] Level 1:colcon.colcon_core.environment:checking '/home/diogo/MIR_Project_2024/glassy_challenge_ws/install/glassy_challenge' for CMake config files
[3.051s] Level 1:colcon.colcon_core.environment:checking '/home/diogo/MIR_Project_2024/glassy_challenge_ws/install/glassy_challenge/lib'
[3.053s] Level 1:colcon.colcon_core.environment:checking '/home/diogo/MIR_Project_2024/glassy_challenge_ws/install/glassy_challenge/bin'
[3.054s] Level 1:colcon.colcon_core.environment:checking '/home/diogo/MIR_Project_2024/glassy_challenge_ws/install/glassy_challenge/lib/pkgconfig/glassy_challenge.pc'
[3.054s] Level 1:colcon.colcon_core.environment:checking '/home/diogo/MIR_Project_2024/glassy_challenge_ws/install/glassy_challenge/lib/python3.10/site-packages'
[3.054s] Level 1:colcon.colcon_core.shell:create_environment_hook('glassy_challenge', 'pythonpath')
[3.055s] INFO:colcon.colcon_core.shell:Creating environment hook '/home/diogo/MIR_Project_2024/glassy_challenge_ws/install/glassy_challenge/share/glassy_challenge/hook/pythonpath.ps1'
[3.055s] INFO:colcon.colcon_core.shell:Creating environment descriptor '/home/diogo/MIR_Project_2024/glassy_challenge_ws/install/glassy_challenge/share/glassy_challenge/hook/pythonpath.dsv'
[3.056s] INFO:colcon.colcon_core.shell:Creating environment hook '/home/diogo/MIR_Project_2024/glassy_challenge_ws/install/glassy_challenge/share/glassy_challenge/hook/pythonpath.sh'
[3.057s] Level 1:colcon.colcon_core.environment:checking '/home/diogo/MIR_Project_2024/glassy_challenge_ws/install/glassy_challenge/bin'
[3.057s] Level 1:colcon.colcon_core.environment:create_environment_scripts_only(glassy_challenge)
[3.058s] INFO:colcon.colcon_core.shell:Creating package script '/home/diogo/MIR_Project_2024/glassy_challenge_ws/install/glassy_challenge/share/glassy_challenge/package.ps1'
[3.059s] INFO:colcon.colcon_core.shell:Creating package descriptor '/home/diogo/MIR_Project_2024/glassy_challenge_ws/install/glassy_challenge/share/glassy_challenge/package.dsv'
[3.060s] INFO:colcon.colcon_core.shell:Creating package script '/home/diogo/MIR_Project_2024/glassy_challenge_ws/install/glassy_challenge/share/glassy_challenge/package.sh'
[3.061s] INFO:colcon.colcon_core.shell:Creating package script '/home/diogo/MIR_Project_2024/glassy_challenge_ws/install/glassy_challenge/share/glassy_challenge/package.bash'
[3.063s] INFO:colcon.colcon_core.shell:Creating package script '/home/diogo/MIR_Project_2024/glassy_challenge_ws/install/glassy_challenge/share/glassy_challenge/package.zsh'
[3.065s] Level 1:colcon.colcon_core.environment:create_file_with_runtime_dependencies(/home/diogo/MIR_Project_2024/glassy_challenge_ws/install/glassy_challenge/share/colcon-core/packages/glassy_challenge)
[3.066s] DEBUG:colcon.colcon_parallel_executor.executor.parallel:closing loop
[3.066s] DEBUG:colcon.colcon_parallel_executor.executor.parallel:loop closed
[3.066s] DEBUG:colcon.colcon_parallel_executor.executor.parallel:run_until_complete finished with '0'
[3.066s] DEBUG:colcon.colcon_core.event_reactor:joining thread
[3.081s] INFO:colcon.colcon_core.plugin_system:Skipping extension 'colcon_notification.desktop_notification.terminal_notifier': Not used on non-Darwin systems
[3.081s] INFO:colcon.colcon_core.plugin_system:Skipping extension 'colcon_notification.desktop_notification.win32': Not used on non-Windows systems
[3.081s] INFO:colcon.colcon_notification.desktop_notification:Sending desktop notification using 'notify2'
[3.121s] DEBUG:colcon.colcon_core.event_reactor:joined thread
[3.121s] INFO:colcon.colcon_core.shell:Creating prefix script '/home/diogo/MIR_Project_2024/glassy_challenge_ws/install/local_setup.ps1'
[3.124s] INFO:colcon.colcon_core.shell:Creating prefix util module '/home/diogo/MIR_Project_2024/glassy_challenge_ws/install/_local_setup_util_ps1.py'
[3.127s] INFO:colcon.colcon_core.shell:Creating prefix chain script '/home/diogo/MIR_Project_2024/glassy_challenge_ws/install/setup.ps1'
[3.132s] INFO:colcon.colcon_core.shell:Creating prefix script '/home/diogo/MIR_Project_2024/glassy_challenge_ws/install/local_setup.sh'
[3.136s] INFO:colcon.colcon_core.shell:Creating prefix util module '/home/diogo/MIR_Project_2024/glassy_challenge_ws/install/_local_setup_util_sh.py'
[3.137s] INFO:colcon.colcon_core.shell:Creating prefix chain script '/home/diogo/MIR_Project_2024/glassy_challenge_ws/install/setup.sh'
[3.141s] INFO:colcon.colcon_core.shell:Creating prefix script '/home/diogo/MIR_Project_2024/glassy_challenge_ws/install/local_setup.bash'
[3.142s] INFO:colcon.colcon_core.shell:Creating prefix chain script '/home/diogo/MIR_Project_2024/glassy_challenge_ws/install/setup.bash'
[3.145s] INFO:colcon.colcon_core.shell:Creating prefix script '/home/diogo/MIR_Project_2024/glassy_challenge_ws/install/local_setup.zsh'
[3.149s] INFO:colcon.colcon_core.shell:Creating prefix chain script '/home/diogo/MIR_Project_2024/glassy_challenge_ws/install/setup.zsh'
