[0.024s] Invoking command in '/home/diogo/MIR_Project_2024/glassy_challenge_ws/build/glassy_msgs': CMAKE_PREFIX_PATH=${CMAKE_PREFIX_PATH}:/home/diogo/MIR_Project_2024/glassy_challenge_ws/install/glassy_challenge:/opt/ros/humble /usr/bin/cmake --build /home/diogo/MIR_Project_2024/glassy_challenge_ws/build/glassy_msgs -- -j2 -l2
[0.325s] [  0%] Built target glassy_msgs__cpp
[0.360s] [ 12%] Built target glassy_msgs__rosidl_generator_c
[0.437s] [ 12%] Built target ament_cmake_python_copy_glassy_msgs
[0.478s] [ 24%] Built target glassy_msgs__rosidl_typesupport_cpp
[0.515s] [ 36%] Built target glassy_msgs__rosidl_typesupport_fastrtps_c
[0.537s] [ 47%] Built target glassy_msgs__rosidl_typesupport_fastrtps_cpp
[0.590s] [ 59%] Built target glassy_msgs__rosidl_typesupport_introspection_c
[0.600s] [ 70%] Built target glassy_msgs__rosidl_typesupport_c
[0.729s] [ 82%] Built target glassy_msgs__rosidl_typesupport_introspection_cpp
[0.798s] [ 82%] Built target glassy_msgs
[0.887s] [ 83%] Built target glassy_msgs__py
[0.970s] [ 94%] Built target glassy_msgs__rosidl_generator_py
[1.016s] running egg_info
[1.017s] writing glassy_msgs.egg-info/PKG-INFO
[1.018s] writing dependency_links to glassy_msgs.egg-info/dependency_links.txt
[1.018s] writing top-level names to glassy_msgs.egg-info/top_level.txt
[1.023s] reading manifest file 'glassy_msgs.egg-info/SOURCES.txt'
[1.025s] writing manifest file 'glassy_msgs.egg-info/SOURCES.txt'
[1.050s] [ 96%] Built target glassy_msgs__rosidl_typesupport_fastrtps_c__pyext
[1.055s] [ 96%] Built target ament_cmake_python_build_glassy_msgs_egg
[1.110s] [ 98%] Built target glassy_msgs__rosidl_typesupport_c__pyext
[1.122s] [100%] Built target glassy_msgs__rosidl_typesupport_introspection_c__pyext
[1.140s] Invoked command in '/home/diogo/MIR_Project_2024/glassy_challenge_ws/build/glassy_msgs' returned '0': CMAKE_PREFIX_PATH=${CMAKE_PREFIX_PATH}:/home/diogo/MIR_Project_2024/glassy_challenge_ws/install/glassy_challenge:/opt/ros/humble /usr/bin/cmake --build /home/diogo/MIR_Project_2024/glassy_challenge_ws/build/glassy_msgs -- -j2 -l2
[1.172s] Invoking command in '/home/diogo/MIR_Project_2024/glassy_challenge_ws/build/glassy_msgs': CMAKE_PREFIX_PATH=${CMAKE_PREFIX_PATH}:/home/diogo/MIR_Project_2024/glassy_challenge_ws/install/glassy_challenge:/opt/ros/humble /usr/bin/cmake --install /home/diogo/MIR_Project_2024/glassy_challenge_ws/build/glassy_msgs
[1.191s] -- Install configuration: ""
[1.192s] -- Up-to-date: /home/diogo/MIR_Project_2024/glassy_challenge_ws/install/glassy_msgs/share/ament_index/resource_index/rosidl_interfaces/glassy_msgs
[1.194s] -- Up-to-date: /home/diogo/MIR_Project_2024/glassy_challenge_ws/install/glassy_msgs/include/glassy_msgs/glassy_msgs
[1.197s] -- Up-to-date: /home/diogo/MIR_Project_2024/glassy_challenge_ws/install/glassy_msgs/include/glassy_msgs/glassy_msgs/msg
[1.198s] -- Up-to-date: /home/diogo/MIR_Project_2024/glassy_challenge_ws/install/glassy_msgs/include/glassy_msgs/glassy_msgs/msg/inner_loop_references.h
[1.198s] -- Up-to-date: /home/diogo/MIR_Project_2024/glassy_challenge_ws/install/glassy_msgs/include/glassy_msgs/glassy_msgs/msg/detail
[1.198s] -- Up-to-date: /home/diogo/MIR_Project_2024/glassy_challenge_ws/install/glassy_msgs/include/glassy_msgs/glassy_msgs/msg/detail/actuators__struct.h
[1.198s] -- Up-to-date: /home/diogo/MIR_Project_2024/glassy_challenge_ws/install/glassy_msgs/include/glassy_msgs/glassy_msgs/msg/detail/path_references__type_support.h
[1.198s] -- Up-to-date: /home/diogo/MIR_Project_2024/glassy_challenge_ws/install/glassy_msgs/include/glassy_msgs/glassy_msgs/msg/detail/mission_info__functions.h
[1.198s] -- Up-to-date: /home/diogo/MIR_Project_2024/glassy_challenge_ws/install/glassy_msgs/include/glassy_msgs/glassy_msgs/msg/detail/inner_loop_references__type_support.h
[1.198s] -- Up-to-date: /home/diogo/MIR_Project_2024/glassy_challenge_ws/install/glassy_msgs/include/glassy_msgs/glassy_msgs/msg/detail/state__functions.h
[1.199s] -- Up-to-date: /home/diogo/MIR_Project_2024/glassy_challenge_ws/install/glassy_msgs/include/glassy_msgs/glassy_msgs/msg/detail/actuators__type_support.h
[1.199s] -- Up-to-date: /home/diogo/MIR_Project_2024/glassy_challenge_ws/install/glassy_msgs/include/glassy_msgs/glassy_msgs/msg/detail/mission_info__functions.c
[1.200s] -- Up-to-date: /home/diogo/MIR_Project_2024/glassy_challenge_ws/install/glassy_msgs/include/glassy_msgs/glassy_msgs/msg/detail/mission_info__type_support.h
[1.200s] -- Up-to-date: /home/diogo/MIR_Project_2024/glassy_challenge_ws/install/glassy_msgs/include/glassy_msgs/glassy_msgs/msg/detail/state__functions.c
[1.200s] -- Up-to-date: /home/diogo/MIR_Project_2024/glassy_challenge_ws/install/glassy_msgs/include/glassy_msgs/glassy_msgs/msg/detail/actuators__functions.c
[1.200s] -- Up-to-date: /home/diogo/MIR_Project_2024/glassy_challenge_ws/install/glassy_msgs/include/glassy_msgs/glassy_msgs/msg/detail/inner_loop_references__functions.c
[1.200s] -- Up-to-date: /home/diogo/MIR_Project_2024/glassy_challenge_ws/install/glassy_msgs/include/glassy_msgs/glassy_msgs/msg/detail/path_references__struct.h
[1.200s] -- Up-to-date: /home/diogo/MIR_Project_2024/glassy_challenge_ws/install/glassy_msgs/include/glassy_msgs/glassy_msgs/msg/detail/state__type_support.h
[1.200s] -- Up-to-date: /home/diogo/MIR_Project_2024/glassy_challenge_ws/install/glassy_msgs/include/glassy_msgs/glassy_msgs/msg/detail/inner_loop_references__functions.h
[1.200s] -- Up-to-date: /home/diogo/MIR_Project_2024/glassy_challenge_ws/install/glassy_msgs/include/glassy_msgs/glassy_msgs/msg/detail/state__struct.h
[1.200s] -- Up-to-date: /home/diogo/MIR_Project_2024/glassy_challenge_ws/install/glassy_msgs/include/glassy_msgs/glassy_msgs/msg/detail/mission_info__struct.h
[1.200s] -- Up-to-date: /home/diogo/MIR_Project_2024/glassy_challenge_ws/install/glassy_msgs/include/glassy_msgs/glassy_msgs/msg/detail/inner_loop_references__struct.h
[1.200s] -- Up-to-date: /home/diogo/MIR_Project_2024/glassy_challenge_ws/install/glassy_msgs/include/glassy_msgs/glassy_msgs/msg/detail/path_references__functions.h
[1.200s] -- Up-to-date: /home/diogo/MIR_Project_2024/glassy_challenge_ws/install/glassy_msgs/include/glassy_msgs/glassy_msgs/msg/detail/path_references__functions.c
[1.201s] -- Up-to-date: /home/diogo/MIR_Project_2024/glassy_challenge_ws/install/glassy_msgs/include/glassy_msgs/glassy_msgs/msg/detail/actuators__functions.h
[1.201s] -- Up-to-date: /home/diogo/MIR_Project_2024/glassy_challenge_ws/install/glassy_msgs/include/glassy_msgs/glassy_msgs/msg/path_references.h
[1.201s] -- Up-to-date: /home/diogo/MIR_Project_2024/glassy_challenge_ws/install/glassy_msgs/include/glassy_msgs/glassy_msgs/msg/actuators.h
[1.202s] -- Up-to-date: /home/diogo/MIR_Project_2024/glassy_challenge_ws/install/glassy_msgs/include/glassy_msgs/glassy_msgs/msg/rosidl_generator_c__visibility_control.h
[1.202s] -- Up-to-date: /home/diogo/MIR_Project_2024/glassy_challenge_ws/install/glassy_msgs/include/glassy_msgs/glassy_msgs/msg/mission_info.h
[1.202s] -- Up-to-date: /home/diogo/MIR_Project_2024/glassy_challenge_ws/install/glassy_msgs/include/glassy_msgs/glassy_msgs/msg/state.h
[1.202s] -- Up-to-date: /home/diogo/MIR_Project_2024/glassy_challenge_ws/install/glassy_msgs/include/glassy_msgs/glassy_msgs/srv
[1.202s] -- Up-to-date: /home/diogo/MIR_Project_2024/glassy_challenge_ws/install/glassy_msgs/include/glassy_msgs/glassy_msgs/srv/detail
[1.202s] -- Up-to-date: /home/diogo/MIR_Project_2024/glassy_challenge_ws/install/glassy_msgs/include/glassy_msgs/glassy_msgs/srv/detail/los_params__functions.h
[1.202s] -- Up-to-date: /home/diogo/MIR_Project_2024/glassy_challenge_ws/install/glassy_msgs/include/glassy_msgs/glassy_msgs/srv/detail/pid_gains__type_support.h
[1.202s] -- Up-to-date: /home/diogo/MIR_Project_2024/glassy_challenge_ws/install/glassy_msgs/include/glassy_msgs/glassy_msgs/srv/detail/set_mission__struct.h
[1.202s] -- Up-to-date: /home/diogo/MIR_Project_2024/glassy_challenge_ws/install/glassy_msgs/include/glassy_msgs/glassy_msgs/srv/detail/set_path__struct.h
[1.202s] -- Up-to-date: /home/diogo/MIR_Project_2024/glassy_challenge_ws/install/glassy_msgs/include/glassy_msgs/glassy_msgs/srv/detail/los_params__type_support.h
[1.202s] -- Up-to-date: /home/diogo/MIR_Project_2024/glassy_challenge_ws/install/glassy_msgs/include/glassy_msgs/glassy_msgs/srv/detail/pid_gains__functions.c
[1.202s] -- Up-to-date: /home/diogo/MIR_Project_2024/glassy_challenge_ws/install/glassy_msgs/include/glassy_msgs/glassy_msgs/srv/detail/set_limits__type_support.h
[1.202s] -- Up-to-date: /home/diogo/MIR_Project_2024/glassy_challenge_ws/install/glassy_msgs/include/glassy_msgs/glassy_msgs/srv/detail/set_limits__functions.h
[1.202s] -- Up-to-date: /home/diogo/MIR_Project_2024/glassy_challenge_ws/install/glassy_msgs/include/glassy_msgs/glassy_msgs/srv/detail/set_path__functions.h
[1.202s] -- Up-to-date: /home/diogo/MIR_Project_2024/glassy_challenge_ws/install/glassy_msgs/include/glassy_msgs/glassy_msgs/srv/detail/set_mission__functions.c
[1.203s] -- Up-to-date: /home/diogo/MIR_Project_2024/glassy_challenge_ws/install/glassy_msgs/include/glassy_msgs/glassy_msgs/srv/detail/set_mission__type_support.h
[1.203s] -- Up-to-date: /home/diogo/MIR_Project_2024/glassy_challenge_ws/install/glassy_msgs/include/glassy_msgs/glassy_msgs/srv/detail/set_path__type_support.h
[1.204s] -- Up-to-date: /home/diogo/MIR_Project_2024/glassy_challenge_ws/install/glassy_msgs/include/glassy_msgs/glassy_msgs/srv/detail/los_params__struct.h
[1.204s] -- Up-to-date: /home/diogo/MIR_Project_2024/glassy_challenge_ws/install/glassy_msgs/include/glassy_msgs/glassy_msgs/srv/detail/set_limits__functions.c
[1.204s] -- Up-to-date: /home/diogo/MIR_Project_2024/glassy_challenge_ws/install/glassy_msgs/include/glassy_msgs/glassy_msgs/srv/detail/set_mission__functions.h
[1.204s] -- Up-to-date: /home/diogo/MIR_Project_2024/glassy_challenge_ws/install/glassy_msgs/include/glassy_msgs/glassy_msgs/srv/detail/set_limits__struct.h
[1.204s] -- Up-to-date: /home/diogo/MIR_Project_2024/glassy_challenge_ws/install/glassy_msgs/include/glassy_msgs/glassy_msgs/srv/detail/pid_gains__functions.h
[1.204s] -- Up-to-date: /home/diogo/MIR_Project_2024/glassy_challenge_ws/install/glassy_msgs/include/glassy_msgs/glassy_msgs/srv/detail/los_params__functions.c
[1.204s] -- Up-to-date: /home/diogo/MIR_Project_2024/glassy_challenge_ws/install/glassy_msgs/include/glassy_msgs/glassy_msgs/srv/detail/pid_gains__struct.h
[1.204s] -- Up-to-date: /home/diogo/MIR_Project_2024/glassy_challenge_ws/install/glassy_msgs/include/glassy_msgs/glassy_msgs/srv/detail/set_path__functions.c
[1.204s] -- Up-to-date: /home/diogo/MIR_Project_2024/glassy_challenge_ws/install/glassy_msgs/include/glassy_msgs/glassy_msgs/srv/pid_gains.h
[1.205s] -- Up-to-date: /home/diogo/MIR_Project_2024/glassy_challenge_ws/install/glassy_msgs/include/glassy_msgs/glassy_msgs/srv/los_params.h
[1.205s] -- Up-to-date: /home/diogo/MIR_Project_2024/glassy_challenge_ws/install/glassy_msgs/include/glassy_msgs/glassy_msgs/srv/set_path.h
[1.205s] -- Up-to-date: /home/diogo/MIR_Project_2024/glassy_challenge_ws/install/glassy_msgs/include/glassy_msgs/glassy_msgs/srv/set_limits.h
[1.205s] -- Up-to-date: /home/diogo/MIR_Project_2024/glassy_challenge_ws/install/glassy_msgs/include/glassy_msgs/glassy_msgs/srv/set_mission.h
[1.205s] -- Up-to-date: /home/diogo/MIR_Project_2024/glassy_challenge_ws/install/glassy_msgs/share/glassy_msgs/environment/library_path.sh
[1.205s] -- Up-to-date: /home/diogo/MIR_Project_2024/glassy_challenge_ws/install/glassy_msgs/share/glassy_msgs/environment/library_path.dsv
[1.206s] -- Up-to-date: /home/diogo/MIR_Project_2024/glassy_challenge_ws/install/glassy_msgs/lib/libglassy_msgs__rosidl_generator_c.so
[1.206s] -- Up-to-date: /home/diogo/MIR_Project_2024/glassy_challenge_ws/install/glassy_msgs/include/glassy_msgs/glassy_msgs
[1.206s] -- Up-to-date: /home/diogo/MIR_Project_2024/glassy_challenge_ws/install/glassy_msgs/include/glassy_msgs/glassy_msgs/msg
[1.206s] -- Up-to-date: /home/diogo/MIR_Project_2024/glassy_challenge_ws/install/glassy_msgs/include/glassy_msgs/glassy_msgs/msg/detail
[1.206s] -- Up-to-date: /home/diogo/MIR_Project_2024/glassy_challenge_ws/install/glassy_msgs/include/glassy_msgs/glassy_msgs/msg/detail/inner_loop_references__rosidl_typesupport_fastrtps_c.h
[1.206s] -- Up-to-date: /home/diogo/MIR_Project_2024/glassy_challenge_ws/install/glassy_msgs/include/glassy_msgs/glassy_msgs/msg/detail/mission_info__rosidl_typesupport_fastrtps_c.h
[1.206s] -- Up-to-date: /home/diogo/MIR_Project_2024/glassy_challenge_ws/install/glassy_msgs/include/glassy_msgs/glassy_msgs/msg/detail/actuators__rosidl_typesupport_fastrtps_c.h
[1.206s] -- Up-to-date: /home/diogo/MIR_Project_2024/glassy_challenge_ws/install/glassy_msgs/include/glassy_msgs/glassy_msgs/msg/detail/path_references__rosidl_typesupport_fastrtps_c.h
[1.207s] -- Up-to-date: /home/diogo/MIR_Project_2024/glassy_challenge_ws/install/glassy_msgs/include/glassy_msgs/glassy_msgs/msg/detail/state__rosidl_typesupport_fastrtps_c.h
[1.207s] -- Up-to-date: /home/diogo/MIR_Project_2024/glassy_challenge_ws/install/glassy_msgs/include/glassy_msgs/glassy_msgs/msg/rosidl_typesupport_fastrtps_c__visibility_control.h
[1.207s] -- Up-to-date: /home/diogo/MIR_Project_2024/glassy_challenge_ws/install/glassy_msgs/include/glassy_msgs/glassy_msgs/srv
[1.207s] -- Up-to-date: /home/diogo/MIR_Project_2024/glassy_challenge_ws/install/glassy_msgs/include/glassy_msgs/glassy_msgs/srv/detail
[1.207s] -- Up-to-date: /home/diogo/MIR_Project_2024/glassy_challenge_ws/install/glassy_msgs/include/glassy_msgs/glassy_msgs/srv/detail/set_mission__rosidl_typesupport_fastrtps_c.h
[1.207s] -- Up-to-date: /home/diogo/MIR_Project_2024/glassy_challenge_ws/install/glassy_msgs/include/glassy_msgs/glassy_msgs/srv/detail/set_path__rosidl_typesupport_fastrtps_c.h
[1.208s] -- Up-to-date: /home/diogo/MIR_Project_2024/glassy_challenge_ws/install/glassy_msgs/include/glassy_msgs/glassy_msgs/srv/detail/los_params__rosidl_typesupport_fastrtps_c.h
[1.208s] -- Up-to-date: /home/diogo/MIR_Project_2024/glassy_challenge_ws/install/glassy_msgs/include/glassy_msgs/glassy_msgs/srv/detail/pid_gains__rosidl_typesupport_fastrtps_c.h
[1.208s] -- Up-to-date: /home/diogo/MIR_Project_2024/glassy_challenge_ws/install/glassy_msgs/include/glassy_msgs/glassy_msgs/srv/detail/set_limits__rosidl_typesupport_fastrtps_c.h
[1.211s] -- Up-to-date: /home/diogo/MIR_Project_2024/glassy_challenge_ws/install/glassy_msgs/lib/libglassy_msgs__rosidl_typesupport_fastrtps_c.so
[1.211s] -- Up-to-date: /home/diogo/MIR_Project_2024/glassy_challenge_ws/install/glassy_msgs/include/glassy_msgs/glassy_msgs
[1.211s] -- Up-to-date: /home/diogo/MIR_Project_2024/glassy_challenge_ws/install/glassy_msgs/include/glassy_msgs/glassy_msgs/msg
[1.212s] -- Up-to-date: /home/diogo/MIR_Project_2024/glassy_challenge_ws/install/glassy_msgs/include/glassy_msgs/glassy_msgs/msg/mission_info.hpp
[1.212s] -- Up-to-date: /home/diogo/MIR_Project_2024/glassy_challenge_ws/install/glassy_msgs/include/glassy_msgs/glassy_msgs/msg/detail
[1.212s] -- Up-to-date: /home/diogo/MIR_Project_2024/glassy_challenge_ws/install/glassy_msgs/include/glassy_msgs/glassy_msgs/msg/detail/actuators__type_support.hpp
[1.212s] -- Up-to-date: /home/diogo/MIR_Project_2024/glassy_challenge_ws/install/glassy_msgs/include/glassy_msgs/glassy_msgs/msg/detail/state__builder.hpp
[1.212s] -- Up-to-date: /home/diogo/MIR_Project_2024/glassy_challenge_ws/install/glassy_msgs/include/glassy_msgs/glassy_msgs/msg/detail/state__type_support.hpp
[1.212s] -- Up-to-date: /home/diogo/MIR_Project_2024/glassy_challenge_ws/install/glassy_msgs/include/glassy_msgs/glassy_msgs/msg/detail/actuators__builder.hpp
[1.212s] -- Up-to-date: /home/diogo/MIR_Project_2024/glassy_challenge_ws/install/glassy_msgs/include/glassy_msgs/glassy_msgs/msg/detail/inner_loop_references__struct.hpp
[1.212s] -- Up-to-date: /home/diogo/MIR_Project_2024/glassy_challenge_ws/install/glassy_msgs/include/glassy_msgs/glassy_msgs/msg/detail/path_references__struct.hpp
[1.212s] -- Up-to-date: /home/diogo/MIR_Project_2024/glassy_challenge_ws/install/glassy_msgs/include/glassy_msgs/glassy_msgs/msg/detail/inner_loop_references__traits.hpp
[1.212s] -- Up-to-date: /home/diogo/MIR_Project_2024/glassy_challenge_ws/install/glassy_msgs/include/glassy_msgs/glassy_msgs/msg/detail/actuators__traits.hpp
[1.212s] -- Up-to-date: /home/diogo/MIR_Project_2024/glassy_challenge_ws/install/glassy_msgs/include/glassy_msgs/glassy_msgs/msg/detail/actuators__struct.hpp
[1.212s] -- Up-to-date: /home/diogo/MIR_Project_2024/glassy_challenge_ws/install/glassy_msgs/include/glassy_msgs/glassy_msgs/msg/detail/path_references__type_support.hpp
[1.212s] -- Up-to-date: /home/diogo/MIR_Project_2024/glassy_challenge_ws/install/glassy_msgs/include/glassy_msgs/glassy_msgs/msg/detail/state__struct.hpp
[1.212s] -- Up-to-date: /home/diogo/MIR_Project_2024/glassy_challenge_ws/install/glassy_msgs/include/glassy_msgs/glassy_msgs/msg/detail/inner_loop_references__builder.hpp
[1.212s] -- Up-to-date: /home/diogo/MIR_Project_2024/glassy_challenge_ws/install/glassy_msgs/include/glassy_msgs/glassy_msgs/msg/detail/mission_info__struct.hpp
[1.212s] -- Up-to-date: /home/diogo/MIR_Project_2024/glassy_challenge_ws/install/glassy_msgs/include/glassy_msgs/glassy_msgs/msg/detail/path_references__traits.hpp
[1.212s] -- Up-to-date: /home/diogo/MIR_Project_2024/glassy_challenge_ws/install/glassy_msgs/include/glassy_msgs/glassy_msgs/msg/detail/inner_loop_references__type_support.hpp
[1.213s] -- Up-to-date: /home/diogo/MIR_Project_2024/glassy_challenge_ws/install/glassy_msgs/include/glassy_msgs/glassy_msgs/msg/detail/mission_info__type_support.hpp
[1.213s] -- Up-to-date: /home/diogo/MIR_Project_2024/glassy_challenge_ws/install/glassy_msgs/include/glassy_msgs/glassy_msgs/msg/detail/state__traits.hpp
[1.213s] -- Up-to-date: /home/diogo/MIR_Project_2024/glassy_challenge_ws/install/glassy_msgs/include/glassy_msgs/glassy_msgs/msg/detail/mission_info__traits.hpp
[1.213s] -- Up-to-date: /home/diogo/MIR_Project_2024/glassy_challenge_ws/install/glassy_msgs/include/glassy_msgs/glassy_msgs/msg/detail/mission_info__builder.hpp
[1.213s] -- Up-to-date: /home/diogo/MIR_Project_2024/glassy_challenge_ws/install/glassy_msgs/include/glassy_msgs/glassy_msgs/msg/detail/path_references__builder.hpp
[1.213s] -- Up-to-date: /home/diogo/MIR_Project_2024/glassy_challenge_ws/install/glassy_msgs/include/glassy_msgs/glassy_msgs/msg/state.hpp
[1.213s] -- Up-to-date: /home/diogo/MIR_Project_2024/glassy_challenge_ws/install/glassy_msgs/include/glassy_msgs/glassy_msgs/msg/inner_loop_references.hpp
[1.213s] -- Up-to-date: /home/diogo/MIR_Project_2024/glassy_challenge_ws/install/glassy_msgs/include/glassy_msgs/glassy_msgs/msg/actuators.hpp
[1.213s] -- Up-to-date: /home/diogo/MIR_Project_2024/glassy_challenge_ws/install/glassy_msgs/include/glassy_msgs/glassy_msgs/msg/rosidl_generator_cpp__visibility_control.hpp
[1.213s] -- Up-to-date: /home/diogo/MIR_Project_2024/glassy_challenge_ws/install/glassy_msgs/include/glassy_msgs/glassy_msgs/msg/path_references.hpp
[1.213s] -- Up-to-date: /home/diogo/MIR_Project_2024/glassy_challenge_ws/install/glassy_msgs/include/glassy_msgs/glassy_msgs/srv
[1.213s] -- Up-to-date: /home/diogo/MIR_Project_2024/glassy_challenge_ws/install/glassy_msgs/include/glassy_msgs/glassy_msgs/srv/detail
[1.213s] -- Up-to-date: /home/diogo/MIR_Project_2024/glassy_challenge_ws/install/glassy_msgs/include/glassy_msgs/glassy_msgs/srv/detail/set_limits__struct.hpp
[1.213s] -- Up-to-date: /home/diogo/MIR_Project_2024/glassy_challenge_ws/install/glassy_msgs/include/glassy_msgs/glassy_msgs/srv/detail/los_params__type_support.hpp
[1.213s] -- Up-to-date: /home/diogo/MIR_Project_2024/glassy_challenge_ws/install/glassy_msgs/include/glassy_msgs/glassy_msgs/srv/detail/pid_gains__struct.hpp
[1.213s] -- Up-to-date: /home/diogo/MIR_Project_2024/glassy_challenge_ws/install/glassy_msgs/include/glassy_msgs/glassy_msgs/srv/detail/set_limits__traits.hpp
[1.213s] -- Up-to-date: /home/diogo/MIR_Project_2024/glassy_challenge_ws/install/glassy_msgs/include/glassy_msgs/glassy_msgs/srv/detail/set_limits__builder.hpp
[1.214s] -- Up-to-date: /home/diogo/MIR_Project_2024/glassy_challenge_ws/install/glassy_msgs/include/glassy_msgs/glassy_msgs/srv/detail/pid_gains__type_support.hpp
[1.214s] -- Up-to-date: /home/diogo/MIR_Project_2024/glassy_challenge_ws/install/glassy_msgs/include/glassy_msgs/glassy_msgs/srv/detail/set_path__traits.hpp
[1.214s] -- Up-to-date: /home/diogo/MIR_Project_2024/glassy_challenge_ws/install/glassy_msgs/include/glassy_msgs/glassy_msgs/srv/detail/pid_gains__traits.hpp
[1.214s] -- Up-to-date: /home/diogo/MIR_Project_2024/glassy_challenge_ws/install/glassy_msgs/include/glassy_msgs/glassy_msgs/srv/detail/set_path__builder.hpp
[1.214s] -- Up-to-date: /home/diogo/MIR_Project_2024/glassy_challenge_ws/install/glassy_msgs/include/glassy_msgs/glassy_msgs/srv/detail/pid_gains__builder.hpp
[1.214s] -- Up-to-date: /home/diogo/MIR_Project_2024/glassy_challenge_ws/install/glassy_msgs/include/glassy_msgs/glassy_msgs/srv/detail/set_mission__type_support.hpp
[1.214s] -- Up-to-date: /home/diogo/MIR_Project_2024/glassy_challenge_ws/install/glassy_msgs/include/glassy_msgs/glassy_msgs/srv/detail/set_limits__type_support.hpp
[1.215s] -- Up-to-date: /home/diogo/MIR_Project_2024/glassy_challenge_ws/install/glassy_msgs/include/glassy_msgs/glassy_msgs/srv/detail/los_params__builder.hpp
[1.215s] -- Up-to-date: /home/diogo/MIR_Project_2024/glassy_challenge_ws/install/glassy_msgs/include/glassy_msgs/glassy_msgs/srv/detail/set_path__struct.hpp
[1.215s] -- Up-to-date: /home/diogo/MIR_Project_2024/glassy_challenge_ws/install/glassy_msgs/include/glassy_msgs/glassy_msgs/srv/detail/los_params__traits.hpp
[1.215s] -- Up-to-date: /home/diogo/MIR_Project_2024/glassy_challenge_ws/install/glassy_msgs/include/glassy_msgs/glassy_msgs/srv/detail/set_mission__struct.hpp
[1.215s] -- Up-to-date: /home/diogo/MIR_Project_2024/glassy_challenge_ws/install/glassy_msgs/include/glassy_msgs/glassy_msgs/srv/detail/set_path__type_support.hpp
[1.215s] -- Up-to-date: /home/diogo/MIR_Project_2024/glassy_challenge_ws/install/glassy_msgs/include/glassy_msgs/glassy_msgs/srv/detail/set_mission__builder.hpp
[1.215s] -- Up-to-date: /home/diogo/MIR_Project_2024/glassy_challenge_ws/install/glassy_msgs/include/glassy_msgs/glassy_msgs/srv/detail/set_mission__traits.hpp
[1.215s] -- Up-to-date: /home/diogo/MIR_Project_2024/glassy_challenge_ws/install/glassy_msgs/include/glassy_msgs/glassy_msgs/srv/detail/los_params__struct.hpp
[1.215s] -- Up-to-date: /home/diogo/MIR_Project_2024/glassy_challenge_ws/install/glassy_msgs/include/glassy_msgs/glassy_msgs/srv/los_params.hpp
[1.215s] -- Up-to-date: /home/diogo/MIR_Project_2024/glassy_challenge_ws/install/glassy_msgs/include/glassy_msgs/glassy_msgs/srv/set_mission.hpp
[1.215s] -- Up-to-date: /home/diogo/MIR_Project_2024/glassy_challenge_ws/install/glassy_msgs/include/glassy_msgs/glassy_msgs/srv/set_path.hpp
[1.215s] -- Up-to-date: /home/diogo/MIR_Project_2024/glassy_challenge_ws/install/glassy_msgs/include/glassy_msgs/glassy_msgs/srv/set_limits.hpp
[1.215s] -- Up-to-date: /home/diogo/MIR_Project_2024/glassy_challenge_ws/install/glassy_msgs/include/glassy_msgs/glassy_msgs/srv/pid_gains.hpp
[1.215s] -- Up-to-date: /home/diogo/MIR_Project_2024/glassy_challenge_ws/install/glassy_msgs/include/glassy_msgs/glassy_msgs
[1.215s] -- Up-to-date: /home/diogo/MIR_Project_2024/glassy_challenge_ws/install/glassy_msgs/include/glassy_msgs/glassy_msgs/msg
[1.215s] -- Up-to-date: /home/diogo/MIR_Project_2024/glassy_challenge_ws/install/glassy_msgs/include/glassy_msgs/glassy_msgs/msg/rosidl_typesupport_fastrtps_cpp__visibility_control.h
[1.215s] -- Up-to-date: /home/diogo/MIR_Project_2024/glassy_challenge_ws/install/glassy_msgs/include/glassy_msgs/glassy_msgs/msg/detail
[1.216s] -- Up-to-date: /home/diogo/MIR_Project_2024/glassy_challenge_ws/install/glassy_msgs/include/glassy_msgs/glassy_msgs/msg/detail/actuators__rosidl_typesupport_fastrtps_cpp.hpp
[1.216s] -- Up-to-date: /home/diogo/MIR_Project_2024/glassy_challenge_ws/install/glassy_msgs/include/glassy_msgs/glassy_msgs/msg/detail/mission_info__rosidl_typesupport_fastrtps_cpp.hpp
[1.217s] -- Up-to-date: /home/diogo/MIR_Project_2024/glassy_challenge_ws/install/glassy_msgs/include/glassy_msgs/glassy_msgs/msg/detail/inner_loop_references__rosidl_typesupport_fastrtps_cpp.hpp
[1.217s] -- Up-to-date: /home/diogo/MIR_Project_2024/glassy_challenge_ws/install/glassy_msgs/include/glassy_msgs/glassy_msgs/msg/detail/path_references__rosidl_typesupport_fastrtps_cpp.hpp
[1.217s] -- Up-to-date: /home/diogo/MIR_Project_2024/glassy_challenge_ws/install/glassy_msgs/include/glassy_msgs/glassy_msgs/msg/detail/state__rosidl_typesupport_fastrtps_cpp.hpp
[1.217s] -- Up-to-date: /home/diogo/MIR_Project_2024/glassy_challenge_ws/install/glassy_msgs/include/glassy_msgs/glassy_msgs/msg/detail/dds_fastrtps
[1.217s] -- Up-to-date: /home/diogo/MIR_Project_2024/glassy_challenge_ws/install/glassy_msgs/include/glassy_msgs/glassy_msgs/srv
[1.217s] -- Up-to-date: /home/diogo/MIR_Project_2024/glassy_challenge_ws/install/glassy_msgs/include/glassy_msgs/glassy_msgs/srv/detail
[1.217s] -- Up-to-date: /home/diogo/MIR_Project_2024/glassy_challenge_ws/install/glassy_msgs/include/glassy_msgs/glassy_msgs/srv/detail/set_mission__rosidl_typesupport_fastrtps_cpp.hpp
[1.217s] -- Up-to-date: /home/diogo/MIR_Project_2024/glassy_challenge_ws/install/glassy_msgs/include/glassy_msgs/glassy_msgs/srv/detail/pid_gains__rosidl_typesupport_fastrtps_cpp.hpp
[1.217s] -- Up-to-date: /home/diogo/MIR_Project_2024/glassy_challenge_ws/install/glassy_msgs/include/glassy_msgs/glassy_msgs/srv/detail/set_limits__rosidl_typesupport_fastrtps_cpp.hpp
[1.217s] -- Up-to-date: /home/diogo/MIR_Project_2024/glassy_challenge_ws/install/glassy_msgs/include/glassy_msgs/glassy_msgs/srv/detail/set_path__rosidl_typesupport_fastrtps_cpp.hpp
[1.217s] -- Up-to-date: /home/diogo/MIR_Project_2024/glassy_challenge_ws/install/glassy_msgs/include/glassy_msgs/glassy_msgs/srv/detail/dds_fastrtps
[1.217s] -- Up-to-date: /home/diogo/MIR_Project_2024/glassy_challenge_ws/install/glassy_msgs/include/glassy_msgs/glassy_msgs/srv/detail/los_params__rosidl_typesupport_fastrtps_cpp.hpp
[1.218s] -- Up-to-date: /home/diogo/MIR_Project_2024/glassy_challenge_ws/install/glassy_msgs/lib/libglassy_msgs__rosidl_typesupport_fastrtps_cpp.so
[1.218s] -- Up-to-date: /home/diogo/MIR_Project_2024/glassy_challenge_ws/install/glassy_msgs/include/glassy_msgs/glassy_msgs
[1.218s] -- Up-to-date: /home/diogo/MIR_Project_2024/glassy_challenge_ws/install/glassy_msgs/include/glassy_msgs/glassy_msgs/msg
[1.219s] -- Up-to-date: /home/diogo/MIR_Project_2024/glassy_challenge_ws/install/glassy_msgs/include/glassy_msgs/glassy_msgs/msg/detail
[1.219s] -- Up-to-date: /home/diogo/MIR_Project_2024/glassy_challenge_ws/install/glassy_msgs/include/glassy_msgs/glassy_msgs/msg/detail/mission_info__type_support.c
[1.219s] -- Up-to-date: /home/diogo/MIR_Project_2024/glassy_challenge_ws/install/glassy_msgs/include/glassy_msgs/glassy_msgs/msg/detail/mission_info__rosidl_typesupport_introspection_c.h
[1.219s] -- Up-to-date: /home/diogo/MIR_Project_2024/glassy_challenge_ws/install/glassy_msgs/include/glassy_msgs/glassy_msgs/msg/detail/state__rosidl_typesupport_introspection_c.h
[1.219s] -- Up-to-date: /home/diogo/MIR_Project_2024/glassy_challenge_ws/install/glassy_msgs/include/glassy_msgs/glassy_msgs/msg/detail/inner_loop_references__type_support.c
[1.219s] -- Up-to-date: /home/diogo/MIR_Project_2024/glassy_challenge_ws/install/glassy_msgs/include/glassy_msgs/glassy_msgs/msg/detail/path_references__rosidl_typesupport_introspection_c.h
[1.219s] -- Up-to-date: /home/diogo/MIR_Project_2024/glassy_challenge_ws/install/glassy_msgs/include/glassy_msgs/glassy_msgs/msg/detail/actuators__rosidl_typesupport_introspection_c.h
[1.219s] -- Up-to-date: /home/diogo/MIR_Project_2024/glassy_challenge_ws/install/glassy_msgs/include/glassy_msgs/glassy_msgs/msg/detail/inner_loop_references__rosidl_typesupport_introspection_c.h
[1.219s] -- Up-to-date: /home/diogo/MIR_Project_2024/glassy_challenge_ws/install/glassy_msgs/include/glassy_msgs/glassy_msgs/msg/detail/actuators__type_support.c
[1.219s] -- Up-to-date: /home/diogo/MIR_Project_2024/glassy_challenge_ws/install/glassy_msgs/include/glassy_msgs/glassy_msgs/msg/detail/state__type_support.c
[1.219s] -- Up-to-date: /home/diogo/MIR_Project_2024/glassy_challenge_ws/install/glassy_msgs/include/glassy_msgs/glassy_msgs/msg/detail/path_references__type_support.c
[1.219s] -- Up-to-date: /home/diogo/MIR_Project_2024/glassy_challenge_ws/install/glassy_msgs/include/glassy_msgs/glassy_msgs/msg/rosidl_typesupport_introspection_c__visibility_control.h
[1.219s] -- Up-to-date: /home/diogo/MIR_Project_2024/glassy_challenge_ws/install/glassy_msgs/include/glassy_msgs/glassy_msgs/srv
[1.221s] -- Up-to-date: /home/diogo/MIR_Project_2024/glassy_challenge_ws/install/glassy_msgs/include/glassy_msgs/glassy_msgs/srv/detail
[1.221s] -- Up-to-date: /home/diogo/MIR_Project_2024/glassy_challenge_ws/install/glassy_msgs/include/glassy_msgs/glassy_msgs/srv/detail/los_params__type_support.c
[1.221s] -- Up-to-date: /home/diogo/MIR_Project_2024/glassy_challenge_ws/install/glassy_msgs/include/glassy_msgs/glassy_msgs/srv/detail/set_mission__rosidl_typesupport_introspection_c.h
[1.221s] -- Up-to-date: /home/diogo/MIR_Project_2024/glassy_challenge_ws/install/glassy_msgs/include/glassy_msgs/glassy_msgs/srv/detail/set_path__type_support.c
[1.221s] -- Up-to-date: /home/diogo/MIR_Project_2024/glassy_challenge_ws/install/glassy_msgs/include/glassy_msgs/glassy_msgs/srv/detail/set_mission__type_support.c
[1.221s] -- Up-to-date: /home/diogo/MIR_Project_2024/glassy_challenge_ws/install/glassy_msgs/include/glassy_msgs/glassy_msgs/srv/detail/set_path__rosidl_typesupport_introspection_c.h
[1.221s] -- Up-to-date: /home/diogo/MIR_Project_2024/glassy_challenge_ws/install/glassy_msgs/include/glassy_msgs/glassy_msgs/srv/detail/los_params__rosidl_typesupport_introspection_c.h
[1.221s] -- Up-to-date: /home/diogo/MIR_Project_2024/glassy_challenge_ws/install/glassy_msgs/include/glassy_msgs/glassy_msgs/srv/detail/set_limits__type_support.c
[1.222s] -- Up-to-date: /home/diogo/MIR_Project_2024/glassy_challenge_ws/install/glassy_msgs/include/glassy_msgs/glassy_msgs/srv/detail/pid_gains__type_support.c
[1.222s] -- Up-to-date: /home/diogo/MIR_Project_2024/glassy_challenge_ws/install/glassy_msgs/include/glassy_msgs/glassy_msgs/srv/detail/pid_gains__rosidl_typesupport_introspection_c.h
[1.222s] -- Up-to-date: /home/diogo/MIR_Project_2024/glassy_challenge_ws/install/glassy_msgs/include/glassy_msgs/glassy_msgs/srv/detail/set_limits__rosidl_typesupport_introspection_c.h
[1.224s] -- Up-to-date: /home/diogo/MIR_Project_2024/glassy_challenge_ws/install/glassy_msgs/lib/libglassy_msgs__rosidl_typesupport_introspection_c.so
[1.225s] -- Up-to-date: /home/diogo/MIR_Project_2024/glassy_challenge_ws/install/glassy_msgs/lib/libglassy_msgs__rosidl_typesupport_c.so
[1.225s] -- Up-to-date: /home/diogo/MIR_Project_2024/glassy_challenge_ws/install/glassy_msgs/include/glassy_msgs/glassy_msgs
[1.225s] -- Up-to-date: /home/diogo/MIR_Project_2024/glassy_challenge_ws/install/glassy_msgs/include/glassy_msgs/glassy_msgs/msg
[1.225s] -- Up-to-date: /home/diogo/MIR_Project_2024/glassy_challenge_ws/install/glassy_msgs/include/glassy_msgs/glassy_msgs/msg/detail
[1.225s] -- Up-to-date: /home/diogo/MIR_Project_2024/glassy_challenge_ws/install/glassy_msgs/include/glassy_msgs/glassy_msgs/msg/detail/state__rosidl_typesupport_introspection_cpp.hpp
[1.226s] -- Up-to-date: /home/diogo/MIR_Project_2024/glassy_challenge_ws/install/glassy_msgs/include/glassy_msgs/glassy_msgs/msg/detail/path_references__rosidl_typesupport_introspection_cpp.hpp
[1.226s] -- Up-to-date: /home/diogo/MIR_Project_2024/glassy_challenge_ws/install/glassy_msgs/include/glassy_msgs/glassy_msgs/msg/detail/path_references__type_support.cpp
[1.226s] -- Up-to-date: /home/diogo/MIR_Project_2024/glassy_challenge_ws/install/glassy_msgs/include/glassy_msgs/glassy_msgs/msg/detail/inner_loop_references__rosidl_typesupport_introspection_cpp.hpp
[1.226s] -- Up-to-date: /home/diogo/MIR_Project_2024/glassy_challenge_ws/install/glassy_msgs/include/glassy_msgs/glassy_msgs/msg/detail/state__type_support.cpp
[1.226s] -- Up-to-date: /home/diogo/MIR_Project_2024/glassy_challenge_ws/install/glassy_msgs/include/glassy_msgs/glassy_msgs/msg/detail/actuators__type_support.cpp
[1.226s] -- Up-to-date: /home/diogo/MIR_Project_2024/glassy_challenge_ws/install/glassy_msgs/include/glassy_msgs/glassy_msgs/msg/detail/inner_loop_references__type_support.cpp
[1.226s] -- Up-to-date: /home/diogo/MIR_Project_2024/glassy_challenge_ws/install/glassy_msgs/include/glassy_msgs/glassy_msgs/msg/detail/mission_info__rosidl_typesupport_introspection_cpp.hpp
[1.226s] -- Up-to-date: /home/diogo/MIR_Project_2024/glassy_challenge_ws/install/glassy_msgs/include/glassy_msgs/glassy_msgs/msg/detail/mission_info__type_support.cpp
[1.226s] -- Up-to-date: /home/diogo/MIR_Project_2024/glassy_challenge_ws/install/glassy_msgs/include/glassy_msgs/glassy_msgs/msg/detail/actuators__rosidl_typesupport_introspection_cpp.hpp
[1.226s] -- Up-to-date: /home/diogo/MIR_Project_2024/glassy_challenge_ws/install/glassy_msgs/include/glassy_msgs/glassy_msgs/srv
[1.226s] -- Up-to-date: /home/diogo/MIR_Project_2024/glassy_challenge_ws/install/glassy_msgs/include/glassy_msgs/glassy_msgs/srv/detail
[1.226s] -- Up-to-date: /home/diogo/MIR_Project_2024/glassy_challenge_ws/install/glassy_msgs/include/glassy_msgs/glassy_msgs/srv/detail/los_params__rosidl_typesupport_introspection_cpp.hpp
[1.226s] -- Up-to-date: /home/diogo/MIR_Project_2024/glassy_challenge_ws/install/glassy_msgs/include/glassy_msgs/glassy_msgs/srv/detail/set_path__rosidl_typesupport_introspection_cpp.hpp
[1.226s] -- Up-to-date: /home/diogo/MIR_Project_2024/glassy_challenge_ws/install/glassy_msgs/include/glassy_msgs/glassy_msgs/srv/detail/pid_gains__type_support.cpp
[1.227s] -- Up-to-date: /home/diogo/MIR_Project_2024/glassy_challenge_ws/install/glassy_msgs/include/glassy_msgs/glassy_msgs/srv/detail/set_path__type_support.cpp
[1.227s] -- Up-to-date: /home/diogo/MIR_Project_2024/glassy_challenge_ws/install/glassy_msgs/include/glassy_msgs/glassy_msgs/srv/detail/set_mission__type_support.cpp
[1.228s] -- Up-to-date: /home/diogo/MIR_Project_2024/glassy_challenge_ws/install/glassy_msgs/include/glassy_msgs/glassy_msgs/srv/detail/los_params__type_support.cpp
[1.228s] -- Up-to-date: /home/diogo/MIR_Project_2024/glassy_challenge_ws/install/glassy_msgs/include/glassy_msgs/glassy_msgs/srv/detail/set_limits__type_support.cpp
[1.228s] -- Up-to-date: /home/diogo/MIR_Project_2024/glassy_challenge_ws/install/glassy_msgs/include/glassy_msgs/glassy_msgs/srv/detail/pid_gains__rosidl_typesupport_introspection_cpp.hpp
[1.228s] -- Up-to-date: /home/diogo/MIR_Project_2024/glassy_challenge_ws/install/glassy_msgs/include/glassy_msgs/glassy_msgs/srv/detail/set_mission__rosidl_typesupport_introspection_cpp.hpp
[1.228s] -- Up-to-date: /home/diogo/MIR_Project_2024/glassy_challenge_ws/install/glassy_msgs/include/glassy_msgs/glassy_msgs/srv/detail/set_limits__rosidl_typesupport_introspection_cpp.hpp
[1.228s] -- Up-to-date: /home/diogo/MIR_Project_2024/glassy_challenge_ws/install/glassy_msgs/lib/libglassy_msgs__rosidl_typesupport_introspection_cpp.so
[1.231s] -- Up-to-date: /home/diogo/MIR_Project_2024/glassy_challenge_ws/install/glassy_msgs/lib/libglassy_msgs__rosidl_typesupport_cpp.so
[1.232s] -- Up-to-date: /home/diogo/MIR_Project_2024/glassy_challenge_ws/install/glassy_msgs/share/glassy_msgs/environment/pythonpath.sh
[1.232s] -- Up-to-date: /home/diogo/MIR_Project_2024/glassy_challenge_ws/install/glassy_msgs/share/glassy_msgs/environment/pythonpath.dsv
[1.232s] -- Up-to-date: /home/diogo/MIR_Project_2024/glassy_challenge_ws/install/glassy_msgs/local/lib/python3.10/dist-packages/glassy_msgs-0.0.0-py3.10.egg-info
[1.232s] -- Installing: /home/diogo/MIR_Project_2024/glassy_challenge_ws/install/glassy_msgs/local/lib/python3.10/dist-packages/glassy_msgs-0.0.0-py3.10.egg-info/dependency_links.txt
[1.232s] -- Installing: /home/diogo/MIR_Project_2024/glassy_challenge_ws/install/glassy_msgs/local/lib/python3.10/dist-packages/glassy_msgs-0.0.0-py3.10.egg-info/SOURCES.txt
[1.232s] -- Installing: /home/diogo/MIR_Project_2024/glassy_challenge_ws/install/glassy_msgs/local/lib/python3.10/dist-packages/glassy_msgs-0.0.0-py3.10.egg-info/PKG-INFO
[1.232s] -- Installing: /home/diogo/MIR_Project_2024/glassy_challenge_ws/install/glassy_msgs/local/lib/python3.10/dist-packages/glassy_msgs-0.0.0-py3.10.egg-info/top_level.txt
[1.233s] -- Up-to-date: /home/diogo/MIR_Project_2024/glassy_challenge_ws/install/glassy_msgs/local/lib/python3.10/dist-packages/glassy_msgs
[1.234s] -- Up-to-date: /home/diogo/MIR_Project_2024/glassy_challenge_ws/install/glassy_msgs/local/lib/python3.10/dist-packages/glassy_msgs/msg
[1.235s] -- Up-to-date: /home/diogo/MIR_Project_2024/glassy_challenge_ws/install/glassy_msgs/local/lib/python3.10/dist-packages/glassy_msgs/msg/_actuators.py
[1.235s] -- Up-to-date: /home/diogo/MIR_Project_2024/glassy_challenge_ws/install/glassy_msgs/local/lib/python3.10/dist-packages/glassy_msgs/msg/_mission_info.py
[1.235s] -- Up-to-date: /home/diogo/MIR_Project_2024/glassy_challenge_ws/install/glassy_msgs/local/lib/python3.10/dist-packages/glassy_msgs/msg/_state.py
[1.236s] -- Up-to-date: /home/diogo/MIR_Project_2024/glassy_challenge_ws/install/glassy_msgs/local/lib/python3.10/dist-packages/glassy_msgs/msg/_mission_info_s.c
[1.236s] -- Up-to-date: /home/diogo/MIR_Project_2024/glassy_challenge_ws/install/glassy_msgs/local/lib/python3.10/dist-packages/glassy_msgs/msg/_inner_loop_references_s.c
[1.236s] -- Up-to-date: /home/diogo/MIR_Project_2024/glassy_challenge_ws/install/glassy_msgs/local/lib/python3.10/dist-packages/glassy_msgs/msg/__init__.py
[1.236s] -- Up-to-date: /home/diogo/MIR_Project_2024/glassy_challenge_ws/install/glassy_msgs/local/lib/python3.10/dist-packages/glassy_msgs/msg/_actuators_s.c
[1.236s] -- Up-to-date: /home/diogo/MIR_Project_2024/glassy_challenge_ws/install/glassy_msgs/local/lib/python3.10/dist-packages/glassy_msgs/msg/_path_references.py
[1.236s] -- Up-to-date: /home/diogo/MIR_Project_2024/glassy_challenge_ws/install/glassy_msgs/local/lib/python3.10/dist-packages/glassy_msgs/msg/_state_s.c
[1.236s] -- Up-to-date: /home/diogo/MIR_Project_2024/glassy_challenge_ws/install/glassy_msgs/local/lib/python3.10/dist-packages/glassy_msgs/msg/_path_references_s.c
[1.236s] -- Up-to-date: /home/diogo/MIR_Project_2024/glassy_challenge_ws/install/glassy_msgs/local/lib/python3.10/dist-packages/glassy_msgs/msg/_inner_loop_references.py
[1.237s] -- Up-to-date: /home/diogo/MIR_Project_2024/glassy_challenge_ws/install/glassy_msgs/local/lib/python3.10/dist-packages/glassy_msgs/glassy_msgs_s__rosidl_typesupport_fastrtps_c.cpython-310-x86_64-linux-gnu.so
[1.238s] -- Up-to-date: /home/diogo/MIR_Project_2024/glassy_challenge_ws/install/glassy_msgs/local/lib/python3.10/dist-packages/glassy_msgs/glassy_msgs_s__rosidl_typesupport_introspection_c.cpython-310-x86_64-linux-gnu.so
[1.238s] -- Up-to-date: /home/diogo/MIR_Project_2024/glassy_challenge_ws/install/glassy_msgs/local/lib/python3.10/dist-packages/glassy_msgs/srv
[1.238s] -- Up-to-date: /home/diogo/MIR_Project_2024/glassy_challenge_ws/install/glassy_msgs/local/lib/python3.10/dist-packages/glassy_msgs/srv/_los_params_s.c
[1.238s] -- Up-to-date: /home/diogo/MIR_Project_2024/glassy_challenge_ws/install/glassy_msgs/local/lib/python3.10/dist-packages/glassy_msgs/srv/_set_path_s.c
[1.238s] -- Up-to-date: /home/diogo/MIR_Project_2024/glassy_challenge_ws/install/glassy_msgs/local/lib/python3.10/dist-packages/glassy_msgs/srv/_set_path.py
[1.238s] -- Up-to-date: /home/diogo/MIR_Project_2024/glassy_challenge_ws/install/glassy_msgs/local/lib/python3.10/dist-packages/glassy_msgs/srv/_set_mission.py
[1.238s] -- Up-to-date: /home/diogo/MIR_Project_2024/glassy_challenge_ws/install/glassy_msgs/local/lib/python3.10/dist-packages/glassy_msgs/srv/_set_mission_s.c
[1.239s] -- Up-to-date: /home/diogo/MIR_Project_2024/glassy_challenge_ws/install/glassy_msgs/local/lib/python3.10/dist-packages/glassy_msgs/srv/_set_limits.py
[1.240s] -- Up-to-date: /home/diogo/MIR_Project_2024/glassy_challenge_ws/install/glassy_msgs/local/lib/python3.10/dist-packages/glassy_msgs/srv/__init__.py
[1.240s] -- Up-to-date: /home/diogo/MIR_Project_2024/glassy_challenge_ws/install/glassy_msgs/local/lib/python3.10/dist-packages/glassy_msgs/srv/_pid_gains.py
[1.240s] -- Up-to-date: /home/diogo/MIR_Project_2024/glassy_challenge_ws/install/glassy_msgs/local/lib/python3.10/dist-packages/glassy_msgs/srv/_pid_gains_s.c
[1.240s] -- Up-to-date: /home/diogo/MIR_Project_2024/glassy_challenge_ws/install/glassy_msgs/local/lib/python3.10/dist-packages/glassy_msgs/srv/_set_limits_s.c
[1.240s] -- Up-to-date: /home/diogo/MIR_Project_2024/glassy_challenge_ws/install/glassy_msgs/local/lib/python3.10/dist-packages/glassy_msgs/srv/_los_params.py
[1.240s] -- Up-to-date: /home/diogo/MIR_Project_2024/glassy_challenge_ws/install/glassy_msgs/local/lib/python3.10/dist-packages/glassy_msgs/__init__.py
[1.240s] -- Up-to-date: /home/diogo/MIR_Project_2024/glassy_challenge_ws/install/glassy_msgs/local/lib/python3.10/dist-packages/glassy_msgs/_glassy_msgs_s.ep.rosidl_typesupport_introspection_c.c
[1.240s] -- Up-to-date: /home/diogo/MIR_Project_2024/glassy_challenge_ws/install/glassy_msgs/local/lib/python3.10/dist-packages/glassy_msgs/libglassy_msgs__rosidl_generator_py.so
[1.240s] -- Up-to-date: /home/diogo/MIR_Project_2024/glassy_challenge_ws/install/glassy_msgs/local/lib/python3.10/dist-packages/glassy_msgs/glassy_msgs_s__rosidl_typesupport_c.cpython-310-x86_64-linux-gnu.so
[1.241s] -- Up-to-date: /home/diogo/MIR_Project_2024/glassy_challenge_ws/install/glassy_msgs/local/lib/python3.10/dist-packages/glassy_msgs/_glassy_msgs_s.ep.rosidl_typesupport_c.c
[1.241s] -- Up-to-date: /home/diogo/MIR_Project_2024/glassy_challenge_ws/install/glassy_msgs/local/lib/python3.10/dist-packages/glassy_msgs/_glassy_msgs_s.ep.rosidl_typesupport_fastrtps_c.c
[1.292s] Listing '/home/diogo/MIR_Project_2024/glassy_challenge_ws/install/glassy_msgs/local/lib/python3.10/dist-packages/glassy_msgs'...
[1.293s] Listing '/home/diogo/MIR_Project_2024/glassy_challenge_ws/install/glassy_msgs/local/lib/python3.10/dist-packages/glassy_msgs/msg'...
[1.293s] Listing '/home/diogo/MIR_Project_2024/glassy_challenge_ws/install/glassy_msgs/local/lib/python3.10/dist-packages/glassy_msgs/srv'...
[1.298s] -- Up-to-date: /home/diogo/MIR_Project_2024/glassy_challenge_ws/install/glassy_msgs/local/lib/python3.10/dist-packages/glassy_msgs/glassy_msgs_s__rosidl_typesupport_fastrtps_c.cpython-310-x86_64-linux-gnu.so
[1.300s] -- Up-to-date: /home/diogo/MIR_Project_2024/glassy_challenge_ws/install/glassy_msgs/local/lib/python3.10/dist-packages/glassy_msgs/glassy_msgs_s__rosidl_typesupport_introspection_c.cpython-310-x86_64-linux-gnu.so
[1.302s] -- Up-to-date: /home/diogo/MIR_Project_2024/glassy_challenge_ws/install/glassy_msgs/local/lib/python3.10/dist-packages/glassy_msgs/glassy_msgs_s__rosidl_typesupport_c.cpython-310-x86_64-linux-gnu.so
[1.305s] -- Up-to-date: /home/diogo/MIR_Project_2024/glassy_challenge_ws/install/glassy_msgs/lib/libglassy_msgs__rosidl_generator_py.so
[1.305s] -- Up-to-date: /home/diogo/MIR_Project_2024/glassy_challenge_ws/install/glassy_msgs/share/glassy_msgs/msg/State.idl
[1.305s] -- Up-to-date: /home/diogo/MIR_Project_2024/glassy_challenge_ws/install/glassy_msgs/share/glassy_msgs/msg/Actuators.idl
[1.306s] -- Up-to-date: /home/diogo/MIR_Project_2024/glassy_challenge_ws/install/glassy_msgs/share/glassy_msgs/msg/InnerLoopReferences.idl
[1.306s] -- Up-to-date: /home/diogo/MIR_Project_2024/glassy_challenge_ws/install/glassy_msgs/share/glassy_msgs/msg/PathReferences.idl
[1.306s] -- Up-to-date: /home/diogo/MIR_Project_2024/glassy_challenge_ws/install/glassy_msgs/share/glassy_msgs/msg/MissionInfo.idl
[1.307s] -- Up-to-date: /home/diogo/MIR_Project_2024/glassy_challenge_ws/install/glassy_msgs/share/glassy_msgs/srv/PidGains.idl
[1.308s] -- Up-to-date: /home/diogo/MIR_Project_2024/glassy_challenge_ws/install/glassy_msgs/share/glassy_msgs/srv/SetPath.idl
[1.308s] -- Up-to-date: /home/diogo/MIR_Project_2024/glassy_challenge_ws/install/glassy_msgs/share/glassy_msgs/srv/LosParams.idl
[1.308s] -- Up-to-date: /home/diogo/MIR_Project_2024/glassy_challenge_ws/install/glassy_msgs/share/glassy_msgs/srv/SetLimits.idl
[1.308s] -- Up-to-date: /home/diogo/MIR_Project_2024/glassy_challenge_ws/install/glassy_msgs/share/glassy_msgs/srv/SetMission.idl
[1.309s] -- Up-to-date: /home/diogo/MIR_Project_2024/glassy_challenge_ws/install/glassy_msgs/share/glassy_msgs/msg/State.msg
[1.309s] -- Up-to-date: /home/diogo/MIR_Project_2024/glassy_challenge_ws/install/glassy_msgs/share/glassy_msgs/msg/Actuators.msg
[1.309s] -- Up-to-date: /home/diogo/MIR_Project_2024/glassy_challenge_ws/install/glassy_msgs/share/glassy_msgs/msg/InnerLoopReferences.msg
[1.309s] -- Up-to-date: /home/diogo/MIR_Project_2024/glassy_challenge_ws/install/glassy_msgs/share/glassy_msgs/msg/PathReferences.msg
[1.310s] -- Up-to-date: /home/diogo/MIR_Project_2024/glassy_challenge_ws/install/glassy_msgs/share/glassy_msgs/msg/MissionInfo.msg
[1.310s] -- Up-to-date: /home/diogo/MIR_Project_2024/glassy_challenge_ws/install/glassy_msgs/share/glassy_msgs/srv/PidGains.srv
[1.311s] -- Up-to-date: /home/diogo/MIR_Project_2024/glassy_challenge_ws/install/glassy_msgs/share/glassy_msgs/srv/PidGains_Request.msg
[1.311s] -- Up-to-date: /home/diogo/MIR_Project_2024/glassy_challenge_ws/install/glassy_msgs/share/glassy_msgs/srv/PidGains_Response.msg
[1.311s] -- Up-to-date: /home/diogo/MIR_Project_2024/glassy_challenge_ws/install/glassy_msgs/share/glassy_msgs/srv/SetPath.srv
[1.311s] -- Up-to-date: /home/diogo/MIR_Project_2024/glassy_challenge_ws/install/glassy_msgs/share/glassy_msgs/srv/SetPath_Request.msg
[1.312s] -- Up-to-date: /home/diogo/MIR_Project_2024/glassy_challenge_ws/install/glassy_msgs/share/glassy_msgs/srv/SetPath_Response.msg
[1.312s] -- Up-to-date: /home/diogo/MIR_Project_2024/glassy_challenge_ws/install/glassy_msgs/share/glassy_msgs/srv/LosParams.srv
[1.312s] -- Up-to-date: /home/diogo/MIR_Project_2024/glassy_challenge_ws/install/glassy_msgs/share/glassy_msgs/srv/LosParams_Request.msg
[1.313s] -- Up-to-date: /home/diogo/MIR_Project_2024/glassy_challenge_ws/install/glassy_msgs/share/glassy_msgs/srv/LosParams_Response.msg
[1.313s] -- Up-to-date: /home/diogo/MIR_Project_2024/glassy_challenge_ws/install/glassy_msgs/share/glassy_msgs/srv/SetLimits.srv
[1.313s] -- Up-to-date: /home/diogo/MIR_Project_2024/glassy_challenge_ws/install/glassy_msgs/share/glassy_msgs/srv/SetLimits_Request.msg
[1.313s] -- Up-to-date: /home/diogo/MIR_Project_2024/glassy_challenge_ws/install/glassy_msgs/share/glassy_msgs/srv/SetLimits_Response.msg
[1.313s] -- Up-to-date: /home/diogo/MIR_Project_2024/glassy_challenge_ws/install/glassy_msgs/share/glassy_msgs/srv/SetMission.srv
[1.314s] -- Up-to-date: /home/diogo/MIR_Project_2024/glassy_challenge_ws/install/glassy_msgs/share/glassy_msgs/srv/SetMission_Request.msg
[1.314s] -- Up-to-date: /home/diogo/MIR_Project_2024/glassy_challenge_ws/install/glassy_msgs/share/glassy_msgs/srv/SetMission_Response.msg
[1.315s] -- Up-to-date: /home/diogo/MIR_Project_2024/glassy_challenge_ws/install/glassy_msgs/share/ament_index/resource_index/package_run_dependencies/glassy_msgs
[1.315s] -- Up-to-date: /home/diogo/MIR_Project_2024/glassy_challenge_ws/install/glassy_msgs/share/ament_index/resource_index/parent_prefix_path/glassy_msgs
[1.315s] -- Up-to-date: /home/diogo/MIR_Project_2024/glassy_challenge_ws/install/glassy_msgs/share/glassy_msgs/environment/ament_prefix_path.sh
[1.315s] -- Up-to-date: /home/diogo/MIR_Project_2024/glassy_challenge_ws/install/glassy_msgs/share/glassy_msgs/environment/ament_prefix_path.dsv
[1.316s] -- Up-to-date: /home/diogo/MIR_Project_2024/glassy_challenge_ws/install/glassy_msgs/share/glassy_msgs/environment/path.sh
[1.316s] -- Up-to-date: /home/diogo/MIR_Project_2024/glassy_challenge_ws/install/glassy_msgs/share/glassy_msgs/environment/path.dsv
[1.316s] -- Up-to-date: /home/diogo/MIR_Project_2024/glassy_challenge_ws/install/glassy_msgs/share/glassy_msgs/local_setup.bash
[1.316s] -- Up-to-date: /home/diogo/MIR_Project_2024/glassy_challenge_ws/install/glassy_msgs/share/glassy_msgs/local_setup.sh
[1.317s] -- Up-to-date: /home/diogo/MIR_Project_2024/glassy_challenge_ws/install/glassy_msgs/share/glassy_msgs/local_setup.zsh
[1.317s] -- Up-to-date: /home/diogo/MIR_Project_2024/glassy_challenge_ws/install/glassy_msgs/share/glassy_msgs/local_setup.dsv
[1.317s] -- Installing: /home/diogo/MIR_Project_2024/glassy_challenge_ws/install/glassy_msgs/share/glassy_msgs/package.dsv
[1.319s] -- Up-to-date: /home/diogo/MIR_Project_2024/glassy_challenge_ws/install/glassy_msgs/share/ament_index/resource_index/packages/glassy_msgs
[1.322s] -- Up-to-date: /home/diogo/MIR_Project_2024/glassy_challenge_ws/install/glassy_msgs/share/glassy_msgs/cmake/export_glassy_msgs__rosidl_generator_cExport.cmake
[1.323s] -- Up-to-date: /home/diogo/MIR_Project_2024/glassy_challenge_ws/install/glassy_msgs/share/glassy_msgs/cmake/export_glassy_msgs__rosidl_generator_cExport-noconfig.cmake
[1.325s] -- Up-to-date: /home/diogo/MIR_Project_2024/glassy_challenge_ws/install/glassy_msgs/share/glassy_msgs/cmake/export_glassy_msgs__rosidl_typesupport_fastrtps_cExport.cmake
[1.325s] -- Up-to-date: /home/diogo/MIR_Project_2024/glassy_challenge_ws/install/glassy_msgs/share/glassy_msgs/cmake/export_glassy_msgs__rosidl_typesupport_fastrtps_cExport-noconfig.cmake
[1.326s] -- Up-to-date: /home/diogo/MIR_Project_2024/glassy_challenge_ws/install/glassy_msgs/share/glassy_msgs/cmake/export_glassy_msgs__rosidl_generator_cppExport.cmake
[1.327s] -- Up-to-date: /home/diogo/MIR_Project_2024/glassy_challenge_ws/install/glassy_msgs/share/glassy_msgs/cmake/export_glassy_msgs__rosidl_typesupport_fastrtps_cppExport.cmake
[1.327s] -- Up-to-date: /home/diogo/MIR_Project_2024/glassy_challenge_ws/install/glassy_msgs/share/glassy_msgs/cmake/export_glassy_msgs__rosidl_typesupport_fastrtps_cppExport-noconfig.cmake
[1.328s] -- Up-to-date: /home/diogo/MIR_Project_2024/glassy_challenge_ws/install/glassy_msgs/share/glassy_msgs/cmake/glassy_msgs__rosidl_typesupport_introspection_cExport.cmake
[1.328s] -- Up-to-date: /home/diogo/MIR_Project_2024/glassy_challenge_ws/install/glassy_msgs/share/glassy_msgs/cmake/glassy_msgs__rosidl_typesupport_introspection_cExport-noconfig.cmake
[1.330s] -- Up-to-date: /home/diogo/MIR_Project_2024/glassy_challenge_ws/install/glassy_msgs/share/glassy_msgs/cmake/glassy_msgs__rosidl_typesupport_cExport.cmake
[1.330s] -- Up-to-date: /home/diogo/MIR_Project_2024/glassy_challenge_ws/install/glassy_msgs/share/glassy_msgs/cmake/glassy_msgs__rosidl_typesupport_cExport-noconfig.cmake
[1.331s] -- Up-to-date: /home/diogo/MIR_Project_2024/glassy_challenge_ws/install/glassy_msgs/share/glassy_msgs/cmake/glassy_msgs__rosidl_typesupport_introspection_cppExport.cmake
[1.332s] -- Up-to-date: /home/diogo/MIR_Project_2024/glassy_challenge_ws/install/glassy_msgs/share/glassy_msgs/cmake/glassy_msgs__rosidl_typesupport_introspection_cppExport-noconfig.cmake
[1.333s] -- Up-to-date: /home/diogo/MIR_Project_2024/glassy_challenge_ws/install/glassy_msgs/share/glassy_msgs/cmake/glassy_msgs__rosidl_typesupport_cppExport.cmake
[1.333s] -- Up-to-date: /home/diogo/MIR_Project_2024/glassy_challenge_ws/install/glassy_msgs/share/glassy_msgs/cmake/glassy_msgs__rosidl_typesupport_cppExport-noconfig.cmake
[1.339s] -- Up-to-date: /home/diogo/MIR_Project_2024/glassy_challenge_ws/install/glassy_msgs/share/glassy_msgs/cmake/export_glassy_msgs__rosidl_generator_pyExport.cmake
[1.339s] -- Up-to-date: /home/diogo/MIR_Project_2024/glassy_challenge_ws/install/glassy_msgs/share/glassy_msgs/cmake/export_glassy_msgs__rosidl_generator_pyExport-noconfig.cmake
[1.339s] -- Up-to-date: /home/diogo/MIR_Project_2024/glassy_challenge_ws/install/glassy_msgs/share/glassy_msgs/cmake/rosidl_cmake-extras.cmake
[1.339s] -- Up-to-date: /home/diogo/MIR_Project_2024/glassy_challenge_ws/install/glassy_msgs/share/glassy_msgs/cmake/ament_cmake_export_dependencies-extras.cmake
[1.339s] -- Up-to-date: /home/diogo/MIR_Project_2024/glassy_challenge_ws/install/glassy_msgs/share/glassy_msgs/cmake/ament_cmake_export_include_directories-extras.cmake
[1.339s] -- Up-to-date: /home/diogo/MIR_Project_2024/glassy_challenge_ws/install/glassy_msgs/share/glassy_msgs/cmake/ament_cmake_export_libraries-extras.cmake
[1.339s] -- Up-to-date: /home/diogo/MIR_Project_2024/glassy_challenge_ws/install/glassy_msgs/share/glassy_msgs/cmake/ament_cmake_export_targets-extras.cmake
[1.339s] -- Up-to-date: /home/diogo/MIR_Project_2024/glassy_challenge_ws/install/glassy_msgs/share/glassy_msgs/cmake/rosidl_cmake_export_typesupport_targets-extras.cmake
[1.340s] -- Up-to-date: /home/diogo/MIR_Project_2024/glassy_challenge_ws/install/glassy_msgs/share/glassy_msgs/cmake/rosidl_cmake_export_typesupport_libraries-extras.cmake
[1.340s] -- Up-to-date: /home/diogo/MIR_Project_2024/glassy_challenge_ws/install/glassy_msgs/share/glassy_msgs/cmake/glassy_msgsConfig.cmake
[1.340s] -- Up-to-date: /home/diogo/MIR_Project_2024/glassy_challenge_ws/install/glassy_msgs/share/glassy_msgs/cmake/glassy_msgsConfig-version.cmake
[1.340s] -- Up-to-date: /home/diogo/MIR_Project_2024/glassy_challenge_ws/install/glassy_msgs/share/glassy_msgs/package.xml
[1.343s] Invoked command in '/home/diogo/MIR_Project_2024/glassy_challenge_ws/build/glassy_msgs' returned '0': CMAKE_PREFIX_PATH=${CMAKE_PREFIX_PATH}:/home/diogo/MIR_Project_2024/glassy_challenge_ws/install/glassy_challenge:/opt/ros/humble /usr/bin/cmake --install /home/diogo/MIR_Project_2024/glassy_challenge_ws/build/glassy_msgs
