[0.543s] DEBUG:colcon:Command line arguments: ['/usr/bin/colcon', 'build']
[0.543s] DEBUG:colcon:Parsed command line arguments: Namespace(log_base=None, log_level=None, verb_name='build', build_base='build', install_base='install', merge_install=False, symlink_install=False, test_result_base=None, continue_on_error=False, executor='parallel', parallel_workers=2, event_handlers=None, ignore_user_meta=False, metas=['./colcon.meta'], base_paths=['.'], packages_ignore=None, packages_ignore_regex=None, paths=None, packages_up_to=None, packages_up_to_regex=None, packages_above=None, packages_above_and_dependencies=None, packages_above_depth=None, packages_select_by_dep=None, packages_skip_by_dep=None, packages_skip_up_to=None, packages_select_build_failed=False, packages_skip_build_finished=False, packages_select_test_failures=False, packages_skip_test_passed=False, packages_select=None, packages_skip=None, packages_select_regex=None, packages_skip_regex=None, packages_start=None, packages_end=None, allow_overriding=[], cmake_args=None, cmake_target=None, cmake_target_skip_unavailable=False, cmake_clean_cache=False, cmake_clean_first=False, cmake_force_configure=False, ament_cmake_args=None, catkin_cmake_args=None, catkin_skip_building_tests=False, mixin_files=None, mixin=None, verb_parser=<colcon_mixin.mixin.mixin_argument.MixinArgumentDecorator object at 0x7fd78045ea70>, verb_extension=<colcon_core.verb.build.BuildVerb object at 0x7fd78045e4a0>, main=<bound method BuildVerb.main of <colcon_core.verb.build.BuildVerb object at 0x7fd78045e4a0>>, mixin_verb=('build',))
[1.086s] Level 1:colcon.colcon_core.package_discovery:discover_packages(colcon_meta) check parameters
[1.086s] Level 1:colcon.colcon_core.package_discovery:discover_packages(recursive) check parameters
[1.086s] Level 1:colcon.colcon_core.package_discovery:discover_packages(ignore) check parameters
[1.086s] Level 1:colcon.colcon_core.package_discovery:discover_packages(path) check parameters
[1.086s] Level 1:colcon.colcon_core.package_discovery:discover_packages(colcon_meta) discover
[1.086s] Level 1:colcon.colcon_core.package_discovery:discover_packages(recursive) discover
[1.086s] INFO:colcon.colcon_core.package_discovery:Crawling recursively for packages in '/home/diogo/MIR_Project_2024/glassy_challenge_ws'
[1.087s] Level 1:colcon.colcon_core.package_identification:_identify(.) by extensions ['ignore', 'ignore_ament_install']
[1.087s] Level 1:colcon.colcon_core.package_identification:_identify(.) by extension 'ignore'
[1.087s] Level 1:colcon.colcon_core.package_identification:_identify(.) by extension 'ignore_ament_install'
[1.087s] Level 1:colcon.colcon_core.package_identification:_identify(.) by extensions ['colcon_pkg']
[1.087s] Level 1:colcon.colcon_core.package_identification:_identify(.) by extension 'colcon_pkg'
[1.087s] Level 1:colcon.colcon_core.package_identification:_identify(.) by extensions ['colcon_meta']
[1.087s] Level 1:colcon.colcon_core.package_identification:_identify(.) by extension 'colcon_meta'
[1.087s] Level 1:colcon.colcon_core.package_identification:_identify(.) by extensions ['ros']
[1.087s] Level 1:colcon.colcon_core.package_identification:_identify(.) by extension 'ros'
[1.112s] Level 1:colcon.colcon_core.package_identification:_identify(.) by extensions ['cmake', 'python']
[1.112s] Level 1:colcon.colcon_core.package_identification:_identify(.) by extension 'cmake'
[1.112s] Level 1:colcon.colcon_core.package_identification:_identify(.) by extension 'python'
[1.112s] Level 1:colcon.colcon_core.package_identification:_identify(.) by extensions ['python_setup_py']
[1.112s] Level 1:colcon.colcon_core.package_identification:_identify(.) by extension 'python_setup_py'
[1.112s] Level 1:colcon.colcon_core.package_identification:_identify(build) by extensions ['ignore', 'ignore_ament_install']
[1.112s] Level 1:colcon.colcon_core.package_identification:_identify(build) by extension 'ignore'
[1.113s] Level 1:colcon.colcon_core.package_identification:_identify(build) ignored
[1.113s] Level 1:colcon.colcon_core.package_identification:_identify(install) by extensions ['ignore', 'ignore_ament_install']
[1.113s] Level 1:colcon.colcon_core.package_identification:_identify(install) by extension 'ignore'
[1.113s] Level 1:colcon.colcon_core.package_identification:_identify(install) ignored
[1.113s] Level 1:colcon.colcon_core.package_identification:_identify(log) by extensions ['ignore', 'ignore_ament_install']
[1.113s] Level 1:colcon.colcon_core.package_identification:_identify(log) by extension 'ignore'
[1.113s] Level 1:colcon.colcon_core.package_identification:_identify(log) ignored
[1.114s] Level 1:colcon.colcon_core.package_identification:_identify(src) by extensions ['ignore', 'ignore_ament_install']
[1.114s] Level 1:colcon.colcon_core.package_identification:_identify(src) by extension 'ignore'
[1.114s] Level 1:colcon.colcon_core.package_identification:_identify(src) by extension 'ignore_ament_install'
[1.114s] Level 1:colcon.colcon_core.package_identification:_identify(src) by extensions ['colcon_pkg']
[1.114s] Level 1:colcon.colcon_core.package_identification:_identify(src) by extension 'colcon_pkg'
[1.114s] Level 1:colcon.colcon_core.package_identification:_identify(src) by extensions ['colcon_meta']
[1.114s] Level 1:colcon.colcon_core.package_identification:_identify(src) by extension 'colcon_meta'
[1.114s] Level 1:colcon.colcon_core.package_identification:_identify(src) by extensions ['ros']
[1.114s] Level 1:colcon.colcon_core.package_identification:_identify(src) by extension 'ros'
[1.115s] Level 1:colcon.colcon_core.package_identification:_identify(src) by extensions ['cmake', 'python']
[1.115s] Level 1:colcon.colcon_core.package_identification:_identify(src) by extension 'cmake'
[1.115s] Level 1:colcon.colcon_core.package_identification:_identify(src) by extension 'python'
[1.115s] Level 1:colcon.colcon_core.package_identification:_identify(src) by extensions ['python_setup_py']
[1.115s] Level 1:colcon.colcon_core.package_identification:_identify(src) by extension 'python_setup_py'
[1.115s] Level 1:colcon.colcon_core.package_identification:_identify(src/glassy_challenge) by extensions ['ignore', 'ignore_ament_install']
[1.115s] Level 1:colcon.colcon_core.package_identification:_identify(src/glassy_challenge) by extension 'ignore'
[1.115s] Level 1:colcon.colcon_core.package_identification:_identify(src/glassy_challenge) by extension 'ignore_ament_install'
[1.115s] Level 1:colcon.colcon_core.package_identification:_identify(src/glassy_challenge) by extensions ['colcon_pkg']
[1.116s] Level 1:colcon.colcon_core.package_identification:_identify(src/glassy_challenge) by extension 'colcon_pkg'
[1.116s] Level 1:colcon.colcon_core.package_identification:_identify(src/glassy_challenge) by extensions ['colcon_meta']
[1.116s] Level 1:colcon.colcon_core.package_identification:_identify(src/glassy_challenge) by extension 'colcon_meta'
[1.116s] Level 1:colcon.colcon_core.package_identification:_identify(src/glassy_challenge) by extensions ['ros']
[1.116s] Level 1:colcon.colcon_core.package_identification:_identify(src/glassy_challenge) by extension 'ros'
[1.123s] DEBUG:colcon.colcon_core.package_identification:Package 'src/glassy_challenge' with type 'ros.ament_python' and name 'glassy_challenge'
[1.123s] Level 1:colcon.colcon_core.package_identification:_identify(src/glassy_msgs) by extensions ['ignore', 'ignore_ament_install']
[1.123s] Level 1:colcon.colcon_core.package_identification:_identify(src/glassy_msgs) by extension 'ignore'
[1.123s] Level 1:colcon.colcon_core.package_identification:_identify(src/glassy_msgs) by extension 'ignore_ament_install'
[1.123s] Level 1:colcon.colcon_core.package_identification:_identify(src/glassy_msgs) by extensions ['colcon_pkg']
[1.123s] Level 1:colcon.colcon_core.package_identification:_identify(src/glassy_msgs) by extension 'colcon_pkg'
[1.124s] Level 1:colcon.colcon_core.package_identification:_identify(src/glassy_msgs) by extensions ['colcon_meta']
[1.124s] Level 1:colcon.colcon_core.package_identification:_identify(src/glassy_msgs) by extension 'colcon_meta'
[1.124s] Level 1:colcon.colcon_core.package_identification:_identify(src/glassy_msgs) by extensions ['ros']
[1.124s] Level 1:colcon.colcon_core.package_identification:_identify(src/glassy_msgs) by extension 'ros'
[1.125s] DEBUG:colcon.colcon_core.package_identification:Package 'src/glassy_msgs' with type 'ros.ament_cmake' and name 'glassy_msgs'
[1.125s] Level 1:colcon.colcon_core.package_identification:_identify(src/glassy_px4_manager) by extensions ['ignore', 'ignore_ament_install']
[1.125s] Level 1:colcon.colcon_core.package_identification:_identify(src/glassy_px4_manager) by extension 'ignore'
[1.125s] Level 1:colcon.colcon_core.package_identification:_identify(src/glassy_px4_manager) by extension 'ignore_ament_install'
[1.126s] Level 1:colcon.colcon_core.package_identification:_identify(src/glassy_px4_manager) by extensions ['colcon_pkg']
[1.126s] Level 1:colcon.colcon_core.package_identification:_identify(src/glassy_px4_manager) by extension 'colcon_pkg'
[1.126s] Level 1:colcon.colcon_core.package_identification:_identify(src/glassy_px4_manager) by extensions ['colcon_meta']
[1.126s] Level 1:colcon.colcon_core.package_identification:_identify(src/glassy_px4_manager) by extension 'colcon_meta'
[1.126s] Level 1:colcon.colcon_core.package_identification:_identify(src/glassy_px4_manager) by extensions ['ros']
[1.126s] Level 1:colcon.colcon_core.package_identification:_identify(src/glassy_px4_manager) by extension 'ros'
[1.128s] DEBUG:colcon.colcon_core.package_identification:Package 'src/glassy_px4_manager' with type 'ros.ament_cmake' and name 'glassy_px4_manager'
[1.128s] Level 1:colcon.colcon_core.package_identification:_identify(src/glassy_utils) by extensions ['ignore', 'ignore_ament_install']
[1.128s] Level 1:colcon.colcon_core.package_identification:_identify(src/glassy_utils) by extension 'ignore'
[1.128s] Level 1:colcon.colcon_core.package_identification:_identify(src/glassy_utils) by extension 'ignore_ament_install'
[1.129s] Level 1:colcon.colcon_core.package_identification:_identify(src/glassy_utils) by extensions ['colcon_pkg']
[1.129s] Level 1:colcon.colcon_core.package_identification:_identify(src/glassy_utils) by extension 'colcon_pkg'
[1.129s] Level 1:colcon.colcon_core.package_identification:_identify(src/glassy_utils) by extensions ['colcon_meta']
[1.129s] Level 1:colcon.colcon_core.package_identification:_identify(src/glassy_utils) by extension 'colcon_meta'
[1.129s] Level 1:colcon.colcon_core.package_identification:_identify(src/glassy_utils) by extensions ['ros']
[1.129s] Level 1:colcon.colcon_core.package_identification:_identify(src/glassy_utils) by extension 'ros'
[1.130s] DEBUG:colcon.colcon_core.package_identification:Package 'src/glassy_utils' with type 'ros.ament_cmake' and name 'glassy_utils'
[1.130s] Level 1:colcon.colcon_core.package_identification:_identify(src/px4_msgs) by extensions ['ignore', 'ignore_ament_install']
[1.130s] Level 1:colcon.colcon_core.package_identification:_identify(src/px4_msgs) by extension 'ignore'
[1.130s] Level 1:colcon.colcon_core.package_identification:_identify(src/px4_msgs) by extension 'ignore_ament_install'
[1.131s] Level 1:colcon.colcon_core.package_identification:_identify(src/px4_msgs) by extensions ['colcon_pkg']
[1.131s] Level 1:colcon.colcon_core.package_identification:_identify(src/px4_msgs) by extension 'colcon_pkg'
[1.131s] Level 1:colcon.colcon_core.package_identification:_identify(src/px4_msgs) by extensions ['colcon_meta']
[1.131s] Level 1:colcon.colcon_core.package_identification:_identify(src/px4_msgs) by extension 'colcon_meta'
[1.131s] Level 1:colcon.colcon_core.package_identification:_identify(src/px4_msgs) by extensions ['ros']
[1.131s] Level 1:colcon.colcon_core.package_identification:_identify(src/px4_msgs) by extension 'ros'
[1.132s] DEBUG:colcon.colcon_core.package_identification:Package 'src/px4_msgs' with type 'ros.ament_cmake' and name 'px4_msgs'
[1.132s] Level 1:colcon.colcon_core.package_discovery:discover_packages(recursive) using defaults
[1.132s] Level 1:colcon.colcon_core.package_discovery:discover_packages(ignore) discover
[1.132s] Level 1:colcon.colcon_core.package_discovery:discover_packages(ignore) using defaults
[1.132s] Level 1:colcon.colcon_core.package_discovery:discover_packages(path) discover
[1.132s] Level 1:colcon.colcon_core.package_discovery:discover_packages(path) using defaults
[1.203s] Level 1:colcon.colcon_core.package_discovery:discover_packages(prefix_path) check parameters
[1.203s] Level 1:colcon.colcon_core.package_discovery:discover_packages(prefix_path) discover
[1.208s] WARNING:colcon.colcon_ros.prefix_path.ament:The path '/home/diogo/MIR_Project_2024/glassy_challenge_ws/install/glassy_px4_manager' in the environment variable AMENT_PREFIX_PATH doesn't exist
[1.208s] WARNING:colcon.colcon_ros.prefix_path.ament:The path '/home/diogo/MIR_Project_2024/glassy_challenge_ws/install/glassy_challenge' in the environment variable AMENT_PREFIX_PATH doesn't exist
[1.208s] WARNING:colcon.colcon_ros.prefix_path.ament:The path '/home/diogo/MIR_Project_2024/glassy_challenge_ws/install/px4_msgs' in the environment variable AMENT_PREFIX_PATH doesn't exist
[1.208s] WARNING:colcon.colcon_ros.prefix_path.ament:The path '/home/diogo/MIR_Project_2024/glassy_challenge_ws/install/glassy_utils' in the environment variable AMENT_PREFIX_PATH doesn't exist
[1.208s] WARNING:colcon.colcon_ros.prefix_path.ament:The path '/home/diogo/MIR_Project_2024/glassy_challenge_ws/install/glassy_msgs' in the environment variable AMENT_PREFIX_PATH doesn't exist
[1.208s] WARNING:colcon.colcon_ros.prefix_path.catkin:The path '/home/diogo/MIR_Project_2024/glassy_challenge_ws/install/glassy_px4_manager' in the environment variable CMAKE_PREFIX_PATH doesn't exist
[1.209s] WARNING:colcon.colcon_ros.prefix_path.catkin:The path '/home/diogo/MIR_Project_2024/glassy_challenge_ws/install/px4_msgs' in the environment variable CMAKE_PREFIX_PATH doesn't exist
[1.209s] WARNING:colcon.colcon_ros.prefix_path.catkin:The path '/home/diogo/MIR_Project_2024/glassy_challenge_ws/install/glassy_utils' in the environment variable CMAKE_PREFIX_PATH doesn't exist
[1.209s] WARNING:colcon.colcon_ros.prefix_path.catkin:The path '/home/diogo/MIR_Project_2024/glassy_challenge_ws/install/glassy_msgs' in the environment variable CMAKE_PREFIX_PATH doesn't exist
[1.211s] DEBUG:colcon.colcon_installed_package_information.package_discovery:Found 0 installed packages in /home/diogo/MIR_Project_2024/glassy_challenge_ws/install
[1.213s] DEBUG:colcon.colcon_installed_package_information.package_discovery:Found 271 installed packages in /opt/ros/humble
[1.216s] Level 1:colcon.colcon_core.package_discovery:discover_packages(prefix_path) using defaults
[1.300s] Level 5:colcon.colcon_core.verb:set package 'glassy_msgs' build argument 'cmake_args' from command line to 'None'
[1.301s] Level 5:colcon.colcon_core.verb:set package 'glassy_msgs' build argument 'cmake_target' from command line to 'None'
[1.301s] Level 5:colcon.colcon_core.verb:set package 'glassy_msgs' build argument 'cmake_target_skip_unavailable' from command line to 'False'
[1.301s] Level 5:colcon.colcon_core.verb:set package 'glassy_msgs' build argument 'cmake_clean_cache' from command line to 'False'
[1.301s] Level 5:colcon.colcon_core.verb:set package 'glassy_msgs' build argument 'cmake_clean_first' from command line to 'False'
[1.301s] Level 5:colcon.colcon_core.verb:set package 'glassy_msgs' build argument 'cmake_force_configure' from command line to 'False'
[1.302s] Level 5:colcon.colcon_core.verb:set package 'glassy_msgs' build argument 'ament_cmake_args' from command line to 'None'
[1.302s] Level 5:colcon.colcon_core.verb:set package 'glassy_msgs' build argument 'catkin_cmake_args' from command line to 'None'
[1.302s] Level 5:colcon.colcon_core.verb:set package 'glassy_msgs' build argument 'catkin_skip_building_tests' from command line to 'False'
[1.302s] DEBUG:colcon.colcon_core.verb:Building package 'glassy_msgs' with the following arguments: {'ament_cmake_args': None, 'build_base': '/home/diogo/MIR_Project_2024/glassy_challenge_ws/build/glassy_msgs', 'catkin_cmake_args': None, 'catkin_skip_building_tests': False, 'cmake_args': None, 'cmake_clean_cache': False, 'cmake_clean_first': False, 'cmake_force_configure': False, 'cmake_target': None, 'cmake_target_skip_unavailable': False, 'install_base': '/home/diogo/MIR_Project_2024/glassy_challenge_ws/install/glassy_msgs', 'merge_install': False, 'path': '/home/diogo/MIR_Project_2024/glassy_challenge_ws/src/glassy_msgs', 'symlink_install': False, 'test_result_base': None}
[1.303s] Level 5:colcon.colcon_core.verb:set package 'glassy_utils' build argument 'cmake_args' from command line to 'None'
[1.303s] Level 5:colcon.colcon_core.verb:set package 'glassy_utils' build argument 'cmake_target' from command line to 'None'
[1.303s] Level 5:colcon.colcon_core.verb:set package 'glassy_utils' build argument 'cmake_target_skip_unavailable' from command line to 'False'
[1.303s] Level 5:colcon.colcon_core.verb:set package 'glassy_utils' build argument 'cmake_clean_cache' from command line to 'False'
[1.303s] Level 5:colcon.colcon_core.verb:set package 'glassy_utils' build argument 'cmake_clean_first' from command line to 'False'
[1.303s] Level 5:colcon.colcon_core.verb:set package 'glassy_utils' build argument 'cmake_force_configure' from command line to 'False'
[1.303s] Level 5:colcon.colcon_core.verb:set package 'glassy_utils' build argument 'ament_cmake_args' from command line to 'None'
[1.303s] Level 5:colcon.colcon_core.verb:set package 'glassy_utils' build argument 'catkin_cmake_args' from command line to 'None'
[1.303s] Level 5:colcon.colcon_core.verb:set package 'glassy_utils' build argument 'catkin_skip_building_tests' from command line to 'False'
[1.303s] DEBUG:colcon.colcon_core.verb:Building package 'glassy_utils' with the following arguments: {'ament_cmake_args': None, 'build_base': '/home/diogo/MIR_Project_2024/glassy_challenge_ws/build/glassy_utils', 'catkin_cmake_args': None, 'catkin_skip_building_tests': False, 'cmake_args': None, 'cmake_clean_cache': False, 'cmake_clean_first': False, 'cmake_force_configure': False, 'cmake_target': None, 'cmake_target_skip_unavailable': False, 'install_base': '/home/diogo/MIR_Project_2024/glassy_challenge_ws/install/glassy_utils', 'merge_install': False, 'path': '/home/diogo/MIR_Project_2024/glassy_challenge_ws/src/glassy_utils', 'symlink_install': False, 'test_result_base': None}
[1.304s] Level 5:colcon.colcon_core.verb:set package 'px4_msgs' build argument 'cmake_args' from command line to 'None'
[1.304s] Level 5:colcon.colcon_core.verb:set package 'px4_msgs' build argument 'cmake_target' from command line to 'None'
[1.304s] Level 5:colcon.colcon_core.verb:set package 'px4_msgs' build argument 'cmake_target_skip_unavailable' from command line to 'False'
[1.304s] Level 5:colcon.colcon_core.verb:set package 'px4_msgs' build argument 'cmake_clean_cache' from command line to 'False'
[1.304s] Level 5:colcon.colcon_core.verb:set package 'px4_msgs' build argument 'cmake_clean_first' from command line to 'False'
[1.304s] Level 5:colcon.colcon_core.verb:set package 'px4_msgs' build argument 'cmake_force_configure' from command line to 'False'
[1.304s] Level 5:colcon.colcon_core.verb:set package 'px4_msgs' build argument 'ament_cmake_args' from command line to 'None'
[1.304s] Level 5:colcon.colcon_core.verb:set package 'px4_msgs' build argument 'catkin_cmake_args' from command line to 'None'
[1.304s] Level 5:colcon.colcon_core.verb:set package 'px4_msgs' build argument 'catkin_skip_building_tests' from command line to 'False'
[1.304s] DEBUG:colcon.colcon_core.verb:Building package 'px4_msgs' with the following arguments: {'ament_cmake_args': None, 'build_base': '/home/diogo/MIR_Project_2024/glassy_challenge_ws/build/px4_msgs', 'catkin_cmake_args': None, 'catkin_skip_building_tests': False, 'cmake_args': None, 'cmake_clean_cache': False, 'cmake_clean_first': False, 'cmake_force_configure': False, 'cmake_target': None, 'cmake_target_skip_unavailable': False, 'install_base': '/home/diogo/MIR_Project_2024/glassy_challenge_ws/install/px4_msgs', 'merge_install': False, 'path': '/home/diogo/MIR_Project_2024/glassy_challenge_ws/src/px4_msgs', 'symlink_install': False, 'test_result_base': None}
[1.304s] Level 5:colcon.colcon_core.verb:set package 'glassy_challenge' build argument 'cmake_args' from command line to 'None'
[1.304s] Level 5:colcon.colcon_core.verb:set package 'glassy_challenge' build argument 'cmake_target' from command line to 'None'
[1.305s] Level 5:colcon.colcon_core.verb:set package 'glassy_challenge' build argument 'cmake_target_skip_unavailable' from command line to 'False'
[1.305s] Level 5:colcon.colcon_core.verb:set package 'glassy_challenge' build argument 'cmake_clean_cache' from command line to 'False'
[1.305s] Level 5:colcon.colcon_core.verb:set package 'glassy_challenge' build argument 'cmake_clean_first' from command line to 'False'
[1.305s] Level 5:colcon.colcon_core.verb:set package 'glassy_challenge' build argument 'cmake_force_configure' from command line to 'False'
[1.305s] Level 5:colcon.colcon_core.verb:set package 'glassy_challenge' build argument 'ament_cmake_args' from command line to 'None'
[1.305s] Level 5:colcon.colcon_core.verb:set package 'glassy_challenge' build argument 'catkin_cmake_args' from command line to 'None'
[1.305s] Level 5:colcon.colcon_core.verb:set package 'glassy_challenge' build argument 'catkin_skip_building_tests' from command line to 'False'
[1.305s] DEBUG:colcon.colcon_core.verb:Building package 'glassy_challenge' with the following arguments: {'ament_cmake_args': None, 'build_base': '/home/diogo/MIR_Project_2024/glassy_challenge_ws/build/glassy_challenge', 'catkin_cmake_args': None, 'catkin_skip_building_tests': False, 'cmake_args': None, 'cmake_clean_cache': False, 'cmake_clean_first': False, 'cmake_force_configure': False, 'cmake_target': None, 'cmake_target_skip_unavailable': False, 'install_base': '/home/diogo/MIR_Project_2024/glassy_challenge_ws/install/glassy_challenge', 'merge_install': False, 'path': '/home/diogo/MIR_Project_2024/glassy_challenge_ws/src/glassy_challenge', 'symlink_install': False, 'test_result_base': None}
[1.305s] Level 5:colcon.colcon_core.verb:set package 'glassy_px4_manager' build argument 'cmake_args' from command line to 'None'
[1.305s] Level 5:colcon.colcon_core.verb:set package 'glassy_px4_manager' build argument 'cmake_target' from command line to 'None'
[1.305s] Level 5:colcon.colcon_core.verb:set package 'glassy_px4_manager' build argument 'cmake_target_skip_unavailable' from command line to 'False'
[1.305s] Level 5:colcon.colcon_core.verb:set package 'glassy_px4_manager' build argument 'cmake_clean_cache' from command line to 'False'
[1.305s] Level 5:colcon.colcon_core.verb:set package 'glassy_px4_manager' build argument 'cmake_clean_first' from command line to 'False'
[1.305s] Level 5:colcon.colcon_core.verb:set package 'glassy_px4_manager' build argument 'cmake_force_configure' from command line to 'False'
[1.305s] Level 5:colcon.colcon_core.verb:set package 'glassy_px4_manager' build argument 'ament_cmake_args' from command line to 'None'
[1.305s] Level 5:colcon.colcon_core.verb:set package 'glassy_px4_manager' build argument 'catkin_cmake_args' from command line to 'None'
[1.305s] Level 5:colcon.colcon_core.verb:set package 'glassy_px4_manager' build argument 'catkin_skip_building_tests' from command line to 'False'
[1.306s] DEBUG:colcon.colcon_core.verb:Building package 'glassy_px4_manager' with the following arguments: {'ament_cmake_args': None, 'build_base': '/home/diogo/MIR_Project_2024/glassy_challenge_ws/build/glassy_px4_manager', 'catkin_cmake_args': None, 'catkin_skip_building_tests': False, 'cmake_args': None, 'cmake_clean_cache': False, 'cmake_clean_first': False, 'cmake_force_configure': False, 'cmake_target': None, 'cmake_target_skip_unavailable': False, 'install_base': '/home/diogo/MIR_Project_2024/glassy_challenge_ws/install/glassy_px4_manager', 'merge_install': False, 'path': '/home/diogo/MIR_Project_2024/glassy_challenge_ws/src/glassy_px4_manager', 'symlink_install': False, 'test_result_base': None}
[1.306s] INFO:colcon.colcon_core.executor:Executing jobs using 'parallel' executor
[1.307s] DEBUG:colcon.colcon_parallel_executor.executor.parallel:run_until_complete
[1.308s] INFO:colcon.colcon_ros.task.ament_cmake.build:Building ROS package in '/home/diogo/MIR_Project_2024/glassy_challenge_ws/src/glassy_msgs' with build type 'ament_cmake'
[1.308s] INFO:colcon.colcon_cmake.task.cmake.build:Building CMake package in '/home/diogo/MIR_Project_2024/glassy_challenge_ws/src/glassy_msgs'
[1.321s] INFO:colcon.colcon_core.plugin_system:Skipping extension 'colcon_core.shell.bat': Not used on non-Windows systems
[1.321s] INFO:colcon.colcon_core.shell:Skip shell extension 'powershell' for command environment: Not usable outside of PowerShell
[1.321s] DEBUG:colcon.colcon_core.shell:Skip shell extension 'dsv' for command environment
[1.329s] INFO:colcon.colcon_ros.task.ament_cmake.build:Building ROS package in '/home/diogo/MIR_Project_2024/glassy_challenge_ws/src/px4_msgs' with build type 'ament_cmake'
[1.330s] INFO:colcon.colcon_cmake.task.cmake.build:Building CMake package in '/home/diogo/MIR_Project_2024/glassy_challenge_ws/src/px4_msgs'
[1.330s] INFO:colcon.colcon_core.shell:Skip shell extension 'powershell' for command environment: Not usable outside of PowerShell
[1.330s] DEBUG:colcon.colcon_core.shell:Skip shell extension 'dsv' for command environment
[1.348s] DEBUG:colcon.colcon_core.event_handler.log_command:Invoking command in '/home/diogo/MIR_Project_2024/glassy_challenge_ws/build/glassy_msgs': CMAKE_PREFIX_PATH=${CMAKE_PREFIX_PATH}:/home/diogo/MIR_Project_2024/glassy_challenge_ws/install/glassy_challenge:/opt/ros/humble /usr/bin/cmake /home/diogo/MIR_Project_2024/glassy_challenge_ws/src/glassy_msgs -DCMAKE_INSTALL_PREFIX=/home/diogo/MIR_Project_2024/glassy_challenge_ws/install/glassy_msgs
[1.360s] DEBUG:colcon.colcon_core.event_handler.log_command:Invoking command in '/home/diogo/MIR_Project_2024/glassy_challenge_ws/build/px4_msgs': CMAKE_PREFIX_PATH=${CMAKE_PREFIX_PATH}:/home/diogo/MIR_Project_2024/glassy_challenge_ws/install/glassy_challenge:/opt/ros/humble /usr/bin/cmake /home/diogo/MIR_Project_2024/glassy_challenge_ws/src/px4_msgs -DCMAKE_INSTALL_PREFIX=/home/diogo/MIR_Project_2024/glassy_challenge_ws/install/px4_msgs
[8.664s] DEBUG:colcon.colcon_core.event_handler.log_command:Invoked command in '/home/diogo/MIR_Project_2024/glassy_challenge_ws/build/glassy_msgs' returned '0': CMAKE_PREFIX_PATH=${CMAKE_PREFIX_PATH}:/home/diogo/MIR_Project_2024/glassy_challenge_ws/install/glassy_challenge:/opt/ros/humble /usr/bin/cmake /home/diogo/MIR_Project_2024/glassy_challenge_ws/src/glassy_msgs -DCMAKE_INSTALL_PREFIX=/home/diogo/MIR_Project_2024/glassy_challenge_ws/install/glassy_msgs
[8.665s] DEBUG:colcon.colcon_core.event_handler.log_command:Invoking command in '/home/diogo/MIR_Project_2024/glassy_challenge_ws/build/glassy_msgs': CMAKE_PREFIX_PATH=${CMAKE_PREFIX_PATH}:/home/diogo/MIR_Project_2024/glassy_challenge_ws/install/glassy_challenge:/opt/ros/humble /usr/bin/cmake --build /home/diogo/MIR_Project_2024/glassy_challenge_ws/build/glassy_msgs -- -j2 -l2
[14.753s] DEBUG:colcon.colcon_core.event_handler.log_command:Invoked command in '/home/diogo/MIR_Project_2024/glassy_challenge_ws/build/px4_msgs' returned '0': CMAKE_PREFIX_PATH=${CMAKE_PREFIX_PATH}:/home/diogo/MIR_Project_2024/glassy_challenge_ws/install/glassy_challenge:/opt/ros/humble /usr/bin/cmake /home/diogo/MIR_Project_2024/glassy_challenge_ws/src/px4_msgs -DCMAKE_INSTALL_PREFIX=/home/diogo/MIR_Project_2024/glassy_challenge_ws/install/px4_msgs
[14.755s] DEBUG:colcon.colcon_core.event_handler.log_command:Invoking command in '/home/diogo/MIR_Project_2024/glassy_challenge_ws/build/px4_msgs': CMAKE_PREFIX_PATH=${CMAKE_PREFIX_PATH}:/home/diogo/MIR_Project_2024/glassy_challenge_ws/install/glassy_challenge:/opt/ros/humble /usr/bin/cmake --build /home/diogo/MIR_Project_2024/glassy_challenge_ws/build/px4_msgs -- -j2 -l2
[90.927s] DEBUG:colcon.colcon_core.event_handler.log_command:Invoked command in '/home/diogo/MIR_Project_2024/glassy_challenge_ws/build/glassy_msgs' returned '0': CMAKE_PREFIX_PATH=${CMAKE_PREFIX_PATH}:/home/diogo/MIR_Project_2024/glassy_challenge_ws/install/glassy_challenge:/opt/ros/humble /usr/bin/cmake --build /home/diogo/MIR_Project_2024/glassy_challenge_ws/build/glassy_msgs -- -j2 -l2
[90.963s] DEBUG:colcon.colcon_core.event_handler.log_command:Invoking command in '/home/diogo/MIR_Project_2024/glassy_challenge_ws/build/glassy_msgs': CMAKE_PREFIX_PATH=${CMAKE_PREFIX_PATH}:/home/diogo/MIR_Project_2024/glassy_challenge_ws/install/glassy_challenge:/opt/ros/humble /usr/bin/cmake --install /home/diogo/MIR_Project_2024/glassy_challenge_ws/build/glassy_msgs
[91.557s] Level 1:colcon.colcon_core.environment:create_environment_scripts_only(glassy_msgs)
[91.559s] DEBUG:colcon.colcon_core.event_handler.log_command:Invoked command in '/home/diogo/MIR_Project_2024/glassy_challenge_ws/build/glassy_msgs' returned '0': CMAKE_PREFIX_PATH=${CMAKE_PREFIX_PATH}:/home/diogo/MIR_Project_2024/glassy_challenge_ws/install/glassy_challenge:/opt/ros/humble /usr/bin/cmake --install /home/diogo/MIR_Project_2024/glassy_challenge_ws/build/glassy_msgs
[91.582s] Level 1:colcon.colcon_core.environment:checking '/home/diogo/MIR_Project_2024/glassy_challenge_ws/install/glassy_msgs' for CMake module files
[91.587s] Level 1:colcon.colcon_core.environment:checking '/home/diogo/MIR_Project_2024/glassy_challenge_ws/install/glassy_msgs' for CMake config files
[91.591s] Level 1:colcon.colcon_core.shell:create_environment_hook('glassy_msgs', 'cmake_prefix_path')
[91.592s] INFO:colcon.colcon_core.shell:Creating environment hook '/home/diogo/MIR_Project_2024/glassy_challenge_ws/install/glassy_msgs/share/glassy_msgs/hook/cmake_prefix_path.ps1'
[91.596s] INFO:colcon.colcon_core.shell:Creating environment descriptor '/home/diogo/MIR_Project_2024/glassy_challenge_ws/install/glassy_msgs/share/glassy_msgs/hook/cmake_prefix_path.dsv'
[91.599s] INFO:colcon.colcon_core.shell:Creating environment hook '/home/diogo/MIR_Project_2024/glassy_challenge_ws/install/glassy_msgs/share/glassy_msgs/hook/cmake_prefix_path.sh'
[91.604s] Level 1:colcon.colcon_core.environment:checking '/home/diogo/MIR_Project_2024/glassy_challenge_ws/install/glassy_msgs/lib'
[91.606s] Level 1:colcon.colcon_core.shell:create_environment_hook('glassy_msgs', 'ld_library_path_lib')
[91.607s] INFO:colcon.colcon_core.shell:Creating environment hook '/home/diogo/MIR_Project_2024/glassy_challenge_ws/install/glassy_msgs/share/glassy_msgs/hook/ld_library_path_lib.ps1'
[91.607s] INFO:colcon.colcon_core.shell:Creating environment descriptor '/home/diogo/MIR_Project_2024/glassy_challenge_ws/install/glassy_msgs/share/glassy_msgs/hook/ld_library_path_lib.dsv'
[91.608s] INFO:colcon.colcon_core.shell:Creating environment hook '/home/diogo/MIR_Project_2024/glassy_challenge_ws/install/glassy_msgs/share/glassy_msgs/hook/ld_library_path_lib.sh'
[91.614s] Level 1:colcon.colcon_core.environment:checking '/home/diogo/MIR_Project_2024/glassy_challenge_ws/install/glassy_msgs/bin'
[91.614s] Level 1:colcon.colcon_core.environment:checking '/home/diogo/MIR_Project_2024/glassy_challenge_ws/install/glassy_msgs/lib/pkgconfig/glassy_msgs.pc'
[91.615s] Level 1:colcon.colcon_core.environment:checking '/home/diogo/MIR_Project_2024/glassy_challenge_ws/install/glassy_msgs/lib/python3.10/site-packages'
[91.615s] Level 1:colcon.colcon_core.environment:checking '/home/diogo/MIR_Project_2024/glassy_challenge_ws/install/glassy_msgs/bin'
[91.618s] INFO:colcon.colcon_core.shell:Creating package script '/home/diogo/MIR_Project_2024/glassy_challenge_ws/install/glassy_msgs/share/glassy_msgs/package.ps1'
[91.623s] INFO:colcon.colcon_core.shell:Creating package descriptor '/home/diogo/MIR_Project_2024/glassy_challenge_ws/install/glassy_msgs/share/glassy_msgs/package.dsv'
[91.630s] INFO:colcon.colcon_core.shell:Creating package script '/home/diogo/MIR_Project_2024/glassy_challenge_ws/install/glassy_msgs/share/glassy_msgs/package.sh'
[91.633s] INFO:colcon.colcon_core.shell:Creating package script '/home/diogo/MIR_Project_2024/glassy_challenge_ws/install/glassy_msgs/share/glassy_msgs/package.bash'
[91.638s] INFO:colcon.colcon_core.shell:Creating package script '/home/diogo/MIR_Project_2024/glassy_challenge_ws/install/glassy_msgs/share/glassy_msgs/package.zsh'
[91.646s] Level 1:colcon.colcon_core.environment:create_file_with_runtime_dependencies(/home/diogo/MIR_Project_2024/glassy_challenge_ws/install/glassy_msgs/share/colcon-core/packages/glassy_msgs)
[91.651s] Level 1:colcon.colcon_core.environment:create_environment_scripts_only(glassy_msgs)
[91.651s] Level 1:colcon.colcon_core.environment:checking '/home/diogo/MIR_Project_2024/glassy_challenge_ws/install/glassy_msgs' for CMake module files
[91.655s] Level 1:colcon.colcon_core.environment:checking '/home/diogo/MIR_Project_2024/glassy_challenge_ws/install/glassy_msgs' for CMake config files
[91.659s] Level 1:colcon.colcon_core.shell:create_environment_hook('glassy_msgs', 'cmake_prefix_path')
[91.662s] INFO:colcon.colcon_core.shell:Creating environment hook '/home/diogo/MIR_Project_2024/glassy_challenge_ws/install/glassy_msgs/share/glassy_msgs/hook/cmake_prefix_path.ps1'
[91.663s] INFO:colcon.colcon_core.shell:Creating environment descriptor '/home/diogo/MIR_Project_2024/glassy_challenge_ws/install/glassy_msgs/share/glassy_msgs/hook/cmake_prefix_path.dsv'
[91.667s] INFO:colcon.colcon_core.shell:Creating environment hook '/home/diogo/MIR_Project_2024/glassy_challenge_ws/install/glassy_msgs/share/glassy_msgs/hook/cmake_prefix_path.sh'
[91.671s] Level 1:colcon.colcon_core.environment:checking '/home/diogo/MIR_Project_2024/glassy_challenge_ws/install/glassy_msgs/lib'
[91.671s] Level 1:colcon.colcon_core.shell:create_environment_hook('glassy_msgs', 'ld_library_path_lib')
[91.672s] INFO:colcon.colcon_core.shell:Creating environment hook '/home/diogo/MIR_Project_2024/glassy_challenge_ws/install/glassy_msgs/share/glassy_msgs/hook/ld_library_path_lib.ps1'
[91.675s] INFO:colcon.colcon_core.shell:Creating environment descriptor '/home/diogo/MIR_Project_2024/glassy_challenge_ws/install/glassy_msgs/share/glassy_msgs/hook/ld_library_path_lib.dsv'
[91.676s] INFO:colcon.colcon_core.shell:Creating environment hook '/home/diogo/MIR_Project_2024/glassy_challenge_ws/install/glassy_msgs/share/glassy_msgs/hook/ld_library_path_lib.sh'
[91.679s] Level 1:colcon.colcon_core.environment:checking '/home/diogo/MIR_Project_2024/glassy_challenge_ws/install/glassy_msgs/bin'
[91.679s] Level 1:colcon.colcon_core.environment:checking '/home/diogo/MIR_Project_2024/glassy_challenge_ws/install/glassy_msgs/lib/pkgconfig/glassy_msgs.pc'
[91.680s] Level 1:colcon.colcon_core.environment:checking '/home/diogo/MIR_Project_2024/glassy_challenge_ws/install/glassy_msgs/lib/python3.10/site-packages'
[91.680s] Level 1:colcon.colcon_core.environment:checking '/home/diogo/MIR_Project_2024/glassy_challenge_ws/install/glassy_msgs/bin'
[91.681s] INFO:colcon.colcon_core.shell:Creating package script '/home/diogo/MIR_Project_2024/glassy_challenge_ws/install/glassy_msgs/share/glassy_msgs/package.ps1'
[91.687s] INFO:colcon.colcon_core.shell:Creating package descriptor '/home/diogo/MIR_Project_2024/glassy_challenge_ws/install/glassy_msgs/share/glassy_msgs/package.dsv'
[91.690s] INFO:colcon.colcon_core.shell:Creating package script '/home/diogo/MIR_Project_2024/glassy_challenge_ws/install/glassy_msgs/share/glassy_msgs/package.sh'
[91.691s] INFO:colcon.colcon_core.shell:Creating package script '/home/diogo/MIR_Project_2024/glassy_challenge_ws/install/glassy_msgs/share/glassy_msgs/package.bash'
[91.695s] INFO:colcon.colcon_core.shell:Creating package script '/home/diogo/MIR_Project_2024/glassy_challenge_ws/install/glassy_msgs/share/glassy_msgs/package.zsh'
[91.696s] Level 1:colcon.colcon_core.environment:create_file_with_runtime_dependencies(/home/diogo/MIR_Project_2024/glassy_challenge_ws/install/glassy_msgs/share/colcon-core/packages/glassy_msgs)
[91.698s] INFO:colcon.colcon_ros.task.ament_cmake.build:Building ROS package in '/home/diogo/MIR_Project_2024/glassy_challenge_ws/src/glassy_utils' with build type 'ament_cmake'
[91.699s] INFO:colcon.colcon_cmake.task.cmake.build:Building CMake package in '/home/diogo/MIR_Project_2024/glassy_challenge_ws/src/glassy_utils'
[91.699s] INFO:colcon.colcon_core.shell:Skip shell extension 'powershell' for command environment: Not usable outside of PowerShell
[91.699s] DEBUG:colcon.colcon_core.shell:Skip shell extension 'dsv' for command environment
[91.747s] DEBUG:colcon.colcon_core.event_handler.log_command:Invoking command in '/home/diogo/MIR_Project_2024/glassy_challenge_ws/build/glassy_utils': CMAKE_PREFIX_PATH=${CMAKE_PREFIX_PATH}:/home/diogo/MIR_Project_2024/glassy_challenge_ws/install/glassy_challenge:/opt/ros/humble /usr/bin/cmake /home/diogo/MIR_Project_2024/glassy_challenge_ws/src/glassy_utils -DCMAKE_INSTALL_PREFIX=/home/diogo/MIR_Project_2024/glassy_challenge_ws/install/glassy_utils
[94.480s] DEBUG:colcon.colcon_core.event_handler.log_command:Invoked command in '/home/diogo/MIR_Project_2024/glassy_challenge_ws/build/glassy_utils' returned '0': CMAKE_PREFIX_PATH=${CMAKE_PREFIX_PATH}:/home/diogo/MIR_Project_2024/glassy_challenge_ws/install/glassy_challenge:/opt/ros/humble /usr/bin/cmake /home/diogo/MIR_Project_2024/glassy_challenge_ws/src/glassy_utils -DCMAKE_INSTALL_PREFIX=/home/diogo/MIR_Project_2024/glassy_challenge_ws/install/glassy_utils
[94.490s] DEBUG:colcon.colcon_core.event_handler.log_command:Invoking command in '/home/diogo/MIR_Project_2024/glassy_challenge_ws/build/glassy_utils': CMAKE_PREFIX_PATH=${CMAKE_PREFIX_PATH}:/home/diogo/MIR_Project_2024/glassy_challenge_ws/install/glassy_challenge:/opt/ros/humble /usr/bin/cmake --build /home/diogo/MIR_Project_2024/glassy_challenge_ws/build/glassy_utils -- -j2 -l2
[99.589s] DEBUG:colcon.colcon_core.event_handler.log_command:Invoked command in '/home/diogo/MIR_Project_2024/glassy_challenge_ws/build/glassy_utils' returned '0': CMAKE_PREFIX_PATH=${CMAKE_PREFIX_PATH}:/home/diogo/MIR_Project_2024/glassy_challenge_ws/install/glassy_challenge:/opt/ros/humble /usr/bin/cmake --build /home/diogo/MIR_Project_2024/glassy_challenge_ws/build/glassy_utils -- -j2 -l2
[99.592s] DEBUG:colcon.colcon_core.event_handler.log_command:Invoking command in '/home/diogo/MIR_Project_2024/glassy_challenge_ws/build/glassy_utils': CMAKE_PREFIX_PATH=${CMAKE_PREFIX_PATH}:/home/diogo/MIR_Project_2024/glassy_challenge_ws/install/glassy_challenge:/opt/ros/humble /usr/bin/cmake --install /home/diogo/MIR_Project_2024/glassy_challenge_ws/build/glassy_utils
[99.649s] Level 1:colcon.colcon_core.environment:create_environment_scripts_only(glassy_utils)
[99.649s] Level 1:colcon.colcon_core.environment:checking '/home/diogo/MIR_Project_2024/glassy_challenge_ws/install/glassy_utils' for CMake module files
[99.650s] DEBUG:colcon.colcon_core.event_handler.log_command:Invoked command in '/home/diogo/MIR_Project_2024/glassy_challenge_ws/build/glassy_utils' returned '0': CMAKE_PREFIX_PATH=${CMAKE_PREFIX_PATH}:/home/diogo/MIR_Project_2024/glassy_challenge_ws/install/glassy_challenge:/opt/ros/humble /usr/bin/cmake --install /home/diogo/MIR_Project_2024/glassy_challenge_ws/build/glassy_utils
[99.652s] Level 1:colcon.colcon_core.environment:checking '/home/diogo/MIR_Project_2024/glassy_challenge_ws/install/glassy_utils' for CMake config files
[99.652s] Level 1:colcon.colcon_core.shell:create_environment_hook('glassy_utils', 'cmake_prefix_path')
[99.653s] INFO:colcon.colcon_core.shell:Creating environment hook '/home/diogo/MIR_Project_2024/glassy_challenge_ws/install/glassy_utils/share/glassy_utils/hook/cmake_prefix_path.ps1'
[99.655s] INFO:colcon.colcon_core.shell:Creating environment descriptor '/home/diogo/MIR_Project_2024/glassy_challenge_ws/install/glassy_utils/share/glassy_utils/hook/cmake_prefix_path.dsv'
[99.659s] INFO:colcon.colcon_core.shell:Creating environment hook '/home/diogo/MIR_Project_2024/glassy_challenge_ws/install/glassy_utils/share/glassy_utils/hook/cmake_prefix_path.sh'
[99.661s] Level 1:colcon.colcon_core.environment:checking '/home/diogo/MIR_Project_2024/glassy_challenge_ws/install/glassy_utils/lib'
[99.661s] Level 1:colcon.colcon_core.environment:checking '/home/diogo/MIR_Project_2024/glassy_challenge_ws/install/glassy_utils/bin'
[99.661s] Level 1:colcon.colcon_core.environment:checking '/home/diogo/MIR_Project_2024/glassy_challenge_ws/install/glassy_utils/lib/pkgconfig/glassy_utils.pc'
[99.661s] Level 1:colcon.colcon_core.environment:checking '/home/diogo/MIR_Project_2024/glassy_challenge_ws/install/glassy_utils/lib/python3.10/site-packages'
[99.662s] Level 1:colcon.colcon_core.environment:checking '/home/diogo/MIR_Project_2024/glassy_challenge_ws/install/glassy_utils/bin'
[99.662s] INFO:colcon.colcon_core.shell:Creating package script '/home/diogo/MIR_Project_2024/glassy_challenge_ws/install/glassy_utils/share/glassy_utils/package.ps1'
[99.665s] INFO:colcon.colcon_core.shell:Creating package descriptor '/home/diogo/MIR_Project_2024/glassy_challenge_ws/install/glassy_utils/share/glassy_utils/package.dsv'
[99.666s] INFO:colcon.colcon_core.shell:Creating package script '/home/diogo/MIR_Project_2024/glassy_challenge_ws/install/glassy_utils/share/glassy_utils/package.sh'
[99.669s] INFO:colcon.colcon_core.shell:Creating package script '/home/diogo/MIR_Project_2024/glassy_challenge_ws/install/glassy_utils/share/glassy_utils/package.bash'
[99.671s] INFO:colcon.colcon_core.shell:Creating package script '/home/diogo/MIR_Project_2024/glassy_challenge_ws/install/glassy_utils/share/glassy_utils/package.zsh'
[99.672s] Level 1:colcon.colcon_core.environment:create_file_with_runtime_dependencies(/home/diogo/MIR_Project_2024/glassy_challenge_ws/install/glassy_utils/share/colcon-core/packages/glassy_utils)
[99.676s] Level 1:colcon.colcon_core.environment:create_environment_scripts_only(glassy_utils)
[99.676s] Level 1:colcon.colcon_core.environment:checking '/home/diogo/MIR_Project_2024/glassy_challenge_ws/install/glassy_utils' for CMake module files
[99.679s] Level 1:colcon.colcon_core.environment:checking '/home/diogo/MIR_Project_2024/glassy_challenge_ws/install/glassy_utils' for CMake config files
[99.680s] Level 1:colcon.colcon_core.shell:create_environment_hook('glassy_utils', 'cmake_prefix_path')
[99.680s] INFO:colcon.colcon_core.shell:Creating environment hook '/home/diogo/MIR_Project_2024/glassy_challenge_ws/install/glassy_utils/share/glassy_utils/hook/cmake_prefix_path.ps1'
[99.683s] INFO:colcon.colcon_core.shell:Creating environment descriptor '/home/diogo/MIR_Project_2024/glassy_challenge_ws/install/glassy_utils/share/glassy_utils/hook/cmake_prefix_path.dsv'
[99.684s] INFO:colcon.colcon_core.shell:Creating environment hook '/home/diogo/MIR_Project_2024/glassy_challenge_ws/install/glassy_utils/share/glassy_utils/hook/cmake_prefix_path.sh'
[99.688s] Level 1:colcon.colcon_core.environment:checking '/home/diogo/MIR_Project_2024/glassy_challenge_ws/install/glassy_utils/lib'
[99.688s] Level 1:colcon.colcon_core.environment:checking '/home/diogo/MIR_Project_2024/glassy_challenge_ws/install/glassy_utils/bin'
[99.688s] Level 1:colcon.colcon_core.environment:checking '/home/diogo/MIR_Project_2024/glassy_challenge_ws/install/glassy_utils/lib/pkgconfig/glassy_utils.pc'
[99.691s] Level 1:colcon.colcon_core.environment:checking '/home/diogo/MIR_Project_2024/glassy_challenge_ws/install/glassy_utils/lib/python3.10/site-packages'
[99.692s] Level 1:colcon.colcon_core.environment:checking '/home/diogo/MIR_Project_2024/glassy_challenge_ws/install/glassy_utils/bin'
[99.692s] INFO:colcon.colcon_core.shell:Creating package script '/home/diogo/MIR_Project_2024/glassy_challenge_ws/install/glassy_utils/share/glassy_utils/package.ps1'
[99.696s] INFO:colcon.colcon_core.shell:Creating package descriptor '/home/diogo/MIR_Project_2024/glassy_challenge_ws/install/glassy_utils/share/glassy_utils/package.dsv'
[99.699s] INFO:colcon.colcon_core.shell:Creating package script '/home/diogo/MIR_Project_2024/glassy_challenge_ws/install/glassy_utils/share/glassy_utils/package.sh'
[99.703s] INFO:colcon.colcon_core.shell:Creating package script '/home/diogo/MIR_Project_2024/glassy_challenge_ws/install/glassy_utils/share/glassy_utils/package.bash'
[99.704s] INFO:colcon.colcon_core.shell:Creating package script '/home/diogo/MIR_Project_2024/glassy_challenge_ws/install/glassy_utils/share/glassy_utils/package.zsh'
[99.708s] Level 1:colcon.colcon_core.environment:create_file_with_runtime_dependencies(/home/diogo/MIR_Project_2024/glassy_challenge_ws/install/glassy_utils/share/colcon-core/packages/glassy_utils)
[1266.943s] DEBUG:colcon.colcon_core.event_handler.log_command:Invoked command in '/home/diogo/MIR_Project_2024/glassy_challenge_ws/build/px4_msgs' returned '0': CMAKE_PREFIX_PATH=${CMAKE_PREFIX_PATH}:/home/diogo/MIR_Project_2024/glassy_challenge_ws/install/glassy_challenge:/opt/ros/humble /usr/bin/cmake --build /home/diogo/MIR_Project_2024/glassy_challenge_ws/build/px4_msgs -- -j2 -l2
[1266.946s] DEBUG:colcon.colcon_core.event_handler.log_command:Invoking command in '/home/diogo/MIR_Project_2024/glassy_challenge_ws/build/px4_msgs': CMAKE_PREFIX_PATH=${CMAKE_PREFIX_PATH}:/home/diogo/MIR_Project_2024/glassy_challenge_ws/install/glassy_challenge:/opt/ros/humble /usr/bin/cmake --install /home/diogo/MIR_Project_2024/glassy_challenge_ws/build/px4_msgs
[1269.339s] Level 1:colcon.colcon_core.environment:create_environment_scripts_only(px4_msgs)
[1269.340s] Level 1:colcon.colcon_core.environment:checking '/home/diogo/MIR_Project_2024/glassy_challenge_ws/install/px4_msgs' for CMake module files
[1269.342s] DEBUG:colcon.colcon_core.event_handler.log_command:Invoked command in '/home/diogo/MIR_Project_2024/glassy_challenge_ws/build/px4_msgs' returned '0': CMAKE_PREFIX_PATH=${CMAKE_PREFIX_PATH}:/home/diogo/MIR_Project_2024/glassy_challenge_ws/install/glassy_challenge:/opt/ros/humble /usr/bin/cmake --install /home/diogo/MIR_Project_2024/glassy_challenge_ws/build/px4_msgs
[1269.343s] Level 1:colcon.colcon_core.environment:checking '/home/diogo/MIR_Project_2024/glassy_challenge_ws/install/px4_msgs' for CMake config files
[1269.352s] Level 1:colcon.colcon_core.shell:create_environment_hook('px4_msgs', 'cmake_prefix_path')
[1269.353s] INFO:colcon.colcon_core.shell:Creating environment hook '/home/diogo/MIR_Project_2024/glassy_challenge_ws/install/px4_msgs/share/px4_msgs/hook/cmake_prefix_path.ps1'
[1269.354s] INFO:colcon.colcon_core.shell:Creating environment descriptor '/home/diogo/MIR_Project_2024/glassy_challenge_ws/install/px4_msgs/share/px4_msgs/hook/cmake_prefix_path.dsv'
[1269.354s] INFO:colcon.colcon_core.shell:Creating environment hook '/home/diogo/MIR_Project_2024/glassy_challenge_ws/install/px4_msgs/share/px4_msgs/hook/cmake_prefix_path.sh'
[1269.355s] Level 1:colcon.colcon_core.environment:checking '/home/diogo/MIR_Project_2024/glassy_challenge_ws/install/px4_msgs/lib'
[1269.355s] Level 1:colcon.colcon_core.shell:create_environment_hook('px4_msgs', 'ld_library_path_lib')
[1269.356s] INFO:colcon.colcon_core.shell:Creating environment hook '/home/diogo/MIR_Project_2024/glassy_challenge_ws/install/px4_msgs/share/px4_msgs/hook/ld_library_path_lib.ps1'
[1269.357s] INFO:colcon.colcon_core.shell:Creating environment descriptor '/home/diogo/MIR_Project_2024/glassy_challenge_ws/install/px4_msgs/share/px4_msgs/hook/ld_library_path_lib.dsv'
[1269.358s] INFO:colcon.colcon_core.shell:Creating environment hook '/home/diogo/MIR_Project_2024/glassy_challenge_ws/install/px4_msgs/share/px4_msgs/hook/ld_library_path_lib.sh'
[1269.358s] Level 1:colcon.colcon_core.environment:checking '/home/diogo/MIR_Project_2024/glassy_challenge_ws/install/px4_msgs/bin'
[1269.359s] Level 1:colcon.colcon_core.environment:checking '/home/diogo/MIR_Project_2024/glassy_challenge_ws/install/px4_msgs/lib/pkgconfig/px4_msgs.pc'
[1269.359s] Level 1:colcon.colcon_core.environment:checking '/home/diogo/MIR_Project_2024/glassy_challenge_ws/install/px4_msgs/lib/python3.10/site-packages'
[1269.359s] Level 1:colcon.colcon_core.environment:checking '/home/diogo/MIR_Project_2024/glassy_challenge_ws/install/px4_msgs/bin'
[1269.360s] INFO:colcon.colcon_core.shell:Creating package script '/home/diogo/MIR_Project_2024/glassy_challenge_ws/install/px4_msgs/share/px4_msgs/package.ps1'
[1269.361s] INFO:colcon.colcon_core.shell:Creating package descriptor '/home/diogo/MIR_Project_2024/glassy_challenge_ws/install/px4_msgs/share/px4_msgs/package.dsv'
[1269.362s] INFO:colcon.colcon_core.shell:Creating package script '/home/diogo/MIR_Project_2024/glassy_challenge_ws/install/px4_msgs/share/px4_msgs/package.sh'
[1269.363s] INFO:colcon.colcon_core.shell:Creating package script '/home/diogo/MIR_Project_2024/glassy_challenge_ws/install/px4_msgs/share/px4_msgs/package.bash'
[1269.364s] INFO:colcon.colcon_core.shell:Creating package script '/home/diogo/MIR_Project_2024/glassy_challenge_ws/install/px4_msgs/share/px4_msgs/package.zsh'
[1269.365s] Level 1:colcon.colcon_core.environment:create_file_with_runtime_dependencies(/home/diogo/MIR_Project_2024/glassy_challenge_ws/install/px4_msgs/share/colcon-core/packages/px4_msgs)
[1269.366s] Level 1:colcon.colcon_core.environment:create_environment_scripts_only(px4_msgs)
[1269.366s] Level 1:colcon.colcon_core.environment:checking '/home/diogo/MIR_Project_2024/glassy_challenge_ws/install/px4_msgs' for CMake module files
[1269.367s] Level 1:colcon.colcon_core.environment:checking '/home/diogo/MIR_Project_2024/glassy_challenge_ws/install/px4_msgs' for CMake config files
[1269.378s] Level 1:colcon.colcon_core.shell:create_environment_hook('px4_msgs', 'cmake_prefix_path')
[1269.379s] INFO:colcon.colcon_core.shell:Creating environment hook '/home/diogo/MIR_Project_2024/glassy_challenge_ws/install/px4_msgs/share/px4_msgs/hook/cmake_prefix_path.ps1'
[1269.380s] INFO:colcon.colcon_core.shell:Creating environment descriptor '/home/diogo/MIR_Project_2024/glassy_challenge_ws/install/px4_msgs/share/px4_msgs/hook/cmake_prefix_path.dsv'
[1269.381s] INFO:colcon.colcon_core.shell:Creating environment hook '/home/diogo/MIR_Project_2024/glassy_challenge_ws/install/px4_msgs/share/px4_msgs/hook/cmake_prefix_path.sh'
[1269.382s] Level 1:colcon.colcon_core.environment:checking '/home/diogo/MIR_Project_2024/glassy_challenge_ws/install/px4_msgs/lib'
[1269.382s] Level 1:colcon.colcon_core.shell:create_environment_hook('px4_msgs', 'ld_library_path_lib')
[1269.382s] INFO:colcon.colcon_core.shell:Creating environment hook '/home/diogo/MIR_Project_2024/glassy_challenge_ws/install/px4_msgs/share/px4_msgs/hook/ld_library_path_lib.ps1'
[1269.383s] INFO:colcon.colcon_core.shell:Creating environment descriptor '/home/diogo/MIR_Project_2024/glassy_challenge_ws/install/px4_msgs/share/px4_msgs/hook/ld_library_path_lib.dsv'
[1269.384s] INFO:colcon.colcon_core.shell:Creating environment hook '/home/diogo/MIR_Project_2024/glassy_challenge_ws/install/px4_msgs/share/px4_msgs/hook/ld_library_path_lib.sh'
[1269.385s] Level 1:colcon.colcon_core.environment:checking '/home/diogo/MIR_Project_2024/glassy_challenge_ws/install/px4_msgs/bin'
[1269.385s] Level 1:colcon.colcon_core.environment:checking '/home/diogo/MIR_Project_2024/glassy_challenge_ws/install/px4_msgs/lib/pkgconfig/px4_msgs.pc'
[1269.385s] Level 1:colcon.colcon_core.environment:checking '/home/diogo/MIR_Project_2024/glassy_challenge_ws/install/px4_msgs/lib/python3.10/site-packages'
[1269.386s] Level 1:colcon.colcon_core.environment:checking '/home/diogo/MIR_Project_2024/glassy_challenge_ws/install/px4_msgs/bin'
[1269.386s] INFO:colcon.colcon_core.shell:Creating package script '/home/diogo/MIR_Project_2024/glassy_challenge_ws/install/px4_msgs/share/px4_msgs/package.ps1'
[1269.387s] INFO:colcon.colcon_core.shell:Creating package descriptor '/home/diogo/MIR_Project_2024/glassy_challenge_ws/install/px4_msgs/share/px4_msgs/package.dsv'
[1269.388s] INFO:colcon.colcon_core.shell:Creating package script '/home/diogo/MIR_Project_2024/glassy_challenge_ws/install/px4_msgs/share/px4_msgs/package.sh'
[1269.389s] INFO:colcon.colcon_core.shell:Creating package script '/home/diogo/MIR_Project_2024/glassy_challenge_ws/install/px4_msgs/share/px4_msgs/package.bash'
[1269.391s] INFO:colcon.colcon_core.shell:Creating package script '/home/diogo/MIR_Project_2024/glassy_challenge_ws/install/px4_msgs/share/px4_msgs/package.zsh'
[1269.392s] Level 1:colcon.colcon_core.environment:create_file_with_runtime_dependencies(/home/diogo/MIR_Project_2024/glassy_challenge_ws/install/px4_msgs/share/colcon-core/packages/px4_msgs)
[1269.394s] INFO:colcon.colcon_ros.task.ament_python.build:Building ROS package in '/home/diogo/MIR_Project_2024/glassy_challenge_ws/src/glassy_challenge' with build type 'ament_python'
[1269.394s] Level 1:colcon.colcon_core.shell:create_environment_hook('glassy_challenge', 'ament_prefix_path')
[1269.395s] INFO:colcon.colcon_core.shell:Creating environment hook '/home/diogo/MIR_Project_2024/glassy_challenge_ws/install/glassy_challenge/share/glassy_challenge/hook/ament_prefix_path.ps1'
[1269.398s] INFO:colcon.colcon_core.shell:Creating environment descriptor '/home/diogo/MIR_Project_2024/glassy_challenge_ws/install/glassy_challenge/share/glassy_challenge/hook/ament_prefix_path.dsv'
[1269.399s] INFO:colcon.colcon_core.shell:Creating environment hook '/home/diogo/MIR_Project_2024/glassy_challenge_ws/install/glassy_challenge/share/glassy_challenge/hook/ament_prefix_path.sh'
[1269.400s] INFO:colcon.colcon_core.shell:Skip shell extension 'powershell' for command environment: Not usable outside of PowerShell
[1269.400s] DEBUG:colcon.colcon_core.shell:Skip shell extension 'dsv' for command environment
[1269.408s] INFO:colcon.colcon_ros.task.ament_cmake.build:Building ROS package in '/home/diogo/MIR_Project_2024/glassy_challenge_ws/src/glassy_px4_manager' with build type 'ament_cmake'
[1269.409s] INFO:colcon.colcon_cmake.task.cmake.build:Building CMake package in '/home/diogo/MIR_Project_2024/glassy_challenge_ws/src/glassy_px4_manager'
[1269.409s] INFO:colcon.colcon_core.shell:Skip shell extension 'powershell' for command environment: Not usable outside of PowerShell
[1269.409s] DEBUG:colcon.colcon_core.shell:Skip shell extension 'dsv' for command environment
[1269.929s] INFO:colcon.colcon_core.task.python.build:Building Python package in '/home/diogo/MIR_Project_2024/glassy_challenge_ws/src/glassy_challenge'
[1269.930s] INFO:colcon.colcon_core.shell:Skip shell extension 'powershell' for command environment: Not usable outside of PowerShell
[1269.930s] DEBUG:colcon.colcon_core.shell:Skip shell extension 'dsv' for command environment
[1269.942s] DEBUG:colcon.colcon_core.event_handler.log_command:Invoking command in '/home/diogo/MIR_Project_2024/glassy_challenge_ws/build/glassy_px4_manager': CMAKE_PREFIX_PATH=/home/diogo/MIR_Project_2024/glassy_challenge_ws/install/px4_msgs:/home/diogo/MIR_Project_2024/glassy_challenge_ws/install/glassy_utils:/home/diogo/MIR_Project_2024/glassy_challenge_ws/install/glassy_msgs:/home/diogo/MIR_Project_2024/glassy_challenge_ws/install/glassy_px4_manager:/home/diogo/MIR_Project_2024/glassy_challenge_ws/install/glassy_challenge:/opt/ros/humble LD_LIBRARY_PATH=/home/diogo/MIR_Project_2024/glassy_challenge_ws/install/px4_msgs/lib:/home/diogo/MIR_Project_2024/glassy_challenge_ws/install/glassy_msgs/lib:/home/diogo/MIR_Project_2024/glassy_challenge_ws/install/glassy_utils/lib:/opt/ros/humble/opt/rviz_ogre_vendor/lib:/opt/ros/humble/lib/x86_64-linux-gnu:/opt/ros/humble/lib /usr/bin/cmake /home/diogo/MIR_Project_2024/glassy_challenge_ws/src/glassy_px4_manager -DCMAKE_INSTALL_PREFIX=/home/diogo/MIR_Project_2024/glassy_challenge_ws/install/glassy_px4_manager
[1270.664s] DEBUG:colcon.colcon_core.event_handler.log_command:Invoking command in '/home/diogo/MIR_Project_2024/glassy_challenge_ws/src/glassy_challenge': CMAKE_PREFIX_PATH=/home/diogo/MIR_Project_2024/glassy_challenge_ws/install/px4_msgs:/home/diogo/MIR_Project_2024/glassy_challenge_ws/install/glassy_msgs:/home/diogo/MIR_Project_2024/glassy_challenge_ws/install/glassy_px4_manager:/home/diogo/MIR_Project_2024/glassy_challenge_ws/install/glassy_utils LD_LIBRARY_PATH=/home/diogo/MIR_Project_2024/glassy_challenge_ws/install/px4_msgs/lib:/home/diogo/MIR_Project_2024/glassy_challenge_ws/install/glassy_msgs/lib:/home/diogo/MIR_Project_2024/glassy_challenge_ws/install/glassy_utils/lib:/opt/ros/humble/opt/rviz_ogre_vendor/lib:/opt/ros/humble/lib/x86_64-linux-gnu:/opt/ros/humble/lib PYTHONPATH=/home/diogo/MIR_Project_2024/glassy_challenge_ws/build/glassy_challenge/prefix_override:/usr/lib/python3/dist-packages/colcon_core/task/python/colcon_distutils_commands:/home/diogo/MIR_Project_2024/glassy_challenge_ws/install/glassy_challenge/lib/python3.10/site-packages:${PYTHONPATH} /usr/bin/python3 -W ignore:setup.py install is deprecated -W ignore:easy_install command is deprecated setup.py egg_info --egg-base ../../build/glassy_challenge build --build-base /home/diogo/MIR_Project_2024/glassy_challenge_ws/build/glassy_challenge/build install --record /home/diogo/MIR_Project_2024/glassy_challenge_ws/build/glassy_challenge/install.log --single-version-externally-managed install_data
[1271.359s] Level 1:colcon.colcon_core.environment:checking '/home/diogo/MIR_Project_2024/glassy_challenge_ws/install/glassy_challenge' for CMake module files
[1271.360s] DEBUG:colcon.colcon_core.event_handler.log_command:Invoked command in '/home/diogo/MIR_Project_2024/glassy_challenge_ws/src/glassy_challenge' returned '0': CMAKE_PREFIX_PATH=/home/diogo/MIR_Project_2024/glassy_challenge_ws/install/px4_msgs:/home/diogo/MIR_Project_2024/glassy_challenge_ws/install/glassy_msgs:/home/diogo/MIR_Project_2024/glassy_challenge_ws/install/glassy_px4_manager:/home/diogo/MIR_Project_2024/glassy_challenge_ws/install/glassy_utils LD_LIBRARY_PATH=/home/diogo/MIR_Project_2024/glassy_challenge_ws/install/px4_msgs/lib:/home/diogo/MIR_Project_2024/glassy_challenge_ws/install/glassy_msgs/lib:/home/diogo/MIR_Project_2024/glassy_challenge_ws/install/glassy_utils/lib:/opt/ros/humble/opt/rviz_ogre_vendor/lib:/opt/ros/humble/lib/x86_64-linux-gnu:/opt/ros/humble/lib PYTHONPATH=/home/diogo/MIR_Project_2024/glassy_challenge_ws/build/glassy_challenge/prefix_override:/usr/lib/python3/dist-packages/colcon_core/task/python/colcon_distutils_commands:/home/diogo/MIR_Project_2024/glassy_challenge_ws/install/glassy_challenge/lib/python3.10/site-packages:${PYTHONPATH} /usr/bin/python3 -W ignore:setup.py install is deprecated -W ignore:easy_install command is deprecated setup.py egg_info --egg-base ../../build/glassy_challenge build --build-base /home/diogo/MIR_Project_2024/glassy_challenge_ws/build/glassy_challenge/build install --record /home/diogo/MIR_Project_2024/glassy_challenge_ws/build/glassy_challenge/install.log --single-version-externally-managed install_data
[1271.361s] Level 1:colcon.colcon_core.environment:checking '/home/diogo/MIR_Project_2024/glassy_challenge_ws/install/glassy_challenge' for CMake config files
[1271.362s] Level 1:colcon.colcon_core.environment:checking '/home/diogo/MIR_Project_2024/glassy_challenge_ws/install/glassy_challenge/lib'
[1271.362s] Level 1:colcon.colcon_core.environment:checking '/home/diogo/MIR_Project_2024/glassy_challenge_ws/install/glassy_challenge/bin'
[1271.362s] Level 1:colcon.colcon_core.environment:checking '/home/diogo/MIR_Project_2024/glassy_challenge_ws/install/glassy_challenge/lib/pkgconfig/glassy_challenge.pc'
[1271.362s] Level 1:colcon.colcon_core.environment:checking '/home/diogo/MIR_Project_2024/glassy_challenge_ws/install/glassy_challenge/lib/python3.10/site-packages'
[1271.363s] Level 1:colcon.colcon_core.shell:create_environment_hook('glassy_challenge', 'pythonpath')
[1271.363s] INFO:colcon.colcon_core.shell:Creating environment hook '/home/diogo/MIR_Project_2024/glassy_challenge_ws/install/glassy_challenge/share/glassy_challenge/hook/pythonpath.ps1'
[1271.363s] INFO:colcon.colcon_core.shell:Creating environment descriptor '/home/diogo/MIR_Project_2024/glassy_challenge_ws/install/glassy_challenge/share/glassy_challenge/hook/pythonpath.dsv'
[1271.364s] INFO:colcon.colcon_core.shell:Creating environment hook '/home/diogo/MIR_Project_2024/glassy_challenge_ws/install/glassy_challenge/share/glassy_challenge/hook/pythonpath.sh'
[1271.364s] Level 1:colcon.colcon_core.environment:checking '/home/diogo/MIR_Project_2024/glassy_challenge_ws/install/glassy_challenge/bin'
[1271.365s] Level 1:colcon.colcon_core.environment:create_environment_scripts_only(glassy_challenge)
[1271.365s] INFO:colcon.colcon_core.shell:Creating package script '/home/diogo/MIR_Project_2024/glassy_challenge_ws/install/glassy_challenge/share/glassy_challenge/package.ps1'
[1271.365s] INFO:colcon.colcon_core.shell:Creating package descriptor '/home/diogo/MIR_Project_2024/glassy_challenge_ws/install/glassy_challenge/share/glassy_challenge/package.dsv'
[1271.366s] INFO:colcon.colcon_core.shell:Creating package script '/home/diogo/MIR_Project_2024/glassy_challenge_ws/install/glassy_challenge/share/glassy_challenge/package.sh'
[1271.366s] INFO:colcon.colcon_core.shell:Creating package script '/home/diogo/MIR_Project_2024/glassy_challenge_ws/install/glassy_challenge/share/glassy_challenge/package.bash'
[1271.367s] INFO:colcon.colcon_core.shell:Creating package script '/home/diogo/MIR_Project_2024/glassy_challenge_ws/install/glassy_challenge/share/glassy_challenge/package.zsh'
[1271.368s] Level 1:colcon.colcon_core.environment:create_file_with_runtime_dependencies(/home/diogo/MIR_Project_2024/glassy_challenge_ws/install/glassy_challenge/share/colcon-core/packages/glassy_challenge)
[1272.476s] DEBUG:colcon.colcon_core.event_handler.log_command:Invoked command in '/home/diogo/MIR_Project_2024/glassy_challenge_ws/build/glassy_px4_manager' returned '0': CMAKE_PREFIX_PATH=/home/diogo/MIR_Project_2024/glassy_challenge_ws/install/px4_msgs:/home/diogo/MIR_Project_2024/glassy_challenge_ws/install/glassy_utils:/home/diogo/MIR_Project_2024/glassy_challenge_ws/install/glassy_msgs:/home/diogo/MIR_Project_2024/glassy_challenge_ws/install/glassy_px4_manager:/home/diogo/MIR_Project_2024/glassy_challenge_ws/install/glassy_challenge:/opt/ros/humble LD_LIBRARY_PATH=/home/diogo/MIR_Project_2024/glassy_challenge_ws/install/px4_msgs/lib:/home/diogo/MIR_Project_2024/glassy_challenge_ws/install/glassy_msgs/lib:/home/diogo/MIR_Project_2024/glassy_challenge_ws/install/glassy_utils/lib:/opt/ros/humble/opt/rviz_ogre_vendor/lib:/opt/ros/humble/lib/x86_64-linux-gnu:/opt/ros/humble/lib /usr/bin/cmake /home/diogo/MIR_Project_2024/glassy_challenge_ws/src/glassy_px4_manager -DCMAKE_INSTALL_PREFIX=/home/diogo/MIR_Project_2024/glassy_challenge_ws/install/glassy_px4_manager
[1272.477s] DEBUG:colcon.colcon_core.event_handler.log_command:Invoking command in '/home/diogo/MIR_Project_2024/glassy_challenge_ws/build/glassy_px4_manager': CMAKE_PREFIX_PATH=/home/diogo/MIR_Project_2024/glassy_challenge_ws/install/px4_msgs:/home/diogo/MIR_Project_2024/glassy_challenge_ws/install/glassy_utils:/home/diogo/MIR_Project_2024/glassy_challenge_ws/install/glassy_msgs:/home/diogo/MIR_Project_2024/glassy_challenge_ws/install/glassy_px4_manager:/home/diogo/MIR_Project_2024/glassy_challenge_ws/install/glassy_challenge:/opt/ros/humble LD_LIBRARY_PATH=/home/diogo/MIR_Project_2024/glassy_challenge_ws/install/px4_msgs/lib:/home/diogo/MIR_Project_2024/glassy_challenge_ws/install/glassy_msgs/lib:/home/diogo/MIR_Project_2024/glassy_challenge_ws/install/glassy_utils/lib:/opt/ros/humble/opt/rviz_ogre_vendor/lib:/opt/ros/humble/lib/x86_64-linux-gnu:/opt/ros/humble/lib /usr/bin/cmake --build /home/diogo/MIR_Project_2024/glassy_challenge_ws/build/glassy_px4_manager -- -j2 -l2
[1325.386s] DEBUG:colcon.colcon_core.event_handler.log_command:Invoked command in '/home/diogo/MIR_Project_2024/glassy_challenge_ws/build/glassy_px4_manager' returned '0': CMAKE_PREFIX_PATH=/home/diogo/MIR_Project_2024/glassy_challenge_ws/install/px4_msgs:/home/diogo/MIR_Project_2024/glassy_challenge_ws/install/glassy_utils:/home/diogo/MIR_Project_2024/glassy_challenge_ws/install/glassy_msgs:/home/diogo/MIR_Project_2024/glassy_challenge_ws/install/glassy_px4_manager:/home/diogo/MIR_Project_2024/glassy_challenge_ws/install/glassy_challenge:/opt/ros/humble LD_LIBRARY_PATH=/home/diogo/MIR_Project_2024/glassy_challenge_ws/install/px4_msgs/lib:/home/diogo/MIR_Project_2024/glassy_challenge_ws/install/glassy_msgs/lib:/home/diogo/MIR_Project_2024/glassy_challenge_ws/install/glassy_utils/lib:/opt/ros/humble/opt/rviz_ogre_vendor/lib:/opt/ros/humble/lib/x86_64-linux-gnu:/opt/ros/humble/lib /usr/bin/cmake --build /home/diogo/MIR_Project_2024/glassy_challenge_ws/build/glassy_px4_manager -- -j2 -l2
[1325.394s] DEBUG:colcon.colcon_core.event_handler.log_command:Invoking command in '/home/diogo/MIR_Project_2024/glassy_challenge_ws/build/glassy_px4_manager': CMAKE_PREFIX_PATH=/home/diogo/MIR_Project_2024/glassy_challenge_ws/install/px4_msgs:/home/diogo/MIR_Project_2024/glassy_challenge_ws/install/glassy_utils:/home/diogo/MIR_Project_2024/glassy_challenge_ws/install/glassy_msgs:/home/diogo/MIR_Project_2024/glassy_challenge_ws/install/glassy_px4_manager:/home/diogo/MIR_Project_2024/glassy_challenge_ws/install/glassy_challenge:/opt/ros/humble LD_LIBRARY_PATH=/home/diogo/MIR_Project_2024/glassy_challenge_ws/install/px4_msgs/lib:/home/diogo/MIR_Project_2024/glassy_challenge_ws/install/glassy_msgs/lib:/home/diogo/MIR_Project_2024/glassy_challenge_ws/install/glassy_utils/lib:/opt/ros/humble/opt/rviz_ogre_vendor/lib:/opt/ros/humble/lib/x86_64-linux-gnu:/opt/ros/humble/lib /usr/bin/cmake --install /home/diogo/MIR_Project_2024/glassy_challenge_ws/build/glassy_px4_manager
[1325.444s] Level 1:colcon.colcon_core.environment:create_environment_scripts_only(glassy_px4_manager)
[1325.445s] DEBUG:colcon.colcon_core.event_handler.log_command:Invoked command in '/home/diogo/MIR_Project_2024/glassy_challenge_ws/build/glassy_px4_manager' returned '0': CMAKE_PREFIX_PATH=/home/diogo/MIR_Project_2024/glassy_challenge_ws/install/px4_msgs:/home/diogo/MIR_Project_2024/glassy_challenge_ws/install/glassy_utils:/home/diogo/MIR_Project_2024/glassy_challenge_ws/install/glassy_msgs:/home/diogo/MIR_Project_2024/glassy_challenge_ws/install/glassy_px4_manager:/home/diogo/MIR_Project_2024/glassy_challenge_ws/install/glassy_challenge:/opt/ros/humble LD_LIBRARY_PATH=/home/diogo/MIR_Project_2024/glassy_challenge_ws/install/px4_msgs/lib:/home/diogo/MIR_Project_2024/glassy_challenge_ws/install/glassy_msgs/lib:/home/diogo/MIR_Project_2024/glassy_challenge_ws/install/glassy_utils/lib:/opt/ros/humble/opt/rviz_ogre_vendor/lib:/opt/ros/humble/lib/x86_64-linux-gnu:/opt/ros/humble/lib /usr/bin/cmake --install /home/diogo/MIR_Project_2024/glassy_challenge_ws/build/glassy_px4_manager
[1325.446s] Level 1:colcon.colcon_core.environment:checking '/home/diogo/MIR_Project_2024/glassy_challenge_ws/install/glassy_px4_manager' for CMake module files
[1325.448s] Level 1:colcon.colcon_core.environment:checking '/home/diogo/MIR_Project_2024/glassy_challenge_ws/install/glassy_px4_manager' for CMake config files
[1325.448s] Level 1:colcon.colcon_core.shell:create_environment_hook('glassy_px4_manager', 'cmake_prefix_path')
[1325.449s] INFO:colcon.colcon_core.shell:Creating environment hook '/home/diogo/MIR_Project_2024/glassy_challenge_ws/install/glassy_px4_manager/share/glassy_px4_manager/hook/cmake_prefix_path.ps1'
[1325.450s] INFO:colcon.colcon_core.shell:Creating environment descriptor '/home/diogo/MIR_Project_2024/glassy_challenge_ws/install/glassy_px4_manager/share/glassy_px4_manager/hook/cmake_prefix_path.dsv'
[1325.450s] INFO:colcon.colcon_core.shell:Creating environment hook '/home/diogo/MIR_Project_2024/glassy_challenge_ws/install/glassy_px4_manager/share/glassy_px4_manager/hook/cmake_prefix_path.sh'
[1325.452s] Level 1:colcon.colcon_core.environment:checking '/home/diogo/MIR_Project_2024/glassy_challenge_ws/install/glassy_px4_manager/lib'
[1325.452s] Level 1:colcon.colcon_core.environment:checking '/home/diogo/MIR_Project_2024/glassy_challenge_ws/install/glassy_px4_manager/bin'
[1325.452s] Level 1:colcon.colcon_core.environment:checking '/home/diogo/MIR_Project_2024/glassy_challenge_ws/install/glassy_px4_manager/lib/pkgconfig/glassy_px4_manager.pc'
[1325.453s] Level 1:colcon.colcon_core.environment:checking '/home/diogo/MIR_Project_2024/glassy_challenge_ws/install/glassy_px4_manager/lib/python3.10/site-packages'
[1325.454s] Level 1:colcon.colcon_core.environment:checking '/home/diogo/MIR_Project_2024/glassy_challenge_ws/install/glassy_px4_manager/bin'
[1325.455s] INFO:colcon.colcon_core.shell:Creating package script '/home/diogo/MIR_Project_2024/glassy_challenge_ws/install/glassy_px4_manager/share/glassy_px4_manager/package.ps1'
[1325.455s] INFO:colcon.colcon_core.shell:Creating package descriptor '/home/diogo/MIR_Project_2024/glassy_challenge_ws/install/glassy_px4_manager/share/glassy_px4_manager/package.dsv'
[1325.457s] INFO:colcon.colcon_core.shell:Creating package script '/home/diogo/MIR_Project_2024/glassy_challenge_ws/install/glassy_px4_manager/share/glassy_px4_manager/package.sh'
[1325.458s] INFO:colcon.colcon_core.shell:Creating package script '/home/diogo/MIR_Project_2024/glassy_challenge_ws/install/glassy_px4_manager/share/glassy_px4_manager/package.bash'
[1325.460s] INFO:colcon.colcon_core.shell:Creating package script '/home/diogo/MIR_Project_2024/glassy_challenge_ws/install/glassy_px4_manager/share/glassy_px4_manager/package.zsh'
[1325.461s] Level 1:colcon.colcon_core.environment:create_file_with_runtime_dependencies(/home/diogo/MIR_Project_2024/glassy_challenge_ws/install/glassy_px4_manager/share/colcon-core/packages/glassy_px4_manager)
[1325.462s] Level 1:colcon.colcon_core.environment:create_environment_scripts_only(glassy_px4_manager)
[1325.463s] Level 1:colcon.colcon_core.environment:checking '/home/diogo/MIR_Project_2024/glassy_challenge_ws/install/glassy_px4_manager' for CMake module files
[1325.464s] Level 1:colcon.colcon_core.environment:checking '/home/diogo/MIR_Project_2024/glassy_challenge_ws/install/glassy_px4_manager' for CMake config files
[1325.465s] Level 1:colcon.colcon_core.shell:create_environment_hook('glassy_px4_manager', 'cmake_prefix_path')
[1325.466s] INFO:colcon.colcon_core.shell:Creating environment hook '/home/diogo/MIR_Project_2024/glassy_challenge_ws/install/glassy_px4_manager/share/glassy_px4_manager/hook/cmake_prefix_path.ps1'
[1325.467s] INFO:colcon.colcon_core.shell:Creating environment descriptor '/home/diogo/MIR_Project_2024/glassy_challenge_ws/install/glassy_px4_manager/share/glassy_px4_manager/hook/cmake_prefix_path.dsv'
[1325.468s] INFO:colcon.colcon_core.shell:Creating environment hook '/home/diogo/MIR_Project_2024/glassy_challenge_ws/install/glassy_px4_manager/share/glassy_px4_manager/hook/cmake_prefix_path.sh'
[1325.469s] Level 1:colcon.colcon_core.environment:checking '/home/diogo/MIR_Project_2024/glassy_challenge_ws/install/glassy_px4_manager/lib'
[1325.470s] Level 1:colcon.colcon_core.environment:checking '/home/diogo/MIR_Project_2024/glassy_challenge_ws/install/glassy_px4_manager/bin'
[1325.470s] Level 1:colcon.colcon_core.environment:checking '/home/diogo/MIR_Project_2024/glassy_challenge_ws/install/glassy_px4_manager/lib/pkgconfig/glassy_px4_manager.pc'
[1325.470s] Level 1:colcon.colcon_core.environment:checking '/home/diogo/MIR_Project_2024/glassy_challenge_ws/install/glassy_px4_manager/lib/python3.10/site-packages'
[1325.471s] Level 1:colcon.colcon_core.environment:checking '/home/diogo/MIR_Project_2024/glassy_challenge_ws/install/glassy_px4_manager/bin'
[1325.471s] INFO:colcon.colcon_core.shell:Creating package script '/home/diogo/MIR_Project_2024/glassy_challenge_ws/install/glassy_px4_manager/share/glassy_px4_manager/package.ps1'
[1325.472s] INFO:colcon.colcon_core.shell:Creating package descriptor '/home/diogo/MIR_Project_2024/glassy_challenge_ws/install/glassy_px4_manager/share/glassy_px4_manager/package.dsv'
[1325.473s] INFO:colcon.colcon_core.shell:Creating package script '/home/diogo/MIR_Project_2024/glassy_challenge_ws/install/glassy_px4_manager/share/glassy_px4_manager/package.sh'
[1325.474s] INFO:colcon.colcon_core.shell:Creating package script '/home/diogo/MIR_Project_2024/glassy_challenge_ws/install/glassy_px4_manager/share/glassy_px4_manager/package.bash'
[1325.475s] INFO:colcon.colcon_core.shell:Creating package script '/home/diogo/MIR_Project_2024/glassy_challenge_ws/install/glassy_px4_manager/share/glassy_px4_manager/package.zsh'
[1325.476s] Level 1:colcon.colcon_core.environment:create_file_with_runtime_dependencies(/home/diogo/MIR_Project_2024/glassy_challenge_ws/install/glassy_px4_manager/share/colcon-core/packages/glassy_px4_manager)
[1325.477s] DEBUG:colcon.colcon_parallel_executor.executor.parallel:closing loop
[1325.478s] DEBUG:colcon.colcon_parallel_executor.executor.parallel:loop closed
[1325.478s] DEBUG:colcon.colcon_parallel_executor.executor.parallel:run_until_complete finished with '0'
[1325.478s] DEBUG:colcon.colcon_core.event_reactor:joining thread
[1325.504s] INFO:colcon.colcon_core.plugin_system:Skipping extension 'colcon_notification.desktop_notification.terminal_notifier': Not used on non-Darwin systems
[1325.504s] INFO:colcon.colcon_core.plugin_system:Skipping extension 'colcon_notification.desktop_notification.win32': Not used on non-Windows systems
[1325.504s] INFO:colcon.colcon_notification.desktop_notification:Sending desktop notification using 'notify2'
[1325.629s] DEBUG:colcon.colcon_core.event_reactor:joined thread
[1325.630s] INFO:colcon.colcon_core.shell:Creating prefix script '/home/diogo/MIR_Project_2024/glassy_challenge_ws/install/local_setup.ps1'
[1325.638s] INFO:colcon.colcon_core.shell:Creating prefix util module '/home/diogo/MIR_Project_2024/glassy_challenge_ws/install/_local_setup_util_ps1.py'
[1325.642s] INFO:colcon.colcon_core.shell:Creating prefix chain script '/home/diogo/MIR_Project_2024/glassy_challenge_ws/install/setup.ps1'
[1325.645s] INFO:colcon.colcon_core.shell:Creating prefix script '/home/diogo/MIR_Project_2024/glassy_challenge_ws/install/local_setup.sh'
[1325.650s] INFO:colcon.colcon_core.shell:Creating prefix util module '/home/diogo/MIR_Project_2024/glassy_challenge_ws/install/_local_setup_util_sh.py'
[1325.651s] INFO:colcon.colcon_core.shell:Creating prefix chain script '/home/diogo/MIR_Project_2024/glassy_challenge_ws/install/setup.sh'
[1325.654s] INFO:colcon.colcon_core.shell:Creating prefix script '/home/diogo/MIR_Project_2024/glassy_challenge_ws/install/local_setup.bash'
[1325.655s] INFO:colcon.colcon_core.shell:Creating prefix chain script '/home/diogo/MIR_Project_2024/glassy_challenge_ws/install/setup.bash'
[1325.658s] INFO:colcon.colcon_core.shell:Creating prefix script '/home/diogo/MIR_Project_2024/glassy_challenge_ws/install/local_setup.zsh'
[1325.663s] INFO:colcon.colcon_core.shell:Creating prefix chain script '/home/diogo/MIR_Project_2024/glassy_challenge_ws/install/setup.zsh'
