[0.505s] DEBUG:colcon:Command line arguments: ['/usr/bin/colcon', 'build']
[0.505s] DEBUG:colcon:Parsed command line arguments: Namespace(log_base=None, log_level=None, verb_name='build', build_base='build', install_base='install', merge_install=False, symlink_install=False, test_result_base=None, continue_on_error=False, executor='parallel', parallel_workers=2, event_handlers=None, ignore_user_meta=False, metas=['./colcon.meta'], base_paths=['.'], packages_ignore=None, packages_ignore_regex=None, paths=None, packages_up_to=None, packages_up_to_regex=None, packages_above=None, packages_above_and_dependencies=None, packages_above_depth=None, packages_select_by_dep=None, packages_skip_by_dep=None, packages_skip_up_to=None, packages_select_build_failed=False, packages_skip_build_finished=False, packages_select_test_failures=False, packages_skip_test_passed=False, packages_select=None, packages_skip=None, packages_select_regex=None, packages_skip_regex=None, packages_start=None, packages_end=None, allow_overriding=[], cmake_args=None, cmake_target=None, cmake_target_skip_unavailable=False, cmake_clean_cache=False, cmake_clean_first=False, cmake_force_configure=False, ament_cmake_args=None, catkin_cmake_args=None, catkin_skip_building_tests=False, mixin_files=None, mixin=None, verb_parser=<colcon_mixin.mixin.mixin_argument.MixinArgumentDecorator object at 0x7353e794eec0>, verb_extension=<colcon_core.verb.build.BuildVerb object at 0x7353e794e8f0>, main=<bound method BuildVerb.main of <colcon_core.verb.build.BuildVerb object at 0x7353e794e8f0>>, mixin_verb=('build',))
[0.915s] Level 1:colcon.colcon_core.package_discovery:discover_packages(colcon_meta) check parameters
[0.915s] Level 1:colcon.colcon_core.package_discovery:discover_packages(recursive) check parameters
[0.915s] Level 1:colcon.colcon_core.package_discovery:discover_packages(ignore) check parameters
[0.915s] Level 1:colcon.colcon_core.package_discovery:discover_packages(path) check parameters
[0.915s] Level 1:colcon.colcon_core.package_discovery:discover_packages(colcon_meta) discover
[0.915s] Level 1:colcon.colcon_core.package_discovery:discover_packages(recursive) discover
[0.915s] INFO:colcon.colcon_core.package_discovery:Crawling recursively for packages in '/home/diogo/MIR_Project_2024/glassy_challenge_ws'
[0.915s] Level 1:colcon.colcon_core.package_identification:_identify(.) by extensions ['ignore', 'ignore_ament_install']
[0.916s] Level 1:colcon.colcon_core.package_identification:_identify(.) by extension 'ignore'
[0.916s] Level 1:colcon.colcon_core.package_identification:_identify(.) by extension 'ignore_ament_install'
[0.916s] Level 1:colcon.colcon_core.package_identification:_identify(.) by extensions ['colcon_pkg']
[0.916s] Level 1:colcon.colcon_core.package_identification:_identify(.) by extension 'colcon_pkg'
[0.916s] Level 1:colcon.colcon_core.package_identification:_identify(.) by extensions ['colcon_meta']
[0.916s] Level 1:colcon.colcon_core.package_identification:_identify(.) by extension 'colcon_meta'
[0.916s] Level 1:colcon.colcon_core.package_identification:_identify(.) by extensions ['ros']
[0.916s] Level 1:colcon.colcon_core.package_identification:_identify(.) by extension 'ros'
[0.944s] Level 1:colcon.colcon_core.package_identification:_identify(.) by extensions ['cmake', 'python']
[0.945s] Level 1:colcon.colcon_core.package_identification:_identify(.) by extension 'cmake'
[0.945s] Level 1:colcon.colcon_core.package_identification:_identify(.) by extension 'python'
[0.945s] Level 1:colcon.colcon_core.package_identification:_identify(.) by extensions ['python_setup_py']
[0.945s] Level 1:colcon.colcon_core.package_identification:_identify(.) by extension 'python_setup_py'
[0.945s] Level 1:colcon.colcon_core.package_identification:_identify(build) by extensions ['ignore', 'ignore_ament_install']
[0.945s] Level 1:colcon.colcon_core.package_identification:_identify(build) by extension 'ignore'
[0.945s] Level 1:colcon.colcon_core.package_identification:_identify(build) ignored
[0.945s] Level 1:colcon.colcon_core.package_identification:_identify(install) by extensions ['ignore', 'ignore_ament_install']
[0.945s] Level 1:colcon.colcon_core.package_identification:_identify(install) by extension 'ignore'
[0.945s] Level 1:colcon.colcon_core.package_identification:_identify(install) ignored
[0.945s] Level 1:colcon.colcon_core.package_identification:_identify(log) by extensions ['ignore', 'ignore_ament_install']
[0.945s] Level 1:colcon.colcon_core.package_identification:_identify(log) by extension 'ignore'
[0.946s] Level 1:colcon.colcon_core.package_identification:_identify(log) ignored
[0.946s] Level 1:colcon.colcon_core.package_identification:_identify(src) by extensions ['ignore', 'ignore_ament_install']
[0.946s] Level 1:colcon.colcon_core.package_identification:_identify(src) by extension 'ignore'
[0.946s] Level 1:colcon.colcon_core.package_identification:_identify(src) by extension 'ignore_ament_install'
[0.946s] Level 1:colcon.colcon_core.package_identification:_identify(src) by extensions ['colcon_pkg']
[0.946s] Level 1:colcon.colcon_core.package_identification:_identify(src) by extension 'colcon_pkg'
[0.946s] Level 1:colcon.colcon_core.package_identification:_identify(src) by extensions ['colcon_meta']
[0.946s] Level 1:colcon.colcon_core.package_identification:_identify(src) by extension 'colcon_meta'
[0.946s] Level 1:colcon.colcon_core.package_identification:_identify(src) by extensions ['ros']
[0.947s] Level 1:colcon.colcon_core.package_identification:_identify(src) by extension 'ros'
[0.947s] Level 1:colcon.colcon_core.package_identification:_identify(src) by extensions ['cmake', 'python']
[0.947s] Level 1:colcon.colcon_core.package_identification:_identify(src) by extension 'cmake'
[0.947s] Level 1:colcon.colcon_core.package_identification:_identify(src) by extension 'python'
[0.947s] Level 1:colcon.colcon_core.package_identification:_identify(src) by extensions ['python_setup_py']
[0.947s] Level 1:colcon.colcon_core.package_identification:_identify(src) by extension 'python_setup_py'
[0.947s] Level 1:colcon.colcon_core.package_identification:_identify(src/glassy_challenge) by extensions ['ignore', 'ignore_ament_install']
[0.947s] Level 1:colcon.colcon_core.package_identification:_identify(src/glassy_challenge) by extension 'ignore'
[0.948s] Level 1:colcon.colcon_core.package_identification:_identify(src/glassy_challenge) by extension 'ignore_ament_install'
[0.948s] Level 1:colcon.colcon_core.package_identification:_identify(src/glassy_challenge) by extensions ['colcon_pkg']
[0.948s] Level 1:colcon.colcon_core.package_identification:_identify(src/glassy_challenge) by extension 'colcon_pkg'
[0.948s] Level 1:colcon.colcon_core.package_identification:_identify(src/glassy_challenge) by extensions ['colcon_meta']
[0.948s] Level 1:colcon.colcon_core.package_identification:_identify(src/glassy_challenge) by extension 'colcon_meta'
[0.948s] Level 1:colcon.colcon_core.package_identification:_identify(src/glassy_challenge) by extensions ['ros']
[0.948s] Level 1:colcon.colcon_core.package_identification:_identify(src/glassy_challenge) by extension 'ros'
[0.954s] DEBUG:colcon.colcon_core.package_identification:Package 'src/glassy_challenge' with type 'ros.ament_python' and name 'glassy_challenge'
[0.954s] Level 1:colcon.colcon_core.package_identification:_identify(src/glassy_msgs) by extensions ['ignore', 'ignore_ament_install']
[0.954s] Level 1:colcon.colcon_core.package_identification:_identify(src/glassy_msgs) by extension 'ignore'
[0.955s] Level 1:colcon.colcon_core.package_identification:_identify(src/glassy_msgs) by extension 'ignore_ament_install'
[0.955s] Level 1:colcon.colcon_core.package_identification:_identify(src/glassy_msgs) by extensions ['colcon_pkg']
[0.955s] Level 1:colcon.colcon_core.package_identification:_identify(src/glassy_msgs) by extension 'colcon_pkg'
[0.955s] Level 1:colcon.colcon_core.package_identification:_identify(src/glassy_msgs) by extensions ['colcon_meta']
[0.955s] Level 1:colcon.colcon_core.package_identification:_identify(src/glassy_msgs) by extension 'colcon_meta'
[0.955s] Level 1:colcon.colcon_core.package_identification:_identify(src/glassy_msgs) by extensions ['ros']
[0.955s] Level 1:colcon.colcon_core.package_identification:_identify(src/glassy_msgs) by extension 'ros'
[0.956s] DEBUG:colcon.colcon_core.package_identification:Package 'src/glassy_msgs' with type 'ros.ament_cmake' and name 'glassy_msgs'
[0.956s] Level 1:colcon.colcon_core.package_identification:_identify(src/glassy_px4_manager) by extensions ['ignore', 'ignore_ament_install']
[0.956s] Level 1:colcon.colcon_core.package_identification:_identify(src/glassy_px4_manager) by extension 'ignore'
[0.957s] Level 1:colcon.colcon_core.package_identification:_identify(src/glassy_px4_manager) by extension 'ignore_ament_install'
[0.957s] Level 1:colcon.colcon_core.package_identification:_identify(src/glassy_px4_manager) by extensions ['colcon_pkg']
[0.957s] Level 1:colcon.colcon_core.package_identification:_identify(src/glassy_px4_manager) by extension 'colcon_pkg'
[0.957s] Level 1:colcon.colcon_core.package_identification:_identify(src/glassy_px4_manager) by extensions ['colcon_meta']
[0.957s] Level 1:colcon.colcon_core.package_identification:_identify(src/glassy_px4_manager) by extension 'colcon_meta'
[0.957s] Level 1:colcon.colcon_core.package_identification:_identify(src/glassy_px4_manager) by extensions ['ros']
[0.957s] Level 1:colcon.colcon_core.package_identification:_identify(src/glassy_px4_manager) by extension 'ros'
[0.958s] DEBUG:colcon.colcon_core.package_identification:Package 'src/glassy_px4_manager' with type 'ros.ament_cmake' and name 'glassy_px4_manager'
[0.959s] Level 1:colcon.colcon_core.package_identification:_identify(src/glassy_utils) by extensions ['ignore', 'ignore_ament_install']
[0.959s] Level 1:colcon.colcon_core.package_identification:_identify(src/glassy_utils) by extension 'ignore'
[0.959s] Level 1:colcon.colcon_core.package_identification:_identify(src/glassy_utils) by extension 'ignore_ament_install'
[0.959s] Level 1:colcon.colcon_core.package_identification:_identify(src/glassy_utils) by extensions ['colcon_pkg']
[0.959s] Level 1:colcon.colcon_core.package_identification:_identify(src/glassy_utils) by extension 'colcon_pkg'
[0.959s] Level 1:colcon.colcon_core.package_identification:_identify(src/glassy_utils) by extensions ['colcon_meta']
[0.959s] Level 1:colcon.colcon_core.package_identification:_identify(src/glassy_utils) by extension 'colcon_meta'
[0.959s] Level 1:colcon.colcon_core.package_identification:_identify(src/glassy_utils) by extensions ['ros']
[0.959s] Level 1:colcon.colcon_core.package_identification:_identify(src/glassy_utils) by extension 'ros'
[0.960s] DEBUG:colcon.colcon_core.package_identification:Package 'src/glassy_utils' with type 'ros.ament_cmake' and name 'glassy_utils'
[0.960s] Level 1:colcon.colcon_core.package_identification:_identify(src/px4_msgs) by extensions ['ignore', 'ignore_ament_install']
[0.961s] Level 1:colcon.colcon_core.package_identification:_identify(src/px4_msgs) by extension 'ignore'
[0.961s] Level 1:colcon.colcon_core.package_identification:_identify(src/px4_msgs) by extension 'ignore_ament_install'
[0.961s] Level 1:colcon.colcon_core.package_identification:_identify(src/px4_msgs) by extensions ['colcon_pkg']
[0.961s] Level 1:colcon.colcon_core.package_identification:_identify(src/px4_msgs) by extension 'colcon_pkg'
[0.961s] Level 1:colcon.colcon_core.package_identification:_identify(src/px4_msgs) by extensions ['colcon_meta']
[0.961s] Level 1:colcon.colcon_core.package_identification:_identify(src/px4_msgs) by extension 'colcon_meta'
[0.961s] Level 1:colcon.colcon_core.package_identification:_identify(src/px4_msgs) by extensions ['ros']
[0.961s] Level 1:colcon.colcon_core.package_identification:_identify(src/px4_msgs) by extension 'ros'
[0.962s] DEBUG:colcon.colcon_core.package_identification:Package 'src/px4_msgs' with type 'ros.ament_cmake' and name 'px4_msgs'
[0.962s] Level 1:colcon.colcon_core.package_discovery:discover_packages(recursive) using defaults
[0.962s] Level 1:colcon.colcon_core.package_discovery:discover_packages(ignore) discover
[0.962s] Level 1:colcon.colcon_core.package_discovery:discover_packages(ignore) using defaults
[0.962s] Level 1:colcon.colcon_core.package_discovery:discover_packages(path) discover
[0.962s] Level 1:colcon.colcon_core.package_discovery:discover_packages(path) using defaults
[1.025s] Level 1:colcon.colcon_core.package_discovery:discover_packages(prefix_path) check parameters
[1.025s] Level 1:colcon.colcon_core.package_discovery:discover_packages(prefix_path) discover
[1.031s] DEBUG:colcon.colcon_installed_package_information.package_discovery:Found 5 installed packages in /home/diogo/MIR_Project_2024/glassy_challenge_ws/install
[1.032s] DEBUG:colcon.colcon_installed_package_information.package_discovery:Found 271 installed packages in /opt/ros/humble
[1.035s] Level 1:colcon.colcon_core.package_discovery:discover_packages(prefix_path) using defaults
[1.093s] Level 5:colcon.colcon_core.verb:set package 'glassy_msgs' build argument 'cmake_args' from command line to 'None'
[1.093s] Level 5:colcon.colcon_core.verb:set package 'glassy_msgs' build argument 'cmake_target' from command line to 'None'
[1.093s] Level 5:colcon.colcon_core.verb:set package 'glassy_msgs' build argument 'cmake_target_skip_unavailable' from command line to 'False'
[1.093s] Level 5:colcon.colcon_core.verb:set package 'glassy_msgs' build argument 'cmake_clean_cache' from command line to 'False'
[1.093s] Level 5:colcon.colcon_core.verb:set package 'glassy_msgs' build argument 'cmake_clean_first' from command line to 'False'
[1.093s] Level 5:colcon.colcon_core.verb:set package 'glassy_msgs' build argument 'cmake_force_configure' from command line to 'False'
[1.093s] Level 5:colcon.colcon_core.verb:set package 'glassy_msgs' build argument 'ament_cmake_args' from command line to 'None'
[1.093s] Level 5:colcon.colcon_core.verb:set package 'glassy_msgs' build argument 'catkin_cmake_args' from command line to 'None'
[1.093s] Level 5:colcon.colcon_core.verb:set package 'glassy_msgs' build argument 'catkin_skip_building_tests' from command line to 'False'
[1.093s] DEBUG:colcon.colcon_core.verb:Building package 'glassy_msgs' with the following arguments: {'ament_cmake_args': None, 'build_base': '/home/diogo/MIR_Project_2024/glassy_challenge_ws/build/glassy_msgs', 'catkin_cmake_args': None, 'catkin_skip_building_tests': False, 'cmake_args': None, 'cmake_clean_cache': False, 'cmake_clean_first': False, 'cmake_force_configure': False, 'cmake_target': None, 'cmake_target_skip_unavailable': False, 'install_base': '/home/diogo/MIR_Project_2024/glassy_challenge_ws/install/glassy_msgs', 'merge_install': False, 'path': '/home/diogo/MIR_Project_2024/glassy_challenge_ws/src/glassy_msgs', 'symlink_install': False, 'test_result_base': None}
[1.093s] Level 5:colcon.colcon_core.verb:set package 'glassy_utils' build argument 'cmake_args' from command line to 'None'
[1.093s] Level 5:colcon.colcon_core.verb:set package 'glassy_utils' build argument 'cmake_target' from command line to 'None'
[1.093s] Level 5:colcon.colcon_core.verb:set package 'glassy_utils' build argument 'cmake_target_skip_unavailable' from command line to 'False'
[1.094s] Level 5:colcon.colcon_core.verb:set package 'glassy_utils' build argument 'cmake_clean_cache' from command line to 'False'
[1.094s] Level 5:colcon.colcon_core.verb:set package 'glassy_utils' build argument 'cmake_clean_first' from command line to 'False'
[1.094s] Level 5:colcon.colcon_core.verb:set package 'glassy_utils' build argument 'cmake_force_configure' from command line to 'False'
[1.094s] Level 5:colcon.colcon_core.verb:set package 'glassy_utils' build argument 'ament_cmake_args' from command line to 'None'
[1.094s] Level 5:colcon.colcon_core.verb:set package 'glassy_utils' build argument 'catkin_cmake_args' from command line to 'None'
[1.094s] Level 5:colcon.colcon_core.verb:set package 'glassy_utils' build argument 'catkin_skip_building_tests' from command line to 'False'
[1.094s] DEBUG:colcon.colcon_core.verb:Building package 'glassy_utils' with the following arguments: {'ament_cmake_args': None, 'build_base': '/home/diogo/MIR_Project_2024/glassy_challenge_ws/build/glassy_utils', 'catkin_cmake_args': None, 'catkin_skip_building_tests': False, 'cmake_args': None, 'cmake_clean_cache': False, 'cmake_clean_first': False, 'cmake_force_configure': False, 'cmake_target': None, 'cmake_target_skip_unavailable': False, 'install_base': '/home/diogo/MIR_Project_2024/glassy_challenge_ws/install/glassy_utils', 'merge_install': False, 'path': '/home/diogo/MIR_Project_2024/glassy_challenge_ws/src/glassy_utils', 'symlink_install': False, 'test_result_base': None}
[1.094s] Level 5:colcon.colcon_core.verb:set package 'px4_msgs' build argument 'cmake_args' from command line to 'None'
[1.094s] Level 5:colcon.colcon_core.verb:set package 'px4_msgs' build argument 'cmake_target' from command line to 'None'
[1.094s] Level 5:colcon.colcon_core.verb:set package 'px4_msgs' build argument 'cmake_target_skip_unavailable' from command line to 'False'
[1.094s] Level 5:colcon.colcon_core.verb:set package 'px4_msgs' build argument 'cmake_clean_cache' from command line to 'False'
[1.094s] Level 5:colcon.colcon_core.verb:set package 'px4_msgs' build argument 'cmake_clean_first' from command line to 'False'
[1.094s] Level 5:colcon.colcon_core.verb:set package 'px4_msgs' build argument 'cmake_force_configure' from command line to 'False'
[1.094s] Level 5:colcon.colcon_core.verb:set package 'px4_msgs' build argument 'ament_cmake_args' from command line to 'None'
[1.094s] Level 5:colcon.colcon_core.verb:set package 'px4_msgs' build argument 'catkin_cmake_args' from command line to 'None'
[1.094s] Level 5:colcon.colcon_core.verb:set package 'px4_msgs' build argument 'catkin_skip_building_tests' from command line to 'False'
[1.094s] DEBUG:colcon.colcon_core.verb:Building package 'px4_msgs' with the following arguments: {'ament_cmake_args': None, 'build_base': '/home/diogo/MIR_Project_2024/glassy_challenge_ws/build/px4_msgs', 'catkin_cmake_args': None, 'catkin_skip_building_tests': False, 'cmake_args': None, 'cmake_clean_cache': False, 'cmake_clean_first': False, 'cmake_force_configure': False, 'cmake_target': None, 'cmake_target_skip_unavailable': False, 'install_base': '/home/diogo/MIR_Project_2024/glassy_challenge_ws/install/px4_msgs', 'merge_install': False, 'path': '/home/diogo/MIR_Project_2024/glassy_challenge_ws/src/px4_msgs', 'symlink_install': False, 'test_result_base': None}
[1.094s] Level 5:colcon.colcon_core.verb:set package 'glassy_challenge' build argument 'cmake_args' from command line to 'None'
[1.094s] Level 5:colcon.colcon_core.verb:set package 'glassy_challenge' build argument 'cmake_target' from command line to 'None'
[1.095s] Level 5:colcon.colcon_core.verb:set package 'glassy_challenge' build argument 'cmake_target_skip_unavailable' from command line to 'False'
[1.095s] Level 5:colcon.colcon_core.verb:set package 'glassy_challenge' build argument 'cmake_clean_cache' from command line to 'False'
[1.095s] Level 5:colcon.colcon_core.verb:set package 'glassy_challenge' build argument 'cmake_clean_first' from command line to 'False'
[1.095s] Level 5:colcon.colcon_core.verb:set package 'glassy_challenge' build argument 'cmake_force_configure' from command line to 'False'
[1.095s] Level 5:colcon.colcon_core.verb:set package 'glassy_challenge' build argument 'ament_cmake_args' from command line to 'None'
[1.095s] Level 5:colcon.colcon_core.verb:set package 'glassy_challenge' build argument 'catkin_cmake_args' from command line to 'None'
[1.095s] Level 5:colcon.colcon_core.verb:set package 'glassy_challenge' build argument 'catkin_skip_building_tests' from command line to 'False'
[1.095s] DEBUG:colcon.colcon_core.verb:Building package 'glassy_challenge' with the following arguments: {'ament_cmake_args': None, 'build_base': '/home/diogo/MIR_Project_2024/glassy_challenge_ws/build/glassy_challenge', 'catkin_cmake_args': None, 'catkin_skip_building_tests': False, 'cmake_args': None, 'cmake_clean_cache': False, 'cmake_clean_first': False, 'cmake_force_configure': False, 'cmake_target': None, 'cmake_target_skip_unavailable': False, 'install_base': '/home/diogo/MIR_Project_2024/glassy_challenge_ws/install/glassy_challenge', 'merge_install': False, 'path': '/home/diogo/MIR_Project_2024/glassy_challenge_ws/src/glassy_challenge', 'symlink_install': False, 'test_result_base': None}
[1.095s] Level 5:colcon.colcon_core.verb:set package 'glassy_px4_manager' build argument 'cmake_args' from command line to 'None'
[1.095s] Level 5:colcon.colcon_core.verb:set package 'glassy_px4_manager' build argument 'cmake_target' from command line to 'None'
[1.095s] Level 5:colcon.colcon_core.verb:set package 'glassy_px4_manager' build argument 'cmake_target_skip_unavailable' from command line to 'False'
[1.095s] Level 5:colcon.colcon_core.verb:set package 'glassy_px4_manager' build argument 'cmake_clean_cache' from command line to 'False'
[1.095s] Level 5:colcon.colcon_core.verb:set package 'glassy_px4_manager' build argument 'cmake_clean_first' from command line to 'False'
[1.095s] Level 5:colcon.colcon_core.verb:set package 'glassy_px4_manager' build argument 'cmake_force_configure' from command line to 'False'
[1.095s] Level 5:colcon.colcon_core.verb:set package 'glassy_px4_manager' build argument 'ament_cmake_args' from command line to 'None'
[1.095s] Level 5:colcon.colcon_core.verb:set package 'glassy_px4_manager' build argument 'catkin_cmake_args' from command line to 'None'
[1.095s] Level 5:colcon.colcon_core.verb:set package 'glassy_px4_manager' build argument 'catkin_skip_building_tests' from command line to 'False'
[1.095s] DEBUG:colcon.colcon_core.verb:Building package 'glassy_px4_manager' with the following arguments: {'ament_cmake_args': None, 'build_base': '/home/diogo/MIR_Project_2024/glassy_challenge_ws/build/glassy_px4_manager', 'catkin_cmake_args': None, 'catkin_skip_building_tests': False, 'cmake_args': None, 'cmake_clean_cache': False, 'cmake_clean_first': False, 'cmake_force_configure': False, 'cmake_target': None, 'cmake_target_skip_unavailable': False, 'install_base': '/home/diogo/MIR_Project_2024/glassy_challenge_ws/install/glassy_px4_manager', 'merge_install': False, 'path': '/home/diogo/MIR_Project_2024/glassy_challenge_ws/src/glassy_px4_manager', 'symlink_install': False, 'test_result_base': None}
[1.095s] INFO:colcon.colcon_core.executor:Executing jobs using 'parallel' executor
[1.096s] DEBUG:colcon.colcon_parallel_executor.executor.parallel:run_until_complete
[1.096s] INFO:colcon.colcon_ros.task.ament_cmake.build:Building ROS package in '/home/diogo/MIR_Project_2024/glassy_challenge_ws/src/glassy_msgs' with build type 'ament_cmake'
[1.096s] INFO:colcon.colcon_cmake.task.cmake.build:Building CMake package in '/home/diogo/MIR_Project_2024/glassy_challenge_ws/src/glassy_msgs'
[1.105s] INFO:colcon.colcon_core.plugin_system:Skipping extension 'colcon_core.shell.bat': Not used on non-Windows systems
[1.106s] INFO:colcon.colcon_core.shell:Skip shell extension 'powershell' for command environment: Not usable outside of PowerShell
[1.106s] DEBUG:colcon.colcon_core.shell:Skip shell extension 'dsv' for command environment
[1.109s] INFO:colcon.colcon_ros.task.ament_cmake.build:Building ROS package in '/home/diogo/MIR_Project_2024/glassy_challenge_ws/src/px4_msgs' with build type 'ament_cmake'
[1.110s] INFO:colcon.colcon_cmake.task.cmake.build:Building CMake package in '/home/diogo/MIR_Project_2024/glassy_challenge_ws/src/px4_msgs'
[1.110s] INFO:colcon.colcon_core.shell:Skip shell extension 'powershell' for command environment: Not usable outside of PowerShell
[1.110s] DEBUG:colcon.colcon_core.shell:Skip shell extension 'dsv' for command environment
[1.121s] DEBUG:colcon.colcon_core.event_handler.log_command:Invoking command in '/home/diogo/MIR_Project_2024/glassy_challenge_ws/build/glassy_msgs': CMAKE_PREFIX_PATH=${CMAKE_PREFIX_PATH}:/home/diogo/MIR_Project_2024/glassy_challenge_ws/install/glassy_challenge:/opt/ros/humble /usr/bin/cmake --build /home/diogo/MIR_Project_2024/glassy_challenge_ws/build/glassy_msgs -- -j2 -l2
[1.136s] DEBUG:colcon.colcon_core.event_handler.log_command:Invoking command in '/home/diogo/MIR_Project_2024/glassy_challenge_ws/build/px4_msgs': CMAKE_PREFIX_PATH=${CMAKE_PREFIX_PATH}:/home/diogo/MIR_Project_2024/glassy_challenge_ws/install/glassy_challenge:/opt/ros/humble /usr/bin/cmake --build /home/diogo/MIR_Project_2024/glassy_challenge_ws/build/px4_msgs -- -j2 -l2
[2.237s] DEBUG:colcon.colcon_core.event_handler.log_command:Invoked command in '/home/diogo/MIR_Project_2024/glassy_challenge_ws/build/glassy_msgs' returned '0': CMAKE_PREFIX_PATH=${CMAKE_PREFIX_PATH}:/home/diogo/MIR_Project_2024/glassy_challenge_ws/install/glassy_challenge:/opt/ros/humble /usr/bin/cmake --build /home/diogo/MIR_Project_2024/glassy_challenge_ws/build/glassy_msgs -- -j2 -l2
[2.269s] DEBUG:colcon.colcon_core.event_handler.log_command:Invoking command in '/home/diogo/MIR_Project_2024/glassy_challenge_ws/build/glassy_msgs': CMAKE_PREFIX_PATH=${CMAKE_PREFIX_PATH}:/home/diogo/MIR_Project_2024/glassy_challenge_ws/install/glassy_challenge:/opt/ros/humble /usr/bin/cmake --install /home/diogo/MIR_Project_2024/glassy_challenge_ws/build/glassy_msgs
[2.440s] Level 1:colcon.colcon_core.environment:create_environment_scripts_only(glassy_msgs)
[2.440s] DEBUG:colcon.colcon_core.event_handler.log_command:Invoked command in '/home/diogo/MIR_Project_2024/glassy_challenge_ws/build/glassy_msgs' returned '0': CMAKE_PREFIX_PATH=${CMAKE_PREFIX_PATH}:/home/diogo/MIR_Project_2024/glassy_challenge_ws/install/glassy_challenge:/opt/ros/humble /usr/bin/cmake --install /home/diogo/MIR_Project_2024/glassy_challenge_ws/build/glassy_msgs
[2.455s] Level 1:colcon.colcon_core.environment:checking '/home/diogo/MIR_Project_2024/glassy_challenge_ws/install/glassy_msgs' for CMake module files
[2.455s] Level 1:colcon.colcon_core.environment:checking '/home/diogo/MIR_Project_2024/glassy_challenge_ws/install/glassy_msgs' for CMake config files
[2.458s] Level 1:colcon.colcon_core.shell:create_environment_hook('glassy_msgs', 'cmake_prefix_path')
[2.458s] INFO:colcon.colcon_core.shell:Creating environment hook '/home/diogo/MIR_Project_2024/glassy_challenge_ws/install/glassy_msgs/share/glassy_msgs/hook/cmake_prefix_path.ps1'
[2.460s] INFO:colcon.colcon_core.shell:Creating environment descriptor '/home/diogo/MIR_Project_2024/glassy_challenge_ws/install/glassy_msgs/share/glassy_msgs/hook/cmake_prefix_path.dsv'
[2.462s] INFO:colcon.colcon_core.shell:Creating environment hook '/home/diogo/MIR_Project_2024/glassy_challenge_ws/install/glassy_msgs/share/glassy_msgs/hook/cmake_prefix_path.sh'
[2.464s] Level 1:colcon.colcon_core.environment:checking '/home/diogo/MIR_Project_2024/glassy_challenge_ws/install/glassy_msgs/lib'
[2.464s] Level 1:colcon.colcon_core.shell:create_environment_hook('glassy_msgs', 'ld_library_path_lib')
[2.465s] INFO:colcon.colcon_core.shell:Creating environment hook '/home/diogo/MIR_Project_2024/glassy_challenge_ws/install/glassy_msgs/share/glassy_msgs/hook/ld_library_path_lib.ps1'
[2.466s] INFO:colcon.colcon_core.shell:Creating environment descriptor '/home/diogo/MIR_Project_2024/glassy_challenge_ws/install/glassy_msgs/share/glassy_msgs/hook/ld_library_path_lib.dsv'
[2.467s] INFO:colcon.colcon_core.shell:Creating environment hook '/home/diogo/MIR_Project_2024/glassy_challenge_ws/install/glassy_msgs/share/glassy_msgs/hook/ld_library_path_lib.sh'
[2.467s] Level 1:colcon.colcon_core.environment:checking '/home/diogo/MIR_Project_2024/glassy_challenge_ws/install/glassy_msgs/bin'
[2.467s] Level 1:colcon.colcon_core.environment:checking '/home/diogo/MIR_Project_2024/glassy_challenge_ws/install/glassy_msgs/lib/pkgconfig/glassy_msgs.pc'
[2.468s] Level 1:colcon.colcon_core.environment:checking '/home/diogo/MIR_Project_2024/glassy_challenge_ws/install/glassy_msgs/lib/python3.10/site-packages'
[2.469s] Level 1:colcon.colcon_core.environment:checking '/home/diogo/MIR_Project_2024/glassy_challenge_ws/install/glassy_msgs/bin'
[2.470s] INFO:colcon.colcon_core.shell:Creating package script '/home/diogo/MIR_Project_2024/glassy_challenge_ws/install/glassy_msgs/share/glassy_msgs/package.ps1'
[2.472s] INFO:colcon.colcon_core.shell:Creating package descriptor '/home/diogo/MIR_Project_2024/glassy_challenge_ws/install/glassy_msgs/share/glassy_msgs/package.dsv'
[2.473s] INFO:colcon.colcon_core.shell:Creating package script '/home/diogo/MIR_Project_2024/glassy_challenge_ws/install/glassy_msgs/share/glassy_msgs/package.sh'
[2.475s] INFO:colcon.colcon_core.shell:Creating package script '/home/diogo/MIR_Project_2024/glassy_challenge_ws/install/glassy_msgs/share/glassy_msgs/package.bash'
[2.478s] INFO:colcon.colcon_core.shell:Creating package script '/home/diogo/MIR_Project_2024/glassy_challenge_ws/install/glassy_msgs/share/glassy_msgs/package.zsh'
[2.480s] Level 1:colcon.colcon_core.environment:create_file_with_runtime_dependencies(/home/diogo/MIR_Project_2024/glassy_challenge_ws/install/glassy_msgs/share/colcon-core/packages/glassy_msgs)
[2.482s] Level 1:colcon.colcon_core.environment:create_environment_scripts_only(glassy_msgs)
[2.482s] Level 1:colcon.colcon_core.environment:checking '/home/diogo/MIR_Project_2024/glassy_challenge_ws/install/glassy_msgs' for CMake module files
[2.482s] Level 1:colcon.colcon_core.environment:checking '/home/diogo/MIR_Project_2024/glassy_challenge_ws/install/glassy_msgs' for CMake config files
[2.483s] Level 1:colcon.colcon_core.shell:create_environment_hook('glassy_msgs', 'cmake_prefix_path')
[2.483s] INFO:colcon.colcon_core.shell:Creating environment hook '/home/diogo/MIR_Project_2024/glassy_challenge_ws/install/glassy_msgs/share/glassy_msgs/hook/cmake_prefix_path.ps1'
[2.484s] INFO:colcon.colcon_core.shell:Creating environment descriptor '/home/diogo/MIR_Project_2024/glassy_challenge_ws/install/glassy_msgs/share/glassy_msgs/hook/cmake_prefix_path.dsv'
[2.485s] INFO:colcon.colcon_core.shell:Creating environment hook '/home/diogo/MIR_Project_2024/glassy_challenge_ws/install/glassy_msgs/share/glassy_msgs/hook/cmake_prefix_path.sh'
[2.487s] Level 1:colcon.colcon_core.environment:checking '/home/diogo/MIR_Project_2024/glassy_challenge_ws/install/glassy_msgs/lib'
[2.487s] Level 1:colcon.colcon_core.shell:create_environment_hook('glassy_msgs', 'ld_library_path_lib')
[2.487s] INFO:colcon.colcon_core.shell:Creating environment hook '/home/diogo/MIR_Project_2024/glassy_challenge_ws/install/glassy_msgs/share/glassy_msgs/hook/ld_library_path_lib.ps1'
[2.489s] INFO:colcon.colcon_core.shell:Creating environment descriptor '/home/diogo/MIR_Project_2024/glassy_challenge_ws/install/glassy_msgs/share/glassy_msgs/hook/ld_library_path_lib.dsv'
[2.490s] INFO:colcon.colcon_core.shell:Creating environment hook '/home/diogo/MIR_Project_2024/glassy_challenge_ws/install/glassy_msgs/share/glassy_msgs/hook/ld_library_path_lib.sh'
[2.491s] Level 1:colcon.colcon_core.environment:checking '/home/diogo/MIR_Project_2024/glassy_challenge_ws/install/glassy_msgs/bin'
[2.491s] Level 1:colcon.colcon_core.environment:checking '/home/diogo/MIR_Project_2024/glassy_challenge_ws/install/glassy_msgs/lib/pkgconfig/glassy_msgs.pc'
[2.492s] Level 1:colcon.colcon_core.environment:checking '/home/diogo/MIR_Project_2024/glassy_challenge_ws/install/glassy_msgs/lib/python3.10/site-packages'
[2.492s] Level 1:colcon.colcon_core.environment:checking '/home/diogo/MIR_Project_2024/glassy_challenge_ws/install/glassy_msgs/bin'
[2.493s] INFO:colcon.colcon_core.shell:Creating package script '/home/diogo/MIR_Project_2024/glassy_challenge_ws/install/glassy_msgs/share/glassy_msgs/package.ps1'
[2.494s] INFO:colcon.colcon_core.shell:Creating package descriptor '/home/diogo/MIR_Project_2024/glassy_challenge_ws/install/glassy_msgs/share/glassy_msgs/package.dsv'
[2.496s] INFO:colcon.colcon_core.shell:Creating package script '/home/diogo/MIR_Project_2024/glassy_challenge_ws/install/glassy_msgs/share/glassy_msgs/package.sh'
[2.496s] INFO:colcon.colcon_core.shell:Creating package script '/home/diogo/MIR_Project_2024/glassy_challenge_ws/install/glassy_msgs/share/glassy_msgs/package.bash'
[2.497s] INFO:colcon.colcon_core.shell:Creating package script '/home/diogo/MIR_Project_2024/glassy_challenge_ws/install/glassy_msgs/share/glassy_msgs/package.zsh'
[2.498s] Level 1:colcon.colcon_core.environment:create_file_with_runtime_dependencies(/home/diogo/MIR_Project_2024/glassy_challenge_ws/install/glassy_msgs/share/colcon-core/packages/glassy_msgs)
[2.499s] INFO:colcon.colcon_ros.task.ament_cmake.build:Building ROS package in '/home/diogo/MIR_Project_2024/glassy_challenge_ws/src/glassy_utils' with build type 'ament_cmake'
[2.499s] INFO:colcon.colcon_cmake.task.cmake.build:Building CMake package in '/home/diogo/MIR_Project_2024/glassy_challenge_ws/src/glassy_utils'
[2.499s] INFO:colcon.colcon_core.shell:Skip shell extension 'powershell' for command environment: Not usable outside of PowerShell
[2.499s] DEBUG:colcon.colcon_core.shell:Skip shell extension 'dsv' for command environment
[2.524s] DEBUG:colcon.colcon_core.event_handler.log_command:Invoking command in '/home/diogo/MIR_Project_2024/glassy_challenge_ws/build/glassy_utils': CMAKE_PREFIX_PATH=${CMAKE_PREFIX_PATH}:/home/diogo/MIR_Project_2024/glassy_challenge_ws/install/glassy_challenge:/opt/ros/humble /usr/bin/cmake --build /home/diogo/MIR_Project_2024/glassy_challenge_ws/build/glassy_utils -- -j2 -l2
[2.706s] DEBUG:colcon.colcon_core.event_handler.log_command:Invoked command in '/home/diogo/MIR_Project_2024/glassy_challenge_ws/build/glassy_utils' returned '0': CMAKE_PREFIX_PATH=${CMAKE_PREFIX_PATH}:/home/diogo/MIR_Project_2024/glassy_challenge_ws/install/glassy_challenge:/opt/ros/humble /usr/bin/cmake --build /home/diogo/MIR_Project_2024/glassy_challenge_ws/build/glassy_utils -- -j2 -l2
[2.711s] DEBUG:colcon.colcon_core.event_handler.log_command:Invoking command in '/home/diogo/MIR_Project_2024/glassy_challenge_ws/build/glassy_utils': CMAKE_PREFIX_PATH=${CMAKE_PREFIX_PATH}:/home/diogo/MIR_Project_2024/glassy_challenge_ws/install/glassy_challenge:/opt/ros/humble /usr/bin/cmake --install /home/diogo/MIR_Project_2024/glassy_challenge_ws/build/glassy_utils
[2.731s] Level 1:colcon.colcon_core.environment:create_environment_scripts_only(glassy_utils)
[2.733s] Level 1:colcon.colcon_core.environment:checking '/home/diogo/MIR_Project_2024/glassy_challenge_ws/install/glassy_utils' for CMake module files
[2.733s] DEBUG:colcon.colcon_core.event_handler.log_command:Invoked command in '/home/diogo/MIR_Project_2024/glassy_challenge_ws/build/glassy_utils' returned '0': CMAKE_PREFIX_PATH=${CMAKE_PREFIX_PATH}:/home/diogo/MIR_Project_2024/glassy_challenge_ws/install/glassy_challenge:/opt/ros/humble /usr/bin/cmake --install /home/diogo/MIR_Project_2024/glassy_challenge_ws/build/glassy_utils
[2.734s] Level 1:colcon.colcon_core.environment:checking '/home/diogo/MIR_Project_2024/glassy_challenge_ws/install/glassy_utils' for CMake config files
[2.734s] Level 1:colcon.colcon_core.shell:create_environment_hook('glassy_utils', 'cmake_prefix_path')
[2.734s] INFO:colcon.colcon_core.shell:Creating environment hook '/home/diogo/MIR_Project_2024/glassy_challenge_ws/install/glassy_utils/share/glassy_utils/hook/cmake_prefix_path.ps1'
[2.735s] INFO:colcon.colcon_core.shell:Creating environment descriptor '/home/diogo/MIR_Project_2024/glassy_challenge_ws/install/glassy_utils/share/glassy_utils/hook/cmake_prefix_path.dsv'
[2.737s] INFO:colcon.colcon_core.shell:Creating environment hook '/home/diogo/MIR_Project_2024/glassy_challenge_ws/install/glassy_utils/share/glassy_utils/hook/cmake_prefix_path.sh'
[2.738s] Level 1:colcon.colcon_core.environment:checking '/home/diogo/MIR_Project_2024/glassy_challenge_ws/install/glassy_utils/lib'
[2.738s] Level 1:colcon.colcon_core.environment:checking '/home/diogo/MIR_Project_2024/glassy_challenge_ws/install/glassy_utils/bin'
[2.738s] Level 1:colcon.colcon_core.environment:checking '/home/diogo/MIR_Project_2024/glassy_challenge_ws/install/glassy_utils/lib/pkgconfig/glassy_utils.pc'
[2.739s] Level 1:colcon.colcon_core.environment:checking '/home/diogo/MIR_Project_2024/glassy_challenge_ws/install/glassy_utils/lib/python3.10/site-packages'
[2.739s] Level 1:colcon.colcon_core.environment:checking '/home/diogo/MIR_Project_2024/glassy_challenge_ws/install/glassy_utils/bin'
[2.739s] INFO:colcon.colcon_core.shell:Creating package script '/home/diogo/MIR_Project_2024/glassy_challenge_ws/install/glassy_utils/share/glassy_utils/package.ps1'
[2.740s] INFO:colcon.colcon_core.shell:Creating package descriptor '/home/diogo/MIR_Project_2024/glassy_challenge_ws/install/glassy_utils/share/glassy_utils/package.dsv'
[2.741s] INFO:colcon.colcon_core.shell:Creating package script '/home/diogo/MIR_Project_2024/glassy_challenge_ws/install/glassy_utils/share/glassy_utils/package.sh'
[2.742s] INFO:colcon.colcon_core.shell:Creating package script '/home/diogo/MIR_Project_2024/glassy_challenge_ws/install/glassy_utils/share/glassy_utils/package.bash'
[2.743s] INFO:colcon.colcon_core.shell:Creating package script '/home/diogo/MIR_Project_2024/glassy_challenge_ws/install/glassy_utils/share/glassy_utils/package.zsh'
[2.744s] Level 1:colcon.colcon_core.environment:create_file_with_runtime_dependencies(/home/diogo/MIR_Project_2024/glassy_challenge_ws/install/glassy_utils/share/colcon-core/packages/glassy_utils)
[2.745s] Level 1:colcon.colcon_core.environment:create_environment_scripts_only(glassy_utils)
[2.745s] Level 1:colcon.colcon_core.environment:checking '/home/diogo/MIR_Project_2024/glassy_challenge_ws/install/glassy_utils' for CMake module files
[2.746s] Level 1:colcon.colcon_core.environment:checking '/home/diogo/MIR_Project_2024/glassy_challenge_ws/install/glassy_utils' for CMake config files
[2.746s] Level 1:colcon.colcon_core.shell:create_environment_hook('glassy_utils', 'cmake_prefix_path')
[2.747s] INFO:colcon.colcon_core.shell:Creating environment hook '/home/diogo/MIR_Project_2024/glassy_challenge_ws/install/glassy_utils/share/glassy_utils/hook/cmake_prefix_path.ps1'
[2.748s] INFO:colcon.colcon_core.shell:Creating environment descriptor '/home/diogo/MIR_Project_2024/glassy_challenge_ws/install/glassy_utils/share/glassy_utils/hook/cmake_prefix_path.dsv'
[2.748s] INFO:colcon.colcon_core.shell:Creating environment hook '/home/diogo/MIR_Project_2024/glassy_challenge_ws/install/glassy_utils/share/glassy_utils/hook/cmake_prefix_path.sh'
[2.749s] Level 1:colcon.colcon_core.environment:checking '/home/diogo/MIR_Project_2024/glassy_challenge_ws/install/glassy_utils/lib'
[2.750s] Level 1:colcon.colcon_core.environment:checking '/home/diogo/MIR_Project_2024/glassy_challenge_ws/install/glassy_utils/bin'
[2.750s] Level 1:colcon.colcon_core.environment:checking '/home/diogo/MIR_Project_2024/glassy_challenge_ws/install/glassy_utils/lib/pkgconfig/glassy_utils.pc'
[2.750s] Level 1:colcon.colcon_core.environment:checking '/home/diogo/MIR_Project_2024/glassy_challenge_ws/install/glassy_utils/lib/python3.10/site-packages'
[2.751s] Level 1:colcon.colcon_core.environment:checking '/home/diogo/MIR_Project_2024/glassy_challenge_ws/install/glassy_utils/bin'
[2.751s] INFO:colcon.colcon_core.shell:Creating package script '/home/diogo/MIR_Project_2024/glassy_challenge_ws/install/glassy_utils/share/glassy_utils/package.ps1'
[2.752s] INFO:colcon.colcon_core.shell:Creating package descriptor '/home/diogo/MIR_Project_2024/glassy_challenge_ws/install/glassy_utils/share/glassy_utils/package.dsv'
[2.753s] INFO:colcon.colcon_core.shell:Creating package script '/home/diogo/MIR_Project_2024/glassy_challenge_ws/install/glassy_utils/share/glassy_utils/package.sh'
[2.754s] INFO:colcon.colcon_core.shell:Creating package script '/home/diogo/MIR_Project_2024/glassy_challenge_ws/install/glassy_utils/share/glassy_utils/package.bash'
[2.754s] INFO:colcon.colcon_core.shell:Creating package script '/home/diogo/MIR_Project_2024/glassy_challenge_ws/install/glassy_utils/share/glassy_utils/package.zsh'
[2.755s] Level 1:colcon.colcon_core.environment:create_file_with_runtime_dependencies(/home/diogo/MIR_Project_2024/glassy_challenge_ws/install/glassy_utils/share/colcon-core/packages/glassy_utils)
[3.568s] DEBUG:colcon.colcon_core.event_handler.log_command:Invoked command in '/home/diogo/MIR_Project_2024/glassy_challenge_ws/build/px4_msgs' returned '0': CMAKE_PREFIX_PATH=${CMAKE_PREFIX_PATH}:/home/diogo/MIR_Project_2024/glassy_challenge_ws/install/glassy_challenge:/opt/ros/humble /usr/bin/cmake --build /home/diogo/MIR_Project_2024/glassy_challenge_ws/build/px4_msgs -- -j2 -l2
[3.571s] DEBUG:colcon.colcon_core.event_handler.log_command:Invoking command in '/home/diogo/MIR_Project_2024/glassy_challenge_ws/build/px4_msgs': CMAKE_PREFIX_PATH=${CMAKE_PREFIX_PATH}:/home/diogo/MIR_Project_2024/glassy_challenge_ws/install/glassy_challenge:/opt/ros/humble /usr/bin/cmake --install /home/diogo/MIR_Project_2024/glassy_challenge_ws/build/px4_msgs
[4.290s] Level 1:colcon.colcon_core.environment:create_environment_scripts_only(px4_msgs)
[4.290s] Level 1:colcon.colcon_core.environment:checking '/home/diogo/MIR_Project_2024/glassy_challenge_ws/install/px4_msgs' for CMake module files
[4.291s] Level 1:colcon.colcon_core.environment:checking '/home/diogo/MIR_Project_2024/glassy_challenge_ws/install/px4_msgs' for CMake config files
[4.292s] DEBUG:colcon.colcon_core.event_handler.log_command:Invoked command in '/home/diogo/MIR_Project_2024/glassy_challenge_ws/build/px4_msgs' returned '0': CMAKE_PREFIX_PATH=${CMAKE_PREFIX_PATH}:/home/diogo/MIR_Project_2024/glassy_challenge_ws/install/glassy_challenge:/opt/ros/humble /usr/bin/cmake --install /home/diogo/MIR_Project_2024/glassy_challenge_ws/build/px4_msgs
[4.299s] Level 1:colcon.colcon_core.shell:create_environment_hook('px4_msgs', 'cmake_prefix_path')
[4.300s] INFO:colcon.colcon_core.shell:Creating environment hook '/home/diogo/MIR_Project_2024/glassy_challenge_ws/install/px4_msgs/share/px4_msgs/hook/cmake_prefix_path.ps1'
[4.301s] INFO:colcon.colcon_core.shell:Creating environment descriptor '/home/diogo/MIR_Project_2024/glassy_challenge_ws/install/px4_msgs/share/px4_msgs/hook/cmake_prefix_path.dsv'
[4.301s] INFO:colcon.colcon_core.shell:Creating environment hook '/home/diogo/MIR_Project_2024/glassy_challenge_ws/install/px4_msgs/share/px4_msgs/hook/cmake_prefix_path.sh'
[4.302s] Level 1:colcon.colcon_core.environment:checking '/home/diogo/MIR_Project_2024/glassy_challenge_ws/install/px4_msgs/lib'
[4.302s] Level 1:colcon.colcon_core.shell:create_environment_hook('px4_msgs', 'ld_library_path_lib')
[4.302s] INFO:colcon.colcon_core.shell:Creating environment hook '/home/diogo/MIR_Project_2024/glassy_challenge_ws/install/px4_msgs/share/px4_msgs/hook/ld_library_path_lib.ps1'
[4.304s] INFO:colcon.colcon_core.shell:Creating environment descriptor '/home/diogo/MIR_Project_2024/glassy_challenge_ws/install/px4_msgs/share/px4_msgs/hook/ld_library_path_lib.dsv'
[4.305s] INFO:colcon.colcon_core.shell:Creating environment hook '/home/diogo/MIR_Project_2024/glassy_challenge_ws/install/px4_msgs/share/px4_msgs/hook/ld_library_path_lib.sh'
[4.305s] Level 1:colcon.colcon_core.environment:checking '/home/diogo/MIR_Project_2024/glassy_challenge_ws/install/px4_msgs/bin'
[4.305s] Level 1:colcon.colcon_core.environment:checking '/home/diogo/MIR_Project_2024/glassy_challenge_ws/install/px4_msgs/lib/pkgconfig/px4_msgs.pc'
[4.305s] Level 1:colcon.colcon_core.environment:checking '/home/diogo/MIR_Project_2024/glassy_challenge_ws/install/px4_msgs/lib/python3.10/site-packages'
[4.306s] Level 1:colcon.colcon_core.environment:checking '/home/diogo/MIR_Project_2024/glassy_challenge_ws/install/px4_msgs/bin'
[4.306s] INFO:colcon.colcon_core.shell:Creating package script '/home/diogo/MIR_Project_2024/glassy_challenge_ws/install/px4_msgs/share/px4_msgs/package.ps1'
[4.308s] INFO:colcon.colcon_core.shell:Creating package descriptor '/home/diogo/MIR_Project_2024/glassy_challenge_ws/install/px4_msgs/share/px4_msgs/package.dsv'
[4.308s] INFO:colcon.colcon_core.shell:Creating package script '/home/diogo/MIR_Project_2024/glassy_challenge_ws/install/px4_msgs/share/px4_msgs/package.sh'
[4.310s] INFO:colcon.colcon_core.shell:Creating package script '/home/diogo/MIR_Project_2024/glassy_challenge_ws/install/px4_msgs/share/px4_msgs/package.bash'
[4.311s] INFO:colcon.colcon_core.shell:Creating package script '/home/diogo/MIR_Project_2024/glassy_challenge_ws/install/px4_msgs/share/px4_msgs/package.zsh'
[4.314s] Level 1:colcon.colcon_core.environment:create_file_with_runtime_dependencies(/home/diogo/MIR_Project_2024/glassy_challenge_ws/install/px4_msgs/share/colcon-core/packages/px4_msgs)
[4.315s] Level 1:colcon.colcon_core.environment:create_environment_scripts_only(px4_msgs)
[4.315s] Level 1:colcon.colcon_core.environment:checking '/home/diogo/MIR_Project_2024/glassy_challenge_ws/install/px4_msgs' for CMake module files
[4.316s] Level 1:colcon.colcon_core.environment:checking '/home/diogo/MIR_Project_2024/glassy_challenge_ws/install/px4_msgs' for CMake config files
[4.320s] Level 1:colcon.colcon_core.shell:create_environment_hook('px4_msgs', 'cmake_prefix_path')
[4.320s] INFO:colcon.colcon_core.shell:Creating environment hook '/home/diogo/MIR_Project_2024/glassy_challenge_ws/install/px4_msgs/share/px4_msgs/hook/cmake_prefix_path.ps1'
[4.320s] INFO:colcon.colcon_core.shell:Creating environment descriptor '/home/diogo/MIR_Project_2024/glassy_challenge_ws/install/px4_msgs/share/px4_msgs/hook/cmake_prefix_path.dsv'
[4.321s] INFO:colcon.colcon_core.shell:Creating environment hook '/home/diogo/MIR_Project_2024/glassy_challenge_ws/install/px4_msgs/share/px4_msgs/hook/cmake_prefix_path.sh'
[4.322s] Level 1:colcon.colcon_core.environment:checking '/home/diogo/MIR_Project_2024/glassy_challenge_ws/install/px4_msgs/lib'
[4.322s] Level 1:colcon.colcon_core.shell:create_environment_hook('px4_msgs', 'ld_library_path_lib')
[4.322s] INFO:colcon.colcon_core.shell:Creating environment hook '/home/diogo/MIR_Project_2024/glassy_challenge_ws/install/px4_msgs/share/px4_msgs/hook/ld_library_path_lib.ps1'
[4.322s] INFO:colcon.colcon_core.shell:Creating environment descriptor '/home/diogo/MIR_Project_2024/glassy_challenge_ws/install/px4_msgs/share/px4_msgs/hook/ld_library_path_lib.dsv'
[4.323s] INFO:colcon.colcon_core.shell:Creating environment hook '/home/diogo/MIR_Project_2024/glassy_challenge_ws/install/px4_msgs/share/px4_msgs/hook/ld_library_path_lib.sh'
[4.323s] Level 1:colcon.colcon_core.environment:checking '/home/diogo/MIR_Project_2024/glassy_challenge_ws/install/px4_msgs/bin'
[4.323s] Level 1:colcon.colcon_core.environment:checking '/home/diogo/MIR_Project_2024/glassy_challenge_ws/install/px4_msgs/lib/pkgconfig/px4_msgs.pc'
[4.323s] Level 1:colcon.colcon_core.environment:checking '/home/diogo/MIR_Project_2024/glassy_challenge_ws/install/px4_msgs/lib/python3.10/site-packages'
[4.324s] Level 1:colcon.colcon_core.environment:checking '/home/diogo/MIR_Project_2024/glassy_challenge_ws/install/px4_msgs/bin'
[4.324s] INFO:colcon.colcon_core.shell:Creating package script '/home/diogo/MIR_Project_2024/glassy_challenge_ws/install/px4_msgs/share/px4_msgs/package.ps1'
[4.324s] INFO:colcon.colcon_core.shell:Creating package descriptor '/home/diogo/MIR_Project_2024/glassy_challenge_ws/install/px4_msgs/share/px4_msgs/package.dsv'
[4.325s] INFO:colcon.colcon_core.shell:Creating package script '/home/diogo/MIR_Project_2024/glassy_challenge_ws/install/px4_msgs/share/px4_msgs/package.sh'
[4.325s] INFO:colcon.colcon_core.shell:Creating package script '/home/diogo/MIR_Project_2024/glassy_challenge_ws/install/px4_msgs/share/px4_msgs/package.bash'
[4.326s] INFO:colcon.colcon_core.shell:Creating package script '/home/diogo/MIR_Project_2024/glassy_challenge_ws/install/px4_msgs/share/px4_msgs/package.zsh'
[4.326s] Level 1:colcon.colcon_core.environment:create_file_with_runtime_dependencies(/home/diogo/MIR_Project_2024/glassy_challenge_ws/install/px4_msgs/share/colcon-core/packages/px4_msgs)
[4.327s] INFO:colcon.colcon_ros.task.ament_python.build:Building ROS package in '/home/diogo/MIR_Project_2024/glassy_challenge_ws/src/glassy_challenge' with build type 'ament_python'
[4.327s] Level 1:colcon.colcon_core.shell:create_environment_hook('glassy_challenge', 'ament_prefix_path')
[4.327s] INFO:colcon.colcon_core.shell:Creating environment hook '/home/diogo/MIR_Project_2024/glassy_challenge_ws/install/glassy_challenge/share/glassy_challenge/hook/ament_prefix_path.ps1'
[4.328s] INFO:colcon.colcon_core.shell:Creating environment descriptor '/home/diogo/MIR_Project_2024/glassy_challenge_ws/install/glassy_challenge/share/glassy_challenge/hook/ament_prefix_path.dsv'
[4.328s] INFO:colcon.colcon_core.shell:Creating environment hook '/home/diogo/MIR_Project_2024/glassy_challenge_ws/install/glassy_challenge/share/glassy_challenge/hook/ament_prefix_path.sh'
[4.329s] INFO:colcon.colcon_core.shell:Skip shell extension 'powershell' for command environment: Not usable outside of PowerShell
[4.329s] DEBUG:colcon.colcon_core.shell:Skip shell extension 'dsv' for command environment
[4.332s] INFO:colcon.colcon_ros.task.ament_cmake.build:Building ROS package in '/home/diogo/MIR_Project_2024/glassy_challenge_ws/src/glassy_px4_manager' with build type 'ament_cmake'
[4.332s] INFO:colcon.colcon_cmake.task.cmake.build:Building CMake package in '/home/diogo/MIR_Project_2024/glassy_challenge_ws/src/glassy_px4_manager'
[4.333s] INFO:colcon.colcon_core.shell:Skip shell extension 'powershell' for command environment: Not usable outside of PowerShell
[4.333s] DEBUG:colcon.colcon_core.shell:Skip shell extension 'dsv' for command environment
[4.586s] INFO:colcon.colcon_core.task.python.build:Building Python package in '/home/diogo/MIR_Project_2024/glassy_challenge_ws/src/glassy_challenge'
[4.586s] INFO:colcon.colcon_core.shell:Skip shell extension 'powershell' for command environment: Not usable outside of PowerShell
[4.586s] DEBUG:colcon.colcon_core.shell:Skip shell extension 'dsv' for command environment
[4.595s] DEBUG:colcon.colcon_core.event_handler.log_command:Invoking command in '/home/diogo/MIR_Project_2024/glassy_challenge_ws/build/glassy_px4_manager': CMAKE_PREFIX_PATH=/home/diogo/MIR_Project_2024/glassy_challenge_ws/install/px4_msgs:/home/diogo/MIR_Project_2024/glassy_challenge_ws/install/glassy_utils:/home/diogo/MIR_Project_2024/glassy_challenge_ws/install/glassy_msgs:/home/diogo/MIR_Project_2024/glassy_challenge_ws/install/glassy_px4_manager:/home/diogo/MIR_Project_2024/glassy_challenge_ws/install/glassy_challenge:/opt/ros/humble LD_LIBRARY_PATH=/home/diogo/MIR_Project_2024/glassy_challenge_ws/install/px4_msgs/lib:/home/diogo/MIR_Project_2024/glassy_challenge_ws/install/glassy_msgs/lib:/home/diogo/MIR_Project_2024/glassy_challenge_ws/install/glassy_utils/lib:/opt/ros/humble/opt/rviz_ogre_vendor/lib:/opt/ros/humble/lib/x86_64-linux-gnu:/opt/ros/humble/lib /usr/bin/cmake --build /home/diogo/MIR_Project_2024/glassy_challenge_ws/build/glassy_px4_manager -- -j2 -l2
[4.742s] DEBUG:colcon.colcon_core.event_handler.log_command:Invoked command in '/home/diogo/MIR_Project_2024/glassy_challenge_ws/build/glassy_px4_manager' returned '0': CMAKE_PREFIX_PATH=/home/diogo/MIR_Project_2024/glassy_challenge_ws/install/px4_msgs:/home/diogo/MIR_Project_2024/glassy_challenge_ws/install/glassy_utils:/home/diogo/MIR_Project_2024/glassy_challenge_ws/install/glassy_msgs:/home/diogo/MIR_Project_2024/glassy_challenge_ws/install/glassy_px4_manager:/home/diogo/MIR_Project_2024/glassy_challenge_ws/install/glassy_challenge:/opt/ros/humble LD_LIBRARY_PATH=/home/diogo/MIR_Project_2024/glassy_challenge_ws/install/px4_msgs/lib:/home/diogo/MIR_Project_2024/glassy_challenge_ws/install/glassy_msgs/lib:/home/diogo/MIR_Project_2024/glassy_challenge_ws/install/glassy_utils/lib:/opt/ros/humble/opt/rviz_ogre_vendor/lib:/opt/ros/humble/lib/x86_64-linux-gnu:/opt/ros/humble/lib /usr/bin/cmake --build /home/diogo/MIR_Project_2024/glassy_challenge_ws/build/glassy_px4_manager -- -j2 -l2
[4.747s] DEBUG:colcon.colcon_core.event_handler.log_command:Invoking command in '/home/diogo/MIR_Project_2024/glassy_challenge_ws/build/glassy_px4_manager': CMAKE_PREFIX_PATH=/home/diogo/MIR_Project_2024/glassy_challenge_ws/install/px4_msgs:/home/diogo/MIR_Project_2024/glassy_challenge_ws/install/glassy_utils:/home/diogo/MIR_Project_2024/glassy_challenge_ws/install/glassy_msgs:/home/diogo/MIR_Project_2024/glassy_challenge_ws/install/glassy_px4_manager:/home/diogo/MIR_Project_2024/glassy_challenge_ws/install/glassy_challenge:/opt/ros/humble LD_LIBRARY_PATH=/home/diogo/MIR_Project_2024/glassy_challenge_ws/install/px4_msgs/lib:/home/diogo/MIR_Project_2024/glassy_challenge_ws/install/glassy_msgs/lib:/home/diogo/MIR_Project_2024/glassy_challenge_ws/install/glassy_utils/lib:/opt/ros/humble/opt/rviz_ogre_vendor/lib:/opt/ros/humble/lib/x86_64-linux-gnu:/opt/ros/humble/lib /usr/bin/cmake --install /home/diogo/MIR_Project_2024/glassy_challenge_ws/build/glassy_px4_manager
[4.767s] Level 1:colcon.colcon_core.environment:create_environment_scripts_only(glassy_px4_manager)
[4.767s] Level 1:colcon.colcon_core.environment:checking '/home/diogo/MIR_Project_2024/glassy_challenge_ws/install/glassy_px4_manager' for CMake module files
[4.768s] Level 1:colcon.colcon_core.environment:checking '/home/diogo/MIR_Project_2024/glassy_challenge_ws/install/glassy_px4_manager' for CMake config files
[4.768s] Level 1:colcon.colcon_core.shell:create_environment_hook('glassy_px4_manager', 'cmake_prefix_path')
[4.768s] INFO:colcon.colcon_core.shell:Creating environment hook '/home/diogo/MIR_Project_2024/glassy_challenge_ws/install/glassy_px4_manager/share/glassy_px4_manager/hook/cmake_prefix_path.ps1'
[4.769s] DEBUG:colcon.colcon_core.event_handler.log_command:Invoked command in '/home/diogo/MIR_Project_2024/glassy_challenge_ws/build/glassy_px4_manager' returned '0': CMAKE_PREFIX_PATH=/home/diogo/MIR_Project_2024/glassy_challenge_ws/install/px4_msgs:/home/diogo/MIR_Project_2024/glassy_challenge_ws/install/glassy_utils:/home/diogo/MIR_Project_2024/glassy_challenge_ws/install/glassy_msgs:/home/diogo/MIR_Project_2024/glassy_challenge_ws/install/glassy_px4_manager:/home/diogo/MIR_Project_2024/glassy_challenge_ws/install/glassy_challenge:/opt/ros/humble LD_LIBRARY_PATH=/home/diogo/MIR_Project_2024/glassy_challenge_ws/install/px4_msgs/lib:/home/diogo/MIR_Project_2024/glassy_challenge_ws/install/glassy_msgs/lib:/home/diogo/MIR_Project_2024/glassy_challenge_ws/install/glassy_utils/lib:/opt/ros/humble/opt/rviz_ogre_vendor/lib:/opt/ros/humble/lib/x86_64-linux-gnu:/opt/ros/humble/lib /usr/bin/cmake --install /home/diogo/MIR_Project_2024/glassy_challenge_ws/build/glassy_px4_manager
[4.769s] INFO:colcon.colcon_core.shell:Creating environment descriptor '/home/diogo/MIR_Project_2024/glassy_challenge_ws/install/glassy_px4_manager/share/glassy_px4_manager/hook/cmake_prefix_path.dsv'
[4.769s] INFO:colcon.colcon_core.shell:Creating environment hook '/home/diogo/MIR_Project_2024/glassy_challenge_ws/install/glassy_px4_manager/share/glassy_px4_manager/hook/cmake_prefix_path.sh'
[4.771s] Level 1:colcon.colcon_core.environment:checking '/home/diogo/MIR_Project_2024/glassy_challenge_ws/install/glassy_px4_manager/lib'
[4.771s] Level 1:colcon.colcon_core.environment:checking '/home/diogo/MIR_Project_2024/glassy_challenge_ws/install/glassy_px4_manager/bin'
[4.771s] Level 1:colcon.colcon_core.environment:checking '/home/diogo/MIR_Project_2024/glassy_challenge_ws/install/glassy_px4_manager/lib/pkgconfig/glassy_px4_manager.pc'
[4.772s] Level 1:colcon.colcon_core.environment:checking '/home/diogo/MIR_Project_2024/glassy_challenge_ws/install/glassy_px4_manager/lib/python3.10/site-packages'
[4.772s] Level 1:colcon.colcon_core.environment:checking '/home/diogo/MIR_Project_2024/glassy_challenge_ws/install/glassy_px4_manager/bin'
[4.772s] INFO:colcon.colcon_core.shell:Creating package script '/home/diogo/MIR_Project_2024/glassy_challenge_ws/install/glassy_px4_manager/share/glassy_px4_manager/package.ps1'
[4.773s] INFO:colcon.colcon_core.shell:Creating package descriptor '/home/diogo/MIR_Project_2024/glassy_challenge_ws/install/glassy_px4_manager/share/glassy_px4_manager/package.dsv'
[4.773s] INFO:colcon.colcon_core.shell:Creating package script '/home/diogo/MIR_Project_2024/glassy_challenge_ws/install/glassy_px4_manager/share/glassy_px4_manager/package.sh'
[4.774s] INFO:colcon.colcon_core.shell:Creating package script '/home/diogo/MIR_Project_2024/glassy_challenge_ws/install/glassy_px4_manager/share/glassy_px4_manager/package.bash'
[4.774s] INFO:colcon.colcon_core.shell:Creating package script '/home/diogo/MIR_Project_2024/glassy_challenge_ws/install/glassy_px4_manager/share/glassy_px4_manager/package.zsh'
[4.775s] Level 1:colcon.colcon_core.environment:create_file_with_runtime_dependencies(/home/diogo/MIR_Project_2024/glassy_challenge_ws/install/glassy_px4_manager/share/colcon-core/packages/glassy_px4_manager)
[4.775s] Level 1:colcon.colcon_core.environment:create_environment_scripts_only(glassy_px4_manager)
[4.776s] Level 1:colcon.colcon_core.environment:checking '/home/diogo/MIR_Project_2024/glassy_challenge_ws/install/glassy_px4_manager' for CMake module files
[4.776s] Level 1:colcon.colcon_core.environment:checking '/home/diogo/MIR_Project_2024/glassy_challenge_ws/install/glassy_px4_manager' for CMake config files
[4.776s] Level 1:colcon.colcon_core.shell:create_environment_hook('glassy_px4_manager', 'cmake_prefix_path')
[4.776s] INFO:colcon.colcon_core.shell:Creating environment hook '/home/diogo/MIR_Project_2024/glassy_challenge_ws/install/glassy_px4_manager/share/glassy_px4_manager/hook/cmake_prefix_path.ps1'
[4.777s] INFO:colcon.colcon_core.shell:Creating environment descriptor '/home/diogo/MIR_Project_2024/glassy_challenge_ws/install/glassy_px4_manager/share/glassy_px4_manager/hook/cmake_prefix_path.dsv'
[4.777s] INFO:colcon.colcon_core.shell:Creating environment hook '/home/diogo/MIR_Project_2024/glassy_challenge_ws/install/glassy_px4_manager/share/glassy_px4_manager/hook/cmake_prefix_path.sh'
[4.778s] Level 1:colcon.colcon_core.environment:checking '/home/diogo/MIR_Project_2024/glassy_challenge_ws/install/glassy_px4_manager/lib'
[4.778s] Level 1:colcon.colcon_core.environment:checking '/home/diogo/MIR_Project_2024/glassy_challenge_ws/install/glassy_px4_manager/bin'
[4.778s] Level 1:colcon.colcon_core.environment:checking '/home/diogo/MIR_Project_2024/glassy_challenge_ws/install/glassy_px4_manager/lib/pkgconfig/glassy_px4_manager.pc'
[4.778s] Level 1:colcon.colcon_core.environment:checking '/home/diogo/MIR_Project_2024/glassy_challenge_ws/install/glassy_px4_manager/lib/python3.10/site-packages'
[4.778s] Level 1:colcon.colcon_core.environment:checking '/home/diogo/MIR_Project_2024/glassy_challenge_ws/install/glassy_px4_manager/bin'
[4.778s] INFO:colcon.colcon_core.shell:Creating package script '/home/diogo/MIR_Project_2024/glassy_challenge_ws/install/glassy_px4_manager/share/glassy_px4_manager/package.ps1'
[4.779s] INFO:colcon.colcon_core.shell:Creating package descriptor '/home/diogo/MIR_Project_2024/glassy_challenge_ws/install/glassy_px4_manager/share/glassy_px4_manager/package.dsv'
[4.779s] INFO:colcon.colcon_core.shell:Creating package script '/home/diogo/MIR_Project_2024/glassy_challenge_ws/install/glassy_px4_manager/share/glassy_px4_manager/package.sh'
[4.780s] INFO:colcon.colcon_core.shell:Creating package script '/home/diogo/MIR_Project_2024/glassy_challenge_ws/install/glassy_px4_manager/share/glassy_px4_manager/package.bash'
[4.780s] INFO:colcon.colcon_core.shell:Creating package script '/home/diogo/MIR_Project_2024/glassy_challenge_ws/install/glassy_px4_manager/share/glassy_px4_manager/package.zsh'
[4.781s] Level 1:colcon.colcon_core.environment:create_file_with_runtime_dependencies(/home/diogo/MIR_Project_2024/glassy_challenge_ws/install/glassy_px4_manager/share/colcon-core/packages/glassy_px4_manager)
[4.981s] DEBUG:colcon.colcon_core.event_handler.log_command:Invoking command in '/home/diogo/MIR_Project_2024/glassy_challenge_ws/src/glassy_challenge': CMAKE_PREFIX_PATH=/home/diogo/MIR_Project_2024/glassy_challenge_ws/install/px4_msgs:/home/diogo/MIR_Project_2024/glassy_challenge_ws/install/glassy_msgs:/home/diogo/MIR_Project_2024/glassy_challenge_ws/install/glassy_px4_manager:/home/diogo/MIR_Project_2024/glassy_challenge_ws/install/glassy_utils LD_LIBRARY_PATH=/home/diogo/MIR_Project_2024/glassy_challenge_ws/install/px4_msgs/lib:/home/diogo/MIR_Project_2024/glassy_challenge_ws/install/glassy_msgs/lib:/home/diogo/MIR_Project_2024/glassy_challenge_ws/install/glassy_utils/lib:/opt/ros/humble/opt/rviz_ogre_vendor/lib:/opt/ros/humble/lib/x86_64-linux-gnu:/opt/ros/humble/lib PYTHONPATH=/home/diogo/MIR_Project_2024/glassy_challenge_ws/build/glassy_challenge/prefix_override:/usr/lib/python3/dist-packages/colcon_core/task/python/colcon_distutils_commands:/home/diogo/MIR_Project_2024/glassy_challenge_ws/install/glassy_challenge/lib/python3.10/site-packages:${PYTHONPATH} /usr/bin/python3 -W ignore:setup.py install is deprecated -W ignore:easy_install command is deprecated setup.py egg_info --egg-base ../../build/glassy_challenge build --build-base /home/diogo/MIR_Project_2024/glassy_challenge_ws/build/glassy_challenge/build install --record /home/diogo/MIR_Project_2024/glassy_challenge_ws/build/glassy_challenge/install.log --single-version-externally-managed install_data
[5.244s] Level 1:colcon.colcon_core.environment:checking '/home/diogo/MIR_Project_2024/glassy_challenge_ws/install/glassy_challenge' for CMake module files
[5.245s] DEBUG:colcon.colcon_core.event_handler.log_command:Invoked command in '/home/diogo/MIR_Project_2024/glassy_challenge_ws/src/glassy_challenge' returned '0': CMAKE_PREFIX_PATH=/home/diogo/MIR_Project_2024/glassy_challenge_ws/install/px4_msgs:/home/diogo/MIR_Project_2024/glassy_challenge_ws/install/glassy_msgs:/home/diogo/MIR_Project_2024/glassy_challenge_ws/install/glassy_px4_manager:/home/diogo/MIR_Project_2024/glassy_challenge_ws/install/glassy_utils LD_LIBRARY_PATH=/home/diogo/MIR_Project_2024/glassy_challenge_ws/install/px4_msgs/lib:/home/diogo/MIR_Project_2024/glassy_challenge_ws/install/glassy_msgs/lib:/home/diogo/MIR_Project_2024/glassy_challenge_ws/install/glassy_utils/lib:/opt/ros/humble/opt/rviz_ogre_vendor/lib:/opt/ros/humble/lib/x86_64-linux-gnu:/opt/ros/humble/lib PYTHONPATH=/home/diogo/MIR_Project_2024/glassy_challenge_ws/build/glassy_challenge/prefix_override:/usr/lib/python3/dist-packages/colcon_core/task/python/colcon_distutils_commands:/home/diogo/MIR_Project_2024/glassy_challenge_ws/install/glassy_challenge/lib/python3.10/site-packages:${PYTHONPATH} /usr/bin/python3 -W ignore:setup.py install is deprecated -W ignore:easy_install command is deprecated setup.py egg_info --egg-base ../../build/glassy_challenge build --build-base /home/diogo/MIR_Project_2024/glassy_challenge_ws/build/glassy_challenge/build install --record /home/diogo/MIR_Project_2024/glassy_challenge_ws/build/glassy_challenge/install.log --single-version-externally-managed install_data
[5.245s] Level 1:colcon.colcon_core.environment:checking '/home/diogo/MIR_Project_2024/glassy_challenge_ws/install/glassy_challenge' for CMake config files
[5.246s] Level 1:colcon.colcon_core.environment:checking '/home/diogo/MIR_Project_2024/glassy_challenge_ws/install/glassy_challenge/lib'
[5.246s] Level 1:colcon.colcon_core.environment:checking '/home/diogo/MIR_Project_2024/glassy_challenge_ws/install/glassy_challenge/bin'
[5.246s] Level 1:colcon.colcon_core.environment:checking '/home/diogo/MIR_Project_2024/glassy_challenge_ws/install/glassy_challenge/lib/pkgconfig/glassy_challenge.pc'
[5.246s] Level 1:colcon.colcon_core.environment:checking '/home/diogo/MIR_Project_2024/glassy_challenge_ws/install/glassy_challenge/lib/python3.10/site-packages'
[5.246s] Level 1:colcon.colcon_core.shell:create_environment_hook('glassy_challenge', 'pythonpath')
[5.246s] INFO:colcon.colcon_core.shell:Creating environment hook '/home/diogo/MIR_Project_2024/glassy_challenge_ws/install/glassy_challenge/share/glassy_challenge/hook/pythonpath.ps1'
[5.248s] INFO:colcon.colcon_core.shell:Creating environment descriptor '/home/diogo/MIR_Project_2024/glassy_challenge_ws/install/glassy_challenge/share/glassy_challenge/hook/pythonpath.dsv'
[5.249s] INFO:colcon.colcon_core.shell:Creating environment hook '/home/diogo/MIR_Project_2024/glassy_challenge_ws/install/glassy_challenge/share/glassy_challenge/hook/pythonpath.sh'
[5.250s] Level 1:colcon.colcon_core.environment:checking '/home/diogo/MIR_Project_2024/glassy_challenge_ws/install/glassy_challenge/bin'
[5.250s] Level 1:colcon.colcon_core.environment:create_environment_scripts_only(glassy_challenge)
[5.250s] INFO:colcon.colcon_core.shell:Creating package script '/home/diogo/MIR_Project_2024/glassy_challenge_ws/install/glassy_challenge/share/glassy_challenge/package.ps1'
[5.251s] INFO:colcon.colcon_core.shell:Creating package descriptor '/home/diogo/MIR_Project_2024/glassy_challenge_ws/install/glassy_challenge/share/glassy_challenge/package.dsv'
[5.251s] INFO:colcon.colcon_core.shell:Creating package script '/home/diogo/MIR_Project_2024/glassy_challenge_ws/install/glassy_challenge/share/glassy_challenge/package.sh'
[5.252s] INFO:colcon.colcon_core.shell:Creating package script '/home/diogo/MIR_Project_2024/glassy_challenge_ws/install/glassy_challenge/share/glassy_challenge/package.bash'
[5.252s] INFO:colcon.colcon_core.shell:Creating package script '/home/diogo/MIR_Project_2024/glassy_challenge_ws/install/glassy_challenge/share/glassy_challenge/package.zsh'
[5.252s] Level 1:colcon.colcon_core.environment:create_file_with_runtime_dependencies(/home/diogo/MIR_Project_2024/glassy_challenge_ws/install/glassy_challenge/share/colcon-core/packages/glassy_challenge)
[5.253s] DEBUG:colcon.colcon_parallel_executor.executor.parallel:closing loop
[5.253s] DEBUG:colcon.colcon_parallel_executor.executor.parallel:loop closed
[5.253s] DEBUG:colcon.colcon_parallel_executor.executor.parallel:run_until_complete finished with '0'
[5.253s] DEBUG:colcon.colcon_core.event_reactor:joining thread
[5.261s] INFO:colcon.colcon_core.plugin_system:Skipping extension 'colcon_notification.desktop_notification.terminal_notifier': Not used on non-Darwin systems
[5.261s] INFO:colcon.colcon_core.plugin_system:Skipping extension 'colcon_notification.desktop_notification.win32': Not used on non-Windows systems
[5.261s] INFO:colcon.colcon_notification.desktop_notification:Sending desktop notification using 'notify2'
[5.284s] DEBUG:colcon.colcon_core.event_reactor:joined thread
[5.285s] INFO:colcon.colcon_core.shell:Creating prefix script '/home/diogo/MIR_Project_2024/glassy_challenge_ws/install/local_setup.ps1'
[5.286s] INFO:colcon.colcon_core.shell:Creating prefix util module '/home/diogo/MIR_Project_2024/glassy_challenge_ws/install/_local_setup_util_ps1.py'
[5.289s] INFO:colcon.colcon_core.shell:Creating prefix chain script '/home/diogo/MIR_Project_2024/glassy_challenge_ws/install/setup.ps1'
[5.291s] INFO:colcon.colcon_core.shell:Creating prefix script '/home/diogo/MIR_Project_2024/glassy_challenge_ws/install/local_setup.sh'
[5.292s] INFO:colcon.colcon_core.shell:Creating prefix util module '/home/diogo/MIR_Project_2024/glassy_challenge_ws/install/_local_setup_util_sh.py'
[5.293s] INFO:colcon.colcon_core.shell:Creating prefix chain script '/home/diogo/MIR_Project_2024/glassy_challenge_ws/install/setup.sh'
[5.295s] INFO:colcon.colcon_core.shell:Creating prefix script '/home/diogo/MIR_Project_2024/glassy_challenge_ws/install/local_setup.bash'
[5.296s] INFO:colcon.colcon_core.shell:Creating prefix chain script '/home/diogo/MIR_Project_2024/glassy_challenge_ws/install/setup.bash'
[5.298s] INFO:colcon.colcon_core.shell:Creating prefix script '/home/diogo/MIR_Project_2024/glassy_challenge_ws/install/local_setup.zsh'
[5.299s] INFO:colcon.colcon_core.shell:Creating prefix chain script '/home/diogo/MIR_Project_2024/glassy_challenge_ws/install/setup.zsh'
