[0.030s] Invoking command in '/home/diogo/MIR_Project_2024/glassy_challenge_ws/build/glassy_utils': CMAKE_PREFIX_PATH=${CMAKE_PREFIX_PATH}:/home/diogo/MIR_Project_2024/glassy_challenge_ws/install/glassy_challenge:/opt/ros/humble /usr/bin/cmake --build /home/diogo/MIR_Project_2024/glassy_challenge_ws/build/glassy_utils -- -j2 -l2
[0.135s] [100%] Built target GlassyGeneralUtils
[0.151s] Invoked command in '/home/diogo/MIR_Project_2024/glassy_challenge_ws/build/glassy_utils' returned '0': CMAKE_PREFIX_PATH=${CMAKE_PREFIX_PATH}:/home/diogo/MIR_Project_2024/glassy_challenge_ws/install/glassy_challenge:/opt/ros/humble /usr/bin/cmake --build /home/diogo/MIR_Project_2024/glassy_challenge_ws/build/glassy_utils -- -j2 -l2
[0.157s] Invoking command in '/home/diogo/MIR_Project_2024/glassy_challenge_ws/build/glassy_utils': CMAKE_PREFIX_PATH=${CMAKE_PREFIX_PATH}:/home/diogo/MIR_Project_2024/glassy_challenge_ws/install/glassy_challenge:/opt/ros/humble /usr/bin/cmake --install /home/diogo/MIR_Project_2024/glassy_challenge_ws/build/glassy_utils
[0.166s] -- Install configuration: ""
[0.166s] -- Up-to-date: /home/diogo/MIR_Project_2024/glassy_challenge_ws/install/glassy_utils/share/glassy_utils/environment/library_path.sh
[0.166s] -- Up-to-date: /home/diogo/MIR_Project_2024/glassy_challenge_ws/install/glassy_utils/share/glassy_utils/environment/library_path.dsv
[0.167s] -- Up-to-date: /home/diogo/MIR_Project_2024/glassy_challenge_ws/install/glassy_utils/include/glassy_utils
[0.167s] -- Up-to-date: /home/diogo/MIR_Project_2024/glassy_challenge_ws/install/glassy_utils/include/glassy_utils/GlassyGeneralUtils.h
[0.168s] -- Up-to-date: /home/diogo/MIR_Project_2024/glassy_challenge_ws/install/glassy_utils/lib/libGlassyGeneralUtils.a
[0.168s] -- Up-to-date: /home/diogo/MIR_Project_2024/glassy_challenge_ws/install/glassy_utils/share/ament_index/resource_index/package_run_dependencies/glassy_utils
[0.170s] -- Up-to-date: /home/diogo/MIR_Project_2024/glassy_challenge_ws/install/glassy_utils/share/ament_index/resource_index/parent_prefix_path/glassy_utils
[0.170s] -- Up-to-date: /home/diogo/MIR_Project_2024/glassy_challenge_ws/install/glassy_utils/share/glassy_utils/environment/ament_prefix_path.sh
[0.170s] -- Up-to-date: /home/diogo/MIR_Project_2024/glassy_challenge_ws/install/glassy_utils/share/glassy_utils/environment/ament_prefix_path.dsv
[0.170s] -- Up-to-date: /home/diogo/MIR_Project_2024/glassy_challenge_ws/install/glassy_utils/share/glassy_utils/environment/path.sh
[0.170s] -- Up-to-date: /home/diogo/MIR_Project_2024/glassy_challenge_ws/install/glassy_utils/share/glassy_utils/environment/path.dsv
[0.170s] -- Up-to-date: /home/diogo/MIR_Project_2024/glassy_challenge_ws/install/glassy_utils/share/glassy_utils/local_setup.bash
[0.171s] -- Up-to-date: /home/diogo/MIR_Project_2024/glassy_challenge_ws/install/glassy_utils/share/glassy_utils/local_setup.sh
[0.171s] -- Up-to-date: /home/diogo/MIR_Project_2024/glassy_challenge_ws/install/glassy_utils/share/glassy_utils/local_setup.zsh
[0.171s] -- Up-to-date: /home/diogo/MIR_Project_2024/glassy_challenge_ws/install/glassy_utils/share/glassy_utils/local_setup.dsv
[0.171s] -- Installing: /home/diogo/MIR_Project_2024/glassy_challenge_ws/install/glassy_utils/share/glassy_utils/package.dsv
[0.171s] -- Up-to-date: /home/diogo/MIR_Project_2024/glassy_challenge_ws/install/glassy_utils/share/ament_index/resource_index/packages/glassy_utils
[0.174s] -- Up-to-date: /home/diogo/MIR_Project_2024/glassy_challenge_ws/install/glassy_utils/share/glassy_utils/cmake/GlassyGeneralUtilsExport.cmake
[0.174s] -- Up-to-date: /home/diogo/MIR_Project_2024/glassy_challenge_ws/install/glassy_utils/share/glassy_utils/cmake/GlassyGeneralUtilsExport-noconfig.cmake
[0.174s] -- Up-to-date: /home/diogo/MIR_Project_2024/glassy_challenge_ws/install/glassy_utils/share/glassy_utils/cmake/ament_cmake_export_targets-extras.cmake
[0.174s] -- Up-to-date: /home/diogo/MIR_Project_2024/glassy_challenge_ws/install/glassy_utils/share/glassy_utils/cmake/glassy_utilsConfig.cmake
[0.175s] -- Up-to-date: /home/diogo/MIR_Project_2024/glassy_challenge_ws/install/glassy_utils/share/glassy_utils/cmake/glassy_utilsConfig-version.cmake
[0.176s] -- Up-to-date: /home/diogo/MIR_Project_2024/glassy_challenge_ws/install/glassy_utils/share/glassy_utils/package.xml
[0.178s] Invoked command in '/home/diogo/MIR_Project_2024/glassy_challenge_ws/build/glassy_utils' returned '0': CMAKE_PREFIX_PATH=${CMAKE_PREFIX_PATH}:/home/diogo/MIR_Project_2024/glassy_challenge_ws/install/glassy_challenge:/opt/ros/humble /usr/bin/cmake --install /home/diogo/MIR_Project_2024/glassy_challenge_ws/build/glassy_utils
