[0.762s] Invoking command in '/home/diogo/MIR_Project_2024/glassy_challenge_ws/src/glassy_challenge': CMAKE_PREFIX_PATH=/home/diogo/MIR_Project_2024/glassy_challenge_ws/install/px4_msgs:/home/diogo/MIR_Project_2024/glassy_challenge_ws/install/glassy_msgs:/home/diogo/MIR_Project_2024/glassy_challenge_ws/install/glassy_px4_manager:/home/diogo/MIR_Project_2024/glassy_challenge_ws/install/glassy_utils LD_LIBRARY_PATH=/home/diogo/MIR_Project_2024/glassy_challenge_ws/install/px4_msgs/lib:/home/diogo/MIR_Project_2024/glassy_challenge_ws/install/glassy_msgs/lib:/home/diogo/MIR_Project_2024/glassy_challenge_ws/install/glassy_utils/lib:/opt/ros/humble/opt/rviz_ogre_vendor/lib:/opt/ros/humble/lib/x86_64-linux-gnu:/opt/ros/humble/lib PYTHONPATH=/home/diogo/MIR_Project_2024/glassy_challenge_ws/build/glassy_challenge/prefix_override:/usr/lib/python3/dist-packages/colcon_core/task/python/colcon_distutils_commands:/home/diogo/MIR_Project_2024/glassy_challenge_ws/install/glassy_challenge/lib/python3.10/site-packages:${PYTHONPATH} /usr/bin/python3 -W ignore:setup.py install is deprecated -W ignore:easy_install command is deprecated setup.py egg_info --egg-base ../../build/glassy_challenge build --build-base /home/diogo/MIR_Project_2024/glassy_challenge_ws/build/glassy_challenge/build install --record /home/diogo/MIR_Project_2024/glassy_challenge_ws/build/glassy_challenge/install.log --single-version-externally-managed install_data
[1.094s] running egg_info
[1.095s] writing ../../build/glassy_challenge/glassy_challenge.egg-info/PKG-INFO
[1.096s] writing dependency_links to ../../build/glassy_challenge/glassy_challenge.egg-info/dependency_links.txt
[1.097s] writing entry points to ../../build/glassy_challenge/glassy_challenge.egg-info/entry_points.txt
[1.097s] writing requirements to ../../build/glassy_challenge/glassy_challenge.egg-info/requires.txt
[1.098s] writing top-level names to ../../build/glassy_challenge/glassy_challenge.egg-info/top_level.txt
[1.101s] reading manifest file '../../build/glassy_challenge/glassy_challenge.egg-info/SOURCES.txt'
[1.103s] writing manifest file '../../build/glassy_challenge/glassy_challenge.egg-info/SOURCES.txt'
[1.103s] running build
[1.103s] running build_py
[1.104s] copying glassy_challenge/glassy_challenge.py -> /home/diogo/MIR_Project_2024/glassy_challenge_ws/build/glassy_challenge/build/lib/glassy_challenge
[1.106s] running install
[1.106s] running install_lib
[1.108s] copying /home/diogo/MIR_Project_2024/glassy_challenge_ws/build/glassy_challenge/build/lib/glassy_challenge/glassy_challenge.py -> /home/diogo/MIR_Project_2024/glassy_challenge_ws/install/glassy_challenge/lib/python3.10/site-packages/glassy_challenge
[1.108s] byte-compiling /home/diogo/MIR_Project_2024/glassy_challenge_ws/install/glassy_challenge/lib/python3.10/site-packages/glassy_challenge/glassy_challenge.py to glassy_challenge.cpython-310.pyc
[1.110s] running install_data
[1.112s] running install_egg_info
[1.113s] removing '/home/diogo/MIR_Project_2024/glassy_challenge_ws/install/glassy_challenge/lib/python3.10/site-packages/glassy_challenge-0.0.0-py3.10.egg-info' (and everything under it)
[1.113s] Copying ../../build/glassy_challenge/glassy_challenge.egg-info to /home/diogo/MIR_Project_2024/glassy_challenge_ws/install/glassy_challenge/lib/python3.10/site-packages/glassy_challenge-0.0.0-py3.10.egg-info
[1.115s] running install_scripts
[1.145s] Installing glassy_challenge script to /home/diogo/MIR_Project_2024/glassy_challenge_ws/install/glassy_challenge/lib/glassy_challenge
[1.145s] Installing glassy_challenge_analysis script to /home/diogo/MIR_Project_2024/glassy_challenge_ws/install/glassy_challenge/lib/glassy_challenge
[1.146s] writing list of installed files to '/home/diogo/MIR_Project_2024/glassy_challenge_ws/build/glassy_challenge/install.log'
[1.177s] Invoked command in '/home/diogo/MIR_Project_2024/glassy_challenge_ws/src/glassy_challenge' returned '0': CMAKE_PREFIX_PATH=/home/diogo/MIR_Project_2024/glassy_challenge_ws/install/px4_msgs:/home/diogo/MIR_Project_2024/glassy_challenge_ws/install/glassy_msgs:/home/diogo/MIR_Project_2024/glassy_challenge_ws/install/glassy_px4_manager:/home/diogo/MIR_Project_2024/glassy_challenge_ws/install/glassy_utils LD_LIBRARY_PATH=/home/diogo/MIR_Project_2024/glassy_challenge_ws/install/px4_msgs/lib:/home/diogo/MIR_Project_2024/glassy_challenge_ws/install/glassy_msgs/lib:/home/diogo/MIR_Project_2024/glassy_challenge_ws/install/glassy_utils/lib:/opt/ros/humble/opt/rviz_ogre_vendor/lib:/opt/ros/humble/lib/x86_64-linux-gnu:/opt/ros/humble/lib PYTHONPATH=/home/diogo/MIR_Project_2024/glassy_challenge_ws/build/glassy_challenge/prefix_override:/usr/lib/python3/dist-packages/colcon_core/task/python/colcon_distutils_commands:/home/diogo/MIR_Project_2024/glassy_challenge_ws/install/glassy_challenge/lib/python3.10/site-packages:${PYTHONPATH} /usr/bin/python3 -W ignore:setup.py install is deprecated -W ignore:easy_install command is deprecated setup.py egg_info --egg-base ../../build/glassy_challenge build --build-base /home/diogo/MIR_Project_2024/glassy_challenge_ws/build/glassy_challenge/build install --record /home/diogo/MIR_Project_2024/glassy_challenge_ws/build/glassy_challenge/install.log --single-version-externally-managed install_data
