[0.624s] Invoking command in '/home/diogo/MIR_Project_2024/glassy_challenge_ws/src/glassy_challenge': CMAKE_PREFIX_PATH=/home/diogo/MIR_Project_2024/glassy_challenge_ws/install/px4_msgs:/home/diogo/MIR_Project_2024/glassy_challenge_ws/install/glassy_msgs:/home/diogo/MIR_Project_2024/glassy_challenge_ws/install/glassy_px4_manager:/home/diogo/MIR_Project_2024/glassy_challenge_ws/install/glassy_utils LD_LIBRARY_PATH=/home/diogo/MIR_Project_2024/glassy_challenge_ws/install/px4_msgs/lib:/home/diogo/MIR_Project_2024/glassy_challenge_ws/install/glassy_msgs/lib:/home/diogo/MIR_Project_2024/glassy_challenge_ws/install/glassy_utils/lib:/opt/ros/humble/opt/rviz_ogre_vendor/lib:/opt/ros/humble/lib/x86_64-linux-gnu:/opt/ros/humble/lib PYTHONPATH=/home/diogo/MIR_Project_2024/glassy_challenge_ws/build/glassy_challenge/prefix_override:/usr/lib/python3/dist-packages/colcon_core/task/python/colcon_distutils_commands:/home/diogo/MIR_Project_2024/glassy_challenge_ws/install/glassy_challenge/lib/python3.10/site-packages:${PYTHONPATH} /usr/bin/python3 -W ignore:setup.py install is deprecated -W ignore:easy_install command is deprecated setup.py egg_info --egg-base ../../build/glassy_challenge build --build-base /home/diogo/MIR_Project_2024/glassy_challenge_ws/build/glassy_challenge/build install --record /home/diogo/MIR_Project_2024/glassy_challenge_ws/build/glassy_challenge/install.log --single-version-externally-managed install_data
[0.851s] running egg_info
[0.851s] writing ../../build/glassy_challenge/glassy_challenge.egg-info/PKG-INFO
[0.851s] writing dependency_links to ../../build/glassy_challenge/glassy_challenge.egg-info/dependency_links.txt
[0.851s] writing entry points to ../../build/glassy_challenge/glassy_challenge.egg-info/entry_points.txt
[0.851s] writing requirements to ../../build/glassy_challenge/glassy_challenge.egg-info/requires.txt
[0.852s] writing top-level names to ../../build/glassy_challenge/glassy_challenge.egg-info/top_level.txt
[0.854s] reading manifest file '../../build/glassy_challenge/glassy_challenge.egg-info/SOURCES.txt'
[0.856s] writing manifest file '../../build/glassy_challenge/glassy_challenge.egg-info/SOURCES.txt'
[0.856s] running build
[0.856s] running build_py
[0.857s] copying glassy_challenge/glassy_challenge.py -> /home/diogo/MIR_Project_2024/glassy_challenge_ws/build/glassy_challenge/build/lib/glassy_challenge
[0.857s] running install
[0.857s] running install_lib
[0.857s] copying /home/diogo/MIR_Project_2024/glassy_challenge_ws/build/glassy_challenge/build/lib/glassy_challenge/glassy_challenge.py -> /home/diogo/MIR_Project_2024/glassy_challenge_ws/install/glassy_challenge/lib/python3.10/site-packages/glassy_challenge
[0.857s] byte-compiling /home/diogo/MIR_Project_2024/glassy_challenge_ws/install/glassy_challenge/lib/python3.10/site-packages/glassy_challenge/glassy_challenge.py to glassy_challenge.cpython-310.pyc
[0.859s] running install_data
[0.859s] running install_egg_info
[0.861s] removing '/home/diogo/MIR_Project_2024/glassy_challenge_ws/install/glassy_challenge/lib/python3.10/site-packages/glassy_challenge-0.0.0-py3.10.egg-info' (and everything under it)
[0.861s] Copying ../../build/glassy_challenge/glassy_challenge.egg-info to /home/diogo/MIR_Project_2024/glassy_challenge_ws/install/glassy_challenge/lib/python3.10/site-packages/glassy_challenge-0.0.0-py3.10.egg-info
[0.862s] running install_scripts
[0.880s] Installing glassy_challenge script to /home/diogo/MIR_Project_2024/glassy_challenge_ws/install/glassy_challenge/lib/glassy_challenge
[0.880s] Installing glassy_challenge_analysis script to /home/diogo/MIR_Project_2024/glassy_challenge_ws/install/glassy_challenge/lib/glassy_challenge
[0.881s] writing list of installed files to '/home/diogo/MIR_Project_2024/glassy_challenge_ws/build/glassy_challenge/install.log'
[0.899s] Invoked command in '/home/diogo/MIR_Project_2024/glassy_challenge_ws/src/glassy_challenge' returned '0': CMAKE_PREFIX_PATH=/home/diogo/MIR_Project_2024/glassy_challenge_ws/install/px4_msgs:/home/diogo/MIR_Project_2024/glassy_challenge_ws/install/glassy_msgs:/home/diogo/MIR_Project_2024/glassy_challenge_ws/install/glassy_px4_manager:/home/diogo/MIR_Project_2024/glassy_challenge_ws/install/glassy_utils LD_LIBRARY_PATH=/home/diogo/MIR_Project_2024/glassy_challenge_ws/install/px4_msgs/lib:/home/diogo/MIR_Project_2024/glassy_challenge_ws/install/glassy_msgs/lib:/home/diogo/MIR_Project_2024/glassy_challenge_ws/install/glassy_utils/lib:/opt/ros/humble/opt/rviz_ogre_vendor/lib:/opt/ros/humble/lib/x86_64-linux-gnu:/opt/ros/humble/lib PYTHONPATH=/home/diogo/MIR_Project_2024/glassy_challenge_ws/build/glassy_challenge/prefix_override:/usr/lib/python3/dist-packages/colcon_core/task/python/colcon_distutils_commands:/home/diogo/MIR_Project_2024/glassy_challenge_ws/install/glassy_challenge/lib/python3.10/site-packages:${PYTHONPATH} /usr/bin/python3 -W ignore:setup.py install is deprecated -W ignore:easy_install command is deprecated setup.py egg_info --egg-base ../../build/glassy_challenge build --build-base /home/diogo/MIR_Project_2024/glassy_challenge_ws/build/glassy_challenge/build install --record /home/diogo/MIR_Project_2024/glassy_challenge_ws/build/glassy_challenge/install.log --single-version-externally-managed install_data
