[  0%] Built target glassy_msgs__cpp
[ 12%] Built target glassy_msgs__rosidl_generator_c
[ 12%] Built target ament_cmake_python_copy_glassy_msgs
[ 24%] Built target glassy_msgs__rosidl_typesupport_cpp
[ 36%] Built target glassy_msgs__rosidl_typesupport_fastrtps_c
[ 47%] Built target glassy_msgs__rosidl_typesupport_fastrtps_cpp
[ 59%] Built target glassy_msgs__rosidl_typesupport_introspection_c
[ 70%] Built target glassy_msgs__rosidl_typesupport_c
[ 82%] Built target glassy_msgs__rosidl_typesupport_introspection_cpp
[ 82%] Built target glassy_msgs
[ 83%] Built target glassy_msgs__py
[ 94%] Built target glassy_msgs__rosidl_generator_py
[ 96%] Built target glassy_msgs__rosidl_typesupport_fastrtps_c__pyext
running egg_info
writing glassy_msgs.egg-info/PKG-INFO
writing dependency_links to glassy_msgs.egg-info/dependency_links.txt
writing top-level names to glassy_msgs.egg-info/top_level.txt
reading manifest file 'glassy_msgs.egg-info/SOURCES.txt'
writing manifest file 'glassy_msgs.egg-info/SOURCES.txt'
[ 98%] Built target glassy_msgs__rosidl_typesupport_introspection_c__pyext
[ 98%] Built target ament_cmake_python_build_glassy_msgs_egg
[100%] Built target glassy_msgs__rosidl_typesupport_c__pyext
-- Install configuration: ""
-- Up-to-date: /home/diogo/MIR_Project_2024/glassy_challenge_ws/install/glassy_msgs/share/ament_index/resource_index/rosidl_interfaces/glassy_msgs
-- Up-to-date: /home/diogo/MIR_Project_2024/glassy_challenge_ws/install/glassy_msgs/include/glassy_msgs/glassy_msgs
-- Up-to-date: /home/diogo/MIR_Project_2024/glassy_challenge_ws/install/glassy_msgs/include/glassy_msgs/glassy_msgs/msg
-- Up-to-date: /home/diogo/MIR_Project_2024/glassy_challenge_ws/install/glassy_msgs/include/glassy_msgs/glassy_msgs/msg/inner_loop_references.h
-- Up-to-date: /home/diogo/MIR_Project_2024/glassy_challenge_ws/install/glassy_msgs/include/glassy_msgs/glassy_msgs/msg/detail
-- Up-to-date: /home/diogo/MIR_Project_2024/glassy_challenge_ws/install/glassy_msgs/include/glassy_msgs/glassy_msgs/msg/detail/actuators__struct.h
-- Up-to-date: /home/diogo/MIR_Project_2024/glassy_challenge_ws/install/glassy_msgs/include/glassy_msgs/glassy_msgs/msg/detail/path_references__type_support.h
-- Up-to-date: /home/diogo/MIR_Project_2024/glassy_challenge_ws/install/glassy_msgs/include/glassy_msgs/glassy_msgs/msg/detail/mission_info__functions.h
-- Up-to-date: /home/diogo/MIR_Project_2024/glassy_challenge_ws/install/glassy_msgs/include/glassy_msgs/glassy_msgs/msg/detail/inner_loop_references__type_support.h
-- Up-to-date: /home/diogo/MIR_Project_2024/glassy_challenge_ws/install/glassy_msgs/include/glassy_msgs/glassy_msgs/msg/detail/state__functions.h
-- Up-to-date: /home/diogo/MIR_Project_2024/glassy_challenge_ws/install/glassy_msgs/include/glassy_msgs/glassy_msgs/msg/detail/actuators__type_support.h
-- Up-to-date: /home/diogo/MIR_Project_2024/glassy_challenge_ws/install/glassy_msgs/include/glassy_msgs/glassy_msgs/msg/detail/mission_info__functions.c
-- Up-to-date: /home/diogo/MIR_Project_2024/glassy_challenge_ws/install/glassy_msgs/include/glassy_msgs/glassy_msgs/msg/detail/mission_info__type_support.h
-- Up-to-date: /home/diogo/MIR_Project_2024/glassy_challenge_ws/install/glassy_msgs/include/glassy_msgs/glassy_msgs/msg/detail/state__functions.c
-- Up-to-date: /home/diogo/MIR_Project_2024/glassy_challenge_ws/install/glassy_msgs/include/glassy_msgs/glassy_msgs/msg/detail/actuators__functions.c
-- Up-to-date: /home/diogo/MIR_Project_2024/glassy_challenge_ws/install/glassy_msgs/include/glassy_msgs/glassy_msgs/msg/detail/inner_loop_references__functions.c
-- Up-to-date: /home/diogo/MIR_Project_2024/glassy_challenge_ws/install/glassy_msgs/include/glassy_msgs/glassy_msgs/msg/detail/path_references__struct.h
-- Up-to-date: /home/diogo/MIR_Project_2024/glassy_challenge_ws/install/glassy_msgs/include/glassy_msgs/glassy_msgs/msg/detail/state__type_support.h
-- Up-to-date: /home/diogo/MIR_Project_2024/glassy_challenge_ws/install/glassy_msgs/include/glassy_msgs/glassy_msgs/msg/detail/inner_loop_references__functions.h
-- Up-to-date: /home/diogo/MIR_Project_2024/glassy_challenge_ws/install/glassy_msgs/include/glassy_msgs/glassy_msgs/msg/detail/state__struct.h
-- Up-to-date: /home/diogo/MIR_Project_2024/glassy_challenge_ws/install/glassy_msgs/include/glassy_msgs/glassy_msgs/msg/detail/mission_info__struct.h
-- Up-to-date: /home/diogo/MIR_Project_2024/glassy_challenge_ws/install/glassy_msgs/include/glassy_msgs/glassy_msgs/msg/detail/inner_loop_references__struct.h
-- Up-to-date: /home/diogo/MIR_Project_2024/glassy_challenge_ws/install/glassy_msgs/include/glassy_msgs/glassy_msgs/msg/detail/path_references__functions.h
-- Up-to-date: /home/diogo/MIR_Project_2024/glassy_challenge_ws/install/glassy_msgs/include/glassy_msgs/glassy_msgs/msg/detail/path_references__functions.c
-- Up-to-date: /home/diogo/MIR_Project_2024/glassy_challenge_ws/install/glassy_msgs/include/glassy_msgs/glassy_msgs/msg/detail/actuators__functions.h
-- Up-to-date: /home/diogo/MIR_Project_2024/glassy_challenge_ws/install/glassy_msgs/include/glassy_msgs/glassy_msgs/msg/path_references.h
-- Up-to-date: /home/diogo/MIR_Project_2024/glassy_challenge_ws/install/glassy_msgs/include/glassy_msgs/glassy_msgs/msg/actuators.h
-- Up-to-date: /home/diogo/MIR_Project_2024/glassy_challenge_ws/install/glassy_msgs/include/glassy_msgs/glassy_msgs/msg/rosidl_generator_c__visibility_control.h
-- Up-to-date: /home/diogo/MIR_Project_2024/glassy_challenge_ws/install/glassy_msgs/include/glassy_msgs/glassy_msgs/msg/mission_info.h
-- Up-to-date: /home/diogo/MIR_Project_2024/glassy_challenge_ws/install/glassy_msgs/include/glassy_msgs/glassy_msgs/msg/state.h
-- Up-to-date: /home/diogo/MIR_Project_2024/glassy_challenge_ws/install/glassy_msgs/include/glassy_msgs/glassy_msgs/srv
-- Up-to-date: /home/diogo/MIR_Project_2024/glassy_challenge_ws/install/glassy_msgs/include/glassy_msgs/glassy_msgs/srv/detail
-- Up-to-date: /home/diogo/MIR_Project_2024/glassy_challenge_ws/install/glassy_msgs/include/glassy_msgs/glassy_msgs/srv/detail/los_params__functions.h
-- Up-to-date: /home/diogo/MIR_Project_2024/glassy_challenge_ws/install/glassy_msgs/include/glassy_msgs/glassy_msgs/srv/detail/pid_gains__type_support.h
-- Up-to-date: /home/diogo/MIR_Project_2024/glassy_challenge_ws/install/glassy_msgs/include/glassy_msgs/glassy_msgs/srv/detail/set_mission__struct.h
-- Up-to-date: /home/diogo/MIR_Project_2024/glassy_challenge_ws/install/glassy_msgs/include/glassy_msgs/glassy_msgs/srv/detail/set_path__struct.h
-- Up-to-date: /home/diogo/MIR_Project_2024/glassy_challenge_ws/install/glassy_msgs/include/glassy_msgs/glassy_msgs/srv/detail/los_params__type_support.h
-- Up-to-date: /home/diogo/MIR_Project_2024/glassy_challenge_ws/install/glassy_msgs/include/glassy_msgs/glassy_msgs/srv/detail/pid_gains__functions.c
-- Up-to-date: /home/diogo/MIR_Project_2024/glassy_challenge_ws/install/glassy_msgs/include/glassy_msgs/glassy_msgs/srv/detail/set_limits__type_support.h
-- Up-to-date: /home/diogo/MIR_Project_2024/glassy_challenge_ws/install/glassy_msgs/include/glassy_msgs/glassy_msgs/srv/detail/set_limits__functions.h
-- Up-to-date: /home/diogo/MIR_Project_2024/glassy_challenge_ws/install/glassy_msgs/include/glassy_msgs/glassy_msgs/srv/detail/set_path__functions.h
-- Up-to-date: /home/diogo/MIR_Project_2024/glassy_challenge_ws/install/glassy_msgs/include/glassy_msgs/glassy_msgs/srv/detail/set_mission__functions.c
-- Up-to-date: /home/diogo/MIR_Project_2024/glassy_challenge_ws/install/glassy_msgs/include/glassy_msgs/glassy_msgs/srv/detail/set_mission__type_support.h
-- Up-to-date: /home/diogo/MIR_Project_2024/glassy_challenge_ws/install/glassy_msgs/include/glassy_msgs/glassy_msgs/srv/detail/set_path__type_support.h
-- Up-to-date: /home/diogo/MIR_Project_2024/glassy_challenge_ws/install/glassy_msgs/include/glassy_msgs/glassy_msgs/srv/detail/los_params__struct.h
-- Up-to-date: /home/diogo/MIR_Project_2024/glassy_challenge_ws/install/glassy_msgs/include/glassy_msgs/glassy_msgs/srv/detail/set_limits__functions.c
-- Up-to-date: /home/diogo/MIR_Project_2024/glassy_challenge_ws/install/glassy_msgs/include/glassy_msgs/glassy_msgs/srv/detail/set_mission__functions.h
-- Up-to-date: /home/diogo/MIR_Project_2024/glassy_challenge_ws/install/glassy_msgs/include/glassy_msgs/glassy_msgs/srv/detail/set_limits__struct.h
-- Up-to-date: /home/diogo/MIR_Project_2024/glassy_challenge_ws/install/glassy_msgs/include/glassy_msgs/glassy_msgs/srv/detail/pid_gains__functions.h
-- Up-to-date: /home/diogo/MIR_Project_2024/glassy_challenge_ws/install/glassy_msgs/include/glassy_msgs/glassy_msgs/srv/detail/los_params__functions.c
-- Up-to-date: /home/diogo/MIR_Project_2024/glassy_challenge_ws/install/glassy_msgs/include/glassy_msgs/glassy_msgs/srv/detail/pid_gains__struct.h
-- Up-to-date: /home/diogo/MIR_Project_2024/glassy_challenge_ws/install/glassy_msgs/include/glassy_msgs/glassy_msgs/srv/detail/set_path__functions.c
-- Up-to-date: /home/diogo/MIR_Project_2024/glassy_challenge_ws/install/glassy_msgs/include/glassy_msgs/glassy_msgs/srv/pid_gains.h
-- Up-to-date: /home/diogo/MIR_Project_2024/glassy_challenge_ws/install/glassy_msgs/include/glassy_msgs/glassy_msgs/srv/los_params.h
-- Up-to-date: /home/diogo/MIR_Project_2024/glassy_challenge_ws/install/glassy_msgs/include/glassy_msgs/glassy_msgs/srv/set_path.h
-- Up-to-date: /home/diogo/MIR_Project_2024/glassy_challenge_ws/install/glassy_msgs/include/glassy_msgs/glassy_msgs/srv/set_limits.h
-- Up-to-date: /home/diogo/MIR_Project_2024/glassy_challenge_ws/install/glassy_msgs/include/glassy_msgs/glassy_msgs/srv/set_mission.h
-- Up-to-date: /home/diogo/MIR_Project_2024/glassy_challenge_ws/install/glassy_msgs/share/glassy_msgs/environment/library_path.sh
-- Up-to-date: /home/diogo/MIR_Project_2024/glassy_challenge_ws/install/glassy_msgs/share/glassy_msgs/environment/library_path.dsv
-- Up-to-date: /home/diogo/MIR_Project_2024/glassy_challenge_ws/install/glassy_msgs/lib/libglassy_msgs__rosidl_generator_c.so
-- Up-to-date: /home/diogo/MIR_Project_2024/glassy_challenge_ws/install/glassy_msgs/include/glassy_msgs/glassy_msgs
-- Up-to-date: /home/diogo/MIR_Project_2024/glassy_challenge_ws/install/glassy_msgs/include/glassy_msgs/glassy_msgs/msg
-- Up-to-date: /home/diogo/MIR_Project_2024/glassy_challenge_ws/install/glassy_msgs/include/glassy_msgs/glassy_msgs/msg/detail
-- Up-to-date: /home/diogo/MIR_Project_2024/glassy_challenge_ws/install/glassy_msgs/include/glassy_msgs/glassy_msgs/msg/detail/inner_loop_references__rosidl_typesupport_fastrtps_c.h
-- Up-to-date: /home/diogo/MIR_Project_2024/glassy_challenge_ws/install/glassy_msgs/include/glassy_msgs/glassy_msgs/msg/detail/mission_info__rosidl_typesupport_fastrtps_c.h
-- Up-to-date: /home/diogo/MIR_Project_2024/glassy_challenge_ws/install/glassy_msgs/include/glassy_msgs/glassy_msgs/msg/detail/actuators__rosidl_typesupport_fastrtps_c.h
-- Up-to-date: /home/diogo/MIR_Project_2024/glassy_challenge_ws/install/glassy_msgs/include/glassy_msgs/glassy_msgs/msg/detail/path_references__rosidl_typesupport_fastrtps_c.h
-- Up-to-date: /home/diogo/MIR_Project_2024/glassy_challenge_ws/install/glassy_msgs/include/glassy_msgs/glassy_msgs/msg/detail/state__rosidl_typesupport_fastrtps_c.h
-- Up-to-date: /home/diogo/MIR_Project_2024/glassy_challenge_ws/install/glassy_msgs/include/glassy_msgs/glassy_msgs/msg/rosidl_typesupport_fastrtps_c__visibility_control.h
-- Up-to-date: /home/diogo/MIR_Project_2024/glassy_challenge_ws/install/glassy_msgs/include/glassy_msgs/glassy_msgs/srv
-- Up-to-date: /home/diogo/MIR_Project_2024/glassy_challenge_ws/install/glassy_msgs/include/glassy_msgs/glassy_msgs/srv/detail
-- Up-to-date: /home/diogo/MIR_Project_2024/glassy_challenge_ws/install/glassy_msgs/include/glassy_msgs/glassy_msgs/srv/detail/set_mission__rosidl_typesupport_fastrtps_c.h
-- Up-to-date: /home/diogo/MIR_Project_2024/glassy_challenge_ws/install/glassy_msgs/include/glassy_msgs/glassy_msgs/srv/detail/set_path__rosidl_typesupport_fastrtps_c.h
-- Up-to-date: /home/diogo/MIR_Project_2024/glassy_challenge_ws/install/glassy_msgs/include/glassy_msgs/glassy_msgs/srv/detail/los_params__rosidl_typesupport_fastrtps_c.h
-- Up-to-date: /home/diogo/MIR_Project_2024/glassy_challenge_ws/install/glassy_msgs/include/glassy_msgs/glassy_msgs/srv/detail/pid_gains__rosidl_typesupport_fastrtps_c.h
-- Up-to-date: /home/diogo/MIR_Project_2024/glassy_challenge_ws/install/glassy_msgs/include/glassy_msgs/glassy_msgs/srv/detail/set_limits__rosidl_typesupport_fastrtps_c.h
-- Up-to-date: /home/diogo/MIR_Project_2024/glassy_challenge_ws/install/glassy_msgs/lib/libglassy_msgs__rosidl_typesupport_fastrtps_c.so
-- Up-to-date: /home/diogo/MIR_Project_2024/glassy_challenge_ws/install/glassy_msgs/include/glassy_msgs/glassy_msgs
-- Up-to-date: /home/diogo/MIR_Project_2024/glassy_challenge_ws/install/glassy_msgs/include/glassy_msgs/glassy_msgs/msg
-- Up-to-date: /home/diogo/MIR_Project_2024/glassy_challenge_ws/install/glassy_msgs/include/glassy_msgs/glassy_msgs/msg/mission_info.hpp
-- Up-to-date: /home/diogo/MIR_Project_2024/glassy_challenge_ws/install/glassy_msgs/include/glassy_msgs/glassy_msgs/msg/detail
-- Up-to-date: /home/diogo/MIR_Project_2024/glassy_challenge_ws/install/glassy_msgs/include/glassy_msgs/glassy_msgs/msg/detail/actuators__type_support.hpp
-- Up-to-date: /home/diogo/MIR_Project_2024/glassy_challenge_ws/install/glassy_msgs/include/glassy_msgs/glassy_msgs/msg/detail/state__builder.hpp
-- Up-to-date: /home/diogo/MIR_Project_2024/glassy_challenge_ws/install/glassy_msgs/include/glassy_msgs/glassy_msgs/msg/detail/state__type_support.hpp
-- Up-to-date: /home/diogo/MIR_Project_2024/glassy_challenge_ws/install/glassy_msgs/include/glassy_msgs/glassy_msgs/msg/detail/actuators__builder.hpp
-- Up-to-date: /home/diogo/MIR_Project_2024/glassy_challenge_ws/install/glassy_msgs/include/glassy_msgs/glassy_msgs/msg/detail/inner_loop_references__struct.hpp
-- Up-to-date: /home/diogo/MIR_Project_2024/glassy_challenge_ws/install/glassy_msgs/include/glassy_msgs/glassy_msgs/msg/detail/path_references__struct.hpp
-- Up-to-date: /home/diogo/MIR_Project_2024/glassy_challenge_ws/install/glassy_msgs/include/glassy_msgs/glassy_msgs/msg/detail/inner_loop_references__traits.hpp
-- Up-to-date: /home/diogo/MIR_Project_2024/glassy_challenge_ws/install/glassy_msgs/include/glassy_msgs/glassy_msgs/msg/detail/actuators__traits.hpp
-- Up-to-date: /home/diogo/MIR_Project_2024/glassy_challenge_ws/install/glassy_msgs/include/glassy_msgs/glassy_msgs/msg/detail/actuators__struct.hpp
-- Up-to-date: /home/diogo/MIR_Project_2024/glassy_challenge_ws/install/glassy_msgs/include/glassy_msgs/glassy_msgs/msg/detail/path_references__type_support.hpp
-- Up-to-date: /home/diogo/MIR_Project_2024/glassy_challenge_ws/install/glassy_msgs/include/glassy_msgs/glassy_msgs/msg/detail/state__struct.hpp
-- Up-to-date: /home/diogo/MIR_Project_2024/glassy_challenge_ws/install/glassy_msgs/include/glassy_msgs/glassy_msgs/msg/detail/inner_loop_references__builder.hpp
-- Up-to-date: /home/diogo/MIR_Project_2024/glassy_challenge_ws/install/glassy_msgs/include/glassy_msgs/glassy_msgs/msg/detail/mission_info__struct.hpp
-- Up-to-date: /home/diogo/MIR_Project_2024/glassy_challenge_ws/install/glassy_msgs/include/glassy_msgs/glassy_msgs/msg/detail/path_references__traits.hpp
-- Up-to-date: /home/diogo/MIR_Project_2024/glassy_challenge_ws/install/glassy_msgs/include/glassy_msgs/glassy_msgs/msg/detail/inner_loop_references__type_support.hpp
-- Up-to-date: /home/diogo/MIR_Project_2024/glassy_challenge_ws/install/glassy_msgs/include/glassy_msgs/glassy_msgs/msg/detail/mission_info__type_support.hpp
-- Up-to-date: /home/diogo/MIR_Project_2024/glassy_challenge_ws/install/glassy_msgs/include/glassy_msgs/glassy_msgs/msg/detail/state__traits.hpp
-- Up-to-date: /home/diogo/MIR_Project_2024/glassy_challenge_ws/install/glassy_msgs/include/glassy_msgs/glassy_msgs/msg/detail/mission_info__traits.hpp
-- Up-to-date: /home/diogo/MIR_Project_2024/glassy_challenge_ws/install/glassy_msgs/include/glassy_msgs/glassy_msgs/msg/detail/mission_info__builder.hpp
-- Up-to-date: /home/diogo/MIR_Project_2024/glassy_challenge_ws/install/glassy_msgs/include/glassy_msgs/glassy_msgs/msg/detail/path_references__builder.hpp
-- Up-to-date: /home/diogo/MIR_Project_2024/glassy_challenge_ws/install/glassy_msgs/include/glassy_msgs/glassy_msgs/msg/state.hpp
-- Up-to-date: /home/diogo/MIR_Project_2024/glassy_challenge_ws/install/glassy_msgs/include/glassy_msgs/glassy_msgs/msg/inner_loop_references.hpp
-- Up-to-date: /home/diogo/MIR_Project_2024/glassy_challenge_ws/install/glassy_msgs/include/glassy_msgs/glassy_msgs/msg/actuators.hpp
-- Up-to-date: /home/diogo/MIR_Project_2024/glassy_challenge_ws/install/glassy_msgs/include/glassy_msgs/glassy_msgs/msg/rosidl_generator_cpp__visibility_control.hpp
-- Up-to-date: /home/diogo/MIR_Project_2024/glassy_challenge_ws/install/glassy_msgs/include/glassy_msgs/glassy_msgs/msg/path_references.hpp
-- Up-to-date: /home/diogo/MIR_Project_2024/glassy_challenge_ws/install/glassy_msgs/include/glassy_msgs/glassy_msgs/srv
-- Up-to-date: /home/diogo/MIR_Project_2024/glassy_challenge_ws/install/glassy_msgs/include/glassy_msgs/glassy_msgs/srv/detail
-- Up-to-date: /home/diogo/MIR_Project_2024/glassy_challenge_ws/install/glassy_msgs/include/glassy_msgs/glassy_msgs/srv/detail/set_limits__struct.hpp
-- Up-to-date: /home/diogo/MIR_Project_2024/glassy_challenge_ws/install/glassy_msgs/include/glassy_msgs/glassy_msgs/srv/detail/los_params__type_support.hpp
-- Up-to-date: /home/diogo/MIR_Project_2024/glassy_challenge_ws/install/glassy_msgs/include/glassy_msgs/glassy_msgs/srv/detail/pid_gains__struct.hpp
-- Up-to-date: /home/diogo/MIR_Project_2024/glassy_challenge_ws/install/glassy_msgs/include/glassy_msgs/glassy_msgs/srv/detail/set_limits__traits.hpp
-- Up-to-date: /home/diogo/MIR_Project_2024/glassy_challenge_ws/install/glassy_msgs/include/glassy_msgs/glassy_msgs/srv/detail/set_limits__builder.hpp
-- Up-to-date: /home/diogo/MIR_Project_2024/glassy_challenge_ws/install/glassy_msgs/include/glassy_msgs/glassy_msgs/srv/detail/pid_gains__type_support.hpp
-- Up-to-date: /home/diogo/MIR_Project_2024/glassy_challenge_ws/install/glassy_msgs/include/glassy_msgs/glassy_msgs/srv/detail/set_path__traits.hpp
-- Up-to-date: /home/diogo/MIR_Project_2024/glassy_challenge_ws/install/glassy_msgs/include/glassy_msgs/glassy_msgs/srv/detail/pid_gains__traits.hpp
-- Up-to-date: /home/diogo/MIR_Project_2024/glassy_challenge_ws/install/glassy_msgs/include/glassy_msgs/glassy_msgs/srv/detail/set_path__builder.hpp
-- Up-to-date: /home/diogo/MIR_Project_2024/glassy_challenge_ws/install/glassy_msgs/include/glassy_msgs/glassy_msgs/srv/detail/pid_gains__builder.hpp
-- Up-to-date: /home/diogo/MIR_Project_2024/glassy_challenge_ws/install/glassy_msgs/include/glassy_msgs/glassy_msgs/srv/detail/set_mission__type_support.hpp
-- Up-to-date: /home/diogo/MIR_Project_2024/glassy_challenge_ws/install/glassy_msgs/include/glassy_msgs/glassy_msgs/srv/detail/set_limits__type_support.hpp
-- Up-to-date: /home/diogo/MIR_Project_2024/glassy_challenge_ws/install/glassy_msgs/include/glassy_msgs/glassy_msgs/srv/detail/los_params__builder.hpp
-- Up-to-date: /home/diogo/MIR_Project_2024/glassy_challenge_ws/install/glassy_msgs/include/glassy_msgs/glassy_msgs/srv/detail/set_path__struct.hpp
-- Up-to-date: /home/diogo/MIR_Project_2024/glassy_challenge_ws/install/glassy_msgs/include/glassy_msgs/glassy_msgs/srv/detail/los_params__traits.hpp
-- Up-to-date: /home/diogo/MIR_Project_2024/glassy_challenge_ws/install/glassy_msgs/include/glassy_msgs/glassy_msgs/srv/detail/set_mission__struct.hpp
-- Up-to-date: /home/diogo/MIR_Project_2024/glassy_challenge_ws/install/glassy_msgs/include/glassy_msgs/glassy_msgs/srv/detail/set_path__type_support.hpp
-- Up-to-date: /home/diogo/MIR_Project_2024/glassy_challenge_ws/install/glassy_msgs/include/glassy_msgs/glassy_msgs/srv/detail/set_mission__builder.hpp
-- Up-to-date: /home/diogo/MIR_Project_2024/glassy_challenge_ws/install/glassy_msgs/include/glassy_msgs/glassy_msgs/srv/detail/set_mission__traits.hpp
-- Up-to-date: /home/diogo/MIR_Project_2024/glassy_challenge_ws/install/glassy_msgs/include/glassy_msgs/glassy_msgs/srv/detail/los_params__struct.hpp
-- Up-to-date: /home/diogo/MIR_Project_2024/glassy_challenge_ws/install/glassy_msgs/include/glassy_msgs/glassy_msgs/srv/los_params.hpp
-- Up-to-date: /home/diogo/MIR_Project_2024/glassy_challenge_ws/install/glassy_msgs/include/glassy_msgs/glassy_msgs/srv/set_mission.hpp
-- Up-to-date: /home/diogo/MIR_Project_2024/glassy_challenge_ws/install/glassy_msgs/include/glassy_msgs/glassy_msgs/srv/set_path.hpp
-- Up-to-date: /home/diogo/MIR_Project_2024/glassy_challenge_ws/install/glassy_msgs/include/glassy_msgs/glassy_msgs/srv/set_limits.hpp
-- Up-to-date: /home/diogo/MIR_Project_2024/glassy_challenge_ws/install/glassy_msgs/include/glassy_msgs/glassy_msgs/srv/pid_gains.hpp
-- Up-to-date: /home/diogo/MIR_Project_2024/glassy_challenge_ws/install/glassy_msgs/include/glassy_msgs/glassy_msgs
-- Up-to-date: /home/diogo/MIR_Project_2024/glassy_challenge_ws/install/glassy_msgs/include/glassy_msgs/glassy_msgs/msg
-- Up-to-date: /home/diogo/MIR_Project_2024/glassy_challenge_ws/install/glassy_msgs/include/glassy_msgs/glassy_msgs/msg/rosidl_typesupport_fastrtps_cpp__visibility_control.h
-- Up-to-date: /home/diogo/MIR_Project_2024/glassy_challenge_ws/install/glassy_msgs/include/glassy_msgs/glassy_msgs/msg/detail
-- Up-to-date: /home/diogo/MIR_Project_2024/glassy_challenge_ws/install/glassy_msgs/include/glassy_msgs/glassy_msgs/msg/detail/actuators__rosidl_typesupport_fastrtps_cpp.hpp
-- Up-to-date: /home/diogo/MIR_Project_2024/glassy_challenge_ws/install/glassy_msgs/include/glassy_msgs/glassy_msgs/msg/detail/mission_info__rosidl_typesupport_fastrtps_cpp.hpp
-- Up-to-date: /home/diogo/MIR_Project_2024/glassy_challenge_ws/install/glassy_msgs/include/glassy_msgs/glassy_msgs/msg/detail/inner_loop_references__rosidl_typesupport_fastrtps_cpp.hpp
-- Up-to-date: /home/diogo/MIR_Project_2024/glassy_challenge_ws/install/glassy_msgs/include/glassy_msgs/glassy_msgs/msg/detail/path_references__rosidl_typesupport_fastrtps_cpp.hpp
-- Up-to-date: /home/diogo/MIR_Project_2024/glassy_challenge_ws/install/glassy_msgs/include/glassy_msgs/glassy_msgs/msg/detail/state__rosidl_typesupport_fastrtps_cpp.hpp
-- Up-to-date: /home/diogo/MIR_Project_2024/glassy_challenge_ws/install/glassy_msgs/include/glassy_msgs/glassy_msgs/msg/detail/dds_fastrtps
-- Up-to-date: /home/diogo/MIR_Project_2024/glassy_challenge_ws/install/glassy_msgs/include/glassy_msgs/glassy_msgs/srv
-- Up-to-date: /home/diogo/MIR_Project_2024/glassy_challenge_ws/install/glassy_msgs/include/glassy_msgs/glassy_msgs/srv/detail
-- Up-to-date: /home/diogo/MIR_Project_2024/glassy_challenge_ws/install/glassy_msgs/include/glassy_msgs/glassy_msgs/srv/detail/set_mission__rosidl_typesupport_fastrtps_cpp.hpp
-- Up-to-date: /home/diogo/MIR_Project_2024/glassy_challenge_ws/install/glassy_msgs/include/glassy_msgs/glassy_msgs/srv/detail/pid_gains__rosidl_typesupport_fastrtps_cpp.hpp
-- Up-to-date: /home/diogo/MIR_Project_2024/glassy_challenge_ws/install/glassy_msgs/include/glassy_msgs/glassy_msgs/srv/detail/set_limits__rosidl_typesupport_fastrtps_cpp.hpp
-- Up-to-date: /home/diogo/MIR_Project_2024/glassy_challenge_ws/install/glassy_msgs/include/glassy_msgs/glassy_msgs/srv/detail/set_path__rosidl_typesupport_fastrtps_cpp.hpp
-- Up-to-date: /home/diogo/MIR_Project_2024/glassy_challenge_ws/install/glassy_msgs/include/glassy_msgs/glassy_msgs/srv/detail/dds_fastrtps
-- Up-to-date: /home/diogo/MIR_Project_2024/glassy_challenge_ws/install/glassy_msgs/include/glassy_msgs/glassy_msgs/srv/detail/los_params__rosidl_typesupport_fastrtps_cpp.hpp
-- Up-to-date: /home/diogo/MIR_Project_2024/glassy_challenge_ws/install/glassy_msgs/lib/libglassy_msgs__rosidl_typesupport_fastrtps_cpp.so
-- Up-to-date: /home/diogo/MIR_Project_2024/glassy_challenge_ws/install/glassy_msgs/include/glassy_msgs/glassy_msgs
-- Up-to-date: /home/diogo/MIR_Project_2024/glassy_challenge_ws/install/glassy_msgs/include/glassy_msgs/glassy_msgs/msg
-- Up-to-date: /home/diogo/MIR_Project_2024/glassy_challenge_ws/install/glassy_msgs/include/glassy_msgs/glassy_msgs/msg/detail
-- Up-to-date: /home/diogo/MIR_Project_2024/glassy_challenge_ws/install/glassy_msgs/include/glassy_msgs/glassy_msgs/msg/detail/mission_info__type_support.c
-- Up-to-date: /home/diogo/MIR_Project_2024/glassy_challenge_ws/install/glassy_msgs/include/glassy_msgs/glassy_msgs/msg/detail/mission_info__rosidl_typesupport_introspection_c.h
-- Up-to-date: /home/diogo/MIR_Project_2024/glassy_challenge_ws/install/glassy_msgs/include/glassy_msgs/glassy_msgs/msg/detail/state__rosidl_typesupport_introspection_c.h
-- Up-to-date: /home/diogo/MIR_Project_2024/glassy_challenge_ws/install/glassy_msgs/include/glassy_msgs/glassy_msgs/msg/detail/inner_loop_references__type_support.c
-- Up-to-date: /home/diogo/MIR_Project_2024/glassy_challenge_ws/install/glassy_msgs/include/glassy_msgs/glassy_msgs/msg/detail/path_references__rosidl_typesupport_introspection_c.h
-- Up-to-date: /home/diogo/MIR_Project_2024/glassy_challenge_ws/install/glassy_msgs/include/glassy_msgs/glassy_msgs/msg/detail/actuators__rosidl_typesupport_introspection_c.h
-- Up-to-date: /home/diogo/MIR_Project_2024/glassy_challenge_ws/install/glassy_msgs/include/glassy_msgs/glassy_msgs/msg/detail/inner_loop_references__rosidl_typesupport_introspection_c.h
-- Up-to-date: /home/diogo/MIR_Project_2024/glassy_challenge_ws/install/glassy_msgs/include/glassy_msgs/glassy_msgs/msg/detail/actuators__type_support.c
-- Up-to-date: /home/diogo/MIR_Project_2024/glassy_challenge_ws/install/glassy_msgs/include/glassy_msgs/glassy_msgs/msg/detail/state__type_support.c
-- Up-to-date: /home/diogo/MIR_Project_2024/glassy_challenge_ws/install/glassy_msgs/include/glassy_msgs/glassy_msgs/msg/detail/path_references__type_support.c
-- Up-to-date: /home/diogo/MIR_Project_2024/glassy_challenge_ws/install/glassy_msgs/include/glassy_msgs/glassy_msgs/msg/rosidl_typesupport_introspection_c__visibility_control.h
-- Up-to-date: /home/diogo/MIR_Project_2024/glassy_challenge_ws/install/glassy_msgs/include/glassy_msgs/glassy_msgs/srv
-- Up-to-date: /home/diogo/MIR_Project_2024/glassy_challenge_ws/install/glassy_msgs/include/glassy_msgs/glassy_msgs/srv/detail
-- Up-to-date: /home/diogo/MIR_Project_2024/glassy_challenge_ws/install/glassy_msgs/include/glassy_msgs/glassy_msgs/srv/detail/los_params__type_support.c
-- Up-to-date: /home/diogo/MIR_Project_2024/glassy_challenge_ws/install/glassy_msgs/include/glassy_msgs/glassy_msgs/srv/detail/set_mission__rosidl_typesupport_introspection_c.h
-- Up-to-date: /home/diogo/MIR_Project_2024/glassy_challenge_ws/install/glassy_msgs/include/glassy_msgs/glassy_msgs/srv/detail/set_path__type_support.c
-- Up-to-date: /home/diogo/MIR_Project_2024/glassy_challenge_ws/install/glassy_msgs/include/glassy_msgs/glassy_msgs/srv/detail/set_mission__type_support.c
-- Up-to-date: /home/diogo/MIR_Project_2024/glassy_challenge_ws/install/glassy_msgs/include/glassy_msgs/glassy_msgs/srv/detail/set_path__rosidl_typesupport_introspection_c.h
-- Up-to-date: /home/diogo/MIR_Project_2024/glassy_challenge_ws/install/glassy_msgs/include/glassy_msgs/glassy_msgs/srv/detail/los_params__rosidl_typesupport_introspection_c.h
-- Up-to-date: /home/diogo/MIR_Project_2024/glassy_challenge_ws/install/glassy_msgs/include/glassy_msgs/glassy_msgs/srv/detail/set_limits__type_support.c
-- Up-to-date: /home/diogo/MIR_Project_2024/glassy_challenge_ws/install/glassy_msgs/include/glassy_msgs/glassy_msgs/srv/detail/pid_gains__type_support.c
-- Up-to-date: /home/diogo/MIR_Project_2024/glassy_challenge_ws/install/glassy_msgs/include/glassy_msgs/glassy_msgs/srv/detail/pid_gains__rosidl_typesupport_introspection_c.h
-- Up-to-date: /home/diogo/MIR_Project_2024/glassy_challenge_ws/install/glassy_msgs/include/glassy_msgs/glassy_msgs/srv/detail/set_limits__rosidl_typesupport_introspection_c.h
-- Up-to-date: /home/diogo/MIR_Project_2024/glassy_challenge_ws/install/glassy_msgs/lib/libglassy_msgs__rosidl_typesupport_introspection_c.so
-- Up-to-date: /home/diogo/MIR_Project_2024/glassy_challenge_ws/install/glassy_msgs/lib/libglassy_msgs__rosidl_typesupport_c.so
-- Up-to-date: /home/diogo/MIR_Project_2024/glassy_challenge_ws/install/glassy_msgs/include/glassy_msgs/glassy_msgs
-- Up-to-date: /home/diogo/MIR_Project_2024/glassy_challenge_ws/install/glassy_msgs/include/glassy_msgs/glassy_msgs/msg
-- Up-to-date: /home/diogo/MIR_Project_2024/glassy_challenge_ws/install/glassy_msgs/include/glassy_msgs/glassy_msgs/msg/detail
-- Up-to-date: /home/diogo/MIR_Project_2024/glassy_challenge_ws/install/glassy_msgs/include/glassy_msgs/glassy_msgs/msg/detail/state__rosidl_typesupport_introspection_cpp.hpp
-- Up-to-date: /home/diogo/MIR_Project_2024/glassy_challenge_ws/install/glassy_msgs/include/glassy_msgs/glassy_msgs/msg/detail/path_references__rosidl_typesupport_introspection_cpp.hpp
-- Up-to-date: /home/diogo/MIR_Project_2024/glassy_challenge_ws/install/glassy_msgs/include/glassy_msgs/glassy_msgs/msg/detail/path_references__type_support.cpp
-- Up-to-date: /home/diogo/MIR_Project_2024/glassy_challenge_ws/install/glassy_msgs/include/glassy_msgs/glassy_msgs/msg/detail/inner_loop_references__rosidl_typesupport_introspection_cpp.hpp
-- Up-to-date: /home/diogo/MIR_Project_2024/glassy_challenge_ws/install/glassy_msgs/include/glassy_msgs/glassy_msgs/msg/detail/state__type_support.cpp
-- Up-to-date: /home/diogo/MIR_Project_2024/glassy_challenge_ws/install/glassy_msgs/include/glassy_msgs/glassy_msgs/msg/detail/actuators__type_support.cpp
-- Up-to-date: /home/diogo/MIR_Project_2024/glassy_challenge_ws/install/glassy_msgs/include/glassy_msgs/glassy_msgs/msg/detail/inner_loop_references__type_support.cpp
-- Up-to-date: /home/diogo/MIR_Project_2024/glassy_challenge_ws/install/glassy_msgs/include/glassy_msgs/glassy_msgs/msg/detail/mission_info__rosidl_typesupport_introspection_cpp.hpp
-- Up-to-date: /home/diogo/MIR_Project_2024/glassy_challenge_ws/install/glassy_msgs/include/glassy_msgs/glassy_msgs/msg/detail/mission_info__type_support.cpp
-- Up-to-date: /home/diogo/MIR_Project_2024/glassy_challenge_ws/install/glassy_msgs/include/glassy_msgs/glassy_msgs/msg/detail/actuators__rosidl_typesupport_introspection_cpp.hpp
-- Up-to-date: /home/diogo/MIR_Project_2024/glassy_challenge_ws/install/glassy_msgs/include/glassy_msgs/glassy_msgs/srv
-- Up-to-date: /home/diogo/MIR_Project_2024/glassy_challenge_ws/install/glassy_msgs/include/glassy_msgs/glassy_msgs/srv/detail
-- Up-to-date: /home/diogo/MIR_Project_2024/glassy_challenge_ws/install/glassy_msgs/include/glassy_msgs/glassy_msgs/srv/detail/los_params__rosidl_typesupport_introspection_cpp.hpp
-- Up-to-date: /home/diogo/MIR_Project_2024/glassy_challenge_ws/install/glassy_msgs/include/glassy_msgs/glassy_msgs/srv/detail/set_path__rosidl_typesupport_introspection_cpp.hpp
-- Up-to-date: /home/diogo/MIR_Project_2024/glassy_challenge_ws/install/glassy_msgs/include/glassy_msgs/glassy_msgs/srv/detail/pid_gains__type_support.cpp
-- Up-to-date: /home/diogo/MIR_Project_2024/glassy_challenge_ws/install/glassy_msgs/include/glassy_msgs/glassy_msgs/srv/detail/set_path__type_support.cpp
-- Up-to-date: /home/diogo/MIR_Project_2024/glassy_challenge_ws/install/glassy_msgs/include/glassy_msgs/glassy_msgs/srv/detail/set_mission__type_support.cpp
-- Up-to-date: /home/diogo/MIR_Project_2024/glassy_challenge_ws/install/glassy_msgs/include/glassy_msgs/glassy_msgs/srv/detail/los_params__type_support.cpp
-- Up-to-date: /home/diogo/MIR_Project_2024/glassy_challenge_ws/install/glassy_msgs/include/glassy_msgs/glassy_msgs/srv/detail/set_limits__type_support.cpp
-- Up-to-date: /home/diogo/MIR_Project_2024/glassy_challenge_ws/install/glassy_msgs/include/glassy_msgs/glassy_msgs/srv/detail/pid_gains__rosidl_typesupport_introspection_cpp.hpp
-- Up-to-date: /home/diogo/MIR_Project_2024/glassy_challenge_ws/install/glassy_msgs/include/glassy_msgs/glassy_msgs/srv/detail/set_mission__rosidl_typesupport_introspection_cpp.hpp
-- Up-to-date: /home/diogo/MIR_Project_2024/glassy_challenge_ws/install/glassy_msgs/include/glassy_msgs/glassy_msgs/srv/detail/set_limits__rosidl_typesupport_introspection_cpp.hpp
-- Up-to-date: /home/diogo/MIR_Project_2024/glassy_challenge_ws/install/glassy_msgs/lib/libglassy_msgs__rosidl_typesupport_introspection_cpp.so
-- Up-to-date: /home/diogo/MIR_Project_2024/glassy_challenge_ws/install/glassy_msgs/lib/libglassy_msgs__rosidl_typesupport_cpp.so
-- Up-to-date: /home/diogo/MIR_Project_2024/glassy_challenge_ws/install/glassy_msgs/share/glassy_msgs/environment/pythonpath.sh
-- Up-to-date: /home/diogo/MIR_Project_2024/glassy_challenge_ws/install/glassy_msgs/share/glassy_msgs/environment/pythonpath.dsv
-- Up-to-date: /home/diogo/MIR_Project_2024/glassy_challenge_ws/install/glassy_msgs/local/lib/python3.10/dist-packages/glassy_msgs-0.0.0-py3.10.egg-info
-- Installing: /home/diogo/MIR_Project_2024/glassy_challenge_ws/install/glassy_msgs/local/lib/python3.10/dist-packages/glassy_msgs-0.0.0-py3.10.egg-info/dependency_links.txt
-- Installing: /home/diogo/MIR_Project_2024/glassy_challenge_ws/install/glassy_msgs/local/lib/python3.10/dist-packages/glassy_msgs-0.0.0-py3.10.egg-info/SOURCES.txt
-- Installing: /home/diogo/MIR_Project_2024/glassy_challenge_ws/install/glassy_msgs/local/lib/python3.10/dist-packages/glassy_msgs-0.0.0-py3.10.egg-info/PKG-INFO
-- Installing: /home/diogo/MIR_Project_2024/glassy_challenge_ws/install/glassy_msgs/local/lib/python3.10/dist-packages/glassy_msgs-0.0.0-py3.10.egg-info/top_level.txt
-- Up-to-date: /home/diogo/MIR_Project_2024/glassy_challenge_ws/install/glassy_msgs/local/lib/python3.10/dist-packages/glassy_msgs
-- Up-to-date: /home/diogo/MIR_Project_2024/glassy_challenge_ws/install/glassy_msgs/local/lib/python3.10/dist-packages/glassy_msgs/msg
-- Up-to-date: /home/diogo/MIR_Project_2024/glassy_challenge_ws/install/glassy_msgs/local/lib/python3.10/dist-packages/glassy_msgs/msg/_actuators.py
-- Up-to-date: /home/diogo/MIR_Project_2024/glassy_challenge_ws/install/glassy_msgs/local/lib/python3.10/dist-packages/glassy_msgs/msg/_mission_info.py
-- Up-to-date: /home/diogo/MIR_Project_2024/glassy_challenge_ws/install/glassy_msgs/local/lib/python3.10/dist-packages/glassy_msgs/msg/_state.py
-- Up-to-date: /home/diogo/MIR_Project_2024/glassy_challenge_ws/install/glassy_msgs/local/lib/python3.10/dist-packages/glassy_msgs/msg/_mission_info_s.c
-- Up-to-date: /home/diogo/MIR_Project_2024/glassy_challenge_ws/install/glassy_msgs/local/lib/python3.10/dist-packages/glassy_msgs/msg/_inner_loop_references_s.c
-- Up-to-date: /home/diogo/MIR_Project_2024/glassy_challenge_ws/install/glassy_msgs/local/lib/python3.10/dist-packages/glassy_msgs/msg/__init__.py
-- Up-to-date: /home/diogo/MIR_Project_2024/glassy_challenge_ws/install/glassy_msgs/local/lib/python3.10/dist-packages/glassy_msgs/msg/_actuators_s.c
-- Up-to-date: /home/diogo/MIR_Project_2024/glassy_challenge_ws/install/glassy_msgs/local/lib/python3.10/dist-packages/glassy_msgs/msg/_path_references.py
-- Up-to-date: /home/diogo/MIR_Project_2024/glassy_challenge_ws/install/glassy_msgs/local/lib/python3.10/dist-packages/glassy_msgs/msg/_state_s.c
-- Up-to-date: /home/diogo/MIR_Project_2024/glassy_challenge_ws/install/glassy_msgs/local/lib/python3.10/dist-packages/glassy_msgs/msg/_path_references_s.c
-- Up-to-date: /home/diogo/MIR_Project_2024/glassy_challenge_ws/install/glassy_msgs/local/lib/python3.10/dist-packages/glassy_msgs/msg/_inner_loop_references.py
-- Up-to-date: /home/diogo/MIR_Project_2024/glassy_challenge_ws/install/glassy_msgs/local/lib/python3.10/dist-packages/glassy_msgs/glassy_msgs_s__rosidl_typesupport_fastrtps_c.cpython-310-x86_64-linux-gnu.so
-- Up-to-date: /home/diogo/MIR_Project_2024/glassy_challenge_ws/install/glassy_msgs/local/lib/python3.10/dist-packages/glassy_msgs/glassy_msgs_s__rosidl_typesupport_introspection_c.cpython-310-x86_64-linux-gnu.so
-- Up-to-date: /home/diogo/MIR_Project_2024/glassy_challenge_ws/install/glassy_msgs/local/lib/python3.10/dist-packages/glassy_msgs/srv
-- Up-to-date: /home/diogo/MIR_Project_2024/glassy_challenge_ws/install/glassy_msgs/local/lib/python3.10/dist-packages/glassy_msgs/srv/_los_params_s.c
-- Up-to-date: /home/diogo/MIR_Project_2024/glassy_challenge_ws/install/glassy_msgs/local/lib/python3.10/dist-packages/glassy_msgs/srv/_set_path_s.c
-- Up-to-date: /home/diogo/MIR_Project_2024/glassy_challenge_ws/install/glassy_msgs/local/lib/python3.10/dist-packages/glassy_msgs/srv/_set_path.py
-- Up-to-date: /home/diogo/MIR_Project_2024/glassy_challenge_ws/install/glassy_msgs/local/lib/python3.10/dist-packages/glassy_msgs/srv/_set_mission.py
-- Up-to-date: /home/diogo/MIR_Project_2024/glassy_challenge_ws/install/glassy_msgs/local/lib/python3.10/dist-packages/glassy_msgs/srv/_set_mission_s.c
-- Up-to-date: /home/diogo/MIR_Project_2024/glassy_challenge_ws/install/glassy_msgs/local/lib/python3.10/dist-packages/glassy_msgs/srv/_set_limits.py
-- Up-to-date: /home/diogo/MIR_Project_2024/glassy_challenge_ws/install/glassy_msgs/local/lib/python3.10/dist-packages/glassy_msgs/srv/__init__.py
-- Up-to-date: /home/diogo/MIR_Project_2024/glassy_challenge_ws/install/glassy_msgs/local/lib/python3.10/dist-packages/glassy_msgs/srv/_pid_gains.py
-- Up-to-date: /home/diogo/MIR_Project_2024/glassy_challenge_ws/install/glassy_msgs/local/lib/python3.10/dist-packages/glassy_msgs/srv/_pid_gains_s.c
-- Up-to-date: /home/diogo/MIR_Project_2024/glassy_challenge_ws/install/glassy_msgs/local/lib/python3.10/dist-packages/glassy_msgs/srv/_set_limits_s.c
-- Up-to-date: /home/diogo/MIR_Project_2024/glassy_challenge_ws/install/glassy_msgs/local/lib/python3.10/dist-packages/glassy_msgs/srv/_los_params.py
-- Up-to-date: /home/diogo/MIR_Project_2024/glassy_challenge_ws/install/glassy_msgs/local/lib/python3.10/dist-packages/glassy_msgs/__init__.py
-- Up-to-date: /home/diogo/MIR_Project_2024/glassy_challenge_ws/install/glassy_msgs/local/lib/python3.10/dist-packages/glassy_msgs/_glassy_msgs_s.ep.rosidl_typesupport_introspection_c.c
-- Up-to-date: /home/diogo/MIR_Project_2024/glassy_challenge_ws/install/glassy_msgs/local/lib/python3.10/dist-packages/glassy_msgs/libglassy_msgs__rosidl_generator_py.so
-- Up-to-date: /home/diogo/MIR_Project_2024/glassy_challenge_ws/install/glassy_msgs/local/lib/python3.10/dist-packages/glassy_msgs/glassy_msgs_s__rosidl_typesupport_c.cpython-310-x86_64-linux-gnu.so
-- Up-to-date: /home/diogo/MIR_Project_2024/glassy_challenge_ws/install/glassy_msgs/local/lib/python3.10/dist-packages/glassy_msgs/_glassy_msgs_s.ep.rosidl_typesupport_c.c
-- Up-to-date: /home/diogo/MIR_Project_2024/glassy_challenge_ws/install/glassy_msgs/local/lib/python3.10/dist-packages/glassy_msgs/_glassy_msgs_s.ep.rosidl_typesupport_fastrtps_c.c
Listing '/home/diogo/MIR_Project_2024/glassy_challenge_ws/install/glassy_msgs/local/lib/python3.10/dist-packages/glassy_msgs'...
Listing '/home/diogo/MIR_Project_2024/glassy_challenge_ws/install/glassy_msgs/local/lib/python3.10/dist-packages/glassy_msgs/msg'...
Listing '/home/diogo/MIR_Project_2024/glassy_challenge_ws/install/glassy_msgs/local/lib/python3.10/dist-packages/glassy_msgs/srv'...
-- Up-to-date: /home/diogo/MIR_Project_2024/glassy_challenge_ws/install/glassy_msgs/local/lib/python3.10/dist-packages/glassy_msgs/glassy_msgs_s__rosidl_typesupport_fastrtps_c.cpython-310-x86_64-linux-gnu.so
-- Up-to-date: /home/diogo/MIR_Project_2024/glassy_challenge_ws/install/glassy_msgs/local/lib/python3.10/dist-packages/glassy_msgs/glassy_msgs_s__rosidl_typesupport_introspection_c.cpython-310-x86_64-linux-gnu.so
-- Up-to-date: /home/diogo/MIR_Project_2024/glassy_challenge_ws/install/glassy_msgs/local/lib/python3.10/dist-packages/glassy_msgs/glassy_msgs_s__rosidl_typesupport_c.cpython-310-x86_64-linux-gnu.so
-- Up-to-date: /home/diogo/MIR_Project_2024/glassy_challenge_ws/install/glassy_msgs/lib/libglassy_msgs__rosidl_generator_py.so
-- Up-to-date: /home/diogo/MIR_Project_2024/glassy_challenge_ws/install/glassy_msgs/share/glassy_msgs/msg/State.idl
-- Up-to-date: /home/diogo/MIR_Project_2024/glassy_challenge_ws/install/glassy_msgs/share/glassy_msgs/msg/Actuators.idl
-- Up-to-date: /home/diogo/MIR_Project_2024/glassy_challenge_ws/install/glassy_msgs/share/glassy_msgs/msg/InnerLoopReferences.idl
-- Up-to-date: /home/diogo/MIR_Project_2024/glassy_challenge_ws/install/glassy_msgs/share/glassy_msgs/msg/PathReferences.idl
-- Up-to-date: /home/diogo/MIR_Project_2024/glassy_challenge_ws/install/glassy_msgs/share/glassy_msgs/msg/MissionInfo.idl
-- Up-to-date: /home/diogo/MIR_Project_2024/glassy_challenge_ws/install/glassy_msgs/share/glassy_msgs/srv/PidGains.idl
-- Up-to-date: /home/diogo/MIR_Project_2024/glassy_challenge_ws/install/glassy_msgs/share/glassy_msgs/srv/SetPath.idl
-- Up-to-date: /home/diogo/MIR_Project_2024/glassy_challenge_ws/install/glassy_msgs/share/glassy_msgs/srv/LosParams.idl
-- Up-to-date: /home/diogo/MIR_Project_2024/glassy_challenge_ws/install/glassy_msgs/share/glassy_msgs/srv/SetLimits.idl
-- Up-to-date: /home/diogo/MIR_Project_2024/glassy_challenge_ws/install/glassy_msgs/share/glassy_msgs/srv/SetMission.idl
-- Up-to-date: /home/diogo/MIR_Project_2024/glassy_challenge_ws/install/glassy_msgs/share/glassy_msgs/msg/State.msg
-- Up-to-date: /home/diogo/MIR_Project_2024/glassy_challenge_ws/install/glassy_msgs/share/glassy_msgs/msg/Actuators.msg
-- Up-to-date: /home/diogo/MIR_Project_2024/glassy_challenge_ws/install/glassy_msgs/share/glassy_msgs/msg/InnerLoopReferences.msg
-- Up-to-date: /home/diogo/MIR_Project_2024/glassy_challenge_ws/install/glassy_msgs/share/glassy_msgs/msg/PathReferences.msg
-- Up-to-date: /home/diogo/MIR_Project_2024/glassy_challenge_ws/install/glassy_msgs/share/glassy_msgs/msg/MissionInfo.msg
-- Up-to-date: /home/diogo/MIR_Project_2024/glassy_challenge_ws/install/glassy_msgs/share/glassy_msgs/srv/PidGains.srv
-- Up-to-date: /home/diogo/MIR_Project_2024/glassy_challenge_ws/install/glassy_msgs/share/glassy_msgs/srv/PidGains_Request.msg
-- Up-to-date: /home/diogo/MIR_Project_2024/glassy_challenge_ws/install/glassy_msgs/share/glassy_msgs/srv/PidGains_Response.msg
-- Up-to-date: /home/diogo/MIR_Project_2024/glassy_challenge_ws/install/glassy_msgs/share/glassy_msgs/srv/SetPath.srv
-- Up-to-date: /home/diogo/MIR_Project_2024/glassy_challenge_ws/install/glassy_msgs/share/glassy_msgs/srv/SetPath_Request.msg
-- Up-to-date: /home/diogo/MIR_Project_2024/glassy_challenge_ws/install/glassy_msgs/share/glassy_msgs/srv/SetPath_Response.msg
-- Up-to-date: /home/diogo/MIR_Project_2024/glassy_challenge_ws/install/glassy_msgs/share/glassy_msgs/srv/LosParams.srv
-- Up-to-date: /home/diogo/MIR_Project_2024/glassy_challenge_ws/install/glassy_msgs/share/glassy_msgs/srv/LosParams_Request.msg
-- Up-to-date: /home/diogo/MIR_Project_2024/glassy_challenge_ws/install/glassy_msgs/share/glassy_msgs/srv/LosParams_Response.msg
-- Up-to-date: /home/diogo/MIR_Project_2024/glassy_challenge_ws/install/glassy_msgs/share/glassy_msgs/srv/SetLimits.srv
-- Up-to-date: /home/diogo/MIR_Project_2024/glassy_challenge_ws/install/glassy_msgs/share/glassy_msgs/srv/SetLimits_Request.msg
-- Up-to-date: /home/diogo/MIR_Project_2024/glassy_challenge_ws/install/glassy_msgs/share/glassy_msgs/srv/SetLimits_Response.msg
-- Up-to-date: /home/diogo/MIR_Project_2024/glassy_challenge_ws/install/glassy_msgs/share/glassy_msgs/srv/SetMission.srv
-- Up-to-date: /home/diogo/MIR_Project_2024/glassy_challenge_ws/install/glassy_msgs/share/glassy_msgs/srv/SetMission_Request.msg
-- Up-to-date: /home/diogo/MIR_Project_2024/glassy_challenge_ws/install/glassy_msgs/share/glassy_msgs/srv/SetMission_Response.msg
-- Up-to-date: /home/diogo/MIR_Project_2024/glassy_challenge_ws/install/glassy_msgs/share/ament_index/resource_index/package_run_dependencies/glassy_msgs
-- Up-to-date: /home/diogo/MIR_Project_2024/glassy_challenge_ws/install/glassy_msgs/share/ament_index/resource_index/parent_prefix_path/glassy_msgs
-- Up-to-date: /home/diogo/MIR_Project_2024/glassy_challenge_ws/install/glassy_msgs/share/glassy_msgs/environment/ament_prefix_path.sh
-- Up-to-date: /home/diogo/MIR_Project_2024/glassy_challenge_ws/install/glassy_msgs/share/glassy_msgs/environment/ament_prefix_path.dsv
-- Up-to-date: /home/diogo/MIR_Project_2024/glassy_challenge_ws/install/glassy_msgs/share/glassy_msgs/environment/path.sh
-- Up-to-date: /home/diogo/MIR_Project_2024/glassy_challenge_ws/install/glassy_msgs/share/glassy_msgs/environment/path.dsv
-- Up-to-date: /home/diogo/MIR_Project_2024/glassy_challenge_ws/install/glassy_msgs/share/glassy_msgs/local_setup.bash
-- Up-to-date: /home/diogo/MIR_Project_2024/glassy_challenge_ws/install/glassy_msgs/share/glassy_msgs/local_setup.sh
-- Up-to-date: /home/diogo/MIR_Project_2024/glassy_challenge_ws/install/glassy_msgs/share/glassy_msgs/local_setup.zsh
-- Up-to-date: /home/diogo/MIR_Project_2024/glassy_challenge_ws/install/glassy_msgs/share/glassy_msgs/local_setup.dsv
-- Installing: /home/diogo/MIR_Project_2024/glassy_challenge_ws/install/glassy_msgs/share/glassy_msgs/package.dsv
-- Up-to-date: /home/diogo/MIR_Project_2024/glassy_challenge_ws/install/glassy_msgs/share/ament_index/resource_index/packages/glassy_msgs
-- Up-to-date: /home/diogo/MIR_Project_2024/glassy_challenge_ws/install/glassy_msgs/share/glassy_msgs/cmake/export_glassy_msgs__rosidl_generator_cExport.cmake
-- Up-to-date: /home/diogo/MIR_Project_2024/glassy_challenge_ws/install/glassy_msgs/share/glassy_msgs/cmake/export_glassy_msgs__rosidl_generator_cExport-noconfig.cmake
-- Up-to-date: /home/diogo/MIR_Project_2024/glassy_challenge_ws/install/glassy_msgs/share/glassy_msgs/cmake/export_glassy_msgs__rosidl_typesupport_fastrtps_cExport.cmake
-- Up-to-date: /home/diogo/MIR_Project_2024/glassy_challenge_ws/install/glassy_msgs/share/glassy_msgs/cmake/export_glassy_msgs__rosidl_typesupport_fastrtps_cExport-noconfig.cmake
-- Up-to-date: /home/diogo/MIR_Project_2024/glassy_challenge_ws/install/glassy_msgs/share/glassy_msgs/cmake/export_glassy_msgs__rosidl_generator_cppExport.cmake
-- Up-to-date: /home/diogo/MIR_Project_2024/glassy_challenge_ws/install/glassy_msgs/share/glassy_msgs/cmake/export_glassy_msgs__rosidl_typesupport_fastrtps_cppExport.cmake
-- Up-to-date: /home/diogo/MIR_Project_2024/glassy_challenge_ws/install/glassy_msgs/share/glassy_msgs/cmake/export_glassy_msgs__rosidl_typesupport_fastrtps_cppExport-noconfig.cmake
-- Up-to-date: /home/diogo/MIR_Project_2024/glassy_challenge_ws/install/glassy_msgs/share/glassy_msgs/cmake/glassy_msgs__rosidl_typesupport_introspection_cExport.cmake
-- Up-to-date: /home/diogo/MIR_Project_2024/glassy_challenge_ws/install/glassy_msgs/share/glassy_msgs/cmake/glassy_msgs__rosidl_typesupport_introspection_cExport-noconfig.cmake
-- Up-to-date: /home/diogo/MIR_Project_2024/glassy_challenge_ws/install/glassy_msgs/share/glassy_msgs/cmake/glassy_msgs__rosidl_typesupport_cExport.cmake
-- Up-to-date: /home/diogo/MIR_Project_2024/glassy_challenge_ws/install/glassy_msgs/share/glassy_msgs/cmake/glassy_msgs__rosidl_typesupport_cExport-noconfig.cmake
-- Up-to-date: /home/diogo/MIR_Project_2024/glassy_challenge_ws/install/glassy_msgs/share/glassy_msgs/cmake/glassy_msgs__rosidl_typesupport_introspection_cppExport.cmake
-- Up-to-date: /home/diogo/MIR_Project_2024/glassy_challenge_ws/install/glassy_msgs/share/glassy_msgs/cmake/glassy_msgs__rosidl_typesupport_introspection_cppExport-noconfig.cmake
-- Up-to-date: /home/diogo/MIR_Project_2024/glassy_challenge_ws/install/glassy_msgs/share/glassy_msgs/cmake/glassy_msgs__rosidl_typesupport_cppExport.cmake
-- Up-to-date: /home/diogo/MIR_Project_2024/glassy_challenge_ws/install/glassy_msgs/share/glassy_msgs/cmake/glassy_msgs__rosidl_typesupport_cppExport-noconfig.cmake
-- Up-to-date: /home/diogo/MIR_Project_2024/glassy_challenge_ws/install/glassy_msgs/share/glassy_msgs/cmake/export_glassy_msgs__rosidl_generator_pyExport.cmake
-- Up-to-date: /home/diogo/MIR_Project_2024/glassy_challenge_ws/install/glassy_msgs/share/glassy_msgs/cmake/export_glassy_msgs__rosidl_generator_pyExport-noconfig.cmake
-- Up-to-date: /home/diogo/MIR_Project_2024/glassy_challenge_ws/install/glassy_msgs/share/glassy_msgs/cmake/rosidl_cmake-extras.cmake
-- Up-to-date: /home/diogo/MIR_Project_2024/glassy_challenge_ws/install/glassy_msgs/share/glassy_msgs/cmake/ament_cmake_export_dependencies-extras.cmake
-- Up-to-date: /home/diogo/MIR_Project_2024/glassy_challenge_ws/install/glassy_msgs/share/glassy_msgs/cmake/ament_cmake_export_include_directories-extras.cmake
-- Up-to-date: /home/diogo/MIR_Project_2024/glassy_challenge_ws/install/glassy_msgs/share/glassy_msgs/cmake/ament_cmake_export_libraries-extras.cmake
-- Up-to-date: /home/diogo/MIR_Project_2024/glassy_challenge_ws/install/glassy_msgs/share/glassy_msgs/cmake/ament_cmake_export_targets-extras.cmake
-- Up-to-date: /home/diogo/MIR_Project_2024/glassy_challenge_ws/install/glassy_msgs/share/glassy_msgs/cmake/rosidl_cmake_export_typesupport_targets-extras.cmake
-- Up-to-date: /home/diogo/MIR_Project_2024/glassy_challenge_ws/install/glassy_msgs/share/glassy_msgs/cmake/rosidl_cmake_export_typesupport_libraries-extras.cmake
-- Up-to-date: /home/diogo/MIR_Project_2024/glassy_challenge_ws/install/glassy_msgs/share/glassy_msgs/cmake/glassy_msgsConfig.cmake
-- Up-to-date: /home/diogo/MIR_Project_2024/glassy_challenge_ws/install/glassy_msgs/share/glassy_msgs/cmake/glassy_msgsConfig-version.cmake
-- Up-to-date: /home/diogo/MIR_Project_2024/glassy_challenge_ws/install/glassy_msgs/share/glassy_msgs/package.xml
