[0.023s] Invoking command in '/home/diogo/MIR_Project_2024/glassy_challenge_ws/build/glassy_msgs': CMAKE_PREFIX_PATH=${CMAKE_PREFIX_PATH}:/home/diogo/MIR_Project_2024/glassy_challenge_ws/install/glassy_challenge:/opt/ros/humble /usr/bin/cmake --build /home/diogo/MIR_Project_2024/glassy_challenge_ws/build/glassy_msgs -- -j2 -l2
[0.287s] [  0%] Built target glassy_msgs__cpp
[0.352s] [ 12%] Built target glassy_msgs__rosidl_generator_c
[0.375s] [ 12%] Built target ament_cmake_python_copy_glassy_msgs
[0.445s] [ 24%] Built target glassy_msgs__rosidl_typesupport_cpp
[0.464s] [ 36%] Built target glassy_msgs__rosidl_typesupport_fastrtps_c
[0.536s] [ 47%] Built target glassy_msgs__rosidl_typesupport_fastrtps_cpp
[0.547s] [ 59%] Built target glassy_msgs__rosidl_typesupport_introspection_c
[0.606s] [ 70%] Built target glassy_msgs__rosidl_typesupport_c
[0.648s] [ 82%] Built target glassy_msgs__rosidl_typesupport_introspection_cpp
[0.728s] [ 82%] Built target glassy_msgs
[0.831s] [ 83%] Built target glassy_msgs__py
[0.989s] [ 94%] Built target glassy_msgs__rosidl_generator_py
[1.072s] [ 96%] Built target glassy_msgs__rosidl_typesupport_fastrtps_c__pyext
[1.091s] running egg_info
[1.092s] writing glassy_msgs.egg-info/PKG-INFO
[1.094s] writing dependency_links to glassy_msgs.egg-info/dependency_links.txt
[1.095s] writing top-level names to glassy_msgs.egg-info/top_level.txt
[1.103s] reading manifest file 'glassy_msgs.egg-info/SOURCES.txt'
[1.104s] writing manifest file 'glassy_msgs.egg-info/SOURCES.txt'
[1.169s] [ 96%] Built target ament_cmake_python_build_glassy_msgs_egg
[1.190s] [ 98%] Built target glassy_msgs__rosidl_typesupport_introspection_c__pyext
[1.242s] [100%] Built target glassy_msgs__rosidl_typesupport_c__pyext
[1.281s] Invoked command in '/home/diogo/MIR_Project_2024/glassy_challenge_ws/build/glassy_msgs' returned '0': CMAKE_PREFIX_PATH=${CMAKE_PREFIX_PATH}:/home/diogo/MIR_Project_2024/glassy_challenge_ws/install/glassy_challenge:/opt/ros/humble /usr/bin/cmake --build /home/diogo/MIR_Project_2024/glassy_challenge_ws/build/glassy_msgs -- -j2 -l2
[1.307s] Invoking command in '/home/diogo/MIR_Project_2024/glassy_challenge_ws/build/glassy_msgs': CMAKE_PREFIX_PATH=${CMAKE_PREFIX_PATH}:/home/diogo/MIR_Project_2024/glassy_challenge_ws/install/glassy_challenge:/opt/ros/humble /usr/bin/cmake --install /home/diogo/MIR_Project_2024/glassy_challenge_ws/build/glassy_msgs
[1.318s] -- Install configuration: ""
[1.320s] -- Up-to-date: /home/diogo/MIR_Project_2024/glassy_challenge_ws/install/glassy_msgs/share/ament_index/resource_index/rosidl_interfaces/glassy_msgs
[1.321s] -- Up-to-date: /home/diogo/MIR_Project_2024/glassy_challenge_ws/install/glassy_msgs/include/glassy_msgs/glassy_msgs
[1.322s] -- Up-to-date: /home/diogo/MIR_Project_2024/glassy_challenge_ws/install/glassy_msgs/include/glassy_msgs/glassy_msgs/msg
[1.322s] -- Up-to-date: /home/diogo/MIR_Project_2024/glassy_challenge_ws/install/glassy_msgs/include/glassy_msgs/glassy_msgs/msg/inner_loop_references.h
[1.323s] -- Up-to-date: /home/diogo/MIR_Project_2024/glassy_challenge_ws/install/glassy_msgs/include/glassy_msgs/glassy_msgs/msg/detail
[1.323s] -- Up-to-date: /home/diogo/MIR_Project_2024/glassy_challenge_ws/install/glassy_msgs/include/glassy_msgs/glassy_msgs/msg/detail/actuators__struct.h
[1.323s] -- Up-to-date: /home/diogo/MIR_Project_2024/glassy_challenge_ws/install/glassy_msgs/include/glassy_msgs/glassy_msgs/msg/detail/path_references__type_support.h
[1.323s] -- Up-to-date: /home/diogo/MIR_Project_2024/glassy_challenge_ws/install/glassy_msgs/include/glassy_msgs/glassy_msgs/msg/detail/mission_info__functions.h
[1.324s] -- Up-to-date: /home/diogo/MIR_Project_2024/glassy_challenge_ws/install/glassy_msgs/include/glassy_msgs/glassy_msgs/msg/detail/inner_loop_references__type_support.h
[1.325s] -- Up-to-date: /home/diogo/MIR_Project_2024/glassy_challenge_ws/install/glassy_msgs/include/glassy_msgs/glassy_msgs/msg/detail/state__functions.h
[1.325s] -- Up-to-date: /home/diogo/MIR_Project_2024/glassy_challenge_ws/install/glassy_msgs/include/glassy_msgs/glassy_msgs/msg/detail/actuators__type_support.h
[1.325s] -- Up-to-date: /home/diogo/MIR_Project_2024/glassy_challenge_ws/install/glassy_msgs/include/glassy_msgs/glassy_msgs/msg/detail/mission_info__functions.c
[1.325s] -- Up-to-date: /home/diogo/MIR_Project_2024/glassy_challenge_ws/install/glassy_msgs/include/glassy_msgs/glassy_msgs/msg/detail/mission_info__type_support.h
[1.325s] -- Up-to-date: /home/diogo/MIR_Project_2024/glassy_challenge_ws/install/glassy_msgs/include/glassy_msgs/glassy_msgs/msg/detail/state__functions.c
[1.325s] -- Up-to-date: /home/diogo/MIR_Project_2024/glassy_challenge_ws/install/glassy_msgs/include/glassy_msgs/glassy_msgs/msg/detail/actuators__functions.c
[1.325s] -- Up-to-date: /home/diogo/MIR_Project_2024/glassy_challenge_ws/install/glassy_msgs/include/glassy_msgs/glassy_msgs/msg/detail/inner_loop_references__functions.c
[1.325s] -- Up-to-date: /home/diogo/MIR_Project_2024/glassy_challenge_ws/install/glassy_msgs/include/glassy_msgs/glassy_msgs/msg/detail/path_references__struct.h
[1.325s] -- Up-to-date: /home/diogo/MIR_Project_2024/glassy_challenge_ws/install/glassy_msgs/include/glassy_msgs/glassy_msgs/msg/detail/state__type_support.h
[1.325s] -- Up-to-date: /home/diogo/MIR_Project_2024/glassy_challenge_ws/install/glassy_msgs/include/glassy_msgs/glassy_msgs/msg/detail/inner_loop_references__functions.h
[1.326s] -- Up-to-date: /home/diogo/MIR_Project_2024/glassy_challenge_ws/install/glassy_msgs/include/glassy_msgs/glassy_msgs/msg/detail/state__struct.h
[1.326s] -- Up-to-date: /home/diogo/MIR_Project_2024/glassy_challenge_ws/install/glassy_msgs/include/glassy_msgs/glassy_msgs/msg/detail/mission_info__struct.h
[1.327s] -- Up-to-date: /home/diogo/MIR_Project_2024/glassy_challenge_ws/install/glassy_msgs/include/glassy_msgs/glassy_msgs/msg/detail/inner_loop_references__struct.h
[1.328s] -- Up-to-date: /home/diogo/MIR_Project_2024/glassy_challenge_ws/install/glassy_msgs/include/glassy_msgs/glassy_msgs/msg/detail/path_references__functions.h
[1.328s] -- Up-to-date: /home/diogo/MIR_Project_2024/glassy_challenge_ws/install/glassy_msgs/include/glassy_msgs/glassy_msgs/msg/detail/path_references__functions.c
[1.328s] -- Up-to-date: /home/diogo/MIR_Project_2024/glassy_challenge_ws/install/glassy_msgs/include/glassy_msgs/glassy_msgs/msg/detail/actuators__functions.h
[1.328s] -- Up-to-date: /home/diogo/MIR_Project_2024/glassy_challenge_ws/install/glassy_msgs/include/glassy_msgs/glassy_msgs/msg/path_references.h
[1.328s] -- Up-to-date: /home/diogo/MIR_Project_2024/glassy_challenge_ws/install/glassy_msgs/include/glassy_msgs/glassy_msgs/msg/actuators.h
[1.329s] -- Up-to-date: /home/diogo/MIR_Project_2024/glassy_challenge_ws/install/glassy_msgs/include/glassy_msgs/glassy_msgs/msg/rosidl_generator_c__visibility_control.h
[1.329s] -- Up-to-date: /home/diogo/MIR_Project_2024/glassy_challenge_ws/install/glassy_msgs/include/glassy_msgs/glassy_msgs/msg/mission_info.h
[1.331s] -- Up-to-date: /home/diogo/MIR_Project_2024/glassy_challenge_ws/install/glassy_msgs/include/glassy_msgs/glassy_msgs/msg/state.h
[1.331s] -- Up-to-date: /home/diogo/MIR_Project_2024/glassy_challenge_ws/install/glassy_msgs/include/glassy_msgs/glassy_msgs/srv
[1.331s] -- Up-to-date: /home/diogo/MIR_Project_2024/glassy_challenge_ws/install/glassy_msgs/include/glassy_msgs/glassy_msgs/srv/detail
[1.331s] -- Up-to-date: /home/diogo/MIR_Project_2024/glassy_challenge_ws/install/glassy_msgs/include/glassy_msgs/glassy_msgs/srv/detail/los_params__functions.h
[1.331s] -- Up-to-date: /home/diogo/MIR_Project_2024/glassy_challenge_ws/install/glassy_msgs/include/glassy_msgs/glassy_msgs/srv/detail/pid_gains__type_support.h
[1.331s] -- Up-to-date: /home/diogo/MIR_Project_2024/glassy_challenge_ws/install/glassy_msgs/include/glassy_msgs/glassy_msgs/srv/detail/set_mission__struct.h
[1.331s] -- Up-to-date: /home/diogo/MIR_Project_2024/glassy_challenge_ws/install/glassy_msgs/include/glassy_msgs/glassy_msgs/srv/detail/set_path__struct.h
[1.331s] -- Up-to-date: /home/diogo/MIR_Project_2024/glassy_challenge_ws/install/glassy_msgs/include/glassy_msgs/glassy_msgs/srv/detail/los_params__type_support.h
[1.331s] -- Up-to-date: /home/diogo/MIR_Project_2024/glassy_challenge_ws/install/glassy_msgs/include/glassy_msgs/glassy_msgs/srv/detail/pid_gains__functions.c
[1.331s] -- Up-to-date: /home/diogo/MIR_Project_2024/glassy_challenge_ws/install/glassy_msgs/include/glassy_msgs/glassy_msgs/srv/detail/set_limits__type_support.h
[1.331s] -- Up-to-date: /home/diogo/MIR_Project_2024/glassy_challenge_ws/install/glassy_msgs/include/glassy_msgs/glassy_msgs/srv/detail/set_limits__functions.h
[1.331s] -- Up-to-date: /home/diogo/MIR_Project_2024/glassy_challenge_ws/install/glassy_msgs/include/glassy_msgs/glassy_msgs/srv/detail/set_path__functions.h
[1.331s] -- Up-to-date: /home/diogo/MIR_Project_2024/glassy_challenge_ws/install/glassy_msgs/include/glassy_msgs/glassy_msgs/srv/detail/set_mission__functions.c
[1.331s] -- Up-to-date: /home/diogo/MIR_Project_2024/glassy_challenge_ws/install/glassy_msgs/include/glassy_msgs/glassy_msgs/srv/detail/set_mission__type_support.h
[1.331s] -- Up-to-date: /home/diogo/MIR_Project_2024/glassy_challenge_ws/install/glassy_msgs/include/glassy_msgs/glassy_msgs/srv/detail/set_path__type_support.h
[1.332s] -- Up-to-date: /home/diogo/MIR_Project_2024/glassy_challenge_ws/install/glassy_msgs/include/glassy_msgs/glassy_msgs/srv/detail/los_params__struct.h
[1.332s] -- Up-to-date: /home/diogo/MIR_Project_2024/glassy_challenge_ws/install/glassy_msgs/include/glassy_msgs/glassy_msgs/srv/detail/set_limits__functions.c
[1.332s] -- Up-to-date: /home/diogo/MIR_Project_2024/glassy_challenge_ws/install/glassy_msgs/include/glassy_msgs/glassy_msgs/srv/detail/set_mission__functions.h
[1.332s] -- Up-to-date: /home/diogo/MIR_Project_2024/glassy_challenge_ws/install/glassy_msgs/include/glassy_msgs/glassy_msgs/srv/detail/set_limits__struct.h
[1.332s] -- Up-to-date: /home/diogo/MIR_Project_2024/glassy_challenge_ws/install/glassy_msgs/include/glassy_msgs/glassy_msgs/srv/detail/pid_gains__functions.h
[1.332s] -- Up-to-date: /home/diogo/MIR_Project_2024/glassy_challenge_ws/install/glassy_msgs/include/glassy_msgs/glassy_msgs/srv/detail/los_params__functions.c
[1.332s] -- Up-to-date: /home/diogo/MIR_Project_2024/glassy_challenge_ws/install/glassy_msgs/include/glassy_msgs/glassy_msgs/srv/detail/pid_gains__struct.h
[1.332s] -- Up-to-date: /home/diogo/MIR_Project_2024/glassy_challenge_ws/install/glassy_msgs/include/glassy_msgs/glassy_msgs/srv/detail/set_path__functions.c
[1.332s] -- Up-to-date: /home/diogo/MIR_Project_2024/glassy_challenge_ws/install/glassy_msgs/include/glassy_msgs/glassy_msgs/srv/pid_gains.h
[1.332s] -- Up-to-date: /home/diogo/MIR_Project_2024/glassy_challenge_ws/install/glassy_msgs/include/glassy_msgs/glassy_msgs/srv/los_params.h
[1.332s] -- Up-to-date: /home/diogo/MIR_Project_2024/glassy_challenge_ws/install/glassy_msgs/include/glassy_msgs/glassy_msgs/srv/set_path.h
[1.332s] -- Up-to-date: /home/diogo/MIR_Project_2024/glassy_challenge_ws/install/glassy_msgs/include/glassy_msgs/glassy_msgs/srv/set_limits.h
[1.332s] -- Up-to-date: /home/diogo/MIR_Project_2024/glassy_challenge_ws/install/glassy_msgs/include/glassy_msgs/glassy_msgs/srv/set_mission.h
[1.332s] -- Up-to-date: /home/diogo/MIR_Project_2024/glassy_challenge_ws/install/glassy_msgs/share/glassy_msgs/environment/library_path.sh
[1.332s] -- Up-to-date: /home/diogo/MIR_Project_2024/glassy_challenge_ws/install/glassy_msgs/share/glassy_msgs/environment/library_path.dsv
[1.335s] -- Up-to-date: /home/diogo/MIR_Project_2024/glassy_challenge_ws/install/glassy_msgs/lib/libglassy_msgs__rosidl_generator_c.so
[1.335s] -- Up-to-date: /home/diogo/MIR_Project_2024/glassy_challenge_ws/install/glassy_msgs/include/glassy_msgs/glassy_msgs
[1.335s] -- Up-to-date: /home/diogo/MIR_Project_2024/glassy_challenge_ws/install/glassy_msgs/include/glassy_msgs/glassy_msgs/msg
[1.335s] -- Up-to-date: /home/diogo/MIR_Project_2024/glassy_challenge_ws/install/glassy_msgs/include/glassy_msgs/glassy_msgs/msg/detail
[1.335s] -- Up-to-date: /home/diogo/MIR_Project_2024/glassy_challenge_ws/install/glassy_msgs/include/glassy_msgs/glassy_msgs/msg/detail/inner_loop_references__rosidl_typesupport_fastrtps_c.h
[1.335s] -- Up-to-date: /home/diogo/MIR_Project_2024/glassy_challenge_ws/install/glassy_msgs/include/glassy_msgs/glassy_msgs/msg/detail/mission_info__rosidl_typesupport_fastrtps_c.h
[1.335s] -- Up-to-date: /home/diogo/MIR_Project_2024/glassy_challenge_ws/install/glassy_msgs/include/glassy_msgs/glassy_msgs/msg/detail/actuators__rosidl_typesupport_fastrtps_c.h
[1.338s] -- Up-to-date: /home/diogo/MIR_Project_2024/glassy_challenge_ws/install/glassy_msgs/include/glassy_msgs/glassy_msgs/msg/detail/path_references__rosidl_typesupport_fastrtps_c.h
[1.338s] -- Up-to-date: /home/diogo/MIR_Project_2024/glassy_challenge_ws/install/glassy_msgs/include/glassy_msgs/glassy_msgs/msg/detail/state__rosidl_typesupport_fastrtps_c.h
[1.338s] -- Up-to-date: /home/diogo/MIR_Project_2024/glassy_challenge_ws/install/glassy_msgs/include/glassy_msgs/glassy_msgs/msg/rosidl_typesupport_fastrtps_c__visibility_control.h
[1.338s] -- Up-to-date: /home/diogo/MIR_Project_2024/glassy_challenge_ws/install/glassy_msgs/include/glassy_msgs/glassy_msgs/srv
[1.338s] -- Up-to-date: /home/diogo/MIR_Project_2024/glassy_challenge_ws/install/glassy_msgs/include/glassy_msgs/glassy_msgs/srv/detail
[1.338s] -- Up-to-date: /home/diogo/MIR_Project_2024/glassy_challenge_ws/install/glassy_msgs/include/glassy_msgs/glassy_msgs/srv/detail/set_mission__rosidl_typesupport_fastrtps_c.h
[1.338s] -- Up-to-date: /home/diogo/MIR_Project_2024/glassy_challenge_ws/install/glassy_msgs/include/glassy_msgs/glassy_msgs/srv/detail/set_path__rosidl_typesupport_fastrtps_c.h
[1.338s] -- Up-to-date: /home/diogo/MIR_Project_2024/glassy_challenge_ws/install/glassy_msgs/include/glassy_msgs/glassy_msgs/srv/detail/los_params__rosidl_typesupport_fastrtps_c.h
[1.338s] -- Up-to-date: /home/diogo/MIR_Project_2024/glassy_challenge_ws/install/glassy_msgs/include/glassy_msgs/glassy_msgs/srv/detail/pid_gains__rosidl_typesupport_fastrtps_c.h
[1.338s] -- Up-to-date: /home/diogo/MIR_Project_2024/glassy_challenge_ws/install/glassy_msgs/include/glassy_msgs/glassy_msgs/srv/detail/set_limits__rosidl_typesupport_fastrtps_c.h
[1.341s] -- Up-to-date: /home/diogo/MIR_Project_2024/glassy_challenge_ws/install/glassy_msgs/lib/libglassy_msgs__rosidl_typesupport_fastrtps_c.so
[1.341s] -- Up-to-date: /home/diogo/MIR_Project_2024/glassy_challenge_ws/install/glassy_msgs/include/glassy_msgs/glassy_msgs
[1.341s] -- Up-to-date: /home/diogo/MIR_Project_2024/glassy_challenge_ws/install/glassy_msgs/include/glassy_msgs/glassy_msgs/msg
[1.342s] -- Up-to-date: /home/diogo/MIR_Project_2024/glassy_challenge_ws/install/glassy_msgs/include/glassy_msgs/glassy_msgs/msg/mission_info.hpp
[1.342s] -- Up-to-date: /home/diogo/MIR_Project_2024/glassy_challenge_ws/install/glassy_msgs/include/glassy_msgs/glassy_msgs/msg/detail
[1.342s] -- Up-to-date: /home/diogo/MIR_Project_2024/glassy_challenge_ws/install/glassy_msgs/include/glassy_msgs/glassy_msgs/msg/detail/actuators__type_support.hpp
[1.342s] -- Up-to-date: /home/diogo/MIR_Project_2024/glassy_challenge_ws/install/glassy_msgs/include/glassy_msgs/glassy_msgs/msg/detail/state__builder.hpp
[1.342s] -- Up-to-date: /home/diogo/MIR_Project_2024/glassy_challenge_ws/install/glassy_msgs/include/glassy_msgs/glassy_msgs/msg/detail/state__type_support.hpp
[1.343s] -- Up-to-date: /home/diogo/MIR_Project_2024/glassy_challenge_ws/install/glassy_msgs/include/glassy_msgs/glassy_msgs/msg/detail/actuators__builder.hpp
[1.343s] -- Up-to-date: /home/diogo/MIR_Project_2024/glassy_challenge_ws/install/glassy_msgs/include/glassy_msgs/glassy_msgs/msg/detail/inner_loop_references__struct.hpp
[1.343s] -- Up-to-date: /home/diogo/MIR_Project_2024/glassy_challenge_ws/install/glassy_msgs/include/glassy_msgs/glassy_msgs/msg/detail/path_references__struct.hpp
[1.343s] -- Up-to-date: /home/diogo/MIR_Project_2024/glassy_challenge_ws/install/glassy_msgs/include/glassy_msgs/glassy_msgs/msg/detail/inner_loop_references__traits.hpp
[1.343s] -- Up-to-date: /home/diogo/MIR_Project_2024/glassy_challenge_ws/install/glassy_msgs/include/glassy_msgs/glassy_msgs/msg/detail/actuators__traits.hpp
[1.343s] -- Up-to-date: /home/diogo/MIR_Project_2024/glassy_challenge_ws/install/glassy_msgs/include/glassy_msgs/glassy_msgs/msg/detail/actuators__struct.hpp
[1.343s] -- Up-to-date: /home/diogo/MIR_Project_2024/glassy_challenge_ws/install/glassy_msgs/include/glassy_msgs/glassy_msgs/msg/detail/path_references__type_support.hpp
[1.343s] -- Up-to-date: /home/diogo/MIR_Project_2024/glassy_challenge_ws/install/glassy_msgs/include/glassy_msgs/glassy_msgs/msg/detail/state__struct.hpp
[1.343s] -- Up-to-date: /home/diogo/MIR_Project_2024/glassy_challenge_ws/install/glassy_msgs/include/glassy_msgs/glassy_msgs/msg/detail/inner_loop_references__builder.hpp
[1.343s] -- Up-to-date: /home/diogo/MIR_Project_2024/glassy_challenge_ws/install/glassy_msgs/include/glassy_msgs/glassy_msgs/msg/detail/mission_info__struct.hpp
[1.344s] -- Up-to-date: /home/diogo/MIR_Project_2024/glassy_challenge_ws/install/glassy_msgs/include/glassy_msgs/glassy_msgs/msg/detail/path_references__traits.hpp
[1.344s] -- Up-to-date: /home/diogo/MIR_Project_2024/glassy_challenge_ws/install/glassy_msgs/include/glassy_msgs/glassy_msgs/msg/detail/inner_loop_references__type_support.hpp
[1.344s] -- Up-to-date: /home/diogo/MIR_Project_2024/glassy_challenge_ws/install/glassy_msgs/include/glassy_msgs/glassy_msgs/msg/detail/mission_info__type_support.hpp
[1.344s] -- Up-to-date: /home/diogo/MIR_Project_2024/glassy_challenge_ws/install/glassy_msgs/include/glassy_msgs/glassy_msgs/msg/detail/state__traits.hpp
[1.344s] -- Up-to-date: /home/diogo/MIR_Project_2024/glassy_challenge_ws/install/glassy_msgs/include/glassy_msgs/glassy_msgs/msg/detail/mission_info__traits.hpp
[1.344s] -- Up-to-date: /home/diogo/MIR_Project_2024/glassy_challenge_ws/install/glassy_msgs/include/glassy_msgs/glassy_msgs/msg/detail/mission_info__builder.hpp
[1.344s] -- Up-to-date: /home/diogo/MIR_Project_2024/glassy_challenge_ws/install/glassy_msgs/include/glassy_msgs/glassy_msgs/msg/detail/path_references__builder.hpp
[1.344s] -- Up-to-date: /home/diogo/MIR_Project_2024/glassy_challenge_ws/install/glassy_msgs/include/glassy_msgs/glassy_msgs/msg/state.hpp
[1.345s] -- Up-to-date: /home/diogo/MIR_Project_2024/glassy_challenge_ws/install/glassy_msgs/include/glassy_msgs/glassy_msgs/msg/inner_loop_references.hpp
[1.345s] -- Up-to-date: /home/diogo/MIR_Project_2024/glassy_challenge_ws/install/glassy_msgs/include/glassy_msgs/glassy_msgs/msg/actuators.hpp
[1.345s] -- Up-to-date: /home/diogo/MIR_Project_2024/glassy_challenge_ws/install/glassy_msgs/include/glassy_msgs/glassy_msgs/msg/rosidl_generator_cpp__visibility_control.hpp
[1.346s] -- Up-to-date: /home/diogo/MIR_Project_2024/glassy_challenge_ws/install/glassy_msgs/include/glassy_msgs/glassy_msgs/msg/path_references.hpp
[1.346s] -- Up-to-date: /home/diogo/MIR_Project_2024/glassy_challenge_ws/install/glassy_msgs/include/glassy_msgs/glassy_msgs/srv
[1.346s] -- Up-to-date: /home/diogo/MIR_Project_2024/glassy_challenge_ws/install/glassy_msgs/include/glassy_msgs/glassy_msgs/srv/detail
[1.346s] -- Up-to-date: /home/diogo/MIR_Project_2024/glassy_challenge_ws/install/glassy_msgs/include/glassy_msgs/glassy_msgs/srv/detail/set_limits__struct.hpp
[1.346s] -- Up-to-date: /home/diogo/MIR_Project_2024/glassy_challenge_ws/install/glassy_msgs/include/glassy_msgs/glassy_msgs/srv/detail/los_params__type_support.hpp
[1.347s] -- Up-to-date: /home/diogo/MIR_Project_2024/glassy_challenge_ws/install/glassy_msgs/include/glassy_msgs/glassy_msgs/srv/detail/pid_gains__struct.hpp
[1.347s] -- Up-to-date: /home/diogo/MIR_Project_2024/glassy_challenge_ws/install/glassy_msgs/include/glassy_msgs/glassy_msgs/srv/detail/set_limits__traits.hpp
[1.347s] -- Up-to-date: /home/diogo/MIR_Project_2024/glassy_challenge_ws/install/glassy_msgs/include/glassy_msgs/glassy_msgs/srv/detail/set_limits__builder.hpp
[1.347s] -- Up-to-date: /home/diogo/MIR_Project_2024/glassy_challenge_ws/install/glassy_msgs/include/glassy_msgs/glassy_msgs/srv/detail/pid_gains__type_support.hpp
[1.347s] -- Up-to-date: /home/diogo/MIR_Project_2024/glassy_challenge_ws/install/glassy_msgs/include/glassy_msgs/glassy_msgs/srv/detail/set_path__traits.hpp
[1.347s] -- Up-to-date: /home/diogo/MIR_Project_2024/glassy_challenge_ws/install/glassy_msgs/include/glassy_msgs/glassy_msgs/srv/detail/pid_gains__traits.hpp
[1.347s] -- Up-to-date: /home/diogo/MIR_Project_2024/glassy_challenge_ws/install/glassy_msgs/include/glassy_msgs/glassy_msgs/srv/detail/set_path__builder.hpp
[1.347s] -- Up-to-date: /home/diogo/MIR_Project_2024/glassy_challenge_ws/install/glassy_msgs/include/glassy_msgs/glassy_msgs/srv/detail/pid_gains__builder.hpp
[1.347s] -- Up-to-date: /home/diogo/MIR_Project_2024/glassy_challenge_ws/install/glassy_msgs/include/glassy_msgs/glassy_msgs/srv/detail/set_mission__type_support.hpp
[1.347s] -- Up-to-date: /home/diogo/MIR_Project_2024/glassy_challenge_ws/install/glassy_msgs/include/glassy_msgs/glassy_msgs/srv/detail/set_limits__type_support.hpp
[1.347s] -- Up-to-date: /home/diogo/MIR_Project_2024/glassy_challenge_ws/install/glassy_msgs/include/glassy_msgs/glassy_msgs/srv/detail/los_params__builder.hpp
[1.347s] -- Up-to-date: /home/diogo/MIR_Project_2024/glassy_challenge_ws/install/glassy_msgs/include/glassy_msgs/glassy_msgs/srv/detail/set_path__struct.hpp
[1.347s] -- Up-to-date: /home/diogo/MIR_Project_2024/glassy_challenge_ws/install/glassy_msgs/include/glassy_msgs/glassy_msgs/srv/detail/los_params__traits.hpp
[1.347s] -- Up-to-date: /home/diogo/MIR_Project_2024/glassy_challenge_ws/install/glassy_msgs/include/glassy_msgs/glassy_msgs/srv/detail/set_mission__struct.hpp
[1.347s] -- Up-to-date: /home/diogo/MIR_Project_2024/glassy_challenge_ws/install/glassy_msgs/include/glassy_msgs/glassy_msgs/srv/detail/set_path__type_support.hpp
[1.347s] -- Up-to-date: /home/diogo/MIR_Project_2024/glassy_challenge_ws/install/glassy_msgs/include/glassy_msgs/glassy_msgs/srv/detail/set_mission__builder.hpp
[1.347s] -- Up-to-date: /home/diogo/MIR_Project_2024/glassy_challenge_ws/install/glassy_msgs/include/glassy_msgs/glassy_msgs/srv/detail/set_mission__traits.hpp
[1.348s] -- Up-to-date: /home/diogo/MIR_Project_2024/glassy_challenge_ws/install/glassy_msgs/include/glassy_msgs/glassy_msgs/srv/detail/los_params__struct.hpp
[1.348s] -- Up-to-date: /home/diogo/MIR_Project_2024/glassy_challenge_ws/install/glassy_msgs/include/glassy_msgs/glassy_msgs/srv/los_params.hpp
[1.348s] -- Up-to-date: /home/diogo/MIR_Project_2024/glassy_challenge_ws/install/glassy_msgs/include/glassy_msgs/glassy_msgs/srv/set_mission.hpp
[1.348s] -- Up-to-date: /home/diogo/MIR_Project_2024/glassy_challenge_ws/install/glassy_msgs/include/glassy_msgs/glassy_msgs/srv/set_path.hpp
[1.348s] -- Up-to-date: /home/diogo/MIR_Project_2024/glassy_challenge_ws/install/glassy_msgs/include/glassy_msgs/glassy_msgs/srv/set_limits.hpp
[1.349s] -- Up-to-date: /home/diogo/MIR_Project_2024/glassy_challenge_ws/install/glassy_msgs/include/glassy_msgs/glassy_msgs/srv/pid_gains.hpp
[1.349s] -- Up-to-date: /home/diogo/MIR_Project_2024/glassy_challenge_ws/install/glassy_msgs/include/glassy_msgs/glassy_msgs
[1.349s] -- Up-to-date: /home/diogo/MIR_Project_2024/glassy_challenge_ws/install/glassy_msgs/include/glassy_msgs/glassy_msgs/msg
[1.349s] -- Up-to-date: /home/diogo/MIR_Project_2024/glassy_challenge_ws/install/glassy_msgs/include/glassy_msgs/glassy_msgs/msg/rosidl_typesupport_fastrtps_cpp__visibility_control.h
[1.349s] -- Up-to-date: /home/diogo/MIR_Project_2024/glassy_challenge_ws/install/glassy_msgs/include/glassy_msgs/glassy_msgs/msg/detail
[1.349s] -- Up-to-date: /home/diogo/MIR_Project_2024/glassy_challenge_ws/install/glassy_msgs/include/glassy_msgs/glassy_msgs/msg/detail/actuators__rosidl_typesupport_fastrtps_cpp.hpp
[1.349s] -- Up-to-date: /home/diogo/MIR_Project_2024/glassy_challenge_ws/install/glassy_msgs/include/glassy_msgs/glassy_msgs/msg/detail/mission_info__rosidl_typesupport_fastrtps_cpp.hpp
[1.349s] -- Up-to-date: /home/diogo/MIR_Project_2024/glassy_challenge_ws/install/glassy_msgs/include/glassy_msgs/glassy_msgs/msg/detail/inner_loop_references__rosidl_typesupport_fastrtps_cpp.hpp
[1.350s] -- Up-to-date: /home/diogo/MIR_Project_2024/glassy_challenge_ws/install/glassy_msgs/include/glassy_msgs/glassy_msgs/msg/detail/path_references__rosidl_typesupport_fastrtps_cpp.hpp
[1.350s] -- Up-to-date: /home/diogo/MIR_Project_2024/glassy_challenge_ws/install/glassy_msgs/include/glassy_msgs/glassy_msgs/msg/detail/state__rosidl_typesupport_fastrtps_cpp.hpp
[1.350s] -- Up-to-date: /home/diogo/MIR_Project_2024/glassy_challenge_ws/install/glassy_msgs/include/glassy_msgs/glassy_msgs/msg/detail/dds_fastrtps
[1.350s] -- Up-to-date: /home/diogo/MIR_Project_2024/glassy_challenge_ws/install/glassy_msgs/include/glassy_msgs/glassy_msgs/srv
[1.350s] -- Up-to-date: /home/diogo/MIR_Project_2024/glassy_challenge_ws/install/glassy_msgs/include/glassy_msgs/glassy_msgs/srv/detail
[1.350s] -- Up-to-date: /home/diogo/MIR_Project_2024/glassy_challenge_ws/install/glassy_msgs/include/glassy_msgs/glassy_msgs/srv/detail/set_mission__rosidl_typesupport_fastrtps_cpp.hpp
[1.350s] -- Up-to-date: /home/diogo/MIR_Project_2024/glassy_challenge_ws/install/glassy_msgs/include/glassy_msgs/glassy_msgs/srv/detail/pid_gains__rosidl_typesupport_fastrtps_cpp.hpp
[1.350s] -- Up-to-date: /home/diogo/MIR_Project_2024/glassy_challenge_ws/install/glassy_msgs/include/glassy_msgs/glassy_msgs/srv/detail/set_limits__rosidl_typesupport_fastrtps_cpp.hpp
[1.350s] -- Up-to-date: /home/diogo/MIR_Project_2024/glassy_challenge_ws/install/glassy_msgs/include/glassy_msgs/glassy_msgs/srv/detail/set_path__rosidl_typesupport_fastrtps_cpp.hpp
[1.350s] -- Up-to-date: /home/diogo/MIR_Project_2024/glassy_challenge_ws/install/glassy_msgs/include/glassy_msgs/glassy_msgs/srv/detail/dds_fastrtps
[1.350s] -- Up-to-date: /home/diogo/MIR_Project_2024/glassy_challenge_ws/install/glassy_msgs/include/glassy_msgs/glassy_msgs/srv/detail/los_params__rosidl_typesupport_fastrtps_cpp.hpp
[1.351s] -- Up-to-date: /home/diogo/MIR_Project_2024/glassy_challenge_ws/install/glassy_msgs/lib/libglassy_msgs__rosidl_typesupport_fastrtps_cpp.so
[1.351s] -- Up-to-date: /home/diogo/MIR_Project_2024/glassy_challenge_ws/install/glassy_msgs/include/glassy_msgs/glassy_msgs
[1.352s] -- Up-to-date: /home/diogo/MIR_Project_2024/glassy_challenge_ws/install/glassy_msgs/include/glassy_msgs/glassy_msgs/msg
[1.352s] -- Up-to-date: /home/diogo/MIR_Project_2024/glassy_challenge_ws/install/glassy_msgs/include/glassy_msgs/glassy_msgs/msg/detail
[1.352s] -- Up-to-date: /home/diogo/MIR_Project_2024/glassy_challenge_ws/install/glassy_msgs/include/glassy_msgs/glassy_msgs/msg/detail/mission_info__type_support.c
[1.352s] -- Up-to-date: /home/diogo/MIR_Project_2024/glassy_challenge_ws/install/glassy_msgs/include/glassy_msgs/glassy_msgs/msg/detail/mission_info__rosidl_typesupport_introspection_c.h
[1.352s] -- Up-to-date: /home/diogo/MIR_Project_2024/glassy_challenge_ws/install/glassy_msgs/include/glassy_msgs/glassy_msgs/msg/detail/state__rosidl_typesupport_introspection_c.h
[1.352s] -- Up-to-date: /home/diogo/MIR_Project_2024/glassy_challenge_ws/install/glassy_msgs/include/glassy_msgs/glassy_msgs/msg/detail/inner_loop_references__type_support.c
[1.352s] -- Up-to-date: /home/diogo/MIR_Project_2024/glassy_challenge_ws/install/glassy_msgs/include/glassy_msgs/glassy_msgs/msg/detail/path_references__rosidl_typesupport_introspection_c.h
[1.352s] -- Up-to-date: /home/diogo/MIR_Project_2024/glassy_challenge_ws/install/glassy_msgs/include/glassy_msgs/glassy_msgs/msg/detail/actuators__rosidl_typesupport_introspection_c.h
[1.352s] -- Up-to-date: /home/diogo/MIR_Project_2024/glassy_challenge_ws/install/glassy_msgs/include/glassy_msgs/glassy_msgs/msg/detail/inner_loop_references__rosidl_typesupport_introspection_c.h
[1.352s] -- Up-to-date: /home/diogo/MIR_Project_2024/glassy_challenge_ws/install/glassy_msgs/include/glassy_msgs/glassy_msgs/msg/detail/actuators__type_support.c
[1.352s] -- Up-to-date: /home/diogo/MIR_Project_2024/glassy_challenge_ws/install/glassy_msgs/include/glassy_msgs/glassy_msgs/msg/detail/state__type_support.c
[1.352s] -- Up-to-date: /home/diogo/MIR_Project_2024/glassy_challenge_ws/install/glassy_msgs/include/glassy_msgs/glassy_msgs/msg/detail/path_references__type_support.c
[1.352s] -- Up-to-date: /home/diogo/MIR_Project_2024/glassy_challenge_ws/install/glassy_msgs/include/glassy_msgs/glassy_msgs/msg/rosidl_typesupport_introspection_c__visibility_control.h
[1.352s] -- Up-to-date: /home/diogo/MIR_Project_2024/glassy_challenge_ws/install/glassy_msgs/include/glassy_msgs/glassy_msgs/srv
[1.352s] -- Up-to-date: /home/diogo/MIR_Project_2024/glassy_challenge_ws/install/glassy_msgs/include/glassy_msgs/glassy_msgs/srv/detail
[1.353s] -- Up-to-date: /home/diogo/MIR_Project_2024/glassy_challenge_ws/install/glassy_msgs/include/glassy_msgs/glassy_msgs/srv/detail/los_params__type_support.c
[1.353s] -- Up-to-date: /home/diogo/MIR_Project_2024/glassy_challenge_ws/install/glassy_msgs/include/glassy_msgs/glassy_msgs/srv/detail/set_mission__rosidl_typesupport_introspection_c.h
[1.353s] -- Up-to-date: /home/diogo/MIR_Project_2024/glassy_challenge_ws/install/glassy_msgs/include/glassy_msgs/glassy_msgs/srv/detail/set_path__type_support.c
[1.353s] -- Up-to-date: /home/diogo/MIR_Project_2024/glassy_challenge_ws/install/glassy_msgs/include/glassy_msgs/glassy_msgs/srv/detail/set_mission__type_support.c
[1.353s] -- Up-to-date: /home/diogo/MIR_Project_2024/glassy_challenge_ws/install/glassy_msgs/include/glassy_msgs/glassy_msgs/srv/detail/set_path__rosidl_typesupport_introspection_c.h
[1.353s] -- Up-to-date: /home/diogo/MIR_Project_2024/glassy_challenge_ws/install/glassy_msgs/include/glassy_msgs/glassy_msgs/srv/detail/los_params__rosidl_typesupport_introspection_c.h
[1.353s] -- Up-to-date: /home/diogo/MIR_Project_2024/glassy_challenge_ws/install/glassy_msgs/include/glassy_msgs/glassy_msgs/srv/detail/set_limits__type_support.c
[1.353s] -- Up-to-date: /home/diogo/MIR_Project_2024/glassy_challenge_ws/install/glassy_msgs/include/glassy_msgs/glassy_msgs/srv/detail/pid_gains__type_support.c
[1.354s] -- Up-to-date: /home/diogo/MIR_Project_2024/glassy_challenge_ws/install/glassy_msgs/include/glassy_msgs/glassy_msgs/srv/detail/pid_gains__rosidl_typesupport_introspection_c.h
[1.354s] -- Up-to-date: /home/diogo/MIR_Project_2024/glassy_challenge_ws/install/glassy_msgs/include/glassy_msgs/glassy_msgs/srv/detail/set_limits__rosidl_typesupport_introspection_c.h
[1.354s] -- Up-to-date: /home/diogo/MIR_Project_2024/glassy_challenge_ws/install/glassy_msgs/lib/libglassy_msgs__rosidl_typesupport_introspection_c.so
[1.355s] -- Up-to-date: /home/diogo/MIR_Project_2024/glassy_challenge_ws/install/glassy_msgs/lib/libglassy_msgs__rosidl_typesupport_c.so
[1.355s] -- Up-to-date: /home/diogo/MIR_Project_2024/glassy_challenge_ws/install/glassy_msgs/include/glassy_msgs/glassy_msgs
[1.356s] -- Up-to-date: /home/diogo/MIR_Project_2024/glassy_challenge_ws/install/glassy_msgs/include/glassy_msgs/glassy_msgs/msg
[1.356s] -- Up-to-date: /home/diogo/MIR_Project_2024/glassy_challenge_ws/install/glassy_msgs/include/glassy_msgs/glassy_msgs/msg/detail
[1.356s] -- Up-to-date: /home/diogo/MIR_Project_2024/glassy_challenge_ws/install/glassy_msgs/include/glassy_msgs/glassy_msgs/msg/detail/state__rosidl_typesupport_introspection_cpp.hpp
[1.356s] -- Up-to-date: /home/diogo/MIR_Project_2024/glassy_challenge_ws/install/glassy_msgs/include/glassy_msgs/glassy_msgs/msg/detail/path_references__rosidl_typesupport_introspection_cpp.hpp
[1.356s] -- Up-to-date: /home/diogo/MIR_Project_2024/glassy_challenge_ws/install/glassy_msgs/include/glassy_msgs/glassy_msgs/msg/detail/path_references__type_support.cpp
[1.356s] -- Up-to-date: /home/diogo/MIR_Project_2024/glassy_challenge_ws/install/glassy_msgs/include/glassy_msgs/glassy_msgs/msg/detail/inner_loop_references__rosidl_typesupport_introspection_cpp.hpp
[1.357s] -- Up-to-date: /home/diogo/MIR_Project_2024/glassy_challenge_ws/install/glassy_msgs/include/glassy_msgs/glassy_msgs/msg/detail/state__type_support.cpp
[1.357s] -- Up-to-date: /home/diogo/MIR_Project_2024/glassy_challenge_ws/install/glassy_msgs/include/glassy_msgs/glassy_msgs/msg/detail/actuators__type_support.cpp
[1.357s] -- Up-to-date: /home/diogo/MIR_Project_2024/glassy_challenge_ws/install/glassy_msgs/include/glassy_msgs/glassy_msgs/msg/detail/inner_loop_references__type_support.cpp
[1.357s] -- Up-to-date: /home/diogo/MIR_Project_2024/glassy_challenge_ws/install/glassy_msgs/include/glassy_msgs/glassy_msgs/msg/detail/mission_info__rosidl_typesupport_introspection_cpp.hpp
[1.358s] -- Up-to-date: /home/diogo/MIR_Project_2024/glassy_challenge_ws/install/glassy_msgs/include/glassy_msgs/glassy_msgs/msg/detail/mission_info__type_support.cpp
[1.358s] -- Up-to-date: /home/diogo/MIR_Project_2024/glassy_challenge_ws/install/glassy_msgs/include/glassy_msgs/glassy_msgs/msg/detail/actuators__rosidl_typesupport_introspection_cpp.hpp
[1.358s] -- Up-to-date: /home/diogo/MIR_Project_2024/glassy_challenge_ws/install/glassy_msgs/include/glassy_msgs/glassy_msgs/srv
[1.358s] -- Up-to-date: /home/diogo/MIR_Project_2024/glassy_challenge_ws/install/glassy_msgs/include/glassy_msgs/glassy_msgs/srv/detail
[1.358s] -- Up-to-date: /home/diogo/MIR_Project_2024/glassy_challenge_ws/install/glassy_msgs/include/glassy_msgs/glassy_msgs/srv/detail/los_params__rosidl_typesupport_introspection_cpp.hpp
[1.358s] -- Up-to-date: /home/diogo/MIR_Project_2024/glassy_challenge_ws/install/glassy_msgs/include/glassy_msgs/glassy_msgs/srv/detail/set_path__rosidl_typesupport_introspection_cpp.hpp
[1.358s] -- Up-to-date: /home/diogo/MIR_Project_2024/glassy_challenge_ws/install/glassy_msgs/include/glassy_msgs/glassy_msgs/srv/detail/pid_gains__type_support.cpp
[1.358s] -- Up-to-date: /home/diogo/MIR_Project_2024/glassy_challenge_ws/install/glassy_msgs/include/glassy_msgs/glassy_msgs/srv/detail/set_path__type_support.cpp
[1.358s] -- Up-to-date: /home/diogo/MIR_Project_2024/glassy_challenge_ws/install/glassy_msgs/include/glassy_msgs/glassy_msgs/srv/detail/set_mission__type_support.cpp
[1.358s] -- Up-to-date: /home/diogo/MIR_Project_2024/glassy_challenge_ws/install/glassy_msgs/include/glassy_msgs/glassy_msgs/srv/detail/los_params__type_support.cpp
[1.358s] -- Up-to-date: /home/diogo/MIR_Project_2024/glassy_challenge_ws/install/glassy_msgs/include/glassy_msgs/glassy_msgs/srv/detail/set_limits__type_support.cpp
[1.358s] -- Up-to-date: /home/diogo/MIR_Project_2024/glassy_challenge_ws/install/glassy_msgs/include/glassy_msgs/glassy_msgs/srv/detail/pid_gains__rosidl_typesupport_introspection_cpp.hpp
[1.358s] -- Up-to-date: /home/diogo/MIR_Project_2024/glassy_challenge_ws/install/glassy_msgs/include/glassy_msgs/glassy_msgs/srv/detail/set_mission__rosidl_typesupport_introspection_cpp.hpp
[1.358s] -- Up-to-date: /home/diogo/MIR_Project_2024/glassy_challenge_ws/install/glassy_msgs/include/glassy_msgs/glassy_msgs/srv/detail/set_limits__rosidl_typesupport_introspection_cpp.hpp
[1.360s] -- Up-to-date: /home/diogo/MIR_Project_2024/glassy_challenge_ws/install/glassy_msgs/lib/libglassy_msgs__rosidl_typesupport_introspection_cpp.so
[1.361s] -- Up-to-date: /home/diogo/MIR_Project_2024/glassy_challenge_ws/install/glassy_msgs/lib/libglassy_msgs__rosidl_typesupport_cpp.so
[1.361s] -- Up-to-date: /home/diogo/MIR_Project_2024/glassy_challenge_ws/install/glassy_msgs/share/glassy_msgs/environment/pythonpath.sh
[1.361s] -- Up-to-date: /home/diogo/MIR_Project_2024/glassy_challenge_ws/install/glassy_msgs/share/glassy_msgs/environment/pythonpath.dsv
[1.362s] -- Up-to-date: /home/diogo/MIR_Project_2024/glassy_challenge_ws/install/glassy_msgs/local/lib/python3.10/dist-packages/glassy_msgs-0.0.0-py3.10.egg-info
[1.362s] -- Installing: /home/diogo/MIR_Project_2024/glassy_challenge_ws/install/glassy_msgs/local/lib/python3.10/dist-packages/glassy_msgs-0.0.0-py3.10.egg-info/dependency_links.txt
[1.362s] -- Installing: /home/diogo/MIR_Project_2024/glassy_challenge_ws/install/glassy_msgs/local/lib/python3.10/dist-packages/glassy_msgs-0.0.0-py3.10.egg-info/SOURCES.txt
[1.363s] -- Installing: /home/diogo/MIR_Project_2024/glassy_challenge_ws/install/glassy_msgs/local/lib/python3.10/dist-packages/glassy_msgs-0.0.0-py3.10.egg-info/PKG-INFO
[1.363s] -- Installing: /home/diogo/MIR_Project_2024/glassy_challenge_ws/install/glassy_msgs/local/lib/python3.10/dist-packages/glassy_msgs-0.0.0-py3.10.egg-info/top_level.txt
[1.363s] -- Up-to-date: /home/diogo/MIR_Project_2024/glassy_challenge_ws/install/glassy_msgs/local/lib/python3.10/dist-packages/glassy_msgs
[1.364s] -- Up-to-date: /home/diogo/MIR_Project_2024/glassy_challenge_ws/install/glassy_msgs/local/lib/python3.10/dist-packages/glassy_msgs/msg
[1.364s] -- Up-to-date: /home/diogo/MIR_Project_2024/glassy_challenge_ws/install/glassy_msgs/local/lib/python3.10/dist-packages/glassy_msgs/msg/_actuators.py
[1.364s] -- Up-to-date: /home/diogo/MIR_Project_2024/glassy_challenge_ws/install/glassy_msgs/local/lib/python3.10/dist-packages/glassy_msgs/msg/_mission_info.py
[1.364s] -- Up-to-date: /home/diogo/MIR_Project_2024/glassy_challenge_ws/install/glassy_msgs/local/lib/python3.10/dist-packages/glassy_msgs/msg/_state.py
[1.364s] -- Up-to-date: /home/diogo/MIR_Project_2024/glassy_challenge_ws/install/glassy_msgs/local/lib/python3.10/dist-packages/glassy_msgs/msg/_mission_info_s.c
[1.364s] -- Up-to-date: /home/diogo/MIR_Project_2024/glassy_challenge_ws/install/glassy_msgs/local/lib/python3.10/dist-packages/glassy_msgs/msg/_inner_loop_references_s.c
[1.364s] -- Up-to-date: /home/diogo/MIR_Project_2024/glassy_challenge_ws/install/glassy_msgs/local/lib/python3.10/dist-packages/glassy_msgs/msg/__init__.py
[1.364s] -- Up-to-date: /home/diogo/MIR_Project_2024/glassy_challenge_ws/install/glassy_msgs/local/lib/python3.10/dist-packages/glassy_msgs/msg/_actuators_s.c
[1.364s] -- Up-to-date: /home/diogo/MIR_Project_2024/glassy_challenge_ws/install/glassy_msgs/local/lib/python3.10/dist-packages/glassy_msgs/msg/_path_references.py
[1.364s] -- Up-to-date: /home/diogo/MIR_Project_2024/glassy_challenge_ws/install/glassy_msgs/local/lib/python3.10/dist-packages/glassy_msgs/msg/_state_s.c
[1.364s] -- Up-to-date: /home/diogo/MIR_Project_2024/glassy_challenge_ws/install/glassy_msgs/local/lib/python3.10/dist-packages/glassy_msgs/msg/_path_references_s.c
[1.364s] -- Up-to-date: /home/diogo/MIR_Project_2024/glassy_challenge_ws/install/glassy_msgs/local/lib/python3.10/dist-packages/glassy_msgs/msg/_inner_loop_references.py
[1.365s] -- Up-to-date: /home/diogo/MIR_Project_2024/glassy_challenge_ws/install/glassy_msgs/local/lib/python3.10/dist-packages/glassy_msgs/glassy_msgs_s__rosidl_typesupport_fastrtps_c.cpython-310-x86_64-linux-gnu.so
[1.365s] -- Up-to-date: /home/diogo/MIR_Project_2024/glassy_challenge_ws/install/glassy_msgs/local/lib/python3.10/dist-packages/glassy_msgs/glassy_msgs_s__rosidl_typesupport_introspection_c.cpython-310-x86_64-linux-gnu.so
[1.365s] -- Up-to-date: /home/diogo/MIR_Project_2024/glassy_challenge_ws/install/glassy_msgs/local/lib/python3.10/dist-packages/glassy_msgs/srv
[1.366s] -- Up-to-date: /home/diogo/MIR_Project_2024/glassy_challenge_ws/install/glassy_msgs/local/lib/python3.10/dist-packages/glassy_msgs/srv/_los_params_s.c
[1.366s] -- Up-to-date: /home/diogo/MIR_Project_2024/glassy_challenge_ws/install/glassy_msgs/local/lib/python3.10/dist-packages/glassy_msgs/srv/_set_path_s.c
[1.366s] -- Up-to-date: /home/diogo/MIR_Project_2024/glassy_challenge_ws/install/glassy_msgs/local/lib/python3.10/dist-packages/glassy_msgs/srv/_set_path.py
[1.366s] -- Up-to-date: /home/diogo/MIR_Project_2024/glassy_challenge_ws/install/glassy_msgs/local/lib/python3.10/dist-packages/glassy_msgs/srv/_set_mission.py
[1.366s] -- Up-to-date: /home/diogo/MIR_Project_2024/glassy_challenge_ws/install/glassy_msgs/local/lib/python3.10/dist-packages/glassy_msgs/srv/_set_mission_s.c
[1.366s] -- Up-to-date: /home/diogo/MIR_Project_2024/glassy_challenge_ws/install/glassy_msgs/local/lib/python3.10/dist-packages/glassy_msgs/srv/_set_limits.py
[1.366s] -- Up-to-date: /home/diogo/MIR_Project_2024/glassy_challenge_ws/install/glassy_msgs/local/lib/python3.10/dist-packages/glassy_msgs/srv/__init__.py
[1.366s] -- Up-to-date: /home/diogo/MIR_Project_2024/glassy_challenge_ws/install/glassy_msgs/local/lib/python3.10/dist-packages/glassy_msgs/srv/_pid_gains.py
[1.366s] -- Up-to-date: /home/diogo/MIR_Project_2024/glassy_challenge_ws/install/glassy_msgs/local/lib/python3.10/dist-packages/glassy_msgs/srv/_pid_gains_s.c
[1.367s] -- Up-to-date: /home/diogo/MIR_Project_2024/glassy_challenge_ws/install/glassy_msgs/local/lib/python3.10/dist-packages/glassy_msgs/srv/_set_limits_s.c
[1.367s] -- Up-to-date: /home/diogo/MIR_Project_2024/glassy_challenge_ws/install/glassy_msgs/local/lib/python3.10/dist-packages/glassy_msgs/srv/_los_params.py
[1.367s] -- Up-to-date: /home/diogo/MIR_Project_2024/glassy_challenge_ws/install/glassy_msgs/local/lib/python3.10/dist-packages/glassy_msgs/__init__.py
[1.367s] -- Up-to-date: /home/diogo/MIR_Project_2024/glassy_challenge_ws/install/glassy_msgs/local/lib/python3.10/dist-packages/glassy_msgs/_glassy_msgs_s.ep.rosidl_typesupport_introspection_c.c
[1.367s] -- Up-to-date: /home/diogo/MIR_Project_2024/glassy_challenge_ws/install/glassy_msgs/local/lib/python3.10/dist-packages/glassy_msgs/libglassy_msgs__rosidl_generator_py.so
[1.367s] -- Up-to-date: /home/diogo/MIR_Project_2024/glassy_challenge_ws/install/glassy_msgs/local/lib/python3.10/dist-packages/glassy_msgs/glassy_msgs_s__rosidl_typesupport_c.cpython-310-x86_64-linux-gnu.so
[1.367s] -- Up-to-date: /home/diogo/MIR_Project_2024/glassy_challenge_ws/install/glassy_msgs/local/lib/python3.10/dist-packages/glassy_msgs/_glassy_msgs_s.ep.rosidl_typesupport_c.c
[1.367s] -- Up-to-date: /home/diogo/MIR_Project_2024/glassy_challenge_ws/install/glassy_msgs/local/lib/python3.10/dist-packages/glassy_msgs/_glassy_msgs_s.ep.rosidl_typesupport_fastrtps_c.c
[1.408s] Listing '/home/diogo/MIR_Project_2024/glassy_challenge_ws/install/glassy_msgs/local/lib/python3.10/dist-packages/glassy_msgs'...
[1.408s] Listing '/home/diogo/MIR_Project_2024/glassy_challenge_ws/install/glassy_msgs/local/lib/python3.10/dist-packages/glassy_msgs/msg'...
[1.408s] Listing '/home/diogo/MIR_Project_2024/glassy_challenge_ws/install/glassy_msgs/local/lib/python3.10/dist-packages/glassy_msgs/srv'...
[1.412s] -- Up-to-date: /home/diogo/MIR_Project_2024/glassy_challenge_ws/install/glassy_msgs/local/lib/python3.10/dist-packages/glassy_msgs/glassy_msgs_s__rosidl_typesupport_fastrtps_c.cpython-310-x86_64-linux-gnu.so
[1.414s] -- Up-to-date: /home/diogo/MIR_Project_2024/glassy_challenge_ws/install/glassy_msgs/local/lib/python3.10/dist-packages/glassy_msgs/glassy_msgs_s__rosidl_typesupport_introspection_c.cpython-310-x86_64-linux-gnu.so
[1.415s] -- Up-to-date: /home/diogo/MIR_Project_2024/glassy_challenge_ws/install/glassy_msgs/local/lib/python3.10/dist-packages/glassy_msgs/glassy_msgs_s__rosidl_typesupport_c.cpython-310-x86_64-linux-gnu.so
[1.418s] -- Up-to-date: /home/diogo/MIR_Project_2024/glassy_challenge_ws/install/glassy_msgs/lib/libglassy_msgs__rosidl_generator_py.so
[1.418s] -- Up-to-date: /home/diogo/MIR_Project_2024/glassy_challenge_ws/install/glassy_msgs/share/glassy_msgs/msg/State.idl
[1.419s] -- Up-to-date: /home/diogo/MIR_Project_2024/glassy_challenge_ws/install/glassy_msgs/share/glassy_msgs/msg/Actuators.idl
[1.419s] -- Up-to-date: /home/diogo/MIR_Project_2024/glassy_challenge_ws/install/glassy_msgs/share/glassy_msgs/msg/InnerLoopReferences.idl
[1.419s] -- Up-to-date: /home/diogo/MIR_Project_2024/glassy_challenge_ws/install/glassy_msgs/share/glassy_msgs/msg/PathReferences.idl
[1.419s] -- Up-to-date: /home/diogo/MIR_Project_2024/glassy_challenge_ws/install/glassy_msgs/share/glassy_msgs/msg/MissionInfo.idl
[1.421s] -- Up-to-date: /home/diogo/MIR_Project_2024/glassy_challenge_ws/install/glassy_msgs/share/glassy_msgs/srv/PidGains.idl
[1.421s] -- Up-to-date: /home/diogo/MIR_Project_2024/glassy_challenge_ws/install/glassy_msgs/share/glassy_msgs/srv/SetPath.idl
[1.423s] -- Up-to-date: /home/diogo/MIR_Project_2024/glassy_challenge_ws/install/glassy_msgs/share/glassy_msgs/srv/LosParams.idl
[1.423s] -- Up-to-date: /home/diogo/MIR_Project_2024/glassy_challenge_ws/install/glassy_msgs/share/glassy_msgs/srv/SetLimits.idl
[1.423s] -- Up-to-date: /home/diogo/MIR_Project_2024/glassy_challenge_ws/install/glassy_msgs/share/glassy_msgs/srv/SetMission.idl
[1.423s] -- Up-to-date: /home/diogo/MIR_Project_2024/glassy_challenge_ws/install/glassy_msgs/share/glassy_msgs/msg/State.msg
[1.423s] -- Up-to-date: /home/diogo/MIR_Project_2024/glassy_challenge_ws/install/glassy_msgs/share/glassy_msgs/msg/Actuators.msg
[1.423s] -- Up-to-date: /home/diogo/MIR_Project_2024/glassy_challenge_ws/install/glassy_msgs/share/glassy_msgs/msg/InnerLoopReferences.msg
[1.423s] -- Up-to-date: /home/diogo/MIR_Project_2024/glassy_challenge_ws/install/glassy_msgs/share/glassy_msgs/msg/PathReferences.msg
[1.423s] -- Up-to-date: /home/diogo/MIR_Project_2024/glassy_challenge_ws/install/glassy_msgs/share/glassy_msgs/msg/MissionInfo.msg
[1.425s] -- Up-to-date: /home/diogo/MIR_Project_2024/glassy_challenge_ws/install/glassy_msgs/share/glassy_msgs/srv/PidGains.srv
[1.425s] -- Up-to-date: /home/diogo/MIR_Project_2024/glassy_challenge_ws/install/glassy_msgs/share/glassy_msgs/srv/PidGains_Request.msg
[1.425s] -- Up-to-date: /home/diogo/MIR_Project_2024/glassy_challenge_ws/install/glassy_msgs/share/glassy_msgs/srv/PidGains_Response.msg
[1.425s] -- Up-to-date: /home/diogo/MIR_Project_2024/glassy_challenge_ws/install/glassy_msgs/share/glassy_msgs/srv/SetPath.srv
[1.425s] -- Up-to-date: /home/diogo/MIR_Project_2024/glassy_challenge_ws/install/glassy_msgs/share/glassy_msgs/srv/SetPath_Request.msg
[1.425s] -- Up-to-date: /home/diogo/MIR_Project_2024/glassy_challenge_ws/install/glassy_msgs/share/glassy_msgs/srv/SetPath_Response.msg
[1.425s] -- Up-to-date: /home/diogo/MIR_Project_2024/glassy_challenge_ws/install/glassy_msgs/share/glassy_msgs/srv/LosParams.srv
[1.425s] -- Up-to-date: /home/diogo/MIR_Project_2024/glassy_challenge_ws/install/glassy_msgs/share/glassy_msgs/srv/LosParams_Request.msg
[1.425s] -- Up-to-date: /home/diogo/MIR_Project_2024/glassy_challenge_ws/install/glassy_msgs/share/glassy_msgs/srv/LosParams_Response.msg
[1.425s] -- Up-to-date: /home/diogo/MIR_Project_2024/glassy_challenge_ws/install/glassy_msgs/share/glassy_msgs/srv/SetLimits.srv
[1.426s] -- Up-to-date: /home/diogo/MIR_Project_2024/glassy_challenge_ws/install/glassy_msgs/share/glassy_msgs/srv/SetLimits_Request.msg
[1.426s] -- Up-to-date: /home/diogo/MIR_Project_2024/glassy_challenge_ws/install/glassy_msgs/share/glassy_msgs/srv/SetLimits_Response.msg
[1.426s] -- Up-to-date: /home/diogo/MIR_Project_2024/glassy_challenge_ws/install/glassy_msgs/share/glassy_msgs/srv/SetMission.srv
[1.426s] -- Up-to-date: /home/diogo/MIR_Project_2024/glassy_challenge_ws/install/glassy_msgs/share/glassy_msgs/srv/SetMission_Request.msg
[1.426s] -- Up-to-date: /home/diogo/MIR_Project_2024/glassy_challenge_ws/install/glassy_msgs/share/glassy_msgs/srv/SetMission_Response.msg
[1.426s] -- Up-to-date: /home/diogo/MIR_Project_2024/glassy_challenge_ws/install/glassy_msgs/share/ament_index/resource_index/package_run_dependencies/glassy_msgs
[1.426s] -- Up-to-date: /home/diogo/MIR_Project_2024/glassy_challenge_ws/install/glassy_msgs/share/ament_index/resource_index/parent_prefix_path/glassy_msgs
[1.426s] -- Up-to-date: /home/diogo/MIR_Project_2024/glassy_challenge_ws/install/glassy_msgs/share/glassy_msgs/environment/ament_prefix_path.sh
[1.426s] -- Up-to-date: /home/diogo/MIR_Project_2024/glassy_challenge_ws/install/glassy_msgs/share/glassy_msgs/environment/ament_prefix_path.dsv
[1.426s] -- Up-to-date: /home/diogo/MIR_Project_2024/glassy_challenge_ws/install/glassy_msgs/share/glassy_msgs/environment/path.sh
[1.426s] -- Up-to-date: /home/diogo/MIR_Project_2024/glassy_challenge_ws/install/glassy_msgs/share/glassy_msgs/environment/path.dsv
[1.426s] -- Up-to-date: /home/diogo/MIR_Project_2024/glassy_challenge_ws/install/glassy_msgs/share/glassy_msgs/local_setup.bash
[1.426s] -- Up-to-date: /home/diogo/MIR_Project_2024/glassy_challenge_ws/install/glassy_msgs/share/glassy_msgs/local_setup.sh
[1.426s] -- Up-to-date: /home/diogo/MIR_Project_2024/glassy_challenge_ws/install/glassy_msgs/share/glassy_msgs/local_setup.zsh
[1.426s] -- Up-to-date: /home/diogo/MIR_Project_2024/glassy_challenge_ws/install/glassy_msgs/share/glassy_msgs/local_setup.dsv
[1.427s] -- Installing: /home/diogo/MIR_Project_2024/glassy_challenge_ws/install/glassy_msgs/share/glassy_msgs/package.dsv
[1.428s] -- Up-to-date: /home/diogo/MIR_Project_2024/glassy_challenge_ws/install/glassy_msgs/share/ament_index/resource_index/packages/glassy_msgs
[1.432s] -- Up-to-date: /home/diogo/MIR_Project_2024/glassy_challenge_ws/install/glassy_msgs/share/glassy_msgs/cmake/export_glassy_msgs__rosidl_generator_cExport.cmake
[1.432s] -- Up-to-date: /home/diogo/MIR_Project_2024/glassy_challenge_ws/install/glassy_msgs/share/glassy_msgs/cmake/export_glassy_msgs__rosidl_generator_cExport-noconfig.cmake
[1.432s] -- Up-to-date: /home/diogo/MIR_Project_2024/glassy_challenge_ws/install/glassy_msgs/share/glassy_msgs/cmake/export_glassy_msgs__rosidl_typesupport_fastrtps_cExport.cmake
[1.433s] -- Up-to-date: /home/diogo/MIR_Project_2024/glassy_challenge_ws/install/glassy_msgs/share/glassy_msgs/cmake/export_glassy_msgs__rosidl_typesupport_fastrtps_cExport-noconfig.cmake
[1.435s] -- Up-to-date: /home/diogo/MIR_Project_2024/glassy_challenge_ws/install/glassy_msgs/share/glassy_msgs/cmake/export_glassy_msgs__rosidl_generator_cppExport.cmake
[1.438s] -- Up-to-date: /home/diogo/MIR_Project_2024/glassy_challenge_ws/install/glassy_msgs/share/glassy_msgs/cmake/export_glassy_msgs__rosidl_typesupport_fastrtps_cppExport.cmake
[1.438s] -- Up-to-date: /home/diogo/MIR_Project_2024/glassy_challenge_ws/install/glassy_msgs/share/glassy_msgs/cmake/export_glassy_msgs__rosidl_typesupport_fastrtps_cppExport-noconfig.cmake
[1.438s] -- Up-to-date: /home/diogo/MIR_Project_2024/glassy_challenge_ws/install/glassy_msgs/share/glassy_msgs/cmake/glassy_msgs__rosidl_typesupport_introspection_cExport.cmake
[1.438s] -- Up-to-date: /home/diogo/MIR_Project_2024/glassy_challenge_ws/install/glassy_msgs/share/glassy_msgs/cmake/glassy_msgs__rosidl_typesupport_introspection_cExport-noconfig.cmake
[1.439s] -- Up-to-date: /home/diogo/MIR_Project_2024/glassy_challenge_ws/install/glassy_msgs/share/glassy_msgs/cmake/glassy_msgs__rosidl_typesupport_cExport.cmake
[1.439s] -- Up-to-date: /home/diogo/MIR_Project_2024/glassy_challenge_ws/install/glassy_msgs/share/glassy_msgs/cmake/glassy_msgs__rosidl_typesupport_cExport-noconfig.cmake
[1.440s] -- Up-to-date: /home/diogo/MIR_Project_2024/glassy_challenge_ws/install/glassy_msgs/share/glassy_msgs/cmake/glassy_msgs__rosidl_typesupport_introspection_cppExport.cmake
[1.440s] -- Up-to-date: /home/diogo/MIR_Project_2024/glassy_challenge_ws/install/glassy_msgs/share/glassy_msgs/cmake/glassy_msgs__rosidl_typesupport_introspection_cppExport-noconfig.cmake
[1.442s] -- Up-to-date: /home/diogo/MIR_Project_2024/glassy_challenge_ws/install/glassy_msgs/share/glassy_msgs/cmake/glassy_msgs__rosidl_typesupport_cppExport.cmake
[1.442s] -- Up-to-date: /home/diogo/MIR_Project_2024/glassy_challenge_ws/install/glassy_msgs/share/glassy_msgs/cmake/glassy_msgs__rosidl_typesupport_cppExport-noconfig.cmake
[1.443s] -- Up-to-date: /home/diogo/MIR_Project_2024/glassy_challenge_ws/install/glassy_msgs/share/glassy_msgs/cmake/export_glassy_msgs__rosidl_generator_pyExport.cmake
[1.444s] -- Up-to-date: /home/diogo/MIR_Project_2024/glassy_challenge_ws/install/glassy_msgs/share/glassy_msgs/cmake/export_glassy_msgs__rosidl_generator_pyExport-noconfig.cmake
[1.444s] -- Up-to-date: /home/diogo/MIR_Project_2024/glassy_challenge_ws/install/glassy_msgs/share/glassy_msgs/cmake/rosidl_cmake-extras.cmake
[1.444s] -- Up-to-date: /home/diogo/MIR_Project_2024/glassy_challenge_ws/install/glassy_msgs/share/glassy_msgs/cmake/ament_cmake_export_dependencies-extras.cmake
[1.444s] -- Up-to-date: /home/diogo/MIR_Project_2024/glassy_challenge_ws/install/glassy_msgs/share/glassy_msgs/cmake/ament_cmake_export_include_directories-extras.cmake
[1.445s] -- Up-to-date: /home/diogo/MIR_Project_2024/glassy_challenge_ws/install/glassy_msgs/share/glassy_msgs/cmake/ament_cmake_export_libraries-extras.cmake
[1.445s] -- Up-to-date: /home/diogo/MIR_Project_2024/glassy_challenge_ws/install/glassy_msgs/share/glassy_msgs/cmake/ament_cmake_export_targets-extras.cmake
[1.445s] -- Up-to-date: /home/diogo/MIR_Project_2024/glassy_challenge_ws/install/glassy_msgs/share/glassy_msgs/cmake/rosidl_cmake_export_typesupport_targets-extras.cmake
[1.446s] -- Up-to-date: /home/diogo/MIR_Project_2024/glassy_challenge_ws/install/glassy_msgs/share/glassy_msgs/cmake/rosidl_cmake_export_typesupport_libraries-extras.cmake
[1.446s] -- Up-to-date: /home/diogo/MIR_Project_2024/glassy_challenge_ws/install/glassy_msgs/share/glassy_msgs/cmake/glassy_msgsConfig.cmake
[1.447s] -- Up-to-date: /home/diogo/MIR_Project_2024/glassy_challenge_ws/install/glassy_msgs/share/glassy_msgs/cmake/glassy_msgsConfig-version.cmake
[1.447s] -- Up-to-date: /home/diogo/MIR_Project_2024/glassy_challenge_ws/install/glassy_msgs/share/glassy_msgs/package.xml
[1.450s] Invoked command in '/home/diogo/MIR_Project_2024/glassy_challenge_ws/build/glassy_msgs' returned '0': CMAKE_PREFIX_PATH=${CMAKE_PREFIX_PATH}:/home/diogo/MIR_Project_2024/glassy_challenge_ws/install/glassy_challenge:/opt/ros/humble /usr/bin/cmake --install /home/diogo/MIR_Project_2024/glassy_challenge_ws/build/glassy_msgs
