running egg_info
writing ../../build/glassy_challenge/glassy_challenge.egg-info/PKG-INFO
writing dependency_links to ../../build/glassy_challenge/glassy_challenge.egg-info/dependency_links.txt
writing entry points to ../../build/glassy_challenge/glassy_challenge.egg-info/entry_points.txt
writing requirements to ../../build/glassy_challenge/glassy_challenge.egg-info/requires.txt
writing top-level names to ../../build/glassy_challenge/glassy_challenge.egg-info/top_level.txt
reading manifest file '../../build/glassy_challenge/glassy_challenge.egg-info/SOURCES.txt'
writing manifest file '../../build/glassy_challenge/glassy_challenge.egg-info/SOURCES.txt'
running build
running build_py
copying glassy_challenge/glassy_challenge.py -> /home/diogo/MIR_Project_2024/glassy_challenge_ws/build/glassy_challenge/build/lib/glassy_challenge
running install
running install_lib
copying /home/diogo/MIR_Project_2024/glassy_challenge_ws/build/glassy_challenge/build/lib/glassy_challenge/glassy_challenge.py -> /home/diogo/MIR_Project_2024/glassy_challenge_ws/install/glassy_challenge/lib/python3.10/site-packages/glassy_challenge
byte-compiling /home/diogo/MIR_Project_2024/glassy_challenge_ws/install/glassy_challenge/lib/python3.10/site-packages/glassy_challenge/glassy_challenge.py to glassy_challenge.cpython-310.pyc
running install_data
running install_egg_info
removing '/home/diogo/MIR_Project_2024/glassy_challenge_ws/install/glassy_challenge/lib/python3.10/site-packages/glassy_challenge-0.0.0-py3.10.egg-info' (and everything under it)
Copying ../../build/glassy_challenge/glassy_challenge.egg-info to /home/diogo/MIR_Project_2024/glassy_challenge_ws/install/glassy_challenge/lib/python3.10/site-packages/glassy_challenge-0.0.0-py3.10.egg-info
running install_scripts
Installing glassy_challenge script to /home/diogo/MIR_Project_2024/glassy_challenge_ws/install/glassy_challenge/lib/glassy_challenge
Installing glassy_challenge_analysis script to /home/diogo/MIR_Project_2024/glassy_challenge_ws/install/glassy_challenge/lib/glassy_challenge
writing list of installed files to '/home/diogo/MIR_Project_2024/glassy_challenge_ws/build/glassy_challenge/install.log'
