[0.100s] DEBUG:colcon:Command line arguments: ['/usr/bin/colcon', 'build']
[0.100s] DEBUG:colcon:Parsed command line arguments: Namespace(log_base=None, log_level=None, verb_name='build', build_base='build', install_base='install', merge_install=False, symlink_install=False, test_result_base=None, continue_on_error=False, executor='parallel', parallel_workers=2, event_handlers=None, ignore_user_meta=False, metas=['./colcon.meta'], base_paths=['.'], packages_ignore=None, packages_ignore_regex=None, paths=None, packages_up_to=None, packages_up_to_regex=None, packages_above=None, packages_above_and_dependencies=None, packages_above_depth=None, packages_select_by_dep=None, packages_skip_by_dep=None, packages_skip_up_to=None, packages_select_build_failed=False, packages_skip_build_finished=False, packages_select_test_failures=False, packages_skip_test_passed=False, packages_select=None, packages_skip=None, packages_select_regex=None, packages_skip_regex=None, packages_start=None, packages_end=None, allow_overriding=[], cmake_args=None, cmake_target=None, cmake_target_skip_unavailable=False, cmake_clean_cache=False, cmake_clean_first=False, cmake_force_configure=False, ament_cmake_args=None, catkin_cmake_args=None, catkin_skip_building_tests=False, mixin_files=None, mixin=None, verb_parser=<colcon_mixin.mixin.mixin_argument.MixinArgumentDecorator object at 0x72a602452ec0>, verb_extension=<colcon_core.verb.build.BuildVerb object at 0x72a6024528f0>, main=<bound method BuildVerb.main of <colcon_core.verb.build.BuildVerb object at 0x72a6024528f0>>, mixin_verb=('build',))
[0.264s] Level 1:colcon.colcon_core.package_discovery:discover_packages(colcon_meta) check parameters
[0.264s] Level 1:colcon.colcon_core.package_discovery:discover_packages(recursive) check parameters
[0.264s] Level 1:colcon.colcon_core.package_discovery:discover_packages(ignore) check parameters
[0.264s] Level 1:colcon.colcon_core.package_discovery:discover_packages(path) check parameters
[0.264s] Level 1:colcon.colcon_core.package_discovery:discover_packages(colcon_meta) discover
[0.264s] Level 1:colcon.colcon_core.package_discovery:discover_packages(recursive) discover
[0.264s] INFO:colcon.colcon_core.package_discovery:Crawling recursively for packages in '/home/diogo/MIR_Project_2024/glassy_challenge_ws'
[0.264s] Level 1:colcon.colcon_core.package_identification:_identify(.) by extensions ['ignore', 'ignore_ament_install']
[0.264s] Level 1:colcon.colcon_core.package_identification:_identify(.) by extension 'ignore'
[0.264s] Level 1:colcon.colcon_core.package_identification:_identify(.) by extension 'ignore_ament_install'
[0.264s] Level 1:colcon.colcon_core.package_identification:_identify(.) by extensions ['colcon_pkg']
[0.264s] Level 1:colcon.colcon_core.package_identification:_identify(.) by extension 'colcon_pkg'
[0.264s] Level 1:colcon.colcon_core.package_identification:_identify(.) by extensions ['colcon_meta']
[0.264s] Level 1:colcon.colcon_core.package_identification:_identify(.) by extension 'colcon_meta'
[0.264s] Level 1:colcon.colcon_core.package_identification:_identify(.) by extensions ['ros']
[0.265s] Level 1:colcon.colcon_core.package_identification:_identify(.) by extension 'ros'
[0.275s] Level 1:colcon.colcon_core.package_identification:_identify(.) by extensions ['cmake', 'python']
[0.275s] Level 1:colcon.colcon_core.package_identification:_identify(.) by extension 'cmake'
[0.275s] Level 1:colcon.colcon_core.package_identification:_identify(.) by extension 'python'
[0.275s] Level 1:colcon.colcon_core.package_identification:_identify(.) by extensions ['python_setup_py']
[0.275s] Level 1:colcon.colcon_core.package_identification:_identify(.) by extension 'python_setup_py'
[0.275s] Level 1:colcon.colcon_core.package_identification:_identify(build) by extensions ['ignore', 'ignore_ament_install']
[0.275s] Level 1:colcon.colcon_core.package_identification:_identify(build) by extension 'ignore'
[0.275s] Level 1:colcon.colcon_core.package_identification:_identify(build) ignored
[0.276s] Level 1:colcon.colcon_core.package_identification:_identify(install) by extensions ['ignore', 'ignore_ament_install']
[0.276s] Level 1:colcon.colcon_core.package_identification:_identify(install) by extension 'ignore'
[0.276s] Level 1:colcon.colcon_core.package_identification:_identify(install) ignored
[0.276s] Level 1:colcon.colcon_core.package_identification:_identify(log) by extensions ['ignore', 'ignore_ament_install']
[0.276s] Level 1:colcon.colcon_core.package_identification:_identify(log) by extension 'ignore'
[0.276s] Level 1:colcon.colcon_core.package_identification:_identify(log) ignored
[0.276s] Level 1:colcon.colcon_core.package_identification:_identify(src) by extensions ['ignore', 'ignore_ament_install']
[0.276s] Level 1:colcon.colcon_core.package_identification:_identify(src) by extension 'ignore'
[0.276s] Level 1:colcon.colcon_core.package_identification:_identify(src) by extension 'ignore_ament_install'
[0.276s] Level 1:colcon.colcon_core.package_identification:_identify(src) by extensions ['colcon_pkg']
[0.276s] Level 1:colcon.colcon_core.package_identification:_identify(src) by extension 'colcon_pkg'
[0.276s] Level 1:colcon.colcon_core.package_identification:_identify(src) by extensions ['colcon_meta']
[0.276s] Level 1:colcon.colcon_core.package_identification:_identify(src) by extension 'colcon_meta'
[0.276s] Level 1:colcon.colcon_core.package_identification:_identify(src) by extensions ['ros']
[0.276s] Level 1:colcon.colcon_core.package_identification:_identify(src) by extension 'ros'
[0.276s] Level 1:colcon.colcon_core.package_identification:_identify(src) by extensions ['cmake', 'python']
[0.276s] Level 1:colcon.colcon_core.package_identification:_identify(src) by extension 'cmake'
[0.277s] Level 1:colcon.colcon_core.package_identification:_identify(src) by extension 'python'
[0.277s] Level 1:colcon.colcon_core.package_identification:_identify(src) by extensions ['python_setup_py']
[0.277s] Level 1:colcon.colcon_core.package_identification:_identify(src) by extension 'python_setup_py'
[0.277s] Level 1:colcon.colcon_core.package_identification:_identify(src/glassy_challenge) by extensions ['ignore', 'ignore_ament_install']
[0.277s] Level 1:colcon.colcon_core.package_identification:_identify(src/glassy_challenge) by extension 'ignore'
[0.277s] Level 1:colcon.colcon_core.package_identification:_identify(src/glassy_challenge) by extension 'ignore_ament_install'
[0.277s] Level 1:colcon.colcon_core.package_identification:_identify(src/glassy_challenge) by extensions ['colcon_pkg']
[0.277s] Level 1:colcon.colcon_core.package_identification:_identify(src/glassy_challenge) by extension 'colcon_pkg'
[0.277s] Level 1:colcon.colcon_core.package_identification:_identify(src/glassy_challenge) by extensions ['colcon_meta']
[0.277s] Level 1:colcon.colcon_core.package_identification:_identify(src/glassy_challenge) by extension 'colcon_meta'
[0.277s] Level 1:colcon.colcon_core.package_identification:_identify(src/glassy_challenge) by extensions ['ros']
[0.277s] Level 1:colcon.colcon_core.package_identification:_identify(src/glassy_challenge) by extension 'ros'
[0.279s] DEBUG:colcon.colcon_core.package_identification:Package 'src/glassy_challenge' with type 'ros.ament_python' and name 'glassy_challenge'
[0.280s] Level 1:colcon.colcon_core.package_identification:_identify(src/glassy_msgs) by extensions ['ignore', 'ignore_ament_install']
[0.280s] Level 1:colcon.colcon_core.package_identification:_identify(src/glassy_msgs) by extension 'ignore'
[0.280s] Level 1:colcon.colcon_core.package_identification:_identify(src/glassy_msgs) by extension 'ignore_ament_install'
[0.280s] Level 1:colcon.colcon_core.package_identification:_identify(src/glassy_msgs) by extensions ['colcon_pkg']
[0.280s] Level 1:colcon.colcon_core.package_identification:_identify(src/glassy_msgs) by extension 'colcon_pkg'
[0.280s] Level 1:colcon.colcon_core.package_identification:_identify(src/glassy_msgs) by extensions ['colcon_meta']
[0.280s] Level 1:colcon.colcon_core.package_identification:_identify(src/glassy_msgs) by extension 'colcon_meta'
[0.280s] Level 1:colcon.colcon_core.package_identification:_identify(src/glassy_msgs) by extensions ['ros']
[0.280s] Level 1:colcon.colcon_core.package_identification:_identify(src/glassy_msgs) by extension 'ros'
[0.281s] DEBUG:colcon.colcon_core.package_identification:Package 'src/glassy_msgs' with type 'ros.ament_cmake' and name 'glassy_msgs'
[0.281s] Level 1:colcon.colcon_core.package_identification:_identify(src/glassy_px4_manager) by extensions ['ignore', 'ignore_ament_install']
[0.281s] Level 1:colcon.colcon_core.package_identification:_identify(src/glassy_px4_manager) by extension 'ignore'
[0.281s] Level 1:colcon.colcon_core.package_identification:_identify(src/glassy_px4_manager) by extension 'ignore_ament_install'
[0.281s] Level 1:colcon.colcon_core.package_identification:_identify(src/glassy_px4_manager) by extensions ['colcon_pkg']
[0.281s] Level 1:colcon.colcon_core.package_identification:_identify(src/glassy_px4_manager) by extension 'colcon_pkg'
[0.281s] Level 1:colcon.colcon_core.package_identification:_identify(src/glassy_px4_manager) by extensions ['colcon_meta']
[0.281s] Level 1:colcon.colcon_core.package_identification:_identify(src/glassy_px4_manager) by extension 'colcon_meta'
[0.281s] Level 1:colcon.colcon_core.package_identification:_identify(src/glassy_px4_manager) by extensions ['ros']
[0.281s] Level 1:colcon.colcon_core.package_identification:_identify(src/glassy_px4_manager) by extension 'ros'
[0.282s] DEBUG:colcon.colcon_core.package_identification:Package 'src/glassy_px4_manager' with type 'ros.ament_cmake' and name 'glassy_px4_manager'
[0.282s] Level 1:colcon.colcon_core.package_identification:_identify(src/glassy_utils) by extensions ['ignore', 'ignore_ament_install']
[0.282s] Level 1:colcon.colcon_core.package_identification:_identify(src/glassy_utils) by extension 'ignore'
[0.282s] Level 1:colcon.colcon_core.package_identification:_identify(src/glassy_utils) by extension 'ignore_ament_install'
[0.282s] Level 1:colcon.colcon_core.package_identification:_identify(src/glassy_utils) by extensions ['colcon_pkg']
[0.283s] Level 1:colcon.colcon_core.package_identification:_identify(src/glassy_utils) by extension 'colcon_pkg'
[0.283s] Level 1:colcon.colcon_core.package_identification:_identify(src/glassy_utils) by extensions ['colcon_meta']
[0.283s] Level 1:colcon.colcon_core.package_identification:_identify(src/glassy_utils) by extension 'colcon_meta'
[0.283s] Level 1:colcon.colcon_core.package_identification:_identify(src/glassy_utils) by extensions ['ros']
[0.283s] Level 1:colcon.colcon_core.package_identification:_identify(src/glassy_utils) by extension 'ros'
[0.283s] DEBUG:colcon.colcon_core.package_identification:Package 'src/glassy_utils' with type 'ros.ament_cmake' and name 'glassy_utils'
[0.283s] Level 1:colcon.colcon_core.package_identification:_identify(src/px4_msgs) by extensions ['ignore', 'ignore_ament_install']
[0.283s] Level 1:colcon.colcon_core.package_identification:_identify(src/px4_msgs) by extension 'ignore'
[0.283s] Level 1:colcon.colcon_core.package_identification:_identify(src/px4_msgs) by extension 'ignore_ament_install'
[0.284s] Level 1:colcon.colcon_core.package_identification:_identify(src/px4_msgs) by extensions ['colcon_pkg']
[0.284s] Level 1:colcon.colcon_core.package_identification:_identify(src/px4_msgs) by extension 'colcon_pkg'
[0.284s] Level 1:colcon.colcon_core.package_identification:_identify(src/px4_msgs) by extensions ['colcon_meta']
[0.284s] Level 1:colcon.colcon_core.package_identification:_identify(src/px4_msgs) by extension 'colcon_meta'
[0.284s] Level 1:colcon.colcon_core.package_identification:_identify(src/px4_msgs) by extensions ['ros']
[0.284s] Level 1:colcon.colcon_core.package_identification:_identify(src/px4_msgs) by extension 'ros'
[0.284s] DEBUG:colcon.colcon_core.package_identification:Package 'src/px4_msgs' with type 'ros.ament_cmake' and name 'px4_msgs'
[0.284s] Level 1:colcon.colcon_core.package_discovery:discover_packages(recursive) using defaults
[0.284s] Level 1:colcon.colcon_core.package_discovery:discover_packages(ignore) discover
[0.284s] Level 1:colcon.colcon_core.package_discovery:discover_packages(ignore) using defaults
[0.284s] Level 1:colcon.colcon_core.package_discovery:discover_packages(path) discover
[0.284s] Level 1:colcon.colcon_core.package_discovery:discover_packages(path) using defaults
[0.313s] Level 1:colcon.colcon_core.package_discovery:discover_packages(prefix_path) check parameters
[0.313s] Level 1:colcon.colcon_core.package_discovery:discover_packages(prefix_path) discover
[0.315s] DEBUG:colcon.colcon_installed_package_information.package_discovery:Found 5 installed packages in /home/diogo/MIR_Project_2024/glassy_challenge_ws/install
[0.316s] DEBUG:colcon.colcon_installed_package_information.package_discovery:Found 271 installed packages in /opt/ros/humble
[0.317s] Level 1:colcon.colcon_core.package_discovery:discover_packages(prefix_path) using defaults
[0.355s] Level 5:colcon.colcon_core.verb:set package 'glassy_msgs' build argument 'cmake_args' from command line to 'None'
[0.355s] Level 5:colcon.colcon_core.verb:set package 'glassy_msgs' build argument 'cmake_target' from command line to 'None'
[0.355s] Level 5:colcon.colcon_core.verb:set package 'glassy_msgs' build argument 'cmake_target_skip_unavailable' from command line to 'False'
[0.355s] Level 5:colcon.colcon_core.verb:set package 'glassy_msgs' build argument 'cmake_clean_cache' from command line to 'False'
[0.355s] Level 5:colcon.colcon_core.verb:set package 'glassy_msgs' build argument 'cmake_clean_first' from command line to 'False'
[0.355s] Level 5:colcon.colcon_core.verb:set package 'glassy_msgs' build argument 'cmake_force_configure' from command line to 'False'
[0.355s] Level 5:colcon.colcon_core.verb:set package 'glassy_msgs' build argument 'ament_cmake_args' from command line to 'None'
[0.355s] Level 5:colcon.colcon_core.verb:set package 'glassy_msgs' build argument 'catkin_cmake_args' from command line to 'None'
[0.355s] Level 5:colcon.colcon_core.verb:set package 'glassy_msgs' build argument 'catkin_skip_building_tests' from command line to 'False'
[0.355s] DEBUG:colcon.colcon_core.verb:Building package 'glassy_msgs' with the following arguments: {'ament_cmake_args': None, 'build_base': '/home/diogo/MIR_Project_2024/glassy_challenge_ws/build/glassy_msgs', 'catkin_cmake_args': None, 'catkin_skip_building_tests': False, 'cmake_args': None, 'cmake_clean_cache': False, 'cmake_clean_first': False, 'cmake_force_configure': False, 'cmake_target': None, 'cmake_target_skip_unavailable': False, 'install_base': '/home/diogo/MIR_Project_2024/glassy_challenge_ws/install/glassy_msgs', 'merge_install': False, 'path': '/home/diogo/MIR_Project_2024/glassy_challenge_ws/src/glassy_msgs', 'symlink_install': False, 'test_result_base': None}
[0.356s] Level 5:colcon.colcon_core.verb:set package 'glassy_utils' build argument 'cmake_args' from command line to 'None'
[0.356s] Level 5:colcon.colcon_core.verb:set package 'glassy_utils' build argument 'cmake_target' from command line to 'None'
[0.356s] Level 5:colcon.colcon_core.verb:set package 'glassy_utils' build argument 'cmake_target_skip_unavailable' from command line to 'False'
[0.356s] Level 5:colcon.colcon_core.verb:set package 'glassy_utils' build argument 'cmake_clean_cache' from command line to 'False'
[0.356s] Level 5:colcon.colcon_core.verb:set package 'glassy_utils' build argument 'cmake_clean_first' from command line to 'False'
[0.356s] Level 5:colcon.colcon_core.verb:set package 'glassy_utils' build argument 'cmake_force_configure' from command line to 'False'
[0.356s] Level 5:colcon.colcon_core.verb:set package 'glassy_utils' build argument 'ament_cmake_args' from command line to 'None'
[0.356s] Level 5:colcon.colcon_core.verb:set package 'glassy_utils' build argument 'catkin_cmake_args' from command line to 'None'
[0.356s] Level 5:colcon.colcon_core.verb:set package 'glassy_utils' build argument 'catkin_skip_building_tests' from command line to 'False'
[0.356s] DEBUG:colcon.colcon_core.verb:Building package 'glassy_utils' with the following arguments: {'ament_cmake_args': None, 'build_base': '/home/diogo/MIR_Project_2024/glassy_challenge_ws/build/glassy_utils', 'catkin_cmake_args': None, 'catkin_skip_building_tests': False, 'cmake_args': None, 'cmake_clean_cache': False, 'cmake_clean_first': False, 'cmake_force_configure': False, 'cmake_target': None, 'cmake_target_skip_unavailable': False, 'install_base': '/home/diogo/MIR_Project_2024/glassy_challenge_ws/install/glassy_utils', 'merge_install': False, 'path': '/home/diogo/MIR_Project_2024/glassy_challenge_ws/src/glassy_utils', 'symlink_install': False, 'test_result_base': None}
[0.357s] Level 5:colcon.colcon_core.verb:set package 'px4_msgs' build argument 'cmake_args' from command line to 'None'
[0.357s] Level 5:colcon.colcon_core.verb:set package 'px4_msgs' build argument 'cmake_target' from command line to 'None'
[0.357s] Level 5:colcon.colcon_core.verb:set package 'px4_msgs' build argument 'cmake_target_skip_unavailable' from command line to 'False'
[0.357s] Level 5:colcon.colcon_core.verb:set package 'px4_msgs' build argument 'cmake_clean_cache' from command line to 'False'
[0.357s] Level 5:colcon.colcon_core.verb:set package 'px4_msgs' build argument 'cmake_clean_first' from command line to 'False'
[0.357s] Level 5:colcon.colcon_core.verb:set package 'px4_msgs' build argument 'cmake_force_configure' from command line to 'False'
[0.357s] Level 5:colcon.colcon_core.verb:set package 'px4_msgs' build argument 'ament_cmake_args' from command line to 'None'
[0.357s] Level 5:colcon.colcon_core.verb:set package 'px4_msgs' build argument 'catkin_cmake_args' from command line to 'None'
[0.357s] Level 5:colcon.colcon_core.verb:set package 'px4_msgs' build argument 'catkin_skip_building_tests' from command line to 'False'
[0.357s] DEBUG:colcon.colcon_core.verb:Building package 'px4_msgs' with the following arguments: {'ament_cmake_args': None, 'build_base': '/home/diogo/MIR_Project_2024/glassy_challenge_ws/build/px4_msgs', 'catkin_cmake_args': None, 'catkin_skip_building_tests': False, 'cmake_args': None, 'cmake_clean_cache': False, 'cmake_clean_first': False, 'cmake_force_configure': False, 'cmake_target': None, 'cmake_target_skip_unavailable': False, 'install_base': '/home/diogo/MIR_Project_2024/glassy_challenge_ws/install/px4_msgs', 'merge_install': False, 'path': '/home/diogo/MIR_Project_2024/glassy_challenge_ws/src/px4_msgs', 'symlink_install': False, 'test_result_base': None}
[0.357s] Level 5:colcon.colcon_core.verb:set package 'glassy_challenge' build argument 'cmake_args' from command line to 'None'
[0.357s] Level 5:colcon.colcon_core.verb:set package 'glassy_challenge' build argument 'cmake_target' from command line to 'None'
[0.357s] Level 5:colcon.colcon_core.verb:set package 'glassy_challenge' build argument 'cmake_target_skip_unavailable' from command line to 'False'
[0.357s] Level 5:colcon.colcon_core.verb:set package 'glassy_challenge' build argument 'cmake_clean_cache' from command line to 'False'
[0.357s] Level 5:colcon.colcon_core.verb:set package 'glassy_challenge' build argument 'cmake_clean_first' from command line to 'False'
[0.357s] Level 5:colcon.colcon_core.verb:set package 'glassy_challenge' build argument 'cmake_force_configure' from command line to 'False'
[0.357s] Level 5:colcon.colcon_core.verb:set package 'glassy_challenge' build argument 'ament_cmake_args' from command line to 'None'
[0.358s] Level 5:colcon.colcon_core.verb:set package 'glassy_challenge' build argument 'catkin_cmake_args' from command line to 'None'
[0.358s] Level 5:colcon.colcon_core.verb:set package 'glassy_challenge' build argument 'catkin_skip_building_tests' from command line to 'False'
[0.358s] DEBUG:colcon.colcon_core.verb:Building package 'glassy_challenge' with the following arguments: {'ament_cmake_args': None, 'build_base': '/home/diogo/MIR_Project_2024/glassy_challenge_ws/build/glassy_challenge', 'catkin_cmake_args': None, 'catkin_skip_building_tests': False, 'cmake_args': None, 'cmake_clean_cache': False, 'cmake_clean_first': False, 'cmake_force_configure': False, 'cmake_target': None, 'cmake_target_skip_unavailable': False, 'install_base': '/home/diogo/MIR_Project_2024/glassy_challenge_ws/install/glassy_challenge', 'merge_install': False, 'path': '/home/diogo/MIR_Project_2024/glassy_challenge_ws/src/glassy_challenge', 'symlink_install': False, 'test_result_base': None}
[0.358s] Level 5:colcon.colcon_core.verb:set package 'glassy_px4_manager' build argument 'cmake_args' from command line to 'None'
[0.358s] Level 5:colcon.colcon_core.verb:set package 'glassy_px4_manager' build argument 'cmake_target' from command line to 'None'
[0.358s] Level 5:colcon.colcon_core.verb:set package 'glassy_px4_manager' build argument 'cmake_target_skip_unavailable' from command line to 'False'
[0.358s] Level 5:colcon.colcon_core.verb:set package 'glassy_px4_manager' build argument 'cmake_clean_cache' from command line to 'False'
[0.358s] Level 5:colcon.colcon_core.verb:set package 'glassy_px4_manager' build argument 'cmake_clean_first' from command line to 'False'
[0.358s] Level 5:colcon.colcon_core.verb:set package 'glassy_px4_manager' build argument 'cmake_force_configure' from command line to 'False'
[0.358s] Level 5:colcon.colcon_core.verb:set package 'glassy_px4_manager' build argument 'ament_cmake_args' from command line to 'None'
[0.358s] Level 5:colcon.colcon_core.verb:set package 'glassy_px4_manager' build argument 'catkin_cmake_args' from command line to 'None'
[0.358s] Level 5:colcon.colcon_core.verb:set package 'glassy_px4_manager' build argument 'catkin_skip_building_tests' from command line to 'False'
[0.358s] DEBUG:colcon.colcon_core.verb:Building package 'glassy_px4_manager' with the following arguments: {'ament_cmake_args': None, 'build_base': '/home/diogo/MIR_Project_2024/glassy_challenge_ws/build/glassy_px4_manager', 'catkin_cmake_args': None, 'catkin_skip_building_tests': False, 'cmake_args': None, 'cmake_clean_cache': False, 'cmake_clean_first': False, 'cmake_force_configure': False, 'cmake_target': None, 'cmake_target_skip_unavailable': False, 'install_base': '/home/diogo/MIR_Project_2024/glassy_challenge_ws/install/glassy_px4_manager', 'merge_install': False, 'path': '/home/diogo/MIR_Project_2024/glassy_challenge_ws/src/glassy_px4_manager', 'symlink_install': False, 'test_result_base': None}
[0.358s] INFO:colcon.colcon_core.executor:Executing jobs using 'parallel' executor
[0.359s] DEBUG:colcon.colcon_parallel_executor.executor.parallel:run_until_complete
[0.360s] INFO:colcon.colcon_ros.task.ament_cmake.build:Building ROS package in '/home/diogo/MIR_Project_2024/glassy_challenge_ws/src/glassy_msgs' with build type 'ament_cmake'
[0.360s] INFO:colcon.colcon_cmake.task.cmake.build:Building CMake package in '/home/diogo/MIR_Project_2024/glassy_challenge_ws/src/glassy_msgs'
[0.362s] INFO:colcon.colcon_core.plugin_system:Skipping extension 'colcon_core.shell.bat': Not used on non-Windows systems
[0.362s] INFO:colcon.colcon_core.shell:Skip shell extension 'powershell' for command environment: Not usable outside of PowerShell
[0.362s] DEBUG:colcon.colcon_core.shell:Skip shell extension 'dsv' for command environment
[0.368s] INFO:colcon.colcon_ros.task.ament_cmake.build:Building ROS package in '/home/diogo/MIR_Project_2024/glassy_challenge_ws/src/px4_msgs' with build type 'ament_cmake'
[0.368s] INFO:colcon.colcon_cmake.task.cmake.build:Building CMake package in '/home/diogo/MIR_Project_2024/glassy_challenge_ws/src/px4_msgs'
[0.369s] INFO:colcon.colcon_core.shell:Skip shell extension 'powershell' for command environment: Not usable outside of PowerShell
[0.369s] DEBUG:colcon.colcon_core.shell:Skip shell extension 'dsv' for command environment
[0.382s] DEBUG:colcon.colcon_core.event_handler.log_command:Invoking command in '/home/diogo/MIR_Project_2024/glassy_challenge_ws/build/glassy_msgs': CMAKE_PREFIX_PATH=${CMAKE_PREFIX_PATH}:/home/diogo/MIR_Project_2024/glassy_challenge_ws/install/glassy_challenge:/opt/ros/humble /usr/bin/cmake --build /home/diogo/MIR_Project_2024/glassy_challenge_ws/build/glassy_msgs -- -j2 -l2
[0.391s] DEBUG:colcon.colcon_core.event_handler.log_command:Invoking command in '/home/diogo/MIR_Project_2024/glassy_challenge_ws/build/px4_msgs': CMAKE_PREFIX_PATH=${CMAKE_PREFIX_PATH}:/home/diogo/MIR_Project_2024/glassy_challenge_ws/install/glassy_challenge:/opt/ros/humble /usr/bin/cmake --build /home/diogo/MIR_Project_2024/glassy_challenge_ws/build/px4_msgs -- -j2 -l2
[1.405s] DEBUG:colcon.colcon_core.event_handler.log_command:Invoked command in '/home/diogo/MIR_Project_2024/glassy_challenge_ws/build/glassy_msgs' returned '0': CMAKE_PREFIX_PATH=${CMAKE_PREFIX_PATH}:/home/diogo/MIR_Project_2024/glassy_challenge_ws/install/glassy_challenge:/opt/ros/humble /usr/bin/cmake --build /home/diogo/MIR_Project_2024/glassy_challenge_ws/build/glassy_msgs -- -j2 -l2
[1.435s] DEBUG:colcon.colcon_core.event_handler.log_command:Invoking command in '/home/diogo/MIR_Project_2024/glassy_challenge_ws/build/glassy_msgs': CMAKE_PREFIX_PATH=${CMAKE_PREFIX_PATH}:/home/diogo/MIR_Project_2024/glassy_challenge_ws/install/glassy_challenge:/opt/ros/humble /usr/bin/cmake --install /home/diogo/MIR_Project_2024/glassy_challenge_ws/build/glassy_msgs
[1.596s] Level 1:colcon.colcon_core.environment:create_environment_scripts_only(glassy_msgs)
[1.599s] DEBUG:colcon.colcon_core.event_handler.log_command:Invoked command in '/home/diogo/MIR_Project_2024/glassy_challenge_ws/build/glassy_msgs' returned '0': CMAKE_PREFIX_PATH=${CMAKE_PREFIX_PATH}:/home/diogo/MIR_Project_2024/glassy_challenge_ws/install/glassy_challenge:/opt/ros/humble /usr/bin/cmake --install /home/diogo/MIR_Project_2024/glassy_challenge_ws/build/glassy_msgs
[1.600s] Level 1:colcon.colcon_core.environment:checking '/home/diogo/MIR_Project_2024/glassy_challenge_ws/install/glassy_msgs' for CMake module files
[1.602s] Level 1:colcon.colcon_core.environment:checking '/home/diogo/MIR_Project_2024/glassy_challenge_ws/install/glassy_msgs' for CMake config files
[1.604s] Level 1:colcon.colcon_core.shell:create_environment_hook('glassy_msgs', 'cmake_prefix_path')
[1.605s] INFO:colcon.colcon_core.shell:Creating environment hook '/home/diogo/MIR_Project_2024/glassy_challenge_ws/install/glassy_msgs/share/glassy_msgs/hook/cmake_prefix_path.ps1'
[1.605s] INFO:colcon.colcon_core.shell:Creating environment descriptor '/home/diogo/MIR_Project_2024/glassy_challenge_ws/install/glassy_msgs/share/glassy_msgs/hook/cmake_prefix_path.dsv'
[1.608s] INFO:colcon.colcon_core.shell:Creating environment hook '/home/diogo/MIR_Project_2024/glassy_challenge_ws/install/glassy_msgs/share/glassy_msgs/hook/cmake_prefix_path.sh'
[1.613s] Level 1:colcon.colcon_core.environment:checking '/home/diogo/MIR_Project_2024/glassy_challenge_ws/install/glassy_msgs/lib'
[1.613s] Level 1:colcon.colcon_core.shell:create_environment_hook('glassy_msgs', 'ld_library_path_lib')
[1.613s] INFO:colcon.colcon_core.shell:Creating environment hook '/home/diogo/MIR_Project_2024/glassy_challenge_ws/install/glassy_msgs/share/glassy_msgs/hook/ld_library_path_lib.ps1'
[1.614s] INFO:colcon.colcon_core.shell:Creating environment descriptor '/home/diogo/MIR_Project_2024/glassy_challenge_ws/install/glassy_msgs/share/glassy_msgs/hook/ld_library_path_lib.dsv'
[1.615s] INFO:colcon.colcon_core.shell:Creating environment hook '/home/diogo/MIR_Project_2024/glassy_challenge_ws/install/glassy_msgs/share/glassy_msgs/hook/ld_library_path_lib.sh'
[1.617s] Level 1:colcon.colcon_core.environment:checking '/home/diogo/MIR_Project_2024/glassy_challenge_ws/install/glassy_msgs/bin'
[1.617s] Level 1:colcon.colcon_core.environment:checking '/home/diogo/MIR_Project_2024/glassy_challenge_ws/install/glassy_msgs/lib/pkgconfig/glassy_msgs.pc'
[1.617s] Level 1:colcon.colcon_core.environment:checking '/home/diogo/MIR_Project_2024/glassy_challenge_ws/install/glassy_msgs/lib/python3.10/site-packages'
[1.620s] Level 1:colcon.colcon_core.environment:checking '/home/diogo/MIR_Project_2024/glassy_challenge_ws/install/glassy_msgs/bin'
[1.620s] INFO:colcon.colcon_core.shell:Creating package script '/home/diogo/MIR_Project_2024/glassy_challenge_ws/install/glassy_msgs/share/glassy_msgs/package.ps1'
[1.621s] INFO:colcon.colcon_core.shell:Creating package descriptor '/home/diogo/MIR_Project_2024/glassy_challenge_ws/install/glassy_msgs/share/glassy_msgs/package.dsv'
[1.626s] INFO:colcon.colcon_core.shell:Creating package script '/home/diogo/MIR_Project_2024/glassy_challenge_ws/install/glassy_msgs/share/glassy_msgs/package.sh'
[1.627s] INFO:colcon.colcon_core.shell:Creating package script '/home/diogo/MIR_Project_2024/glassy_challenge_ws/install/glassy_msgs/share/glassy_msgs/package.bash'
[1.629s] INFO:colcon.colcon_core.shell:Creating package script '/home/diogo/MIR_Project_2024/glassy_challenge_ws/install/glassy_msgs/share/glassy_msgs/package.zsh'
[1.629s] Level 1:colcon.colcon_core.environment:create_file_with_runtime_dependencies(/home/diogo/MIR_Project_2024/glassy_challenge_ws/install/glassy_msgs/share/colcon-core/packages/glassy_msgs)
[1.631s] Level 1:colcon.colcon_core.environment:create_environment_scripts_only(glassy_msgs)
[1.632s] Level 1:colcon.colcon_core.environment:checking '/home/diogo/MIR_Project_2024/glassy_challenge_ws/install/glassy_msgs' for CMake module files
[1.632s] Level 1:colcon.colcon_core.environment:checking '/home/diogo/MIR_Project_2024/glassy_challenge_ws/install/glassy_msgs' for CMake config files
[1.633s] Level 1:colcon.colcon_core.shell:create_environment_hook('glassy_msgs', 'cmake_prefix_path')
[1.634s] INFO:colcon.colcon_core.shell:Creating environment hook '/home/diogo/MIR_Project_2024/glassy_challenge_ws/install/glassy_msgs/share/glassy_msgs/hook/cmake_prefix_path.ps1'
[1.634s] INFO:colcon.colcon_core.shell:Creating environment descriptor '/home/diogo/MIR_Project_2024/glassy_challenge_ws/install/glassy_msgs/share/glassy_msgs/hook/cmake_prefix_path.dsv'
[1.635s] INFO:colcon.colcon_core.shell:Creating environment hook '/home/diogo/MIR_Project_2024/glassy_challenge_ws/install/glassy_msgs/share/glassy_msgs/hook/cmake_prefix_path.sh'
[1.638s] Level 1:colcon.colcon_core.environment:checking '/home/diogo/MIR_Project_2024/glassy_challenge_ws/install/glassy_msgs/lib'
[1.638s] Level 1:colcon.colcon_core.shell:create_environment_hook('glassy_msgs', 'ld_library_path_lib')
[1.639s] INFO:colcon.colcon_core.shell:Creating environment hook '/home/diogo/MIR_Project_2024/glassy_challenge_ws/install/glassy_msgs/share/glassy_msgs/hook/ld_library_path_lib.ps1'
[1.640s] INFO:colcon.colcon_core.shell:Creating environment descriptor '/home/diogo/MIR_Project_2024/glassy_challenge_ws/install/glassy_msgs/share/glassy_msgs/hook/ld_library_path_lib.dsv'
[1.641s] INFO:colcon.colcon_core.shell:Creating environment hook '/home/diogo/MIR_Project_2024/glassy_challenge_ws/install/glassy_msgs/share/glassy_msgs/hook/ld_library_path_lib.sh'
[1.644s] Level 1:colcon.colcon_core.environment:checking '/home/diogo/MIR_Project_2024/glassy_challenge_ws/install/glassy_msgs/bin'
[1.644s] Level 1:colcon.colcon_core.environment:checking '/home/diogo/MIR_Project_2024/glassy_challenge_ws/install/glassy_msgs/lib/pkgconfig/glassy_msgs.pc'
[1.645s] Level 1:colcon.colcon_core.environment:checking '/home/diogo/MIR_Project_2024/glassy_challenge_ws/install/glassy_msgs/lib/python3.10/site-packages'
[1.646s] Level 1:colcon.colcon_core.environment:checking '/home/diogo/MIR_Project_2024/glassy_challenge_ws/install/glassy_msgs/bin'
[1.647s] INFO:colcon.colcon_core.shell:Creating package script '/home/diogo/MIR_Project_2024/glassy_challenge_ws/install/glassy_msgs/share/glassy_msgs/package.ps1'
[1.647s] INFO:colcon.colcon_core.shell:Creating package descriptor '/home/diogo/MIR_Project_2024/glassy_challenge_ws/install/glassy_msgs/share/glassy_msgs/package.dsv'
[1.648s] INFO:colcon.colcon_core.shell:Creating package script '/home/diogo/MIR_Project_2024/glassy_challenge_ws/install/glassy_msgs/share/glassy_msgs/package.sh'
[1.649s] INFO:colcon.colcon_core.shell:Creating package script '/home/diogo/MIR_Project_2024/glassy_challenge_ws/install/glassy_msgs/share/glassy_msgs/package.bash'
[1.649s] INFO:colcon.colcon_core.shell:Creating package script '/home/diogo/MIR_Project_2024/glassy_challenge_ws/install/glassy_msgs/share/glassy_msgs/package.zsh'
[1.650s] Level 1:colcon.colcon_core.environment:create_file_with_runtime_dependencies(/home/diogo/MIR_Project_2024/glassy_challenge_ws/install/glassy_msgs/share/colcon-core/packages/glassy_msgs)
[1.651s] INFO:colcon.colcon_ros.task.ament_cmake.build:Building ROS package in '/home/diogo/MIR_Project_2024/glassy_challenge_ws/src/glassy_utils' with build type 'ament_cmake'
[1.651s] INFO:colcon.colcon_cmake.task.cmake.build:Building CMake package in '/home/diogo/MIR_Project_2024/glassy_challenge_ws/src/glassy_utils'
[1.651s] INFO:colcon.colcon_core.shell:Skip shell extension 'powershell' for command environment: Not usable outside of PowerShell
[1.651s] DEBUG:colcon.colcon_core.shell:Skip shell extension 'dsv' for command environment
[1.673s] DEBUG:colcon.colcon_core.event_handler.log_command:Invoking command in '/home/diogo/MIR_Project_2024/glassy_challenge_ws/build/glassy_utils': CMAKE_PREFIX_PATH=${CMAKE_PREFIX_PATH}:/home/diogo/MIR_Project_2024/glassy_challenge_ws/install/glassy_challenge:/opt/ros/humble /usr/bin/cmake --build /home/diogo/MIR_Project_2024/glassy_challenge_ws/build/glassy_utils -- -j2 -l2
[1.823s] DEBUG:colcon.colcon_core.event_handler.log_command:Invoked command in '/home/diogo/MIR_Project_2024/glassy_challenge_ws/build/glassy_utils' returned '0': CMAKE_PREFIX_PATH=${CMAKE_PREFIX_PATH}:/home/diogo/MIR_Project_2024/glassy_challenge_ws/install/glassy_challenge:/opt/ros/humble /usr/bin/cmake --build /home/diogo/MIR_Project_2024/glassy_challenge_ws/build/glassy_utils -- -j2 -l2
[1.832s] DEBUG:colcon.colcon_core.event_handler.log_command:Invoking command in '/home/diogo/MIR_Project_2024/glassy_challenge_ws/build/glassy_utils': CMAKE_PREFIX_PATH=${CMAKE_PREFIX_PATH}:/home/diogo/MIR_Project_2024/glassy_challenge_ws/install/glassy_challenge:/opt/ros/humble /usr/bin/cmake --install /home/diogo/MIR_Project_2024/glassy_challenge_ws/build/glassy_utils
[1.866s] Level 1:colcon.colcon_core.environment:create_environment_scripts_only(glassy_utils)
[1.866s] Level 1:colcon.colcon_core.environment:checking '/home/diogo/MIR_Project_2024/glassy_challenge_ws/install/glassy_utils' for CMake module files
[1.867s] Level 1:colcon.colcon_core.environment:checking '/home/diogo/MIR_Project_2024/glassy_challenge_ws/install/glassy_utils' for CMake config files
[1.867s] Level 1:colcon.colcon_core.shell:create_environment_hook('glassy_utils', 'cmake_prefix_path')
[1.867s] INFO:colcon.colcon_core.shell:Creating environment hook '/home/diogo/MIR_Project_2024/glassy_challenge_ws/install/glassy_utils/share/glassy_utils/hook/cmake_prefix_path.ps1'
[1.866s] DEBUG:colcon.colcon_core.event_handler.log_command:Invoked command in '/home/diogo/MIR_Project_2024/glassy_challenge_ws/build/glassy_utils' returned '0': CMAKE_PREFIX_PATH=${CMAKE_PREFIX_PATH}:/home/diogo/MIR_Project_2024/glassy_challenge_ws/install/glassy_challenge:/opt/ros/humble /usr/bin/cmake --install /home/diogo/MIR_Project_2024/glassy_challenge_ws/build/glassy_utils
[1.868s] INFO:colcon.colcon_core.shell:Creating environment descriptor '/home/diogo/MIR_Project_2024/glassy_challenge_ws/install/glassy_utils/share/glassy_utils/hook/cmake_prefix_path.dsv'
[1.868s] INFO:colcon.colcon_core.shell:Creating environment hook '/home/diogo/MIR_Project_2024/glassy_challenge_ws/install/glassy_utils/share/glassy_utils/hook/cmake_prefix_path.sh'
[1.869s] Level 1:colcon.colcon_core.environment:checking '/home/diogo/MIR_Project_2024/glassy_challenge_ws/install/glassy_utils/lib'
[1.869s] Level 1:colcon.colcon_core.environment:checking '/home/diogo/MIR_Project_2024/glassy_challenge_ws/install/glassy_utils/bin'
[1.869s] Level 1:colcon.colcon_core.environment:checking '/home/diogo/MIR_Project_2024/glassy_challenge_ws/install/glassy_utils/lib/pkgconfig/glassy_utils.pc'
[1.869s] Level 1:colcon.colcon_core.environment:checking '/home/diogo/MIR_Project_2024/glassy_challenge_ws/install/glassy_utils/lib/python3.10/site-packages'
[1.870s] Level 1:colcon.colcon_core.environment:checking '/home/diogo/MIR_Project_2024/glassy_challenge_ws/install/glassy_utils/bin'
[1.870s] INFO:colcon.colcon_core.shell:Creating package script '/home/diogo/MIR_Project_2024/glassy_challenge_ws/install/glassy_utils/share/glassy_utils/package.ps1'
[1.871s] INFO:colcon.colcon_core.shell:Creating package descriptor '/home/diogo/MIR_Project_2024/glassy_challenge_ws/install/glassy_utils/share/glassy_utils/package.dsv'
[1.871s] INFO:colcon.colcon_core.shell:Creating package script '/home/diogo/MIR_Project_2024/glassy_challenge_ws/install/glassy_utils/share/glassy_utils/package.sh'
[1.872s] INFO:colcon.colcon_core.shell:Creating package script '/home/diogo/MIR_Project_2024/glassy_challenge_ws/install/glassy_utils/share/glassy_utils/package.bash'
[1.877s] INFO:colcon.colcon_core.shell:Creating package script '/home/diogo/MIR_Project_2024/glassy_challenge_ws/install/glassy_utils/share/glassy_utils/package.zsh'
[1.878s] Level 1:colcon.colcon_core.environment:create_file_with_runtime_dependencies(/home/diogo/MIR_Project_2024/glassy_challenge_ws/install/glassy_utils/share/colcon-core/packages/glassy_utils)
[1.879s] Level 1:colcon.colcon_core.environment:create_environment_scripts_only(glassy_utils)
[1.879s] Level 1:colcon.colcon_core.environment:checking '/home/diogo/MIR_Project_2024/glassy_challenge_ws/install/glassy_utils' for CMake module files
[1.880s] Level 1:colcon.colcon_core.environment:checking '/home/diogo/MIR_Project_2024/glassy_challenge_ws/install/glassy_utils' for CMake config files
[1.880s] Level 1:colcon.colcon_core.shell:create_environment_hook('glassy_utils', 'cmake_prefix_path')
[1.880s] INFO:colcon.colcon_core.shell:Creating environment hook '/home/diogo/MIR_Project_2024/glassy_challenge_ws/install/glassy_utils/share/glassy_utils/hook/cmake_prefix_path.ps1'
[1.881s] INFO:colcon.colcon_core.shell:Creating environment descriptor '/home/diogo/MIR_Project_2024/glassy_challenge_ws/install/glassy_utils/share/glassy_utils/hook/cmake_prefix_path.dsv'
[1.881s] INFO:colcon.colcon_core.shell:Creating environment hook '/home/diogo/MIR_Project_2024/glassy_challenge_ws/install/glassy_utils/share/glassy_utils/hook/cmake_prefix_path.sh'
[1.882s] Level 1:colcon.colcon_core.environment:checking '/home/diogo/MIR_Project_2024/glassy_challenge_ws/install/glassy_utils/lib'
[1.882s] Level 1:colcon.colcon_core.environment:checking '/home/diogo/MIR_Project_2024/glassy_challenge_ws/install/glassy_utils/bin'
[1.882s] Level 1:colcon.colcon_core.environment:checking '/home/diogo/MIR_Project_2024/glassy_challenge_ws/install/glassy_utils/lib/pkgconfig/glassy_utils.pc'
[1.882s] Level 1:colcon.colcon_core.environment:checking '/home/diogo/MIR_Project_2024/glassy_challenge_ws/install/glassy_utils/lib/python3.10/site-packages'
[1.883s] Level 1:colcon.colcon_core.environment:checking '/home/diogo/MIR_Project_2024/glassy_challenge_ws/install/glassy_utils/bin'
[1.883s] INFO:colcon.colcon_core.shell:Creating package script '/home/diogo/MIR_Project_2024/glassy_challenge_ws/install/glassy_utils/share/glassy_utils/package.ps1'
[1.884s] INFO:colcon.colcon_core.shell:Creating package descriptor '/home/diogo/MIR_Project_2024/glassy_challenge_ws/install/glassy_utils/share/glassy_utils/package.dsv'
[1.884s] INFO:colcon.colcon_core.shell:Creating package script '/home/diogo/MIR_Project_2024/glassy_challenge_ws/install/glassy_utils/share/glassy_utils/package.sh'
[1.885s] INFO:colcon.colcon_core.shell:Creating package script '/home/diogo/MIR_Project_2024/glassy_challenge_ws/install/glassy_utils/share/glassy_utils/package.bash'
[1.886s] INFO:colcon.colcon_core.shell:Creating package script '/home/diogo/MIR_Project_2024/glassy_challenge_ws/install/glassy_utils/share/glassy_utils/package.zsh'
[1.886s] Level 1:colcon.colcon_core.environment:create_file_with_runtime_dependencies(/home/diogo/MIR_Project_2024/glassy_challenge_ws/install/glassy_utils/share/colcon-core/packages/glassy_utils)
[3.598s] DEBUG:colcon.colcon_core.event_handler.log_command:Invoked command in '/home/diogo/MIR_Project_2024/glassy_challenge_ws/build/px4_msgs' returned '0': CMAKE_PREFIX_PATH=${CMAKE_PREFIX_PATH}:/home/diogo/MIR_Project_2024/glassy_challenge_ws/install/glassy_challenge:/opt/ros/humble /usr/bin/cmake --build /home/diogo/MIR_Project_2024/glassy_challenge_ws/build/px4_msgs -- -j2 -l2
[3.604s] DEBUG:colcon.colcon_core.event_handler.log_command:Invoking command in '/home/diogo/MIR_Project_2024/glassy_challenge_ws/build/px4_msgs': CMAKE_PREFIX_PATH=${CMAKE_PREFIX_PATH}:/home/diogo/MIR_Project_2024/glassy_challenge_ws/install/glassy_challenge:/opt/ros/humble /usr/bin/cmake --install /home/diogo/MIR_Project_2024/glassy_challenge_ws/build/px4_msgs
[4.331s] Level 1:colcon.colcon_core.environment:create_environment_scripts_only(px4_msgs)
[4.331s] Level 1:colcon.colcon_core.environment:checking '/home/diogo/MIR_Project_2024/glassy_challenge_ws/install/px4_msgs' for CMake module files
[4.332s] DEBUG:colcon.colcon_core.event_handler.log_command:Invoked command in '/home/diogo/MIR_Project_2024/glassy_challenge_ws/build/px4_msgs' returned '0': CMAKE_PREFIX_PATH=${CMAKE_PREFIX_PATH}:/home/diogo/MIR_Project_2024/glassy_challenge_ws/install/glassy_challenge:/opt/ros/humble /usr/bin/cmake --install /home/diogo/MIR_Project_2024/glassy_challenge_ws/build/px4_msgs
[4.332s] Level 1:colcon.colcon_core.environment:checking '/home/diogo/MIR_Project_2024/glassy_challenge_ws/install/px4_msgs' for CMake config files
[4.338s] Level 1:colcon.colcon_core.shell:create_environment_hook('px4_msgs', 'cmake_prefix_path')
[4.338s] INFO:colcon.colcon_core.shell:Creating environment hook '/home/diogo/MIR_Project_2024/glassy_challenge_ws/install/px4_msgs/share/px4_msgs/hook/cmake_prefix_path.ps1'
[4.339s] INFO:colcon.colcon_core.shell:Creating environment descriptor '/home/diogo/MIR_Project_2024/glassy_challenge_ws/install/px4_msgs/share/px4_msgs/hook/cmake_prefix_path.dsv'
[4.339s] INFO:colcon.colcon_core.shell:Creating environment hook '/home/diogo/MIR_Project_2024/glassy_challenge_ws/install/px4_msgs/share/px4_msgs/hook/cmake_prefix_path.sh'
[4.340s] Level 1:colcon.colcon_core.environment:checking '/home/diogo/MIR_Project_2024/glassy_challenge_ws/install/px4_msgs/lib'
[4.340s] Level 1:colcon.colcon_core.shell:create_environment_hook('px4_msgs', 'ld_library_path_lib')
[4.341s] INFO:colcon.colcon_core.shell:Creating environment hook '/home/diogo/MIR_Project_2024/glassy_challenge_ws/install/px4_msgs/share/px4_msgs/hook/ld_library_path_lib.ps1'
[4.341s] INFO:colcon.colcon_core.shell:Creating environment descriptor '/home/diogo/MIR_Project_2024/glassy_challenge_ws/install/px4_msgs/share/px4_msgs/hook/ld_library_path_lib.dsv'
[4.342s] INFO:colcon.colcon_core.shell:Creating environment hook '/home/diogo/MIR_Project_2024/glassy_challenge_ws/install/px4_msgs/share/px4_msgs/hook/ld_library_path_lib.sh'
[4.342s] Level 1:colcon.colcon_core.environment:checking '/home/diogo/MIR_Project_2024/glassy_challenge_ws/install/px4_msgs/bin'
[4.342s] Level 1:colcon.colcon_core.environment:checking '/home/diogo/MIR_Project_2024/glassy_challenge_ws/install/px4_msgs/lib/pkgconfig/px4_msgs.pc'
[4.342s] Level 1:colcon.colcon_core.environment:checking '/home/diogo/MIR_Project_2024/glassy_challenge_ws/install/px4_msgs/lib/python3.10/site-packages'
[4.343s] Level 1:colcon.colcon_core.environment:checking '/home/diogo/MIR_Project_2024/glassy_challenge_ws/install/px4_msgs/bin'
[4.343s] INFO:colcon.colcon_core.shell:Creating package script '/home/diogo/MIR_Project_2024/glassy_challenge_ws/install/px4_msgs/share/px4_msgs/package.ps1'
[4.343s] INFO:colcon.colcon_core.shell:Creating package descriptor '/home/diogo/MIR_Project_2024/glassy_challenge_ws/install/px4_msgs/share/px4_msgs/package.dsv'
[4.344s] INFO:colcon.colcon_core.shell:Creating package script '/home/diogo/MIR_Project_2024/glassy_challenge_ws/install/px4_msgs/share/px4_msgs/package.sh'
[4.345s] INFO:colcon.colcon_core.shell:Creating package script '/home/diogo/MIR_Project_2024/glassy_challenge_ws/install/px4_msgs/share/px4_msgs/package.bash'
[4.345s] INFO:colcon.colcon_core.shell:Creating package script '/home/diogo/MIR_Project_2024/glassy_challenge_ws/install/px4_msgs/share/px4_msgs/package.zsh'
[4.346s] Level 1:colcon.colcon_core.environment:create_file_with_runtime_dependencies(/home/diogo/MIR_Project_2024/glassy_challenge_ws/install/px4_msgs/share/colcon-core/packages/px4_msgs)
[4.347s] Level 1:colcon.colcon_core.environment:create_environment_scripts_only(px4_msgs)
[4.347s] Level 1:colcon.colcon_core.environment:checking '/home/diogo/MIR_Project_2024/glassy_challenge_ws/install/px4_msgs' for CMake module files
[4.347s] Level 1:colcon.colcon_core.environment:checking '/home/diogo/MIR_Project_2024/glassy_challenge_ws/install/px4_msgs' for CMake config files
[4.352s] Level 1:colcon.colcon_core.shell:create_environment_hook('px4_msgs', 'cmake_prefix_path')
[4.352s] INFO:colcon.colcon_core.shell:Creating environment hook '/home/diogo/MIR_Project_2024/glassy_challenge_ws/install/px4_msgs/share/px4_msgs/hook/cmake_prefix_path.ps1'
[4.353s] INFO:colcon.colcon_core.shell:Creating environment descriptor '/home/diogo/MIR_Project_2024/glassy_challenge_ws/install/px4_msgs/share/px4_msgs/hook/cmake_prefix_path.dsv'
[4.353s] INFO:colcon.colcon_core.shell:Creating environment hook '/home/diogo/MIR_Project_2024/glassy_challenge_ws/install/px4_msgs/share/px4_msgs/hook/cmake_prefix_path.sh'
[4.354s] Level 1:colcon.colcon_core.environment:checking '/home/diogo/MIR_Project_2024/glassy_challenge_ws/install/px4_msgs/lib'
[4.354s] Level 1:colcon.colcon_core.shell:create_environment_hook('px4_msgs', 'ld_library_path_lib')
[4.354s] INFO:colcon.colcon_core.shell:Creating environment hook '/home/diogo/MIR_Project_2024/glassy_challenge_ws/install/px4_msgs/share/px4_msgs/hook/ld_library_path_lib.ps1'
[4.355s] INFO:colcon.colcon_core.shell:Creating environment descriptor '/home/diogo/MIR_Project_2024/glassy_challenge_ws/install/px4_msgs/share/px4_msgs/hook/ld_library_path_lib.dsv'
[4.355s] INFO:colcon.colcon_core.shell:Creating environment hook '/home/diogo/MIR_Project_2024/glassy_challenge_ws/install/px4_msgs/share/px4_msgs/hook/ld_library_path_lib.sh'
[4.356s] Level 1:colcon.colcon_core.environment:checking '/home/diogo/MIR_Project_2024/glassy_challenge_ws/install/px4_msgs/bin'
[4.356s] Level 1:colcon.colcon_core.environment:checking '/home/diogo/MIR_Project_2024/glassy_challenge_ws/install/px4_msgs/lib/pkgconfig/px4_msgs.pc'
[4.356s] Level 1:colcon.colcon_core.environment:checking '/home/diogo/MIR_Project_2024/glassy_challenge_ws/install/px4_msgs/lib/python3.10/site-packages'
[4.356s] Level 1:colcon.colcon_core.environment:checking '/home/diogo/MIR_Project_2024/glassy_challenge_ws/install/px4_msgs/bin'
[4.357s] INFO:colcon.colcon_core.shell:Creating package script '/home/diogo/MIR_Project_2024/glassy_challenge_ws/install/px4_msgs/share/px4_msgs/package.ps1'
[4.357s] INFO:colcon.colcon_core.shell:Creating package descriptor '/home/diogo/MIR_Project_2024/glassy_challenge_ws/install/px4_msgs/share/px4_msgs/package.dsv'
[4.358s] INFO:colcon.colcon_core.shell:Creating package script '/home/diogo/MIR_Project_2024/glassy_challenge_ws/install/px4_msgs/share/px4_msgs/package.sh'
[4.358s] INFO:colcon.colcon_core.shell:Creating package script '/home/diogo/MIR_Project_2024/glassy_challenge_ws/install/px4_msgs/share/px4_msgs/package.bash'
[4.359s] INFO:colcon.colcon_core.shell:Creating package script '/home/diogo/MIR_Project_2024/glassy_challenge_ws/install/px4_msgs/share/px4_msgs/package.zsh'
[4.360s] Level 1:colcon.colcon_core.environment:create_file_with_runtime_dependencies(/home/diogo/MIR_Project_2024/glassy_challenge_ws/install/px4_msgs/share/colcon-core/packages/px4_msgs)
[4.360s] INFO:colcon.colcon_ros.task.ament_python.build:Building ROS package in '/home/diogo/MIR_Project_2024/glassy_challenge_ws/src/glassy_challenge' with build type 'ament_python'
[4.360s] Level 1:colcon.colcon_core.shell:create_environment_hook('glassy_challenge', 'ament_prefix_path')
[4.361s] INFO:colcon.colcon_core.shell:Creating environment hook '/home/diogo/MIR_Project_2024/glassy_challenge_ws/install/glassy_challenge/share/glassy_challenge/hook/ament_prefix_path.ps1'
[4.362s] INFO:colcon.colcon_core.shell:Creating environment descriptor '/home/diogo/MIR_Project_2024/glassy_challenge_ws/install/glassy_challenge/share/glassy_challenge/hook/ament_prefix_path.dsv'
[4.363s] INFO:colcon.colcon_core.shell:Creating environment hook '/home/diogo/MIR_Project_2024/glassy_challenge_ws/install/glassy_challenge/share/glassy_challenge/hook/ament_prefix_path.sh'
[4.364s] INFO:colcon.colcon_core.shell:Skip shell extension 'powershell' for command environment: Not usable outside of PowerShell
[4.364s] DEBUG:colcon.colcon_core.shell:Skip shell extension 'dsv' for command environment
[4.367s] INFO:colcon.colcon_ros.task.ament_cmake.build:Building ROS package in '/home/diogo/MIR_Project_2024/glassy_challenge_ws/src/glassy_px4_manager' with build type 'ament_cmake'
[4.367s] INFO:colcon.colcon_cmake.task.cmake.build:Building CMake package in '/home/diogo/MIR_Project_2024/glassy_challenge_ws/src/glassy_px4_manager'
[4.368s] INFO:colcon.colcon_core.shell:Skip shell extension 'powershell' for command environment: Not usable outside of PowerShell
[4.368s] DEBUG:colcon.colcon_core.shell:Skip shell extension 'dsv' for command environment
[4.628s] INFO:colcon.colcon_core.task.python.build:Building Python package in '/home/diogo/MIR_Project_2024/glassy_challenge_ws/src/glassy_challenge'
[4.628s] INFO:colcon.colcon_core.shell:Skip shell extension 'powershell' for command environment: Not usable outside of PowerShell
[4.628s] DEBUG:colcon.colcon_core.shell:Skip shell extension 'dsv' for command environment
[4.636s] DEBUG:colcon.colcon_core.event_handler.log_command:Invoking command in '/home/diogo/MIR_Project_2024/glassy_challenge_ws/build/glassy_px4_manager': CMAKE_PREFIX_PATH=/home/diogo/MIR_Project_2024/glassy_challenge_ws/install/px4_msgs:/home/diogo/MIR_Project_2024/glassy_challenge_ws/install/glassy_utils:/home/diogo/MIR_Project_2024/glassy_challenge_ws/install/glassy_msgs:/home/diogo/MIR_Project_2024/glassy_challenge_ws/install/glassy_px4_manager:/home/diogo/MIR_Project_2024/glassy_challenge_ws/install/glassy_challenge:/opt/ros/humble LD_LIBRARY_PATH=/home/diogo/MIR_Project_2024/glassy_challenge_ws/install/px4_msgs/lib:/home/diogo/MIR_Project_2024/glassy_challenge_ws/install/glassy_msgs/lib:/home/diogo/MIR_Project_2024/glassy_challenge_ws/install/glassy_utils/lib:/opt/ros/humble/opt/rviz_ogre_vendor/lib:/opt/ros/humble/lib/x86_64-linux-gnu:/opt/ros/humble/lib /usr/bin/cmake --build /home/diogo/MIR_Project_2024/glassy_challenge_ws/build/glassy_px4_manager -- -j2 -l2
[5.017s] DEBUG:colcon.colcon_core.event_handler.log_command:Invoking command in '/home/diogo/MIR_Project_2024/glassy_challenge_ws/src/glassy_challenge': CMAKE_PREFIX_PATH=/home/diogo/MIR_Project_2024/glassy_challenge_ws/install/px4_msgs:/home/diogo/MIR_Project_2024/glassy_challenge_ws/install/glassy_msgs:/home/diogo/MIR_Project_2024/glassy_challenge_ws/install/glassy_px4_manager:/home/diogo/MIR_Project_2024/glassy_challenge_ws/install/glassy_utils LD_LIBRARY_PATH=/home/diogo/MIR_Project_2024/glassy_challenge_ws/install/px4_msgs/lib:/home/diogo/MIR_Project_2024/glassy_challenge_ws/install/glassy_msgs/lib:/home/diogo/MIR_Project_2024/glassy_challenge_ws/install/glassy_utils/lib:/opt/ros/humble/opt/rviz_ogre_vendor/lib:/opt/ros/humble/lib/x86_64-linux-gnu:/opt/ros/humble/lib PYTHONPATH=/home/diogo/MIR_Project_2024/glassy_challenge_ws/build/glassy_challenge/prefix_override:/usr/lib/python3/dist-packages/colcon_core/task/python/colcon_distutils_commands:/home/diogo/MIR_Project_2024/glassy_challenge_ws/install/glassy_challenge/lib/python3.10/site-packages:${PYTHONPATH} /usr/bin/python3 -W ignore:setup.py install is deprecated -W ignore:easy_install command is deprecated setup.py egg_info --egg-base ../../build/glassy_challenge build --build-base /home/diogo/MIR_Project_2024/glassy_challenge_ws/build/glassy_challenge/build install --record /home/diogo/MIR_Project_2024/glassy_challenge_ws/build/glassy_challenge/install.log --single-version-externally-managed install_data
[5.342s] Level 1:colcon.colcon_core.environment:checking '/home/diogo/MIR_Project_2024/glassy_challenge_ws/install/glassy_challenge' for CMake module files
[5.343s] DEBUG:colcon.colcon_core.event_handler.log_command:Invoked command in '/home/diogo/MIR_Project_2024/glassy_challenge_ws/src/glassy_challenge' returned '0': CMAKE_PREFIX_PATH=/home/diogo/MIR_Project_2024/glassy_challenge_ws/install/px4_msgs:/home/diogo/MIR_Project_2024/glassy_challenge_ws/install/glassy_msgs:/home/diogo/MIR_Project_2024/glassy_challenge_ws/install/glassy_px4_manager:/home/diogo/MIR_Project_2024/glassy_challenge_ws/install/glassy_utils LD_LIBRARY_PATH=/home/diogo/MIR_Project_2024/glassy_challenge_ws/install/px4_msgs/lib:/home/diogo/MIR_Project_2024/glassy_challenge_ws/install/glassy_msgs/lib:/home/diogo/MIR_Project_2024/glassy_challenge_ws/install/glassy_utils/lib:/opt/ros/humble/opt/rviz_ogre_vendor/lib:/opt/ros/humble/lib/x86_64-linux-gnu:/opt/ros/humble/lib PYTHONPATH=/home/diogo/MIR_Project_2024/glassy_challenge_ws/build/glassy_challenge/prefix_override:/usr/lib/python3/dist-packages/colcon_core/task/python/colcon_distutils_commands:/home/diogo/MIR_Project_2024/glassy_challenge_ws/install/glassy_challenge/lib/python3.10/site-packages:${PYTHONPATH} /usr/bin/python3 -W ignore:setup.py install is deprecated -W ignore:easy_install command is deprecated setup.py egg_info --egg-base ../../build/glassy_challenge build --build-base /home/diogo/MIR_Project_2024/glassy_challenge_ws/build/glassy_challenge/build install --record /home/diogo/MIR_Project_2024/glassy_challenge_ws/build/glassy_challenge/install.log --single-version-externally-managed install_data
[5.343s] Level 1:colcon.colcon_core.environment:checking '/home/diogo/MIR_Project_2024/glassy_challenge_ws/install/glassy_challenge' for CMake config files
[5.345s] Level 1:colcon.colcon_core.environment:checking '/home/diogo/MIR_Project_2024/glassy_challenge_ws/install/glassy_challenge/lib'
[5.345s] Level 1:colcon.colcon_core.environment:checking '/home/diogo/MIR_Project_2024/glassy_challenge_ws/install/glassy_challenge/bin'
[5.345s] Level 1:colcon.colcon_core.environment:checking '/home/diogo/MIR_Project_2024/glassy_challenge_ws/install/glassy_challenge/lib/pkgconfig/glassy_challenge.pc'
[5.345s] Level 1:colcon.colcon_core.environment:checking '/home/diogo/MIR_Project_2024/glassy_challenge_ws/install/glassy_challenge/lib/python3.10/site-packages'
[5.345s] Level 1:colcon.colcon_core.shell:create_environment_hook('glassy_challenge', 'pythonpath')
[5.345s] INFO:colcon.colcon_core.shell:Creating environment hook '/home/diogo/MIR_Project_2024/glassy_challenge_ws/install/glassy_challenge/share/glassy_challenge/hook/pythonpath.ps1'
[5.346s] INFO:colcon.colcon_core.shell:Creating environment descriptor '/home/diogo/MIR_Project_2024/glassy_challenge_ws/install/glassy_challenge/share/glassy_challenge/hook/pythonpath.dsv'
[5.348s] INFO:colcon.colcon_core.shell:Creating environment hook '/home/diogo/MIR_Project_2024/glassy_challenge_ws/install/glassy_challenge/share/glassy_challenge/hook/pythonpath.sh'
[5.348s] Level 1:colcon.colcon_core.environment:checking '/home/diogo/MIR_Project_2024/glassy_challenge_ws/install/glassy_challenge/bin'
[5.349s] Level 1:colcon.colcon_core.environment:create_environment_scripts_only(glassy_challenge)
[5.349s] INFO:colcon.colcon_core.shell:Creating package script '/home/diogo/MIR_Project_2024/glassy_challenge_ws/install/glassy_challenge/share/glassy_challenge/package.ps1'
[5.350s] INFO:colcon.colcon_core.shell:Creating package descriptor '/home/diogo/MIR_Project_2024/glassy_challenge_ws/install/glassy_challenge/share/glassy_challenge/package.dsv'
[5.351s] INFO:colcon.colcon_core.shell:Creating package script '/home/diogo/MIR_Project_2024/glassy_challenge_ws/install/glassy_challenge/share/glassy_challenge/package.sh'
[5.351s] INFO:colcon.colcon_core.shell:Creating package script '/home/diogo/MIR_Project_2024/glassy_challenge_ws/install/glassy_challenge/share/glassy_challenge/package.bash'
[5.352s] INFO:colcon.colcon_core.shell:Creating package script '/home/diogo/MIR_Project_2024/glassy_challenge_ws/install/glassy_challenge/share/glassy_challenge/package.zsh'
[5.352s] Level 1:colcon.colcon_core.environment:create_file_with_runtime_dependencies(/home/diogo/MIR_Project_2024/glassy_challenge_ws/install/glassy_challenge/share/colcon-core/packages/glassy_challenge)
[27.696s] DEBUG:colcon.colcon_core.event_handler.log_command:Invoked command in '/home/diogo/MIR_Project_2024/glassy_challenge_ws/build/glassy_px4_manager' returned '0': CMAKE_PREFIX_PATH=/home/diogo/MIR_Project_2024/glassy_challenge_ws/install/px4_msgs:/home/diogo/MIR_Project_2024/glassy_challenge_ws/install/glassy_utils:/home/diogo/MIR_Project_2024/glassy_challenge_ws/install/glassy_msgs:/home/diogo/MIR_Project_2024/glassy_challenge_ws/install/glassy_px4_manager:/home/diogo/MIR_Project_2024/glassy_challenge_ws/install/glassy_challenge:/opt/ros/humble LD_LIBRARY_PATH=/home/diogo/MIR_Project_2024/glassy_challenge_ws/install/px4_msgs/lib:/home/diogo/MIR_Project_2024/glassy_challenge_ws/install/glassy_msgs/lib:/home/diogo/MIR_Project_2024/glassy_challenge_ws/install/glassy_utils/lib:/opt/ros/humble/opt/rviz_ogre_vendor/lib:/opt/ros/humble/lib/x86_64-linux-gnu:/opt/ros/humble/lib /usr/bin/cmake --build /home/diogo/MIR_Project_2024/glassy_challenge_ws/build/glassy_px4_manager -- -j2 -l2
[27.705s] DEBUG:colcon.colcon_core.event_handler.log_command:Invoking command in '/home/diogo/MIR_Project_2024/glassy_challenge_ws/build/glassy_px4_manager': CMAKE_PREFIX_PATH=/home/diogo/MIR_Project_2024/glassy_challenge_ws/install/px4_msgs:/home/diogo/MIR_Project_2024/glassy_challenge_ws/install/glassy_utils:/home/diogo/MIR_Project_2024/glassy_challenge_ws/install/glassy_msgs:/home/diogo/MIR_Project_2024/glassy_challenge_ws/install/glassy_px4_manager:/home/diogo/MIR_Project_2024/glassy_challenge_ws/install/glassy_challenge:/opt/ros/humble LD_LIBRARY_PATH=/home/diogo/MIR_Project_2024/glassy_challenge_ws/install/px4_msgs/lib:/home/diogo/MIR_Project_2024/glassy_challenge_ws/install/glassy_msgs/lib:/home/diogo/MIR_Project_2024/glassy_challenge_ws/install/glassy_utils/lib:/opt/ros/humble/opt/rviz_ogre_vendor/lib:/opt/ros/humble/lib/x86_64-linux-gnu:/opt/ros/humble/lib /usr/bin/cmake --install /home/diogo/MIR_Project_2024/glassy_challenge_ws/build/glassy_px4_manager
[27.733s] Level 1:colcon.colcon_core.environment:create_environment_scripts_only(glassy_px4_manager)
[27.733s] Level 1:colcon.colcon_core.environment:checking '/home/diogo/MIR_Project_2024/glassy_challenge_ws/install/glassy_px4_manager' for CMake module files
[27.733s] DEBUG:colcon.colcon_core.event_handler.log_command:Invoked command in '/home/diogo/MIR_Project_2024/glassy_challenge_ws/build/glassy_px4_manager' returned '0': CMAKE_PREFIX_PATH=/home/diogo/MIR_Project_2024/glassy_challenge_ws/install/px4_msgs:/home/diogo/MIR_Project_2024/glassy_challenge_ws/install/glassy_utils:/home/diogo/MIR_Project_2024/glassy_challenge_ws/install/glassy_msgs:/home/diogo/MIR_Project_2024/glassy_challenge_ws/install/glassy_px4_manager:/home/diogo/MIR_Project_2024/glassy_challenge_ws/install/glassy_challenge:/opt/ros/humble LD_LIBRARY_PATH=/home/diogo/MIR_Project_2024/glassy_challenge_ws/install/px4_msgs/lib:/home/diogo/MIR_Project_2024/glassy_challenge_ws/install/glassy_msgs/lib:/home/diogo/MIR_Project_2024/glassy_challenge_ws/install/glassy_utils/lib:/opt/ros/humble/opt/rviz_ogre_vendor/lib:/opt/ros/humble/lib/x86_64-linux-gnu:/opt/ros/humble/lib /usr/bin/cmake --install /home/diogo/MIR_Project_2024/glassy_challenge_ws/build/glassy_px4_manager
[27.734s] Level 1:colcon.colcon_core.environment:checking '/home/diogo/MIR_Project_2024/glassy_challenge_ws/install/glassy_px4_manager' for CMake config files
[27.735s] Level 1:colcon.colcon_core.shell:create_environment_hook('glassy_px4_manager', 'cmake_prefix_path')
[27.735s] INFO:colcon.colcon_core.shell:Creating environment hook '/home/diogo/MIR_Project_2024/glassy_challenge_ws/install/glassy_px4_manager/share/glassy_px4_manager/hook/cmake_prefix_path.ps1'
[27.736s] INFO:colcon.colcon_core.shell:Creating environment descriptor '/home/diogo/MIR_Project_2024/glassy_challenge_ws/install/glassy_px4_manager/share/glassy_px4_manager/hook/cmake_prefix_path.dsv'
[27.737s] INFO:colcon.colcon_core.shell:Creating environment hook '/home/diogo/MIR_Project_2024/glassy_challenge_ws/install/glassy_px4_manager/share/glassy_px4_manager/hook/cmake_prefix_path.sh'
[27.737s] Level 1:colcon.colcon_core.environment:checking '/home/diogo/MIR_Project_2024/glassy_challenge_ws/install/glassy_px4_manager/lib'
[27.737s] Level 1:colcon.colcon_core.environment:checking '/home/diogo/MIR_Project_2024/glassy_challenge_ws/install/glassy_px4_manager/bin'
[27.738s] Level 1:colcon.colcon_core.environment:checking '/home/diogo/MIR_Project_2024/glassy_challenge_ws/install/glassy_px4_manager/lib/pkgconfig/glassy_px4_manager.pc'
[27.738s] Level 1:colcon.colcon_core.environment:checking '/home/diogo/MIR_Project_2024/glassy_challenge_ws/install/glassy_px4_manager/lib/python3.10/site-packages'
[27.738s] Level 1:colcon.colcon_core.environment:checking '/home/diogo/MIR_Project_2024/glassy_challenge_ws/install/glassy_px4_manager/bin'
[27.738s] INFO:colcon.colcon_core.shell:Creating package script '/home/diogo/MIR_Project_2024/glassy_challenge_ws/install/glassy_px4_manager/share/glassy_px4_manager/package.ps1'
[27.739s] INFO:colcon.colcon_core.shell:Creating package descriptor '/home/diogo/MIR_Project_2024/glassy_challenge_ws/install/glassy_px4_manager/share/glassy_px4_manager/package.dsv'
[27.739s] INFO:colcon.colcon_core.shell:Creating package script '/home/diogo/MIR_Project_2024/glassy_challenge_ws/install/glassy_px4_manager/share/glassy_px4_manager/package.sh'
[27.740s] INFO:colcon.colcon_core.shell:Creating package script '/home/diogo/MIR_Project_2024/glassy_challenge_ws/install/glassy_px4_manager/share/glassy_px4_manager/package.bash'
[27.741s] INFO:colcon.colcon_core.shell:Creating package script '/home/diogo/MIR_Project_2024/glassy_challenge_ws/install/glassy_px4_manager/share/glassy_px4_manager/package.zsh'
[27.741s] Level 1:colcon.colcon_core.environment:create_file_with_runtime_dependencies(/home/diogo/MIR_Project_2024/glassy_challenge_ws/install/glassy_px4_manager/share/colcon-core/packages/glassy_px4_manager)
[27.742s] Level 1:colcon.colcon_core.environment:create_environment_scripts_only(glassy_px4_manager)
[27.742s] Level 1:colcon.colcon_core.environment:checking '/home/diogo/MIR_Project_2024/glassy_challenge_ws/install/glassy_px4_manager' for CMake module files
[27.742s] Level 1:colcon.colcon_core.environment:checking '/home/diogo/MIR_Project_2024/glassy_challenge_ws/install/glassy_px4_manager' for CMake config files
[27.743s] Level 1:colcon.colcon_core.shell:create_environment_hook('glassy_px4_manager', 'cmake_prefix_path')
[27.743s] INFO:colcon.colcon_core.shell:Creating environment hook '/home/diogo/MIR_Project_2024/glassy_challenge_ws/install/glassy_px4_manager/share/glassy_px4_manager/hook/cmake_prefix_path.ps1'
[27.743s] INFO:colcon.colcon_core.shell:Creating environment descriptor '/home/diogo/MIR_Project_2024/glassy_challenge_ws/install/glassy_px4_manager/share/glassy_px4_manager/hook/cmake_prefix_path.dsv'
[27.744s] INFO:colcon.colcon_core.shell:Creating environment hook '/home/diogo/MIR_Project_2024/glassy_challenge_ws/install/glassy_px4_manager/share/glassy_px4_manager/hook/cmake_prefix_path.sh'
[27.744s] Level 1:colcon.colcon_core.environment:checking '/home/diogo/MIR_Project_2024/glassy_challenge_ws/install/glassy_px4_manager/lib'
[27.745s] Level 1:colcon.colcon_core.environment:checking '/home/diogo/MIR_Project_2024/glassy_challenge_ws/install/glassy_px4_manager/bin'
[27.745s] Level 1:colcon.colcon_core.environment:checking '/home/diogo/MIR_Project_2024/glassy_challenge_ws/install/glassy_px4_manager/lib/pkgconfig/glassy_px4_manager.pc'
[27.745s] Level 1:colcon.colcon_core.environment:checking '/home/diogo/MIR_Project_2024/glassy_challenge_ws/install/glassy_px4_manager/lib/python3.10/site-packages'
[27.745s] Level 1:colcon.colcon_core.environment:checking '/home/diogo/MIR_Project_2024/glassy_challenge_ws/install/glassy_px4_manager/bin'
[27.745s] INFO:colcon.colcon_core.shell:Creating package script '/home/diogo/MIR_Project_2024/glassy_challenge_ws/install/glassy_px4_manager/share/glassy_px4_manager/package.ps1'
[27.746s] INFO:colcon.colcon_core.shell:Creating package descriptor '/home/diogo/MIR_Project_2024/glassy_challenge_ws/install/glassy_px4_manager/share/glassy_px4_manager/package.dsv'
[27.746s] INFO:colcon.colcon_core.shell:Creating package script '/home/diogo/MIR_Project_2024/glassy_challenge_ws/install/glassy_px4_manager/share/glassy_px4_manager/package.sh'
[27.747s] INFO:colcon.colcon_core.shell:Creating package script '/home/diogo/MIR_Project_2024/glassy_challenge_ws/install/glassy_px4_manager/share/glassy_px4_manager/package.bash'
[27.747s] INFO:colcon.colcon_core.shell:Creating package script '/home/diogo/MIR_Project_2024/glassy_challenge_ws/install/glassy_px4_manager/share/glassy_px4_manager/package.zsh'
[27.748s] Level 1:colcon.colcon_core.environment:create_file_with_runtime_dependencies(/home/diogo/MIR_Project_2024/glassy_challenge_ws/install/glassy_px4_manager/share/colcon-core/packages/glassy_px4_manager)
[27.748s] DEBUG:colcon.colcon_parallel_executor.executor.parallel:closing loop
[27.748s] DEBUG:colcon.colcon_parallel_executor.executor.parallel:loop closed
[27.748s] DEBUG:colcon.colcon_parallel_executor.executor.parallel:run_until_complete finished with '0'
[27.748s] DEBUG:colcon.colcon_core.event_reactor:joining thread
[27.755s] INFO:colcon.colcon_core.plugin_system:Skipping extension 'colcon_notification.desktop_notification.terminal_notifier': Not used on non-Darwin systems
[27.755s] INFO:colcon.colcon_core.plugin_system:Skipping extension 'colcon_notification.desktop_notification.win32': Not used on non-Windows systems
[27.755s] INFO:colcon.colcon_notification.desktop_notification:Sending desktop notification using 'notify2'
[27.769s] DEBUG:colcon.colcon_core.event_reactor:joined thread
[27.769s] INFO:colcon.colcon_core.shell:Creating prefix script '/home/diogo/MIR_Project_2024/glassy_challenge_ws/install/local_setup.ps1'
[27.771s] INFO:colcon.colcon_core.shell:Creating prefix util module '/home/diogo/MIR_Project_2024/glassy_challenge_ws/install/_local_setup_util_ps1.py'
[27.773s] INFO:colcon.colcon_core.shell:Creating prefix chain script '/home/diogo/MIR_Project_2024/glassy_challenge_ws/install/setup.ps1'
[27.777s] INFO:colcon.colcon_core.shell:Creating prefix script '/home/diogo/MIR_Project_2024/glassy_challenge_ws/install/local_setup.sh'
[27.778s] INFO:colcon.colcon_core.shell:Creating prefix util module '/home/diogo/MIR_Project_2024/glassy_challenge_ws/install/_local_setup_util_sh.py'
[27.779s] INFO:colcon.colcon_core.shell:Creating prefix chain script '/home/diogo/MIR_Project_2024/glassy_challenge_ws/install/setup.sh'
[27.780s] INFO:colcon.colcon_core.shell:Creating prefix script '/home/diogo/MIR_Project_2024/glassy_challenge_ws/install/local_setup.bash'
[27.781s] INFO:colcon.colcon_core.shell:Creating prefix chain script '/home/diogo/MIR_Project_2024/glassy_challenge_ws/install/setup.bash'
[27.782s] INFO:colcon.colcon_core.shell:Creating prefix script '/home/diogo/MIR_Project_2024/glassy_challenge_ws/install/local_setup.zsh'
[27.783s] INFO:colcon.colcon_core.shell:Creating prefix chain script '/home/diogo/MIR_Project_2024/glassy_challenge_ws/install/setup.zsh'
