-- The C compiler identification is GNU 11.4.0
-- The CXX compiler identification is GNU 11.4.0
-- Detecting C compiler ABI info
-- Detecting C compiler ABI info - done
-- Check for working C compiler: /usr/bin/cc - skipped
-- Detecting C compile features
-- Detecting C compile features - done
-- Detecting CXX compiler ABI info
-- Detecting CXX compiler ABI info - done
-- Check for working CXX compiler: /usr/bin/c++ - skipped
-- Detecting CXX compile features
-- Detecting CXX compile features - done
-- Found ament_cmake: 1.3.11 (/opt/ros/humble/share/ament_cmake/cmake)
-- Found Python3: /usr/bin/python3 (found version "3.10.12") found components: Interpreter 
-- Found rclcpp: 16.0.12 (/opt/ros/humble/share/rclcpp/cmake)
-- Found rosidl_generator_c: 3.1.6 (/opt/ros/humble/share/rosidl_generator_c/cmake)
-- Found rosidl_adapter: 3.1.6 (/opt/ros/humble/share/rosidl_adapter/cmake)
-- Found rosidl_generator_cpp: 3.1.6 (/opt/ros/humble/share/rosidl_generator_cpp/cmake)
-- Using all available rosidl_typesupport_c: rosidl_typesupport_fastrtps_c;rosidl_typesupport_introspection_c
-- Using all available rosidl_typesupport_cpp: rosidl_typesupport_fastrtps_cpp;rosidl_typesupport_introspection_cpp
-- Found rmw_implementation_cmake: 6.1.2 (/opt/ros/humble/share/rmw_implementation_cmake/cmake)
-- Found rmw_fastrtps_cpp: 6.2.7 (/opt/ros/humble/share/rmw_fastrtps_cpp/cmake)
-- Found OpenSSL: /usr/lib/x86_64-linux-gnu/libcrypto.so (found version "3.0.2")  
-- Found FastRTPS: /opt/ros/humble/include  
-- Using RMW implementation 'rmw_fastrtps_cpp' as default
-- Looking for pthread.h
-- Looking for pthread.h - found
-- Performing Test CMAKE_HAVE_LIBC_PTHREAD
-- Performing Test CMAKE_HAVE_LIBC_PTHREAD - Success
-- Found Threads: TRUE  
-- Found glassy_msgs: 0.0.0 (/home/diogo/MIR_Project_2024/glassy_challenge_ws/install/glassy_msgs/share/glassy_msgs/cmake)
-- Found px4_msgs: 2.0.1 (/home/diogo/MIR_Project_2024/glassy_challenge_ws/install/px4_msgs/share/px4_msgs/cmake)
-- Found glassy_utils: 0.0.0 (/home/diogo/MIR_Project_2024/glassy_challenge_ws/install/glassy_utils/share/glassy_utils/cmake)
-- Found ament_lint_auto: 0.12.12 (/opt/ros/humble/share/ament_lint_auto/cmake)
-- Added test 'copyright' to check source files copyright and LICENSE
-- Added test 'cppcheck' to perform static code analysis on C / C++ code
-- Configured cppcheck include dirs: 
-- Configured cppcheck exclude dirs and/or files: 
-- Added test 'cpplint' to check C / C++ code against the Google style
-- Configured cpplint exclude dirs and/or files: 
-- Added test 'flake8' to check Python code syntax and style conventions
-- Added test 'lint_cmake' to check CMake code style
-- Added test 'pep257' to check Python code against some of the docstring style conventions in PEP 257
-- Added test 'uncrustify' to check C / C++ code style
-- Configured uncrustify additional arguments: 
-- Added test 'xmllint' to check XML markup files
-- Configuring done
-- Generating done
-- Build files have been written to: /home/diogo/MIR_Project_2024/glassy_challenge_ws/build/glassy_px4_manager
[ 33%] [32mBuilding CXX object CMakeFiles/glassy_px4_manager.dir/src/main.cpp.o[0m
[ 66%] [32mBuilding CXX object CMakeFiles/glassy_px4_manager.dir/src/StateManager.cpp.o[0m
[100%] [32m[1mLinking CXX executable glassy_px4_manager[0m
[100%] Built target glassy_px4_manager
-- Install configuration: ""
-- Installing: /home/diogo/MIR_Project_2024/glassy_challenge_ws/install/glassy_px4_manager/lib/glassy_px4_manager/glassy_px4_manager
-- Set runtime path of "/home/diogo/MIR_Project_2024/glassy_challenge_ws/install/glassy_px4_manager/lib/glassy_px4_manager/glassy_px4_manager" to ""
-- Installing: /home/diogo/MIR_Project_2024/glassy_challenge_ws/install/glassy_px4_manager/share/glassy_px4_manager//launch
-- Installing: /home/diogo/MIR_Project_2024/glassy_challenge_ws/install/glassy_px4_manager/share/glassy_px4_manager//launch/glassy_px4_manager.launch.py
-- Installing: /home/diogo/MIR_Project_2024/glassy_challenge_ws/install/glassy_px4_manager/share/glassy_px4_manager/config
-- Installing: /home/diogo/MIR_Project_2024/glassy_challenge_ws/install/glassy_px4_manager/share/glassy_px4_manager/config/params.yaml
-- Installing: /home/diogo/MIR_Project_2024/glassy_challenge_ws/install/glassy_px4_manager/share/ament_index/resource_index/package_run_dependencies/glassy_px4_manager
-- Installing: /home/diogo/MIR_Project_2024/glassy_challenge_ws/install/glassy_px4_manager/share/ament_index/resource_index/parent_prefix_path/glassy_px4_manager
-- Installing: /home/diogo/MIR_Project_2024/glassy_challenge_ws/install/glassy_px4_manager/share/glassy_px4_manager/environment/ament_prefix_path.sh
-- Installing: /home/diogo/MIR_Project_2024/glassy_challenge_ws/install/glassy_px4_manager/share/glassy_px4_manager/environment/ament_prefix_path.dsv
-- Installing: /home/diogo/MIR_Project_2024/glassy_challenge_ws/install/glassy_px4_manager/share/glassy_px4_manager/environment/path.sh
-- Installing: /home/diogo/MIR_Project_2024/glassy_challenge_ws/install/glassy_px4_manager/share/glassy_px4_manager/environment/path.dsv
-- Installing: /home/diogo/MIR_Project_2024/glassy_challenge_ws/install/glassy_px4_manager/share/glassy_px4_manager/local_setup.bash
-- Installing: /home/diogo/MIR_Project_2024/glassy_challenge_ws/install/glassy_px4_manager/share/glassy_px4_manager/local_setup.sh
-- Installing: /home/diogo/MIR_Project_2024/glassy_challenge_ws/install/glassy_px4_manager/share/glassy_px4_manager/local_setup.zsh
-- Installing: /home/diogo/MIR_Project_2024/glassy_challenge_ws/install/glassy_px4_manager/share/glassy_px4_manager/local_setup.dsv
-- Installing: /home/diogo/MIR_Project_2024/glassy_challenge_ws/install/glassy_px4_manager/share/glassy_px4_manager/package.dsv
-- Installing: /home/diogo/MIR_Project_2024/glassy_challenge_ws/install/glassy_px4_manager/share/ament_index/resource_index/packages/glassy_px4_manager
-- Installing: /home/diogo/MIR_Project_2024/glassy_challenge_ws/install/glassy_px4_manager/share/glassy_px4_manager/cmake/glassy_px4_managerConfig.cmake
-- Installing: /home/diogo/MIR_Project_2024/glassy_challenge_ws/install/glassy_px4_manager/share/glassy_px4_manager/cmake/glassy_px4_managerConfig-version.cmake
-- Installing: /home/diogo/MIR_Project_2024/glassy_challenge_ws/install/glassy_px4_manager/share/glassy_px4_manager/package.xml
