[0.531s] Invoking command in '/home/diogo/MIR_Project_2024/glassy_challenge_ws/build/glassy_px4_manager': CMAKE_PREFIX_PATH=/home/diogo/MIR_Project_2024/glassy_challenge_ws/install/px4_msgs:/home/diogo/MIR_Project_2024/glassy_challenge_ws/install/glassy_utils:/home/diogo/MIR_Project_2024/glassy_challenge_ws/install/glassy_msgs:/home/diogo/MIR_Project_2024/glassy_challenge_ws/install/glassy_px4_manager:/home/diogo/MIR_Project_2024/glassy_challenge_ws/install/glassy_challenge:/opt/ros/humble LD_LIBRARY_PATH=/home/diogo/MIR_Project_2024/glassy_challenge_ws/install/px4_msgs/lib:/home/diogo/MIR_Project_2024/glassy_challenge_ws/install/glassy_msgs/lib:/home/diogo/MIR_Project_2024/glassy_challenge_ws/install/glassy_utils/lib:/opt/ros/humble/opt/rviz_ogre_vendor/lib:/opt/ros/humble/lib/x86_64-linux-gnu:/opt/ros/humble/lib /usr/bin/cmake /home/diogo/MIR_Project_2024/glassy_challenge_ws/src/glassy_px4_manager -DCMAKE_INSTALL_PREFIX=/home/diogo/MIR_Project_2024/glassy_challenge_ws/install/glassy_px4_manager
[0.646s] -- The C compiler identification is GNU 11.4.0
[0.756s] -- The CXX compiler identification is GNU 11.4.0
[0.770s] -- Detecting C compiler ABI info
[0.920s] -- Detecting C compiler ABI info - done
[0.938s] -- Check for working C compiler: /usr/bin/cc - skipped
[0.940s] -- Detecting C compile features
[0.940s] -- Detecting C compile features - done
[0.945s] -- Detecting CXX compiler ABI info
[1.129s] -- Detecting CXX compiler ABI info - done
[1.151s] -- Check for working CXX compiler: /usr/bin/c++ - skipped
[1.152s] -- Detecting CXX compile features
[1.153s] -- Detecting CXX compile features - done
[1.158s] -- Found ament_cmake: 1.3.11 (/opt/ros/humble/share/ament_cmake/cmake)
[1.504s] -- Found Python3: /usr/bin/python3 (found version "3.10.12") found components: Interpreter 
[1.698s] -- Found rclcpp: 16.0.12 (/opt/ros/humble/share/rclcpp/cmake)
[1.815s] -- Found rosidl_generator_c: 3.1.6 (/opt/ros/humble/share/rosidl_generator_c/cmake)
[1.832s] -- Found rosidl_adapter: 3.1.6 (/opt/ros/humble/share/rosidl_adapter/cmake)
[1.857s] -- Found rosidl_generator_cpp: 3.1.6 (/opt/ros/humble/share/rosidl_generator_cpp/cmake)
[1.891s] -- Using all available rosidl_typesupport_c: rosidl_typesupport_fastrtps_c;rosidl_typesupport_introspection_c
[1.931s] -- Using all available rosidl_typesupport_cpp: rosidl_typesupport_fastrtps_cpp;rosidl_typesupport_introspection_cpp
[2.024s] -- Found rmw_implementation_cmake: 6.1.2 (/opt/ros/humble/share/rmw_implementation_cmake/cmake)
[2.029s] -- Found rmw_fastrtps_cpp: 6.2.7 (/opt/ros/humble/share/rmw_fastrtps_cpp/cmake)
[2.209s] -- Found OpenSSL: /usr/lib/x86_64-linux-gnu/libcrypto.so (found version "3.0.2")  
[2.253s] -- Found FastRTPS: /opt/ros/humble/include  
[2.320s] -- Using RMW implementation 'rmw_fastrtps_cpp' as default
[2.331s] -- Looking for pthread.h
[2.474s] -- Looking for pthread.h - found
[2.475s] -- Performing Test CMAKE_HAVE_LIBC_PTHREAD
[2.622s] -- Performing Test CMAKE_HAVE_LIBC_PTHREAD - Success
[2.624s] -- Found Threads: TRUE  
[2.719s] -- Found glassy_msgs: 0.0.0 (/home/diogo/MIR_Project_2024/glassy_challenge_ws/install/glassy_msgs/share/glassy_msgs/cmake)
[2.804s] -- Found px4_msgs: 2.0.1 (/home/diogo/MIR_Project_2024/glassy_challenge_ws/install/px4_msgs/share/px4_msgs/cmake)
[2.838s] -- Found glassy_utils: 0.0.0 (/home/diogo/MIR_Project_2024/glassy_challenge_ws/install/glassy_utils/share/glassy_utils/cmake)
[2.844s] -- Found ament_lint_auto: 0.12.12 (/opt/ros/humble/share/ament_lint_auto/cmake)
[3.001s] -- Added test 'copyright' to check source files copyright and LICENSE
[3.004s] -- Added test 'cppcheck' to perform static code analysis on C / C++ code
[3.004s] -- Configured cppcheck include dirs: 
[3.004s] -- Configured cppcheck exclude dirs and/or files: 
[3.008s] -- Added test 'cpplint' to check C / C++ code against the Google style
[3.008s] -- Configured cpplint exclude dirs and/or files: 
[3.009s] -- Added test 'flake8' to check Python code syntax and style conventions
[3.010s] -- Added test 'lint_cmake' to check CMake code style
[3.011s] -- Added test 'pep257' to check Python code against some of the docstring style conventions in PEP 257
[3.013s] -- Added test 'uncrustify' to check C / C++ code style
[3.013s] -- Configured uncrustify additional arguments: 
[3.015s] -- Added test 'xmllint' to check XML markup files
[3.017s] -- Configuring done
[3.041s] -- Generating done
[3.047s] -- Build files have been written to: /home/diogo/MIR_Project_2024/glassy_challenge_ws/build/glassy_px4_manager
[3.066s] Invoked command in '/home/diogo/MIR_Project_2024/glassy_challenge_ws/build/glassy_px4_manager' returned '0': CMAKE_PREFIX_PATH=/home/diogo/MIR_Project_2024/glassy_challenge_ws/install/px4_msgs:/home/diogo/MIR_Project_2024/glassy_challenge_ws/install/glassy_utils:/home/diogo/MIR_Project_2024/glassy_challenge_ws/install/glassy_msgs:/home/diogo/MIR_Project_2024/glassy_challenge_ws/install/glassy_px4_manager:/home/diogo/MIR_Project_2024/glassy_challenge_ws/install/glassy_challenge:/opt/ros/humble LD_LIBRARY_PATH=/home/diogo/MIR_Project_2024/glassy_challenge_ws/install/px4_msgs/lib:/home/diogo/MIR_Project_2024/glassy_challenge_ws/install/glassy_msgs/lib:/home/diogo/MIR_Project_2024/glassy_challenge_ws/install/glassy_utils/lib:/opt/ros/humble/opt/rviz_ogre_vendor/lib:/opt/ros/humble/lib/x86_64-linux-gnu:/opt/ros/humble/lib /usr/bin/cmake /home/diogo/MIR_Project_2024/glassy_challenge_ws/src/glassy_px4_manager -DCMAKE_INSTALL_PREFIX=/home/diogo/MIR_Project_2024/glassy_challenge_ws/install/glassy_px4_manager
[3.067s] Invoking command in '/home/diogo/MIR_Project_2024/glassy_challenge_ws/build/glassy_px4_manager': CMAKE_PREFIX_PATH=/home/diogo/MIR_Project_2024/glassy_challenge_ws/install/px4_msgs:/home/diogo/MIR_Project_2024/glassy_challenge_ws/install/glassy_utils:/home/diogo/MIR_Project_2024/glassy_challenge_ws/install/glassy_msgs:/home/diogo/MIR_Project_2024/glassy_challenge_ws/install/glassy_px4_manager:/home/diogo/MIR_Project_2024/glassy_challenge_ws/install/glassy_challenge:/opt/ros/humble LD_LIBRARY_PATH=/home/diogo/MIR_Project_2024/glassy_challenge_ws/install/px4_msgs/lib:/home/diogo/MIR_Project_2024/glassy_challenge_ws/install/glassy_msgs/lib:/home/diogo/MIR_Project_2024/glassy_challenge_ws/install/glassy_utils/lib:/opt/ros/humble/opt/rviz_ogre_vendor/lib:/opt/ros/humble/lib/x86_64-linux-gnu:/opt/ros/humble/lib /usr/bin/cmake --build /home/diogo/MIR_Project_2024/glassy_challenge_ws/build/glassy_px4_manager -- -j2 -l2
[3.174s] [ 33%] [32mBuilding CXX object CMakeFiles/glassy_px4_manager.dir/src/main.cpp.o[0m
[12.967s] [ 66%] [32mBuilding CXX object CMakeFiles/glassy_px4_manager.dir/src/StateManager.cpp.o[0m
[53.716s] [100%] [32m[1mLinking CXX executable glassy_px4_manager[0m
[55.943s] [100%] Built target glassy_px4_manager
[55.975s] Invoked command in '/home/diogo/MIR_Project_2024/glassy_challenge_ws/build/glassy_px4_manager' returned '0': CMAKE_PREFIX_PATH=/home/diogo/MIR_Project_2024/glassy_challenge_ws/install/px4_msgs:/home/diogo/MIR_Project_2024/glassy_challenge_ws/install/glassy_utils:/home/diogo/MIR_Project_2024/glassy_challenge_ws/install/glassy_msgs:/home/diogo/MIR_Project_2024/glassy_challenge_ws/install/glassy_px4_manager:/home/diogo/MIR_Project_2024/glassy_challenge_ws/install/glassy_challenge:/opt/ros/humble LD_LIBRARY_PATH=/home/diogo/MIR_Project_2024/glassy_challenge_ws/install/px4_msgs/lib:/home/diogo/MIR_Project_2024/glassy_challenge_ws/install/glassy_msgs/lib:/home/diogo/MIR_Project_2024/glassy_challenge_ws/install/glassy_utils/lib:/opt/ros/humble/opt/rviz_ogre_vendor/lib:/opt/ros/humble/lib/x86_64-linux-gnu:/opt/ros/humble/lib /usr/bin/cmake --build /home/diogo/MIR_Project_2024/glassy_challenge_ws/build/glassy_px4_manager -- -j2 -l2
[55.984s] Invoking command in '/home/diogo/MIR_Project_2024/glassy_challenge_ws/build/glassy_px4_manager': CMAKE_PREFIX_PATH=/home/diogo/MIR_Project_2024/glassy_challenge_ws/install/px4_msgs:/home/diogo/MIR_Project_2024/glassy_challenge_ws/install/glassy_utils:/home/diogo/MIR_Project_2024/glassy_challenge_ws/install/glassy_msgs:/home/diogo/MIR_Project_2024/glassy_challenge_ws/install/glassy_px4_manager:/home/diogo/MIR_Project_2024/glassy_challenge_ws/install/glassy_challenge:/opt/ros/humble LD_LIBRARY_PATH=/home/diogo/MIR_Project_2024/glassy_challenge_ws/install/px4_msgs/lib:/home/diogo/MIR_Project_2024/glassy_challenge_ws/install/glassy_msgs/lib:/home/diogo/MIR_Project_2024/glassy_challenge_ws/install/glassy_utils/lib:/opt/ros/humble/opt/rviz_ogre_vendor/lib:/opt/ros/humble/lib/x86_64-linux-gnu:/opt/ros/humble/lib /usr/bin/cmake --install /home/diogo/MIR_Project_2024/glassy_challenge_ws/build/glassy_px4_manager
[56.000s] -- Install configuration: ""
[56.000s] -- Installing: /home/diogo/MIR_Project_2024/glassy_challenge_ws/install/glassy_px4_manager/lib/glassy_px4_manager/glassy_px4_manager
[56.016s] -- Set runtime path of "/home/diogo/MIR_Project_2024/glassy_challenge_ws/install/glassy_px4_manager/lib/glassy_px4_manager/glassy_px4_manager" to ""
[56.017s] -- Installing: /home/diogo/MIR_Project_2024/glassy_challenge_ws/install/glassy_px4_manager/share/glassy_px4_manager//launch
[56.017s] -- Installing: /home/diogo/MIR_Project_2024/glassy_challenge_ws/install/glassy_px4_manager/share/glassy_px4_manager//launch/glassy_px4_manager.launch.py
[56.019s] -- Installing: /home/diogo/MIR_Project_2024/glassy_challenge_ws/install/glassy_px4_manager/share/glassy_px4_manager/config
[56.019s] -- Installing: /home/diogo/MIR_Project_2024/glassy_challenge_ws/install/glassy_px4_manager/share/glassy_px4_manager/config/params.yaml
[56.021s] -- Installing: /home/diogo/MIR_Project_2024/glassy_challenge_ws/install/glassy_px4_manager/share/ament_index/resource_index/package_run_dependencies/glassy_px4_manager
[56.021s] -- Installing: /home/diogo/MIR_Project_2024/glassy_challenge_ws/install/glassy_px4_manager/share/ament_index/resource_index/parent_prefix_path/glassy_px4_manager
[56.021s] -- Installing: /home/diogo/MIR_Project_2024/glassy_challenge_ws/install/glassy_px4_manager/share/glassy_px4_manager/environment/ament_prefix_path.sh
[56.024s] -- Installing: /home/diogo/MIR_Project_2024/glassy_challenge_ws/install/glassy_px4_manager/share/glassy_px4_manager/environment/ament_prefix_path.dsv
[56.024s] -- Installing: /home/diogo/MIR_Project_2024/glassy_challenge_ws/install/glassy_px4_manager/share/glassy_px4_manager/environment/path.sh
[56.024s] -- Installing: /home/diogo/MIR_Project_2024/glassy_challenge_ws/install/glassy_px4_manager/share/glassy_px4_manager/environment/path.dsv
[56.024s] -- Installing: /home/diogo/MIR_Project_2024/glassy_challenge_ws/install/glassy_px4_manager/share/glassy_px4_manager/local_setup.bash
[56.024s] -- Installing: /home/diogo/MIR_Project_2024/glassy_challenge_ws/install/glassy_px4_manager/share/glassy_px4_manager/local_setup.sh
[56.024s] -- Installing: /home/diogo/MIR_Project_2024/glassy_challenge_ws/install/glassy_px4_manager/share/glassy_px4_manager/local_setup.zsh
[56.024s] -- Installing: /home/diogo/MIR_Project_2024/glassy_challenge_ws/install/glassy_px4_manager/share/glassy_px4_manager/local_setup.dsv
[56.025s] -- Installing: /home/diogo/MIR_Project_2024/glassy_challenge_ws/install/glassy_px4_manager/share/glassy_px4_manager/package.dsv
[56.025s] -- Installing: /home/diogo/MIR_Project_2024/glassy_challenge_ws/install/glassy_px4_manager/share/ament_index/resource_index/packages/glassy_px4_manager
[56.026s] -- Installing: /home/diogo/MIR_Project_2024/glassy_challenge_ws/install/glassy_px4_manager/share/glassy_px4_manager/cmake/glassy_px4_managerConfig.cmake
[56.029s] -- Installing: /home/diogo/MIR_Project_2024/glassy_challenge_ws/install/glassy_px4_manager/share/glassy_px4_manager/cmake/glassy_px4_managerConfig-version.cmake
[56.029s] -- Installing: /home/diogo/MIR_Project_2024/glassy_challenge_ws/install/glassy_px4_manager/share/glassy_px4_manager/package.xml
[56.035s] Invoked command in '/home/diogo/MIR_Project_2024/glassy_challenge_ws/build/glassy_px4_manager' returned '0': CMAKE_PREFIX_PATH=/home/diogo/MIR_Project_2024/glassy_challenge_ws/install/px4_msgs:/home/diogo/MIR_Project_2024/glassy_challenge_ws/install/glassy_utils:/home/diogo/MIR_Project_2024/glassy_challenge_ws/install/glassy_msgs:/home/diogo/MIR_Project_2024/glassy_challenge_ws/install/glassy_px4_manager:/home/diogo/MIR_Project_2024/glassy_challenge_ws/install/glassy_challenge:/opt/ros/humble LD_LIBRARY_PATH=/home/diogo/MIR_Project_2024/glassy_challenge_ws/install/px4_msgs/lib:/home/diogo/MIR_Project_2024/glassy_challenge_ws/install/glassy_msgs/lib:/home/diogo/MIR_Project_2024/glassy_challenge_ws/install/glassy_utils/lib:/opt/ros/humble/opt/rviz_ogre_vendor/lib:/opt/ros/humble/lib/x86_64-linux-gnu:/opt/ros/humble/lib /usr/bin/cmake --install /home/diogo/MIR_Project_2024/glassy_challenge_ws/build/glassy_px4_manager
