[0.379s] Invoking command in '/home/diogo/MIR_Project_2024/glassy_challenge_ws/build/glassy_px4_manager': CMAKE_PREFIX_PATH=/home/diogo/MIR_Project_2024/glassy_challenge_ws/install/px4_msgs:/home/diogo/MIR_Project_2024/glassy_challenge_ws/install/glassy_utils:/home/diogo/MIR_Project_2024/glassy_challenge_ws/install/glassy_msgs:/home/diogo/MIR_Project_2024/glassy_challenge_ws/install/glassy_px4_manager:/home/diogo/MIR_Project_2024/glassy_challenge_ws/install/glassy_challenge:/opt/ros/humble LD_LIBRARY_PATH=/home/diogo/MIR_Project_2024/glassy_challenge_ws/install/px4_msgs/lib:/home/diogo/MIR_Project_2024/glassy_challenge_ws/install/glassy_msgs/lib:/home/diogo/MIR_Project_2024/glassy_challenge_ws/install/glassy_utils/lib:/opt/ros/humble/opt/rviz_ogre_vendor/lib:/opt/ros/humble/lib/x86_64-linux-gnu:/opt/ros/humble/lib /usr/bin/cmake --build /home/diogo/MIR_Project_2024/glassy_challenge_ws/build/glassy_px4_manager -- -j2 -l2
[0.532s] [100%] Built target glassy_px4_manager
[0.549s] Invoked command in '/home/diogo/MIR_Project_2024/glassy_challenge_ws/build/glassy_px4_manager' returned '0': CMAKE_PREFIX_PATH=/home/diogo/MIR_Project_2024/glassy_challenge_ws/install/px4_msgs:/home/diogo/MIR_Project_2024/glassy_challenge_ws/install/glassy_utils:/home/diogo/MIR_Project_2024/glassy_challenge_ws/install/glassy_msgs:/home/diogo/MIR_Project_2024/glassy_challenge_ws/install/glassy_px4_manager:/home/diogo/MIR_Project_2024/glassy_challenge_ws/install/glassy_challenge:/opt/ros/humble LD_LIBRARY_PATH=/home/diogo/MIR_Project_2024/glassy_challenge_ws/install/px4_msgs/lib:/home/diogo/MIR_Project_2024/glassy_challenge_ws/install/glassy_msgs/lib:/home/diogo/MIR_Project_2024/glassy_challenge_ws/install/glassy_utils/lib:/opt/ros/humble/opt/rviz_ogre_vendor/lib:/opt/ros/humble/lib/x86_64-linux-gnu:/opt/ros/humble/lib /usr/bin/cmake --build /home/diogo/MIR_Project_2024/glassy_challenge_ws/build/glassy_px4_manager -- -j2 -l2
[0.552s] Invoking command in '/home/diogo/MIR_Project_2024/glassy_challenge_ws/build/glassy_px4_manager': CMAKE_PREFIX_PATH=/home/diogo/MIR_Project_2024/glassy_challenge_ws/install/px4_msgs:/home/diogo/MIR_Project_2024/glassy_challenge_ws/install/glassy_utils:/home/diogo/MIR_Project_2024/glassy_challenge_ws/install/glassy_msgs:/home/diogo/MIR_Project_2024/glassy_challenge_ws/install/glassy_px4_manager:/home/diogo/MIR_Project_2024/glassy_challenge_ws/install/glassy_challenge:/opt/ros/humble LD_LIBRARY_PATH=/home/diogo/MIR_Project_2024/glassy_challenge_ws/install/px4_msgs/lib:/home/diogo/MIR_Project_2024/glassy_challenge_ws/install/glassy_msgs/lib:/home/diogo/MIR_Project_2024/glassy_challenge_ws/install/glassy_utils/lib:/opt/ros/humble/opt/rviz_ogre_vendor/lib:/opt/ros/humble/lib/x86_64-linux-gnu:/opt/ros/humble/lib /usr/bin/cmake --install /home/diogo/MIR_Project_2024/glassy_challenge_ws/build/glassy_px4_manager
[0.569s] -- Install configuration: ""
[0.573s] -- Up-to-date: /home/diogo/MIR_Project_2024/glassy_challenge_ws/install/glassy_px4_manager/lib/glassy_px4_manager/glassy_px4_manager
[0.573s] -- Up-to-date: /home/diogo/MIR_Project_2024/glassy_challenge_ws/install/glassy_px4_manager/share/glassy_px4_manager//launch
[0.574s] -- Up-to-date: /home/diogo/MIR_Project_2024/glassy_challenge_ws/install/glassy_px4_manager/share/glassy_px4_manager//launch/glassy_px4_manager.launch.py
[0.575s] -- Up-to-date: /home/diogo/MIR_Project_2024/glassy_challenge_ws/install/glassy_px4_manager/share/glassy_px4_manager/config
[0.576s] -- Up-to-date: /home/diogo/MIR_Project_2024/glassy_challenge_ws/install/glassy_px4_manager/share/glassy_px4_manager/config/params.yaml
[0.576s] -- Up-to-date: /home/diogo/MIR_Project_2024/glassy_challenge_ws/install/glassy_px4_manager/share/ament_index/resource_index/package_run_dependencies/glassy_px4_manager
[0.576s] -- Up-to-date: /home/diogo/MIR_Project_2024/glassy_challenge_ws/install/glassy_px4_manager/share/ament_index/resource_index/parent_prefix_path/glassy_px4_manager
[0.576s] -- Up-to-date: /home/diogo/MIR_Project_2024/glassy_challenge_ws/install/glassy_px4_manager/share/glassy_px4_manager/environment/ament_prefix_path.sh
[0.578s] -- Up-to-date: /home/diogo/MIR_Project_2024/glassy_challenge_ws/install/glassy_px4_manager/share/glassy_px4_manager/environment/ament_prefix_path.dsv
[0.578s] -- Up-to-date: /home/diogo/MIR_Project_2024/glassy_challenge_ws/install/glassy_px4_manager/share/glassy_px4_manager/environment/path.sh
[0.578s] -- Up-to-date: /home/diogo/MIR_Project_2024/glassy_challenge_ws/install/glassy_px4_manager/share/glassy_px4_manager/environment/path.dsv
[0.578s] -- Up-to-date: /home/diogo/MIR_Project_2024/glassy_challenge_ws/install/glassy_px4_manager/share/glassy_px4_manager/local_setup.bash
[0.578s] -- Up-to-date: /home/diogo/MIR_Project_2024/glassy_challenge_ws/install/glassy_px4_manager/share/glassy_px4_manager/local_setup.sh
[0.578s] -- Up-to-date: /home/diogo/MIR_Project_2024/glassy_challenge_ws/install/glassy_px4_manager/share/glassy_px4_manager/local_setup.zsh
[0.578s] -- Up-to-date: /home/diogo/MIR_Project_2024/glassy_challenge_ws/install/glassy_px4_manager/share/glassy_px4_manager/local_setup.dsv
[0.578s] -- Installing: /home/diogo/MIR_Project_2024/glassy_challenge_ws/install/glassy_px4_manager/share/glassy_px4_manager/package.dsv
[0.586s] -- Up-to-date: /home/diogo/MIR_Project_2024/glassy_challenge_ws/install/glassy_px4_manager/share/ament_index/resource_index/packages/glassy_px4_manager
[0.591s] -- Up-to-date: /home/diogo/MIR_Project_2024/glassy_challenge_ws/install/glassy_px4_manager/share/glassy_px4_manager/cmake/glassy_px4_managerConfig.cmake
[0.591s] -- Up-to-date: /home/diogo/MIR_Project_2024/glassy_challenge_ws/install/glassy_px4_manager/share/glassy_px4_manager/cmake/glassy_px4_managerConfig-version.cmake
[0.591s] -- Up-to-date: /home/diogo/MIR_Project_2024/glassy_challenge_ws/install/glassy_px4_manager/share/glassy_px4_manager/package.xml
[0.593s] Invoked command in '/home/diogo/MIR_Project_2024/glassy_challenge_ws/build/glassy_px4_manager' returned '0': CMAKE_PREFIX_PATH=/home/diogo/MIR_Project_2024/glassy_challenge_ws/install/px4_msgs:/home/diogo/MIR_Project_2024/glassy_challenge_ws/install/glassy_utils:/home/diogo/MIR_Project_2024/glassy_challenge_ws/install/glassy_msgs:/home/diogo/MIR_Project_2024/glassy_challenge_ws/install/glassy_px4_manager:/home/diogo/MIR_Project_2024/glassy_challenge_ws/install/glassy_challenge:/opt/ros/humble LD_LIBRARY_PATH=/home/diogo/MIR_Project_2024/glassy_challenge_ws/install/px4_msgs/lib:/home/diogo/MIR_Project_2024/glassy_challenge_ws/install/glassy_msgs/lib:/home/diogo/MIR_Project_2024/glassy_challenge_ws/install/glassy_utils/lib:/opt/ros/humble/opt/rviz_ogre_vendor/lib:/opt/ros/humble/lib/x86_64-linux-gnu:/opt/ros/humble/lib /usr/bin/cmake --install /home/diogo/MIR_Project_2024/glassy_challenge_ws/build/glassy_px4_manager
