-- The C compiler identification is GNU 11.4.0
-- The CXX compiler identification is GNU 11.4.0
-- Detecting C compiler ABI info
-- Detecting C compiler ABI info - done
-- Check for working C compiler: /usr/bin/cc - skipped
-- Detecting C compile features
-- Detecting C compile features - done
-- Detecting CXX compiler ABI info
-- Detecting CXX compiler ABI info - done
-- Check for working CXX compiler: /usr/bin/c++ - skipped
-- Detecting CXX compile features
-- Detecting CXX compile features - done
-- Found ament_cmake: 1.3.11 (/opt/ros/humble/share/ament_cmake/cmake)
-- Found Python3: /usr/bin/python3 (found version "3.10.12") found components: Interpreter 
-- Found rclcpp: 16.0.12 (/opt/ros/humble/share/rclcpp/cmake)
-- Found rosidl_generator_c: 3.1.6 (/opt/ros/humble/share/rosidl_generator_c/cmake)
-- Found rosidl_adapter: 3.1.6 (/opt/ros/humble/share/rosidl_adapter/cmake)
-- Found rosidl_generator_cpp: 3.1.6 (/opt/ros/humble/share/rosidl_generator_cpp/cmake)
-- Using all available rosidl_typesupport_c: rosidl_typesupport_fastrtps_c;rosidl_typesupport_introspection_c
-- Using all available rosidl_typesupport_cpp: rosidl_typesupport_fastrtps_cpp;rosidl_typesupport_introspection_cpp
-- Found rmw_implementation_cmake: 6.1.2 (/opt/ros/humble/share/rmw_implementation_cmake/cmake)
-- Found rmw_fastrtps_cpp: 6.2.7 (/opt/ros/humble/share/rmw_fastrtps_cpp/cmake)
-- Found OpenSSL: /usr/lib/x86_64-linux-gnu/libcrypto.so (found version "3.0.2")  
-- Found FastRTPS: /opt/ros/humble/include  
-- Using RMW implementation 'rmw_fastrtps_cpp' as default
-- Looking for pthread.h
-- Looking for pthread.h - found
-- Performing Test CMAKE_HAVE_LIBC_PTHREAD
-- Performing Test CMAKE_HAVE_LIBC_PTHREAD - Success
-- Found Threads: TRUE  
-- Found geometry_msgs: 4.8.0 (/opt/ros/humble/share/geometry_msgs/cmake)
-- Found rosidl_default_generators: 1.2.0 (/opt/ros/humble/share/rosidl_default_generators/cmake)
-- Found std_srvs: 4.8.0 (/opt/ros/humble/share/std_srvs/cmake)
-- Found ament_lint_auto: 0.12.12 (/opt/ros/humble/share/ament_lint_auto/cmake)
-- Found ament_cmake_ros: 0.10.0 (/opt/ros/humble/share/ament_cmake_ros/cmake)
-- Using all available rosidl_typesupport_c: rosidl_typesupport_fastrtps_c;rosidl_typesupport_introspection_c
-- Using all available rosidl_typesupport_cpp: rosidl_typesupport_fastrtps_cpp;rosidl_typesupport_introspection_cpp
-- Found PythonInterp: /usr/bin/python3 (found suitable version "3.10.12", minimum required is "3.6") 
-- Found python_cmake_module: 0.10.0 (/opt/ros/humble/share/python_cmake_module/cmake)
-- Found PythonLibs: /usr/lib/x86_64-linux-gnu/libpython3.10.so (found suitable version "3.10.12", minimum required is "3.5") 
-- Using PYTHON_EXECUTABLE: /usr/bin/python3
-- Using PYTHON_INCLUDE_DIRS: /usr/include/python3.10
-- Using PYTHON_LIBRARIES: /usr/lib/x86_64-linux-gnu/libpython3.10.so
-- Found PythonExtra: .so  
-- Added test 'copyright' to check source files copyright and LICENSE
-- Added test 'lint_cmake' to check CMake code style
-- Added test 'xmllint' to check XML markup files
-- Configuring done
-- Generating done
-- Build files have been written to: /home/diogo/MIR_Project_2024/glassy_challenge_ws/build/glassy_msgs
[  1%] [34m[1mGenerating C code for ROS interfaces[0m
[  1%] [34m[1mGenerating C++ code for ROS interfaces[0m
[  1%] Built target glassy_msgs__cpp
[  2%] [32mBuilding C object CMakeFiles/glassy_msgs__rosidl_generator_c.dir/rosidl_generator_c/glassy_msgs/msg/detail/state__functions.c.o[0m
[  2%] Built target ament_cmake_python_copy_glassy_msgs
[  3%] [34m[1mGenerating C++ type support dispatch for ROS interfaces[0m
[  4%] [32mBuilding C object CMakeFiles/glassy_msgs__rosidl_generator_c.dir/rosidl_generator_c/glassy_msgs/msg/detail/actuators__functions.c.o[0m
[  5%] [32mBuilding C object CMakeFiles/glassy_msgs__rosidl_generator_c.dir/rosidl_generator_c/glassy_msgs/msg/detail/inner_loop_references__functions.c.o[0m
[  6%] [32mBuilding C object CMakeFiles/glassy_msgs__rosidl_generator_c.dir/rosidl_generator_c/glassy_msgs/msg/detail/path_references__functions.c.o[0m
[  7%] [32mBuilding C object CMakeFiles/glassy_msgs__rosidl_generator_c.dir/rosidl_generator_c/glassy_msgs/msg/detail/mission_info__functions.c.o[0m
[  8%] [32mBuilding C object CMakeFiles/glassy_msgs__rosidl_generator_c.dir/rosidl_generator_c/glassy_msgs/srv/detail/pid_gains__functions.c.o[0m
[  9%] [32mBuilding C object CMakeFiles/glassy_msgs__rosidl_generator_c.dir/rosidl_generator_c/glassy_msgs/srv/detail/set_path__functions.c.o[0m
[ 10%] [32mBuilding C object CMakeFiles/glassy_msgs__rosidl_generator_c.dir/rosidl_generator_c/glassy_msgs/srv/detail/los_params__functions.c.o[0m
[ 11%] [32mBuilding C object CMakeFiles/glassy_msgs__rosidl_generator_c.dir/rosidl_generator_c/glassy_msgs/srv/detail/set_limits__functions.c.o[0m
[ 12%] [32mBuilding C object CMakeFiles/glassy_msgs__rosidl_generator_c.dir/rosidl_generator_c/glassy_msgs/srv/detail/set_mission__functions.c.o[0m
[ 13%] [32m[1mLinking C shared library libglassy_msgs__rosidl_generator_c.so[0m
[ 13%] Built target glassy_msgs__rosidl_generator_c
[ 14%] [32mBuilding CXX object CMakeFiles/glassy_msgs__rosidl_typesupport_cpp.dir/rosidl_typesupport_cpp/glassy_msgs/msg/state__type_support.cpp.o[0m
[ 15%] [34m[1mGenerating C++ type support for eProsima Fast-RTPS[0m
[ 16%] [32mBuilding CXX object CMakeFiles/glassy_msgs__rosidl_typesupport_cpp.dir/rosidl_typesupport_cpp/glassy_msgs/msg/actuators__type_support.cpp.o[0m
[ 17%] [32mBuilding CXX object CMakeFiles/glassy_msgs__rosidl_typesupport_cpp.dir/rosidl_typesupport_cpp/glassy_msgs/msg/inner_loop_references__type_support.cpp.o[0m
[ 18%] [32mBuilding CXX object CMakeFiles/glassy_msgs__rosidl_typesupport_cpp.dir/rosidl_typesupport_cpp/glassy_msgs/msg/path_references__type_support.cpp.o[0m
[ 19%] [32mBuilding CXX object CMakeFiles/glassy_msgs__rosidl_typesupport_fastrtps_cpp.dir/rosidl_typesupport_fastrtps_cpp/glassy_msgs/msg/detail/dds_fastrtps/state__type_support.cpp.o[0m
[ 20%] [32mBuilding CXX object CMakeFiles/glassy_msgs__rosidl_typesupport_cpp.dir/rosidl_typesupport_cpp/glassy_msgs/msg/mission_info__type_support.cpp.o[0m
[ 21%] [32mBuilding CXX object CMakeFiles/glassy_msgs__rosidl_typesupport_cpp.dir/rosidl_typesupport_cpp/glassy_msgs/srv/pid_gains__type_support.cpp.o[0m
[ 22%] [32mBuilding CXX object CMakeFiles/glassy_msgs__rosidl_typesupport_fastrtps_cpp.dir/rosidl_typesupport_fastrtps_cpp/glassy_msgs/msg/detail/dds_fastrtps/actuators__type_support.cpp.o[0m
[ 23%] [32mBuilding CXX object CMakeFiles/glassy_msgs__rosidl_typesupport_cpp.dir/rosidl_typesupport_cpp/glassy_msgs/srv/set_path__type_support.cpp.o[0m
[ 23%] [32mBuilding CXX object CMakeFiles/glassy_msgs__rosidl_typesupport_fastrtps_cpp.dir/rosidl_typesupport_fastrtps_cpp/glassy_msgs/msg/detail/dds_fastrtps/inner_loop_references__type_support.cpp.o[0m
[ 24%] [32mBuilding CXX object CMakeFiles/glassy_msgs__rosidl_typesupport_cpp.dir/rosidl_typesupport_cpp/glassy_msgs/srv/los_params__type_support.cpp.o[0m
[ 25%] [32mBuilding CXX object CMakeFiles/glassy_msgs__rosidl_typesupport_cpp.dir/rosidl_typesupport_cpp/glassy_msgs/srv/set_limits__type_support.cpp.o[0m
[ 26%] [32mBuilding CXX object CMakeFiles/glassy_msgs__rosidl_typesupport_fastrtps_cpp.dir/rosidl_typesupport_fastrtps_cpp/glassy_msgs/msg/detail/dds_fastrtps/path_references__type_support.cpp.o[0m
[ 27%] [32mBuilding CXX object CMakeFiles/glassy_msgs__rosidl_typesupport_cpp.dir/rosidl_typesupport_cpp/glassy_msgs/srv/set_mission__type_support.cpp.o[0m
[ 28%] [32mBuilding CXX object CMakeFiles/glassy_msgs__rosidl_typesupport_fastrtps_cpp.dir/rosidl_typesupport_fastrtps_cpp/glassy_msgs/msg/detail/dds_fastrtps/mission_info__type_support.cpp.o[0m
[ 29%] [32m[1mLinking CXX shared library libglassy_msgs__rosidl_typesupport_cpp.so[0m
[ 29%] Built target glassy_msgs__rosidl_typesupport_cpp
[ 30%] [34m[1mGenerating C introspection for ROS interfaces[0m
[ 31%] [32mBuilding CXX object CMakeFiles/glassy_msgs__rosidl_typesupport_fastrtps_cpp.dir/rosidl_typesupport_fastrtps_cpp/glassy_msgs/srv/detail/dds_fastrtps/pid_gains__type_support.cpp.o[0m
[ 32%] [32mBuilding CXX object CMakeFiles/glassy_msgs__rosidl_typesupport_fastrtps_cpp.dir/rosidl_typesupport_fastrtps_cpp/glassy_msgs/srv/detail/dds_fastrtps/set_path__type_support.cpp.o[0m
[ 33%] [32mBuilding C object CMakeFiles/glassy_msgs__rosidl_typesupport_introspection_c.dir/rosidl_typesupport_introspection_c/glassy_msgs/msg/detail/state__type_support.c.o[0m
[ 34%] [32mBuilding C object CMakeFiles/glassy_msgs__rosidl_typesupport_introspection_c.dir/rosidl_typesupport_introspection_c/glassy_msgs/msg/detail/actuators__type_support.c.o[0m
[ 35%] [32mBuilding C object CMakeFiles/glassy_msgs__rosidl_typesupport_introspection_c.dir/rosidl_typesupport_introspection_c/glassy_msgs/msg/detail/inner_loop_references__type_support.c.o[0m
[ 36%] [32mBuilding C object CMakeFiles/glassy_msgs__rosidl_typesupport_introspection_c.dir/rosidl_typesupport_introspection_c/glassy_msgs/msg/detail/path_references__type_support.c.o[0m
[ 37%] [32mBuilding C object CMakeFiles/glassy_msgs__rosidl_typesupport_introspection_c.dir/rosidl_typesupport_introspection_c/glassy_msgs/msg/detail/mission_info__type_support.c.o[0m
[ 38%] [32mBuilding CXX object CMakeFiles/glassy_msgs__rosidl_typesupport_fastrtps_cpp.dir/rosidl_typesupport_fastrtps_cpp/glassy_msgs/srv/detail/dds_fastrtps/los_params__type_support.cpp.o[0m
[ 39%] [32mBuilding C object CMakeFiles/glassy_msgs__rosidl_typesupport_introspection_c.dir/rosidl_typesupport_introspection_c/glassy_msgs/srv/detail/pid_gains__type_support.c.o[0m
[ 40%] [32mBuilding C object CMakeFiles/glassy_msgs__rosidl_typesupport_introspection_c.dir/rosidl_typesupport_introspection_c/glassy_msgs/srv/detail/set_path__type_support.c.o[0m
[ 41%] [32mBuilding C object CMakeFiles/glassy_msgs__rosidl_typesupport_introspection_c.dir/rosidl_typesupport_introspection_c/glassy_msgs/srv/detail/los_params__type_support.c.o[0m
[ 42%] [32mBuilding C object CMakeFiles/glassy_msgs__rosidl_typesupport_introspection_c.dir/rosidl_typesupport_introspection_c/glassy_msgs/srv/detail/set_limits__type_support.c.o[0m
[ 43%] [32mBuilding C object CMakeFiles/glassy_msgs__rosidl_typesupport_introspection_c.dir/rosidl_typesupport_introspection_c/glassy_msgs/srv/detail/set_mission__type_support.c.o[0m
[ 44%] [32m[1mLinking C shared library libglassy_msgs__rosidl_typesupport_introspection_c.so[0m
[ 44%] Built target glassy_msgs__rosidl_typesupport_introspection_c
[ 45%] [34m[1mGenerating C type support dispatch for ROS interfaces[0m
[ 46%] [32mBuilding CXX object CMakeFiles/glassy_msgs__rosidl_typesupport_fastrtps_cpp.dir/rosidl_typesupport_fastrtps_cpp/glassy_msgs/srv/detail/dds_fastrtps/set_limits__type_support.cpp.o[0m
[ 47%] [32mBuilding CXX object CMakeFiles/glassy_msgs__rosidl_typesupport_fastrtps_cpp.dir/rosidl_typesupport_fastrtps_cpp/glassy_msgs/srv/detail/dds_fastrtps/set_mission__type_support.cpp.o[0m
[ 48%] [32mBuilding CXX object CMakeFiles/glassy_msgs__rosidl_typesupport_c.dir/rosidl_typesupport_c/glassy_msgs/msg/state__type_support.cpp.o[0m
[ 49%] [32mBuilding CXX object CMakeFiles/glassy_msgs__rosidl_typesupport_c.dir/rosidl_typesupport_c/glassy_msgs/msg/actuators__type_support.cpp.o[0m
[ 50%] [32mBuilding CXX object CMakeFiles/glassy_msgs__rosidl_typesupport_c.dir/rosidl_typesupport_c/glassy_msgs/msg/inner_loop_references__type_support.cpp.o[0m
[ 51%] [32mBuilding CXX object CMakeFiles/glassy_msgs__rosidl_typesupport_c.dir/rosidl_typesupport_c/glassy_msgs/msg/path_references__type_support.cpp.o[0m
[ 52%] [32mBuilding CXX object CMakeFiles/glassy_msgs__rosidl_typesupport_c.dir/rosidl_typesupport_c/glassy_msgs/msg/mission_info__type_support.cpp.o[0m
[ 53%] [32mBuilding CXX object CMakeFiles/glassy_msgs__rosidl_typesupport_c.dir/rosidl_typesupport_c/glassy_msgs/srv/pid_gains__type_support.cpp.o[0m
[ 54%] [32mBuilding CXX object CMakeFiles/glassy_msgs__rosidl_typesupport_c.dir/rosidl_typesupport_c/glassy_msgs/srv/set_path__type_support.cpp.o[0m
[ 55%] [32mBuilding CXX object CMakeFiles/glassy_msgs__rosidl_typesupport_c.dir/rosidl_typesupport_c/glassy_msgs/srv/los_params__type_support.cpp.o[0m
[ 55%] [32mBuilding CXX object CMakeFiles/glassy_msgs__rosidl_typesupport_c.dir/rosidl_typesupport_c/glassy_msgs/srv/set_limits__type_support.cpp.o[0m
[ 56%] [32mBuilding CXX object CMakeFiles/glassy_msgs__rosidl_typesupport_c.dir/rosidl_typesupport_c/glassy_msgs/srv/set_mission__type_support.cpp.o[0m
[ 57%] [32m[1mLinking CXX shared library libglassy_msgs__rosidl_typesupport_c.so[0m
[ 57%] Built target glassy_msgs__rosidl_typesupport_c
[ 58%] [34m[1mGenerating C++ introspection for ROS interfaces[0m
[ 59%] [32m[1mLinking CXX shared library libglassy_msgs__rosidl_typesupport_fastrtps_cpp.so[0m
[ 59%] Built target glassy_msgs__rosidl_typesupport_fastrtps_cpp
running egg_info
creating glassy_msgs.egg-info
writing glassy_msgs.egg-info/PKG-INFO
writing dependency_links to glassy_msgs.egg-info/dependency_links.txt
writing top-level names to glassy_msgs.egg-info/top_level.txt
writing manifest file 'glassy_msgs.egg-info/SOURCES.txt'
reading manifest file 'glassy_msgs.egg-info/SOURCES.txt'
writing manifest file 'glassy_msgs.egg-info/SOURCES.txt'
[ 59%] Built target ament_cmake_python_build_glassy_msgs_egg
[ 60%] [32mBuilding CXX object CMakeFiles/glassy_msgs__rosidl_typesupport_introspection_cpp.dir/rosidl_typesupport_introspection_cpp/glassy_msgs/msg/detail/state__type_support.cpp.o[0m
[ 61%] [32mBuilding CXX object CMakeFiles/glassy_msgs__rosidl_typesupport_introspection_cpp.dir/rosidl_typesupport_introspection_cpp/glassy_msgs/msg/detail/actuators__type_support.cpp.o[0m
[ 62%] [32mBuilding CXX object CMakeFiles/glassy_msgs__rosidl_typesupport_introspection_cpp.dir/rosidl_typesupport_introspection_cpp/glassy_msgs/msg/detail/inner_loop_references__type_support.cpp.o[0m
[ 63%] [32mBuilding CXX object CMakeFiles/glassy_msgs__rosidl_typesupport_introspection_cpp.dir/rosidl_typesupport_introspection_cpp/glassy_msgs/msg/detail/path_references__type_support.cpp.o[0m
[ 64%] [32mBuilding CXX object CMakeFiles/glassy_msgs__rosidl_typesupport_introspection_cpp.dir/rosidl_typesupport_introspection_cpp/glassy_msgs/msg/detail/mission_info__type_support.cpp.o[0m
[ 65%] [32mBuilding CXX object CMakeFiles/glassy_msgs__rosidl_typesupport_introspection_cpp.dir/rosidl_typesupport_introspection_cpp/glassy_msgs/srv/detail/pid_gains__type_support.cpp.o[0m
[ 66%] [32mBuilding CXX object CMakeFiles/glassy_msgs__rosidl_typesupport_introspection_cpp.dir/rosidl_typesupport_introspection_cpp/glassy_msgs/srv/detail/set_path__type_support.cpp.o[0m
[ 67%] [32mBuilding CXX object CMakeFiles/glassy_msgs__rosidl_typesupport_introspection_cpp.dir/rosidl_typesupport_introspection_cpp/glassy_msgs/srv/detail/los_params__type_support.cpp.o[0m
[ 68%] [32mBuilding CXX object CMakeFiles/glassy_msgs__rosidl_typesupport_introspection_cpp.dir/rosidl_typesupport_introspection_cpp/glassy_msgs/srv/detail/set_limits__type_support.cpp.o[0m
[ 69%] [32mBuilding CXX object CMakeFiles/glassy_msgs__rosidl_typesupport_introspection_cpp.dir/rosidl_typesupport_introspection_cpp/glassy_msgs/srv/detail/set_mission__type_support.cpp.o[0m
[ 70%] [32m[1mLinking CXX shared library libglassy_msgs__rosidl_typesupport_introspection_cpp.so[0m
[ 70%] Built target glassy_msgs__rosidl_typesupport_introspection_cpp
[ 71%] [34m[1mGenerating C type support for eProsima Fast-RTPS[0m
[ 72%] [32mBuilding CXX object CMakeFiles/glassy_msgs__rosidl_typesupport_fastrtps_c.dir/rosidl_typesupport_fastrtps_c/glassy_msgs/msg/detail/state__type_support_c.cpp.o[0m
[ 73%] [32mBuilding CXX object CMakeFiles/glassy_msgs__rosidl_typesupport_fastrtps_c.dir/rosidl_typesupport_fastrtps_c/glassy_msgs/msg/detail/actuators__type_support_c.cpp.o[0m
[ 74%] [32mBuilding CXX object CMakeFiles/glassy_msgs__rosidl_typesupport_fastrtps_c.dir/rosidl_typesupport_fastrtps_c/glassy_msgs/msg/detail/inner_loop_references__type_support_c.cpp.o[0m
[ 75%] [32mBuilding CXX object CMakeFiles/glassy_msgs__rosidl_typesupport_fastrtps_c.dir/rosidl_typesupport_fastrtps_c/glassy_msgs/msg/detail/path_references__type_support_c.cpp.o[0m
[ 76%] [32mBuilding CXX object CMakeFiles/glassy_msgs__rosidl_typesupport_fastrtps_c.dir/rosidl_typesupport_fastrtps_c/glassy_msgs/msg/detail/mission_info__type_support_c.cpp.o[0m
[ 77%] [32mBuilding CXX object CMakeFiles/glassy_msgs__rosidl_typesupport_fastrtps_c.dir/rosidl_typesupport_fastrtps_c/glassy_msgs/srv/detail/pid_gains__type_support_c.cpp.o[0m
[ 78%] [32mBuilding CXX object CMakeFiles/glassy_msgs__rosidl_typesupport_fastrtps_c.dir/rosidl_typesupport_fastrtps_c/glassy_msgs/srv/detail/set_path__type_support_c.cpp.o[0m
[ 79%] [32mBuilding CXX object CMakeFiles/glassy_msgs__rosidl_typesupport_fastrtps_c.dir/rosidl_typesupport_fastrtps_c/glassy_msgs/srv/detail/los_params__type_support_c.cpp.o[0m
[ 80%] [32mBuilding CXX object CMakeFiles/glassy_msgs__rosidl_typesupport_fastrtps_c.dir/rosidl_typesupport_fastrtps_c/glassy_msgs/srv/detail/set_limits__type_support_c.cpp.o[0m
[ 81%] [32mBuilding CXX object CMakeFiles/glassy_msgs__rosidl_typesupport_fastrtps_c.dir/rosidl_typesupport_fastrtps_c/glassy_msgs/srv/detail/set_mission__type_support_c.cpp.o[0m
[ 82%] [32m[1mLinking CXX shared library libglassy_msgs__rosidl_typesupport_fastrtps_c.so[0m
[ 82%] Built target glassy_msgs__rosidl_typesupport_fastrtps_c
[ 82%] Built target glassy_msgs
[ 83%] [34m[1mGenerating Python code for ROS interfaces[0m
[ 83%] Built target glassy_msgs__py
[ 84%] [32mBuilding C object CMakeFiles/glassy_msgs__rosidl_generator_py.dir/rosidl_generator_py/glassy_msgs/msg/_state_s.c.o[0m
[ 85%] [32mBuilding C object CMakeFiles/glassy_msgs__rosidl_generator_py.dir/rosidl_generator_py/glassy_msgs/msg/_actuators_s.c.o[0m
[ 86%] [32mBuilding C object CMakeFiles/glassy_msgs__rosidl_generator_py.dir/rosidl_generator_py/glassy_msgs/msg/_inner_loop_references_s.c.o[0m
[ 87%] [32mBuilding C object CMakeFiles/glassy_msgs__rosidl_generator_py.dir/rosidl_generator_py/glassy_msgs/msg/_path_references_s.c.o[0m
[ 88%] [32mBuilding C object CMakeFiles/glassy_msgs__rosidl_generator_py.dir/rosidl_generator_py/glassy_msgs/msg/_mission_info_s.c.o[0m
[ 89%] [32mBuilding C object CMakeFiles/glassy_msgs__rosidl_generator_py.dir/rosidl_generator_py/glassy_msgs/srv/_pid_gains_s.c.o[0m
[ 90%] [32mBuilding C object CMakeFiles/glassy_msgs__rosidl_generator_py.dir/rosidl_generator_py/glassy_msgs/srv/_set_path_s.c.o[0m
[ 91%] [32mBuilding C object CMakeFiles/glassy_msgs__rosidl_generator_py.dir/rosidl_generator_py/glassy_msgs/srv/_los_params_s.c.o[0m
[ 92%] [32mBuilding C object CMakeFiles/glassy_msgs__rosidl_generator_py.dir/rosidl_generator_py/glassy_msgs/srv/_set_limits_s.c.o[0m
[ 93%] [32mBuilding C object CMakeFiles/glassy_msgs__rosidl_generator_py.dir/rosidl_generator_py/glassy_msgs/srv/_set_mission_s.c.o[0m
[ 94%] [32m[1mLinking C shared library rosidl_generator_py/glassy_msgs/libglassy_msgs__rosidl_generator_py.so[0m
[ 94%] Built target glassy_msgs__rosidl_generator_py
[ 95%] [32mBuilding C object CMakeFiles/glassy_msgs__rosidl_typesupport_fastrtps_c__pyext.dir/rosidl_generator_py/glassy_msgs/_glassy_msgs_s.ep.rosidl_typesupport_fastrtps_c.c.o[0m
[ 96%] [32m[1mLinking C shared library rosidl_generator_py/glassy_msgs/glassy_msgs_s__rosidl_typesupport_fastrtps_c.cpython-310-x86_64-linux-gnu.so[0m
[ 96%] Built target glassy_msgs__rosidl_typesupport_fastrtps_c__pyext
[ 97%] [32mBuilding C object CMakeFiles/glassy_msgs__rosidl_typesupport_introspection_c__pyext.dir/rosidl_generator_py/glassy_msgs/_glassy_msgs_s.ep.rosidl_typesupport_introspection_c.c.o[0m
[ 98%] [32m[1mLinking C shared library rosidl_generator_py/glassy_msgs/glassy_msgs_s__rosidl_typesupport_introspection_c.cpython-310-x86_64-linux-gnu.so[0m
[ 98%] Built target glassy_msgs__rosidl_typesupport_introspection_c__pyext
[ 99%] [32mBuilding C object CMakeFiles/glassy_msgs__rosidl_typesupport_c__pyext.dir/rosidl_generator_py/glassy_msgs/_glassy_msgs_s.ep.rosidl_typesupport_c.c.o[0m
[100%] [32m[1mLinking C shared library rosidl_generator_py/glassy_msgs/glassy_msgs_s__rosidl_typesupport_c.cpython-310-x86_64-linux-gnu.so[0m
[100%] Built target glassy_msgs__rosidl_typesupport_c__pyext
-- Install configuration: ""
-- Installing: /home/diogo/MIR_Project_2024/glassy_challenge_ws/install/glassy_msgs/share/ament_index/resource_index/rosidl_interfaces/glassy_msgs
-- Installing: /home/diogo/MIR_Project_2024/glassy_challenge_ws/install/glassy_msgs/include/glassy_msgs/glassy_msgs
-- Installing: /home/diogo/MIR_Project_2024/glassy_challenge_ws/install/glassy_msgs/include/glassy_msgs/glassy_msgs/msg
-- Installing: /home/diogo/MIR_Project_2024/glassy_challenge_ws/install/glassy_msgs/include/glassy_msgs/glassy_msgs/msg/inner_loop_references.h
-- Installing: /home/diogo/MIR_Project_2024/glassy_challenge_ws/install/glassy_msgs/include/glassy_msgs/glassy_msgs/msg/detail
-- Installing: /home/diogo/MIR_Project_2024/glassy_challenge_ws/install/glassy_msgs/include/glassy_msgs/glassy_msgs/msg/detail/actuators__struct.h
-- Installing: /home/diogo/MIR_Project_2024/glassy_challenge_ws/install/glassy_msgs/include/glassy_msgs/glassy_msgs/msg/detail/path_references__type_support.h
-- Installing: /home/diogo/MIR_Project_2024/glassy_challenge_ws/install/glassy_msgs/include/glassy_msgs/glassy_msgs/msg/detail/mission_info__functions.h
-- Installing: /home/diogo/MIR_Project_2024/glassy_challenge_ws/install/glassy_msgs/include/glassy_msgs/glassy_msgs/msg/detail/inner_loop_references__type_support.h
-- Installing: /home/diogo/MIR_Project_2024/glassy_challenge_ws/install/glassy_msgs/include/glassy_msgs/glassy_msgs/msg/detail/state__functions.h
-- Installing: /home/diogo/MIR_Project_2024/glassy_challenge_ws/install/glassy_msgs/include/glassy_msgs/glassy_msgs/msg/detail/actuators__type_support.h
-- Installing: /home/diogo/MIR_Project_2024/glassy_challenge_ws/install/glassy_msgs/include/glassy_msgs/glassy_msgs/msg/detail/mission_info__functions.c
-- Installing: /home/diogo/MIR_Project_2024/glassy_challenge_ws/install/glassy_msgs/include/glassy_msgs/glassy_msgs/msg/detail/mission_info__type_support.h
-- Installing: /home/diogo/MIR_Project_2024/glassy_challenge_ws/install/glassy_msgs/include/glassy_msgs/glassy_msgs/msg/detail/state__functions.c
-- Installing: /home/diogo/MIR_Project_2024/glassy_challenge_ws/install/glassy_msgs/include/glassy_msgs/glassy_msgs/msg/detail/actuators__functions.c
-- Installing: /home/diogo/MIR_Project_2024/glassy_challenge_ws/install/glassy_msgs/include/glassy_msgs/glassy_msgs/msg/detail/inner_loop_references__functions.c
-- Installing: /home/diogo/MIR_Project_2024/glassy_challenge_ws/install/glassy_msgs/include/glassy_msgs/glassy_msgs/msg/detail/path_references__struct.h
-- Installing: /home/diogo/MIR_Project_2024/glassy_challenge_ws/install/glassy_msgs/include/glassy_msgs/glassy_msgs/msg/detail/state__type_support.h
-- Installing: /home/diogo/MIR_Project_2024/glassy_challenge_ws/install/glassy_msgs/include/glassy_msgs/glassy_msgs/msg/detail/inner_loop_references__functions.h
-- Installing: /home/diogo/MIR_Project_2024/glassy_challenge_ws/install/glassy_msgs/include/glassy_msgs/glassy_msgs/msg/detail/state__struct.h
-- Installing: /home/diogo/MIR_Project_2024/glassy_challenge_ws/install/glassy_msgs/include/glassy_msgs/glassy_msgs/msg/detail/mission_info__struct.h
-- Installing: /home/diogo/MIR_Project_2024/glassy_challenge_ws/install/glassy_msgs/include/glassy_msgs/glassy_msgs/msg/detail/inner_loop_references__struct.h
-- Installing: /home/diogo/MIR_Project_2024/glassy_challenge_ws/install/glassy_msgs/include/glassy_msgs/glassy_msgs/msg/detail/path_references__functions.h
-- Installing: /home/diogo/MIR_Project_2024/glassy_challenge_ws/install/glassy_msgs/include/glassy_msgs/glassy_msgs/msg/detail/path_references__functions.c
-- Installing: /home/diogo/MIR_Project_2024/glassy_challenge_ws/install/glassy_msgs/include/glassy_msgs/glassy_msgs/msg/detail/actuators__functions.h
-- Installing: /home/diogo/MIR_Project_2024/glassy_challenge_ws/install/glassy_msgs/include/glassy_msgs/glassy_msgs/msg/path_references.h
-- Installing: /home/diogo/MIR_Project_2024/glassy_challenge_ws/install/glassy_msgs/include/glassy_msgs/glassy_msgs/msg/actuators.h
-- Installing: /home/diogo/MIR_Project_2024/glassy_challenge_ws/install/glassy_msgs/include/glassy_msgs/glassy_msgs/msg/rosidl_generator_c__visibility_control.h
-- Installing: /home/diogo/MIR_Project_2024/glassy_challenge_ws/install/glassy_msgs/include/glassy_msgs/glassy_msgs/msg/mission_info.h
-- Installing: /home/diogo/MIR_Project_2024/glassy_challenge_ws/install/glassy_msgs/include/glassy_msgs/glassy_msgs/msg/state.h
-- Installing: /home/diogo/MIR_Project_2024/glassy_challenge_ws/install/glassy_msgs/include/glassy_msgs/glassy_msgs/srv
-- Installing: /home/diogo/MIR_Project_2024/glassy_challenge_ws/install/glassy_msgs/include/glassy_msgs/glassy_msgs/srv/detail
-- Installing: /home/diogo/MIR_Project_2024/glassy_challenge_ws/install/glassy_msgs/include/glassy_msgs/glassy_msgs/srv/detail/los_params__functions.h
-- Installing: /home/diogo/MIR_Project_2024/glassy_challenge_ws/install/glassy_msgs/include/glassy_msgs/glassy_msgs/srv/detail/pid_gains__type_support.h
-- Installing: /home/diogo/MIR_Project_2024/glassy_challenge_ws/install/glassy_msgs/include/glassy_msgs/glassy_msgs/srv/detail/set_mission__struct.h
-- Installing: /home/diogo/MIR_Project_2024/glassy_challenge_ws/install/glassy_msgs/include/glassy_msgs/glassy_msgs/srv/detail/set_path__struct.h
-- Installing: /home/diogo/MIR_Project_2024/glassy_challenge_ws/install/glassy_msgs/include/glassy_msgs/glassy_msgs/srv/detail/los_params__type_support.h
-- Installing: /home/diogo/MIR_Project_2024/glassy_challenge_ws/install/glassy_msgs/include/glassy_msgs/glassy_msgs/srv/detail/pid_gains__functions.c
-- Installing: /home/diogo/MIR_Project_2024/glassy_challenge_ws/install/glassy_msgs/include/glassy_msgs/glassy_msgs/srv/detail/set_limits__type_support.h
-- Installing: /home/diogo/MIR_Project_2024/glassy_challenge_ws/install/glassy_msgs/include/glassy_msgs/glassy_msgs/srv/detail/set_limits__functions.h
-- Installing: /home/diogo/MIR_Project_2024/glassy_challenge_ws/install/glassy_msgs/include/glassy_msgs/glassy_msgs/srv/detail/set_path__functions.h
-- Installing: /home/diogo/MIR_Project_2024/glassy_challenge_ws/install/glassy_msgs/include/glassy_msgs/glassy_msgs/srv/detail/set_mission__functions.c
-- Installing: /home/diogo/MIR_Project_2024/glassy_challenge_ws/install/glassy_msgs/include/glassy_msgs/glassy_msgs/srv/detail/set_mission__type_support.h
-- Installing: /home/diogo/MIR_Project_2024/glassy_challenge_ws/install/glassy_msgs/include/glassy_msgs/glassy_msgs/srv/detail/set_path__type_support.h
-- Installing: /home/diogo/MIR_Project_2024/glassy_challenge_ws/install/glassy_msgs/include/glassy_msgs/glassy_msgs/srv/detail/los_params__struct.h
-- Installing: /home/diogo/MIR_Project_2024/glassy_challenge_ws/install/glassy_msgs/include/glassy_msgs/glassy_msgs/srv/detail/set_limits__functions.c
-- Installing: /home/diogo/MIR_Project_2024/glassy_challenge_ws/install/glassy_msgs/include/glassy_msgs/glassy_msgs/srv/detail/set_mission__functions.h
-- Installing: /home/diogo/MIR_Project_2024/glassy_challenge_ws/install/glassy_msgs/include/glassy_msgs/glassy_msgs/srv/detail/set_limits__struct.h
-- Installing: /home/diogo/MIR_Project_2024/glassy_challenge_ws/install/glassy_msgs/include/glassy_msgs/glassy_msgs/srv/detail/pid_gains__functions.h
-- Installing: /home/diogo/MIR_Project_2024/glassy_challenge_ws/install/glassy_msgs/include/glassy_msgs/glassy_msgs/srv/detail/los_params__functions.c
-- Installing: /home/diogo/MIR_Project_2024/glassy_challenge_ws/install/glassy_msgs/include/glassy_msgs/glassy_msgs/srv/detail/pid_gains__struct.h
-- Installing: /home/diogo/MIR_Project_2024/glassy_challenge_ws/install/glassy_msgs/include/glassy_msgs/glassy_msgs/srv/detail/set_path__functions.c
-- Installing: /home/diogo/MIR_Project_2024/glassy_challenge_ws/install/glassy_msgs/include/glassy_msgs/glassy_msgs/srv/pid_gains.h
-- Installing: /home/diogo/MIR_Project_2024/glassy_challenge_ws/install/glassy_msgs/include/glassy_msgs/glassy_msgs/srv/los_params.h
-- Installing: /home/diogo/MIR_Project_2024/glassy_challenge_ws/install/glassy_msgs/include/glassy_msgs/glassy_msgs/srv/set_path.h
-- Installing: /home/diogo/MIR_Project_2024/glassy_challenge_ws/install/glassy_msgs/include/glassy_msgs/glassy_msgs/srv/set_limits.h
-- Installing: /home/diogo/MIR_Project_2024/glassy_challenge_ws/install/glassy_msgs/include/glassy_msgs/glassy_msgs/srv/set_mission.h
-- Installing: /home/diogo/MIR_Project_2024/glassy_challenge_ws/install/glassy_msgs/share/glassy_msgs/environment/library_path.sh
-- Installing: /home/diogo/MIR_Project_2024/glassy_challenge_ws/install/glassy_msgs/share/glassy_msgs/environment/library_path.dsv
-- Installing: /home/diogo/MIR_Project_2024/glassy_challenge_ws/install/glassy_msgs/lib/libglassy_msgs__rosidl_generator_c.so
-- Set runtime path of "/home/diogo/MIR_Project_2024/glassy_challenge_ws/install/glassy_msgs/lib/libglassy_msgs__rosidl_generator_c.so" to ""
-- Up-to-date: /home/diogo/MIR_Project_2024/glassy_challenge_ws/install/glassy_msgs/include/glassy_msgs/glassy_msgs
-- Up-to-date: /home/diogo/MIR_Project_2024/glassy_challenge_ws/install/glassy_msgs/include/glassy_msgs/glassy_msgs/msg
-- Up-to-date: /home/diogo/MIR_Project_2024/glassy_challenge_ws/install/glassy_msgs/include/glassy_msgs/glassy_msgs/msg/detail
-- Installing: /home/diogo/MIR_Project_2024/glassy_challenge_ws/install/glassy_msgs/include/glassy_msgs/glassy_msgs/msg/detail/inner_loop_references__rosidl_typesupport_fastrtps_c.h
-- Installing: /home/diogo/MIR_Project_2024/glassy_challenge_ws/install/glassy_msgs/include/glassy_msgs/glassy_msgs/msg/detail/mission_info__rosidl_typesupport_fastrtps_c.h
-- Installing: /home/diogo/MIR_Project_2024/glassy_challenge_ws/install/glassy_msgs/include/glassy_msgs/glassy_msgs/msg/detail/actuators__rosidl_typesupport_fastrtps_c.h
-- Installing: /home/diogo/MIR_Project_2024/glassy_challenge_ws/install/glassy_msgs/include/glassy_msgs/glassy_msgs/msg/detail/path_references__rosidl_typesupport_fastrtps_c.h
-- Installing: /home/diogo/MIR_Project_2024/glassy_challenge_ws/install/glassy_msgs/include/glassy_msgs/glassy_msgs/msg/detail/state__rosidl_typesupport_fastrtps_c.h
-- Installing: /home/diogo/MIR_Project_2024/glassy_challenge_ws/install/glassy_msgs/include/glassy_msgs/glassy_msgs/msg/rosidl_typesupport_fastrtps_c__visibility_control.h
-- Up-to-date: /home/diogo/MIR_Project_2024/glassy_challenge_ws/install/glassy_msgs/include/glassy_msgs/glassy_msgs/srv
-- Up-to-date: /home/diogo/MIR_Project_2024/glassy_challenge_ws/install/glassy_msgs/include/glassy_msgs/glassy_msgs/srv/detail
-- Installing: /home/diogo/MIR_Project_2024/glassy_challenge_ws/install/glassy_msgs/include/glassy_msgs/glassy_msgs/srv/detail/set_mission__rosidl_typesupport_fastrtps_c.h
-- Installing: /home/diogo/MIR_Project_2024/glassy_challenge_ws/install/glassy_msgs/include/glassy_msgs/glassy_msgs/srv/detail/set_path__rosidl_typesupport_fastrtps_c.h
-- Installing: /home/diogo/MIR_Project_2024/glassy_challenge_ws/install/glassy_msgs/include/glassy_msgs/glassy_msgs/srv/detail/los_params__rosidl_typesupport_fastrtps_c.h
-- Installing: /home/diogo/MIR_Project_2024/glassy_challenge_ws/install/glassy_msgs/include/glassy_msgs/glassy_msgs/srv/detail/pid_gains__rosidl_typesupport_fastrtps_c.h
-- Installing: /home/diogo/MIR_Project_2024/glassy_challenge_ws/install/glassy_msgs/include/glassy_msgs/glassy_msgs/srv/detail/set_limits__rosidl_typesupport_fastrtps_c.h
-- Installing: /home/diogo/MIR_Project_2024/glassy_challenge_ws/install/glassy_msgs/lib/libglassy_msgs__rosidl_typesupport_fastrtps_c.so
-- Set runtime path of "/home/diogo/MIR_Project_2024/glassy_challenge_ws/install/glassy_msgs/lib/libglassy_msgs__rosidl_typesupport_fastrtps_c.so" to ""
-- Up-to-date: /home/diogo/MIR_Project_2024/glassy_challenge_ws/install/glassy_msgs/include/glassy_msgs/glassy_msgs
-- Up-to-date: /home/diogo/MIR_Project_2024/glassy_challenge_ws/install/glassy_msgs/include/glassy_msgs/glassy_msgs/msg
-- Installing: /home/diogo/MIR_Project_2024/glassy_challenge_ws/install/glassy_msgs/include/glassy_msgs/glassy_msgs/msg/mission_info.hpp
-- Up-to-date: /home/diogo/MIR_Project_2024/glassy_challenge_ws/install/glassy_msgs/include/glassy_msgs/glassy_msgs/msg/detail
-- Installing: /home/diogo/MIR_Project_2024/glassy_challenge_ws/install/glassy_msgs/include/glassy_msgs/glassy_msgs/msg/detail/actuators__type_support.hpp
-- Installing: /home/diogo/MIR_Project_2024/glassy_challenge_ws/install/glassy_msgs/include/glassy_msgs/glassy_msgs/msg/detail/state__builder.hpp
-- Installing: /home/diogo/MIR_Project_2024/glassy_challenge_ws/install/glassy_msgs/include/glassy_msgs/glassy_msgs/msg/detail/state__type_support.hpp
-- Installing: /home/diogo/MIR_Project_2024/glassy_challenge_ws/install/glassy_msgs/include/glassy_msgs/glassy_msgs/msg/detail/actuators__builder.hpp
-- Installing: /home/diogo/MIR_Project_2024/glassy_challenge_ws/install/glassy_msgs/include/glassy_msgs/glassy_msgs/msg/detail/inner_loop_references__struct.hpp
-- Installing: /home/diogo/MIR_Project_2024/glassy_challenge_ws/install/glassy_msgs/include/glassy_msgs/glassy_msgs/msg/detail/path_references__struct.hpp
-- Installing: /home/diogo/MIR_Project_2024/glassy_challenge_ws/install/glassy_msgs/include/glassy_msgs/glassy_msgs/msg/detail/inner_loop_references__traits.hpp
-- Installing: /home/diogo/MIR_Project_2024/glassy_challenge_ws/install/glassy_msgs/include/glassy_msgs/glassy_msgs/msg/detail/actuators__traits.hpp
-- Installing: /home/diogo/MIR_Project_2024/glassy_challenge_ws/install/glassy_msgs/include/glassy_msgs/glassy_msgs/msg/detail/actuators__struct.hpp
-- Installing: /home/diogo/MIR_Project_2024/glassy_challenge_ws/install/glassy_msgs/include/glassy_msgs/glassy_msgs/msg/detail/path_references__type_support.hpp
-- Installing: /home/diogo/MIR_Project_2024/glassy_challenge_ws/install/glassy_msgs/include/glassy_msgs/glassy_msgs/msg/detail/state__struct.hpp
-- Installing: /home/diogo/MIR_Project_2024/glassy_challenge_ws/install/glassy_msgs/include/glassy_msgs/glassy_msgs/msg/detail/inner_loop_references__builder.hpp
-- Installing: /home/diogo/MIR_Project_2024/glassy_challenge_ws/install/glassy_msgs/include/glassy_msgs/glassy_msgs/msg/detail/mission_info__struct.hpp
-- Installing: /home/diogo/MIR_Project_2024/glassy_challenge_ws/install/glassy_msgs/include/glassy_msgs/glassy_msgs/msg/detail/path_references__traits.hpp
-- Installing: /home/diogo/MIR_Project_2024/glassy_challenge_ws/install/glassy_msgs/include/glassy_msgs/glassy_msgs/msg/detail/inner_loop_references__type_support.hpp
-- Installing: /home/diogo/MIR_Project_2024/glassy_challenge_ws/install/glassy_msgs/include/glassy_msgs/glassy_msgs/msg/detail/mission_info__type_support.hpp
-- Installing: /home/diogo/MIR_Project_2024/glassy_challenge_ws/install/glassy_msgs/include/glassy_msgs/glassy_msgs/msg/detail/state__traits.hpp
-- Installing: /home/diogo/MIR_Project_2024/glassy_challenge_ws/install/glassy_msgs/include/glassy_msgs/glassy_msgs/msg/detail/mission_info__traits.hpp
-- Installing: /home/diogo/MIR_Project_2024/glassy_challenge_ws/install/glassy_msgs/include/glassy_msgs/glassy_msgs/msg/detail/mission_info__builder.hpp
-- Installing: /home/diogo/MIR_Project_2024/glassy_challenge_ws/install/glassy_msgs/include/glassy_msgs/glassy_msgs/msg/detail/path_references__builder.hpp
-- Installing: /home/diogo/MIR_Project_2024/glassy_challenge_ws/install/glassy_msgs/include/glassy_msgs/glassy_msgs/msg/state.hpp
-- Installing: /home/diogo/MIR_Project_2024/glassy_challenge_ws/install/glassy_msgs/include/glassy_msgs/glassy_msgs/msg/inner_loop_references.hpp
-- Installing: /home/diogo/MIR_Project_2024/glassy_challenge_ws/install/glassy_msgs/include/glassy_msgs/glassy_msgs/msg/actuators.hpp
-- Installing: /home/diogo/MIR_Project_2024/glassy_challenge_ws/install/glassy_msgs/include/glassy_msgs/glassy_msgs/msg/rosidl_generator_cpp__visibility_control.hpp
-- Installing: /home/diogo/MIR_Project_2024/glassy_challenge_ws/install/glassy_msgs/include/glassy_msgs/glassy_msgs/msg/path_references.hpp
-- Up-to-date: /home/diogo/MIR_Project_2024/glassy_challenge_ws/install/glassy_msgs/include/glassy_msgs/glassy_msgs/srv
-- Up-to-date: /home/diogo/MIR_Project_2024/glassy_challenge_ws/install/glassy_msgs/include/glassy_msgs/glassy_msgs/srv/detail
-- Installing: /home/diogo/MIR_Project_2024/glassy_challenge_ws/install/glassy_msgs/include/glassy_msgs/glassy_msgs/srv/detail/set_limits__struct.hpp
-- Installing: /home/diogo/MIR_Project_2024/glassy_challenge_ws/install/glassy_msgs/include/glassy_msgs/glassy_msgs/srv/detail/los_params__type_support.hpp
-- Installing: /home/diogo/MIR_Project_2024/glassy_challenge_ws/install/glassy_msgs/include/glassy_msgs/glassy_msgs/srv/detail/pid_gains__struct.hpp
-- Installing: /home/diogo/MIR_Project_2024/glassy_challenge_ws/install/glassy_msgs/include/glassy_msgs/glassy_msgs/srv/detail/set_limits__traits.hpp
-- Installing: /home/diogo/MIR_Project_2024/glassy_challenge_ws/install/glassy_msgs/include/glassy_msgs/glassy_msgs/srv/detail/set_limits__builder.hpp
-- Installing: /home/diogo/MIR_Project_2024/glassy_challenge_ws/install/glassy_msgs/include/glassy_msgs/glassy_msgs/srv/detail/pid_gains__type_support.hpp
-- Installing: /home/diogo/MIR_Project_2024/glassy_challenge_ws/install/glassy_msgs/include/glassy_msgs/glassy_msgs/srv/detail/set_path__traits.hpp
-- Installing: /home/diogo/MIR_Project_2024/glassy_challenge_ws/install/glassy_msgs/include/glassy_msgs/glassy_msgs/srv/detail/pid_gains__traits.hpp
-- Installing: /home/diogo/MIR_Project_2024/glassy_challenge_ws/install/glassy_msgs/include/glassy_msgs/glassy_msgs/srv/detail/set_path__builder.hpp
-- Installing: /home/diogo/MIR_Project_2024/glassy_challenge_ws/install/glassy_msgs/include/glassy_msgs/glassy_msgs/srv/detail/pid_gains__builder.hpp
-- Installing: /home/diogo/MIR_Project_2024/glassy_challenge_ws/install/glassy_msgs/include/glassy_msgs/glassy_msgs/srv/detail/set_mission__type_support.hpp
-- Installing: /home/diogo/MIR_Project_2024/glassy_challenge_ws/install/glassy_msgs/include/glassy_msgs/glassy_msgs/srv/detail/set_limits__type_support.hpp
-- Installing: /home/diogo/MIR_Project_2024/glassy_challenge_ws/install/glassy_msgs/include/glassy_msgs/glassy_msgs/srv/detail/los_params__builder.hpp
-- Installing: /home/diogo/MIR_Project_2024/glassy_challenge_ws/install/glassy_msgs/include/glassy_msgs/glassy_msgs/srv/detail/set_path__struct.hpp
-- Installing: /home/diogo/MIR_Project_2024/glassy_challenge_ws/install/glassy_msgs/include/glassy_msgs/glassy_msgs/srv/detail/los_params__traits.hpp
-- Installing: /home/diogo/MIR_Project_2024/glassy_challenge_ws/install/glassy_msgs/include/glassy_msgs/glassy_msgs/srv/detail/set_mission__struct.hpp
-- Installing: /home/diogo/MIR_Project_2024/glassy_challenge_ws/install/glassy_msgs/include/glassy_msgs/glassy_msgs/srv/detail/set_path__type_support.hpp
-- Installing: /home/diogo/MIR_Project_2024/glassy_challenge_ws/install/glassy_msgs/include/glassy_msgs/glassy_msgs/srv/detail/set_mission__builder.hpp
-- Installing: /home/diogo/MIR_Project_2024/glassy_challenge_ws/install/glassy_msgs/include/glassy_msgs/glassy_msgs/srv/detail/set_mission__traits.hpp
-- Installing: /home/diogo/MIR_Project_2024/glassy_challenge_ws/install/glassy_msgs/include/glassy_msgs/glassy_msgs/srv/detail/los_params__struct.hpp
-- Installing: /home/diogo/MIR_Project_2024/glassy_challenge_ws/install/glassy_msgs/include/glassy_msgs/glassy_msgs/srv/los_params.hpp
-- Installing: /home/diogo/MIR_Project_2024/glassy_challenge_ws/install/glassy_msgs/include/glassy_msgs/glassy_msgs/srv/set_mission.hpp
-- Installing: /home/diogo/MIR_Project_2024/glassy_challenge_ws/install/glassy_msgs/include/glassy_msgs/glassy_msgs/srv/set_path.hpp
-- Installing: /home/diogo/MIR_Project_2024/glassy_challenge_ws/install/glassy_msgs/include/glassy_msgs/glassy_msgs/srv/set_limits.hpp
-- Installing: /home/diogo/MIR_Project_2024/glassy_challenge_ws/install/glassy_msgs/include/glassy_msgs/glassy_msgs/srv/pid_gains.hpp
-- Up-to-date: /home/diogo/MIR_Project_2024/glassy_challenge_ws/install/glassy_msgs/include/glassy_msgs/glassy_msgs
-- Up-to-date: /home/diogo/MIR_Project_2024/glassy_challenge_ws/install/glassy_msgs/include/glassy_msgs/glassy_msgs/msg
-- Installing: /home/diogo/MIR_Project_2024/glassy_challenge_ws/install/glassy_msgs/include/glassy_msgs/glassy_msgs/msg/rosidl_typesupport_fastrtps_cpp__visibility_control.h
-- Up-to-date: /home/diogo/MIR_Project_2024/glassy_challenge_ws/install/glassy_msgs/include/glassy_msgs/glassy_msgs/msg/detail
-- Installing: /home/diogo/MIR_Project_2024/glassy_challenge_ws/install/glassy_msgs/include/glassy_msgs/glassy_msgs/msg/detail/actuators__rosidl_typesupport_fastrtps_cpp.hpp
-- Installing: /home/diogo/MIR_Project_2024/glassy_challenge_ws/install/glassy_msgs/include/glassy_msgs/glassy_msgs/msg/detail/mission_info__rosidl_typesupport_fastrtps_cpp.hpp
-- Installing: /home/diogo/MIR_Project_2024/glassy_challenge_ws/install/glassy_msgs/include/glassy_msgs/glassy_msgs/msg/detail/inner_loop_references__rosidl_typesupport_fastrtps_cpp.hpp
-- Installing: /home/diogo/MIR_Project_2024/glassy_challenge_ws/install/glassy_msgs/include/glassy_msgs/glassy_msgs/msg/detail/path_references__rosidl_typesupport_fastrtps_cpp.hpp
-- Installing: /home/diogo/MIR_Project_2024/glassy_challenge_ws/install/glassy_msgs/include/glassy_msgs/glassy_msgs/msg/detail/state__rosidl_typesupport_fastrtps_cpp.hpp
-- Installing: /home/diogo/MIR_Project_2024/glassy_challenge_ws/install/glassy_msgs/include/glassy_msgs/glassy_msgs/msg/detail/dds_fastrtps
-- Up-to-date: /home/diogo/MIR_Project_2024/glassy_challenge_ws/install/glassy_msgs/include/glassy_msgs/glassy_msgs/srv
-- Up-to-date: /home/diogo/MIR_Project_2024/glassy_challenge_ws/install/glassy_msgs/include/glassy_msgs/glassy_msgs/srv/detail
-- Installing: /home/diogo/MIR_Project_2024/glassy_challenge_ws/install/glassy_msgs/include/glassy_msgs/glassy_msgs/srv/detail/set_mission__rosidl_typesupport_fastrtps_cpp.hpp
-- Installing: /home/diogo/MIR_Project_2024/glassy_challenge_ws/install/glassy_msgs/include/glassy_msgs/glassy_msgs/srv/detail/pid_gains__rosidl_typesupport_fastrtps_cpp.hpp
-- Installing: /home/diogo/MIR_Project_2024/glassy_challenge_ws/install/glassy_msgs/include/glassy_msgs/glassy_msgs/srv/detail/set_limits__rosidl_typesupport_fastrtps_cpp.hpp
-- Installing: /home/diogo/MIR_Project_2024/glassy_challenge_ws/install/glassy_msgs/include/glassy_msgs/glassy_msgs/srv/detail/set_path__rosidl_typesupport_fastrtps_cpp.hpp
-- Installing: /home/diogo/MIR_Project_2024/glassy_challenge_ws/install/glassy_msgs/include/glassy_msgs/glassy_msgs/srv/detail/dds_fastrtps
-- Installing: /home/diogo/MIR_Project_2024/glassy_challenge_ws/install/glassy_msgs/include/glassy_msgs/glassy_msgs/srv/detail/los_params__rosidl_typesupport_fastrtps_cpp.hpp
-- Installing: /home/diogo/MIR_Project_2024/glassy_challenge_ws/install/glassy_msgs/lib/libglassy_msgs__rosidl_typesupport_fastrtps_cpp.so
-- Set runtime path of "/home/diogo/MIR_Project_2024/glassy_challenge_ws/install/glassy_msgs/lib/libglassy_msgs__rosidl_typesupport_fastrtps_cpp.so" to ""
-- Up-to-date: /home/diogo/MIR_Project_2024/glassy_challenge_ws/install/glassy_msgs/include/glassy_msgs/glassy_msgs
-- Up-to-date: /home/diogo/MIR_Project_2024/glassy_challenge_ws/install/glassy_msgs/include/glassy_msgs/glassy_msgs/msg
-- Up-to-date: /home/diogo/MIR_Project_2024/glassy_challenge_ws/install/glassy_msgs/include/glassy_msgs/glassy_msgs/msg/detail
-- Installing: /home/diogo/MIR_Project_2024/glassy_challenge_ws/install/glassy_msgs/include/glassy_msgs/glassy_msgs/msg/detail/mission_info__type_support.c
-- Installing: /home/diogo/MIR_Project_2024/glassy_challenge_ws/install/glassy_msgs/include/glassy_msgs/glassy_msgs/msg/detail/mission_info__rosidl_typesupport_introspection_c.h
-- Installing: /home/diogo/MIR_Project_2024/glassy_challenge_ws/install/glassy_msgs/include/glassy_msgs/glassy_msgs/msg/detail/state__rosidl_typesupport_introspection_c.h
-- Installing: /home/diogo/MIR_Project_2024/glassy_challenge_ws/install/glassy_msgs/include/glassy_msgs/glassy_msgs/msg/detail/inner_loop_references__type_support.c
-- Installing: /home/diogo/MIR_Project_2024/glassy_challenge_ws/install/glassy_msgs/include/glassy_msgs/glassy_msgs/msg/detail/path_references__rosidl_typesupport_introspection_c.h
-- Installing: /home/diogo/MIR_Project_2024/glassy_challenge_ws/install/glassy_msgs/include/glassy_msgs/glassy_msgs/msg/detail/actuators__rosidl_typesupport_introspection_c.h
-- Installing: /home/diogo/MIR_Project_2024/glassy_challenge_ws/install/glassy_msgs/include/glassy_msgs/glassy_msgs/msg/detail/inner_loop_references__rosidl_typesupport_introspection_c.h
-- Installing: /home/diogo/MIR_Project_2024/glassy_challenge_ws/install/glassy_msgs/include/glassy_msgs/glassy_msgs/msg/detail/actuators__type_support.c
-- Installing: /home/diogo/MIR_Project_2024/glassy_challenge_ws/install/glassy_msgs/include/glassy_msgs/glassy_msgs/msg/detail/state__type_support.c
-- Installing: /home/diogo/MIR_Project_2024/glassy_challenge_ws/install/glassy_msgs/include/glassy_msgs/glassy_msgs/msg/detail/path_references__type_support.c
-- Installing: /home/diogo/MIR_Project_2024/glassy_challenge_ws/install/glassy_msgs/include/glassy_msgs/glassy_msgs/msg/rosidl_typesupport_introspection_c__visibility_control.h
-- Up-to-date: /home/diogo/MIR_Project_2024/glassy_challenge_ws/install/glassy_msgs/include/glassy_msgs/glassy_msgs/srv
-- Up-to-date: /home/diogo/MIR_Project_2024/glassy_challenge_ws/install/glassy_msgs/include/glassy_msgs/glassy_msgs/srv/detail
-- Installing: /home/diogo/MIR_Project_2024/glassy_challenge_ws/install/glassy_msgs/include/glassy_msgs/glassy_msgs/srv/detail/los_params__type_support.c
-- Installing: /home/diogo/MIR_Project_2024/glassy_challenge_ws/install/glassy_msgs/include/glassy_msgs/glassy_msgs/srv/detail/set_mission__rosidl_typesupport_introspection_c.h
-- Installing: /home/diogo/MIR_Project_2024/glassy_challenge_ws/install/glassy_msgs/include/glassy_msgs/glassy_msgs/srv/detail/set_path__type_support.c
-- Installing: /home/diogo/MIR_Project_2024/glassy_challenge_ws/install/glassy_msgs/include/glassy_msgs/glassy_msgs/srv/detail/set_mission__type_support.c
-- Installing: /home/diogo/MIR_Project_2024/glassy_challenge_ws/install/glassy_msgs/include/glassy_msgs/glassy_msgs/srv/detail/set_path__rosidl_typesupport_introspection_c.h
-- Installing: /home/diogo/MIR_Project_2024/glassy_challenge_ws/install/glassy_msgs/include/glassy_msgs/glassy_msgs/srv/detail/los_params__rosidl_typesupport_introspection_c.h
-- Installing: /home/diogo/MIR_Project_2024/glassy_challenge_ws/install/glassy_msgs/include/glassy_msgs/glassy_msgs/srv/detail/set_limits__type_support.c
-- Installing: /home/diogo/MIR_Project_2024/glassy_challenge_ws/install/glassy_msgs/include/glassy_msgs/glassy_msgs/srv/detail/pid_gains__type_support.c
-- Installing: /home/diogo/MIR_Project_2024/glassy_challenge_ws/install/glassy_msgs/include/glassy_msgs/glassy_msgs/srv/detail/pid_gains__rosidl_typesupport_introspection_c.h
-- Installing: /home/diogo/MIR_Project_2024/glassy_challenge_ws/install/glassy_msgs/include/glassy_msgs/glassy_msgs/srv/detail/set_limits__rosidl_typesupport_introspection_c.h
-- Installing: /home/diogo/MIR_Project_2024/glassy_challenge_ws/install/glassy_msgs/lib/libglassy_msgs__rosidl_typesupport_introspection_c.so
-- Set runtime path of "/home/diogo/MIR_Project_2024/glassy_challenge_ws/install/glassy_msgs/lib/libglassy_msgs__rosidl_typesupport_introspection_c.so" to ""
-- Installing: /home/diogo/MIR_Project_2024/glassy_challenge_ws/install/glassy_msgs/lib/libglassy_msgs__rosidl_typesupport_c.so
-- Set runtime path of "/home/diogo/MIR_Project_2024/glassy_challenge_ws/install/glassy_msgs/lib/libglassy_msgs__rosidl_typesupport_c.so" to ""
-- Up-to-date: /home/diogo/MIR_Project_2024/glassy_challenge_ws/install/glassy_msgs/include/glassy_msgs/glassy_msgs
-- Up-to-date: /home/diogo/MIR_Project_2024/glassy_challenge_ws/install/glassy_msgs/include/glassy_msgs/glassy_msgs/msg
-- Up-to-date: /home/diogo/MIR_Project_2024/glassy_challenge_ws/install/glassy_msgs/include/glassy_msgs/glassy_msgs/msg/detail
-- Installing: /home/diogo/MIR_Project_2024/glassy_challenge_ws/install/glassy_msgs/include/glassy_msgs/glassy_msgs/msg/detail/state__rosidl_typesupport_introspection_cpp.hpp
-- Installing: /home/diogo/MIR_Project_2024/glassy_challenge_ws/install/glassy_msgs/include/glassy_msgs/glassy_msgs/msg/detail/path_references__rosidl_typesupport_introspection_cpp.hpp
-- Installing: /home/diogo/MIR_Project_2024/glassy_challenge_ws/install/glassy_msgs/include/glassy_msgs/glassy_msgs/msg/detail/path_references__type_support.cpp
-- Installing: /home/diogo/MIR_Project_2024/glassy_challenge_ws/install/glassy_msgs/include/glassy_msgs/glassy_msgs/msg/detail/inner_loop_references__rosidl_typesupport_introspection_cpp.hpp
-- Installing: /home/diogo/MIR_Project_2024/glassy_challenge_ws/install/glassy_msgs/include/glassy_msgs/glassy_msgs/msg/detail/state__type_support.cpp
-- Installing: /home/diogo/MIR_Project_2024/glassy_challenge_ws/install/glassy_msgs/include/glassy_msgs/glassy_msgs/msg/detail/actuators__type_support.cpp
-- Installing: /home/diogo/MIR_Project_2024/glassy_challenge_ws/install/glassy_msgs/include/glassy_msgs/glassy_msgs/msg/detail/inner_loop_references__type_support.cpp
-- Installing: /home/diogo/MIR_Project_2024/glassy_challenge_ws/install/glassy_msgs/include/glassy_msgs/glassy_msgs/msg/detail/mission_info__rosidl_typesupport_introspection_cpp.hpp
-- Installing: /home/diogo/MIR_Project_2024/glassy_challenge_ws/install/glassy_msgs/include/glassy_msgs/glassy_msgs/msg/detail/mission_info__type_support.cpp
-- Installing: /home/diogo/MIR_Project_2024/glassy_challenge_ws/install/glassy_msgs/include/glassy_msgs/glassy_msgs/msg/detail/actuators__rosidl_typesupport_introspection_cpp.hpp
-- Up-to-date: /home/diogo/MIR_Project_2024/glassy_challenge_ws/install/glassy_msgs/include/glassy_msgs/glassy_msgs/srv
-- Up-to-date: /home/diogo/MIR_Project_2024/glassy_challenge_ws/install/glassy_msgs/include/glassy_msgs/glassy_msgs/srv/detail
-- Installing: /home/diogo/MIR_Project_2024/glassy_challenge_ws/install/glassy_msgs/include/glassy_msgs/glassy_msgs/srv/detail/los_params__rosidl_typesupport_introspection_cpp.hpp
-- Installing: /home/diogo/MIR_Project_2024/glassy_challenge_ws/install/glassy_msgs/include/glassy_msgs/glassy_msgs/srv/detail/set_path__rosidl_typesupport_introspection_cpp.hpp
-- Installing: /home/diogo/MIR_Project_2024/glassy_challenge_ws/install/glassy_msgs/include/glassy_msgs/glassy_msgs/srv/detail/pid_gains__type_support.cpp
-- Installing: /home/diogo/MIR_Project_2024/glassy_challenge_ws/install/glassy_msgs/include/glassy_msgs/glassy_msgs/srv/detail/set_path__type_support.cpp
-- Installing: /home/diogo/MIR_Project_2024/glassy_challenge_ws/install/glassy_msgs/include/glassy_msgs/glassy_msgs/srv/detail/set_mission__type_support.cpp
-- Installing: /home/diogo/MIR_Project_2024/glassy_challenge_ws/install/glassy_msgs/include/glassy_msgs/glassy_msgs/srv/detail/los_params__type_support.cpp
-- Installing: /home/diogo/MIR_Project_2024/glassy_challenge_ws/install/glassy_msgs/include/glassy_msgs/glassy_msgs/srv/detail/set_limits__type_support.cpp
-- Installing: /home/diogo/MIR_Project_2024/glassy_challenge_ws/install/glassy_msgs/include/glassy_msgs/glassy_msgs/srv/detail/pid_gains__rosidl_typesupport_introspection_cpp.hpp
-- Installing: /home/diogo/MIR_Project_2024/glassy_challenge_ws/install/glassy_msgs/include/glassy_msgs/glassy_msgs/srv/detail/set_mission__rosidl_typesupport_introspection_cpp.hpp
-- Installing: /home/diogo/MIR_Project_2024/glassy_challenge_ws/install/glassy_msgs/include/glassy_msgs/glassy_msgs/srv/detail/set_limits__rosidl_typesupport_introspection_cpp.hpp
-- Installing: /home/diogo/MIR_Project_2024/glassy_challenge_ws/install/glassy_msgs/lib/libglassy_msgs__rosidl_typesupport_introspection_cpp.so
-- Set runtime path of "/home/diogo/MIR_Project_2024/glassy_challenge_ws/install/glassy_msgs/lib/libglassy_msgs__rosidl_typesupport_introspection_cpp.so" to ""
-- Installing: /home/diogo/MIR_Project_2024/glassy_challenge_ws/install/glassy_msgs/lib/libglassy_msgs__rosidl_typesupport_cpp.so
-- Set runtime path of "/home/diogo/MIR_Project_2024/glassy_challenge_ws/install/glassy_msgs/lib/libglassy_msgs__rosidl_typesupport_cpp.so" to ""
-- Installing: /home/diogo/MIR_Project_2024/glassy_challenge_ws/install/glassy_msgs/share/glassy_msgs/environment/pythonpath.sh
-- Installing: /home/diogo/MIR_Project_2024/glassy_challenge_ws/install/glassy_msgs/share/glassy_msgs/environment/pythonpath.dsv
-- Installing: /home/diogo/MIR_Project_2024/glassy_challenge_ws/install/glassy_msgs/local/lib/python3.10/dist-packages/glassy_msgs-0.0.0-py3.10.egg-info
-- Installing: /home/diogo/MIR_Project_2024/glassy_challenge_ws/install/glassy_msgs/local/lib/python3.10/dist-packages/glassy_msgs-0.0.0-py3.10.egg-info/dependency_links.txt
-- Installing: /home/diogo/MIR_Project_2024/glassy_challenge_ws/install/glassy_msgs/local/lib/python3.10/dist-packages/glassy_msgs-0.0.0-py3.10.egg-info/SOURCES.txt
-- Installing: /home/diogo/MIR_Project_2024/glassy_challenge_ws/install/glassy_msgs/local/lib/python3.10/dist-packages/glassy_msgs-0.0.0-py3.10.egg-info/PKG-INFO
-- Installing: /home/diogo/MIR_Project_2024/glassy_challenge_ws/install/glassy_msgs/local/lib/python3.10/dist-packages/glassy_msgs-0.0.0-py3.10.egg-info/top_level.txt
-- Installing: /home/diogo/MIR_Project_2024/glassy_challenge_ws/install/glassy_msgs/local/lib/python3.10/dist-packages/glassy_msgs
-- Installing: /home/diogo/MIR_Project_2024/glassy_challenge_ws/install/glassy_msgs/local/lib/python3.10/dist-packages/glassy_msgs/msg
-- Installing: /home/diogo/MIR_Project_2024/glassy_challenge_ws/install/glassy_msgs/local/lib/python3.10/dist-packages/glassy_msgs/msg/_actuators.py
-- Installing: /home/diogo/MIR_Project_2024/glassy_challenge_ws/install/glassy_msgs/local/lib/python3.10/dist-packages/glassy_msgs/msg/_mission_info.py
-- Installing: /home/diogo/MIR_Project_2024/glassy_challenge_ws/install/glassy_msgs/local/lib/python3.10/dist-packages/glassy_msgs/msg/_state.py
-- Installing: /home/diogo/MIR_Project_2024/glassy_challenge_ws/install/glassy_msgs/local/lib/python3.10/dist-packages/glassy_msgs/msg/_mission_info_s.c
-- Installing: /home/diogo/MIR_Project_2024/glassy_challenge_ws/install/glassy_msgs/local/lib/python3.10/dist-packages/glassy_msgs/msg/_inner_loop_references_s.c
-- Installing: /home/diogo/MIR_Project_2024/glassy_challenge_ws/install/glassy_msgs/local/lib/python3.10/dist-packages/glassy_msgs/msg/__init__.py
-- Installing: /home/diogo/MIR_Project_2024/glassy_challenge_ws/install/glassy_msgs/local/lib/python3.10/dist-packages/glassy_msgs/msg/_actuators_s.c
-- Installing: /home/diogo/MIR_Project_2024/glassy_challenge_ws/install/glassy_msgs/local/lib/python3.10/dist-packages/glassy_msgs/msg/_path_references.py
-- Installing: /home/diogo/MIR_Project_2024/glassy_challenge_ws/install/glassy_msgs/local/lib/python3.10/dist-packages/glassy_msgs/msg/_state_s.c
-- Installing: /home/diogo/MIR_Project_2024/glassy_challenge_ws/install/glassy_msgs/local/lib/python3.10/dist-packages/glassy_msgs/msg/_path_references_s.c
-- Installing: /home/diogo/MIR_Project_2024/glassy_challenge_ws/install/glassy_msgs/local/lib/python3.10/dist-packages/glassy_msgs/msg/_inner_loop_references.py
-- Installing: /home/diogo/MIR_Project_2024/glassy_challenge_ws/install/glassy_msgs/local/lib/python3.10/dist-packages/glassy_msgs/glassy_msgs_s__rosidl_typesupport_fastrtps_c.cpython-310-x86_64-linux-gnu.so
-- Installing: /home/diogo/MIR_Project_2024/glassy_challenge_ws/install/glassy_msgs/local/lib/python3.10/dist-packages/glassy_msgs/glassy_msgs_s__rosidl_typesupport_introspection_c.cpython-310-x86_64-linux-gnu.so
-- Installing: /home/diogo/MIR_Project_2024/glassy_challenge_ws/install/glassy_msgs/local/lib/python3.10/dist-packages/glassy_msgs/srv
-- Installing: /home/diogo/MIR_Project_2024/glassy_challenge_ws/install/glassy_msgs/local/lib/python3.10/dist-packages/glassy_msgs/srv/_los_params_s.c
-- Installing: /home/diogo/MIR_Project_2024/glassy_challenge_ws/install/glassy_msgs/local/lib/python3.10/dist-packages/glassy_msgs/srv/_set_path_s.c
-- Installing: /home/diogo/MIR_Project_2024/glassy_challenge_ws/install/glassy_msgs/local/lib/python3.10/dist-packages/glassy_msgs/srv/_set_path.py
-- Installing: /home/diogo/MIR_Project_2024/glassy_challenge_ws/install/glassy_msgs/local/lib/python3.10/dist-packages/glassy_msgs/srv/_set_mission.py
-- Installing: /home/diogo/MIR_Project_2024/glassy_challenge_ws/install/glassy_msgs/local/lib/python3.10/dist-packages/glassy_msgs/srv/_set_mission_s.c
-- Installing: /home/diogo/MIR_Project_2024/glassy_challenge_ws/install/glassy_msgs/local/lib/python3.10/dist-packages/glassy_msgs/srv/_set_limits.py
-- Installing: /home/diogo/MIR_Project_2024/glassy_challenge_ws/install/glassy_msgs/local/lib/python3.10/dist-packages/glassy_msgs/srv/__init__.py
-- Installing: /home/diogo/MIR_Project_2024/glassy_challenge_ws/install/glassy_msgs/local/lib/python3.10/dist-packages/glassy_msgs/srv/_pid_gains.py
-- Installing: /home/diogo/MIR_Project_2024/glassy_challenge_ws/install/glassy_msgs/local/lib/python3.10/dist-packages/glassy_msgs/srv/_pid_gains_s.c
-- Installing: /home/diogo/MIR_Project_2024/glassy_challenge_ws/install/glassy_msgs/local/lib/python3.10/dist-packages/glassy_msgs/srv/_set_limits_s.c
-- Installing: /home/diogo/MIR_Project_2024/glassy_challenge_ws/install/glassy_msgs/local/lib/python3.10/dist-packages/glassy_msgs/srv/_los_params.py
-- Installing: /home/diogo/MIR_Project_2024/glassy_challenge_ws/install/glassy_msgs/local/lib/python3.10/dist-packages/glassy_msgs/__init__.py
-- Installing: /home/diogo/MIR_Project_2024/glassy_challenge_ws/install/glassy_msgs/local/lib/python3.10/dist-packages/glassy_msgs/_glassy_msgs_s.ep.rosidl_typesupport_introspection_c.c
-- Installing: /home/diogo/MIR_Project_2024/glassy_challenge_ws/install/glassy_msgs/local/lib/python3.10/dist-packages/glassy_msgs/libglassy_msgs__rosidl_generator_py.so
-- Installing: /home/diogo/MIR_Project_2024/glassy_challenge_ws/install/glassy_msgs/local/lib/python3.10/dist-packages/glassy_msgs/glassy_msgs_s__rosidl_typesupport_c.cpython-310-x86_64-linux-gnu.so
-- Installing: /home/diogo/MIR_Project_2024/glassy_challenge_ws/install/glassy_msgs/local/lib/python3.10/dist-packages/glassy_msgs/_glassy_msgs_s.ep.rosidl_typesupport_c.c
-- Installing: /home/diogo/MIR_Project_2024/glassy_challenge_ws/install/glassy_msgs/local/lib/python3.10/dist-packages/glassy_msgs/_glassy_msgs_s.ep.rosidl_typesupport_fastrtps_c.c
Listing '/home/diogo/MIR_Project_2024/glassy_challenge_ws/install/glassy_msgs/local/lib/python3.10/dist-packages/glassy_msgs'...
Compiling '/home/diogo/MIR_Project_2024/glassy_challenge_ws/install/glassy_msgs/local/lib/python3.10/dist-packages/glassy_msgs/__init__.py'...
Listing '/home/diogo/MIR_Project_2024/glassy_challenge_ws/install/glassy_msgs/local/lib/python3.10/dist-packages/glassy_msgs/msg'...
Compiling '/home/diogo/MIR_Project_2024/glassy_challenge_ws/install/glassy_msgs/local/lib/python3.10/dist-packages/glassy_msgs/msg/__init__.py'...
Compiling '/home/diogo/MIR_Project_2024/glassy_challenge_ws/install/glassy_msgs/local/lib/python3.10/dist-packages/glassy_msgs/msg/_actuators.py'...
Compiling '/home/diogo/MIR_Project_2024/glassy_challenge_ws/install/glassy_msgs/local/lib/python3.10/dist-packages/glassy_msgs/msg/_inner_loop_references.py'...
Compiling '/home/diogo/MIR_Project_2024/glassy_challenge_ws/install/glassy_msgs/local/lib/python3.10/dist-packages/glassy_msgs/msg/_mission_info.py'...
Compiling '/home/diogo/MIR_Project_2024/glassy_challenge_ws/install/glassy_msgs/local/lib/python3.10/dist-packages/glassy_msgs/msg/_path_references.py'...
Compiling '/home/diogo/MIR_Project_2024/glassy_challenge_ws/install/glassy_msgs/local/lib/python3.10/dist-packages/glassy_msgs/msg/_state.py'...
Listing '/home/diogo/MIR_Project_2024/glassy_challenge_ws/install/glassy_msgs/local/lib/python3.10/dist-packages/glassy_msgs/srv'...
Compiling '/home/diogo/MIR_Project_2024/glassy_challenge_ws/install/glassy_msgs/local/lib/python3.10/dist-packages/glassy_msgs/srv/__init__.py'...
Compiling '/home/diogo/MIR_Project_2024/glassy_challenge_ws/install/glassy_msgs/local/lib/python3.10/dist-packages/glassy_msgs/srv/_los_params.py'...
Compiling '/home/diogo/MIR_Project_2024/glassy_challenge_ws/install/glassy_msgs/local/lib/python3.10/dist-packages/glassy_msgs/srv/_pid_gains.py'...
Compiling '/home/diogo/MIR_Project_2024/glassy_challenge_ws/install/glassy_msgs/local/lib/python3.10/dist-packages/glassy_msgs/srv/_set_limits.py'...
Compiling '/home/diogo/MIR_Project_2024/glassy_challenge_ws/install/glassy_msgs/local/lib/python3.10/dist-packages/glassy_msgs/srv/_set_mission.py'...
Compiling '/home/diogo/MIR_Project_2024/glassy_challenge_ws/install/glassy_msgs/local/lib/python3.10/dist-packages/glassy_msgs/srv/_set_path.py'...
-- Installing: /home/diogo/MIR_Project_2024/glassy_challenge_ws/install/glassy_msgs/local/lib/python3.10/dist-packages/glassy_msgs/glassy_msgs_s__rosidl_typesupport_fastrtps_c.cpython-310-x86_64-linux-gnu.so
-- Set runtime path of "/home/diogo/MIR_Project_2024/glassy_challenge_ws/install/glassy_msgs/local/lib/python3.10/dist-packages/glassy_msgs/glassy_msgs_s__rosidl_typesupport_fastrtps_c.cpython-310-x86_64-linux-gnu.so" to ""
-- Installing: /home/diogo/MIR_Project_2024/glassy_challenge_ws/install/glassy_msgs/local/lib/python3.10/dist-packages/glassy_msgs/glassy_msgs_s__rosidl_typesupport_introspection_c.cpython-310-x86_64-linux-gnu.so
-- Set runtime path of "/home/diogo/MIR_Project_2024/glassy_challenge_ws/install/glassy_msgs/local/lib/python3.10/dist-packages/glassy_msgs/glassy_msgs_s__rosidl_typesupport_introspection_c.cpython-310-x86_64-linux-gnu.so" to ""
-- Installing: /home/diogo/MIR_Project_2024/glassy_challenge_ws/install/glassy_msgs/local/lib/python3.10/dist-packages/glassy_msgs/glassy_msgs_s__rosidl_typesupport_c.cpython-310-x86_64-linux-gnu.so
-- Set runtime path of "/home/diogo/MIR_Project_2024/glassy_challenge_ws/install/glassy_msgs/local/lib/python3.10/dist-packages/glassy_msgs/glassy_msgs_s__rosidl_typesupport_c.cpython-310-x86_64-linux-gnu.so" to ""
-- Installing: /home/diogo/MIR_Project_2024/glassy_challenge_ws/install/glassy_msgs/lib/libglassy_msgs__rosidl_generator_py.so
-- Set runtime path of "/home/diogo/MIR_Project_2024/glassy_challenge_ws/install/glassy_msgs/lib/libglassy_msgs__rosidl_generator_py.so" to ""
-- Installing: /home/diogo/MIR_Project_2024/glassy_challenge_ws/install/glassy_msgs/share/glassy_msgs/msg/State.idl
-- Installing: /home/diogo/MIR_Project_2024/glassy_challenge_ws/install/glassy_msgs/share/glassy_msgs/msg/Actuators.idl
-- Installing: /home/diogo/MIR_Project_2024/glassy_challenge_ws/install/glassy_msgs/share/glassy_msgs/msg/InnerLoopReferences.idl
-- Installing: /home/diogo/MIR_Project_2024/glassy_challenge_ws/install/glassy_msgs/share/glassy_msgs/msg/PathReferences.idl
-- Installing: /home/diogo/MIR_Project_2024/glassy_challenge_ws/install/glassy_msgs/share/glassy_msgs/msg/MissionInfo.idl
-- Installing: /home/diogo/MIR_Project_2024/glassy_challenge_ws/install/glassy_msgs/share/glassy_msgs/srv/PidGains.idl
-- Installing: /home/diogo/MIR_Project_2024/glassy_challenge_ws/install/glassy_msgs/share/glassy_msgs/srv/SetPath.idl
-- Installing: /home/diogo/MIR_Project_2024/glassy_challenge_ws/install/glassy_msgs/share/glassy_msgs/srv/LosParams.idl
-- Installing: /home/diogo/MIR_Project_2024/glassy_challenge_ws/install/glassy_msgs/share/glassy_msgs/srv/SetLimits.idl
-- Installing: /home/diogo/MIR_Project_2024/glassy_challenge_ws/install/glassy_msgs/share/glassy_msgs/srv/SetMission.idl
-- Installing: /home/diogo/MIR_Project_2024/glassy_challenge_ws/install/glassy_msgs/share/glassy_msgs/msg/State.msg
-- Installing: /home/diogo/MIR_Project_2024/glassy_challenge_ws/install/glassy_msgs/share/glassy_msgs/msg/Actuators.msg
-- Installing: /home/diogo/MIR_Project_2024/glassy_challenge_ws/install/glassy_msgs/share/glassy_msgs/msg/InnerLoopReferences.msg
-- Installing: /home/diogo/MIR_Project_2024/glassy_challenge_ws/install/glassy_msgs/share/glassy_msgs/msg/PathReferences.msg
-- Installing: /home/diogo/MIR_Project_2024/glassy_challenge_ws/install/glassy_msgs/share/glassy_msgs/msg/MissionInfo.msg
-- Installing: /home/diogo/MIR_Project_2024/glassy_challenge_ws/install/glassy_msgs/share/glassy_msgs/srv/PidGains.srv
-- Installing: /home/diogo/MIR_Project_2024/glassy_challenge_ws/install/glassy_msgs/share/glassy_msgs/srv/PidGains_Request.msg
-- Installing: /home/diogo/MIR_Project_2024/glassy_challenge_ws/install/glassy_msgs/share/glassy_msgs/srv/PidGains_Response.msg
-- Installing: /home/diogo/MIR_Project_2024/glassy_challenge_ws/install/glassy_msgs/share/glassy_msgs/srv/SetPath.srv
-- Installing: /home/diogo/MIR_Project_2024/glassy_challenge_ws/install/glassy_msgs/share/glassy_msgs/srv/SetPath_Request.msg
-- Installing: /home/diogo/MIR_Project_2024/glassy_challenge_ws/install/glassy_msgs/share/glassy_msgs/srv/SetPath_Response.msg
-- Installing: /home/diogo/MIR_Project_2024/glassy_challenge_ws/install/glassy_msgs/share/glassy_msgs/srv/LosParams.srv
-- Installing: /home/diogo/MIR_Project_2024/glassy_challenge_ws/install/glassy_msgs/share/glassy_msgs/srv/LosParams_Request.msg
-- Installing: /home/diogo/MIR_Project_2024/glassy_challenge_ws/install/glassy_msgs/share/glassy_msgs/srv/LosParams_Response.msg
-- Installing: /home/diogo/MIR_Project_2024/glassy_challenge_ws/install/glassy_msgs/share/glassy_msgs/srv/SetLimits.srv
-- Installing: /home/diogo/MIR_Project_2024/glassy_challenge_ws/install/glassy_msgs/share/glassy_msgs/srv/SetLimits_Request.msg
-- Installing: /home/diogo/MIR_Project_2024/glassy_challenge_ws/install/glassy_msgs/share/glassy_msgs/srv/SetLimits_Response.msg
-- Installing: /home/diogo/MIR_Project_2024/glassy_challenge_ws/install/glassy_msgs/share/glassy_msgs/srv/SetMission.srv
-- Installing: /home/diogo/MIR_Project_2024/glassy_challenge_ws/install/glassy_msgs/share/glassy_msgs/srv/SetMission_Request.msg
-- Installing: /home/diogo/MIR_Project_2024/glassy_challenge_ws/install/glassy_msgs/share/glassy_msgs/srv/SetMission_Response.msg
-- Installing: /home/diogo/MIR_Project_2024/glassy_challenge_ws/install/glassy_msgs/share/ament_index/resource_index/package_run_dependencies/glassy_msgs
-- Installing: /home/diogo/MIR_Project_2024/glassy_challenge_ws/install/glassy_msgs/share/ament_index/resource_index/parent_prefix_path/glassy_msgs
-- Installing: /home/diogo/MIR_Project_2024/glassy_challenge_ws/install/glassy_msgs/share/glassy_msgs/environment/ament_prefix_path.sh
-- Installing: /home/diogo/MIR_Project_2024/glassy_challenge_ws/install/glassy_msgs/share/glassy_msgs/environment/ament_prefix_path.dsv
-- Installing: /home/diogo/MIR_Project_2024/glassy_challenge_ws/install/glassy_msgs/share/glassy_msgs/environment/path.sh
-- Installing: /home/diogo/MIR_Project_2024/glassy_challenge_ws/install/glassy_msgs/share/glassy_msgs/environment/path.dsv
-- Installing: /home/diogo/MIR_Project_2024/glassy_challenge_ws/install/glassy_msgs/share/glassy_msgs/local_setup.bash
-- Installing: /home/diogo/MIR_Project_2024/glassy_challenge_ws/install/glassy_msgs/share/glassy_msgs/local_setup.sh
-- Installing: /home/diogo/MIR_Project_2024/glassy_challenge_ws/install/glassy_msgs/share/glassy_msgs/local_setup.zsh
-- Installing: /home/diogo/MIR_Project_2024/glassy_challenge_ws/install/glassy_msgs/share/glassy_msgs/local_setup.dsv
-- Installing: /home/diogo/MIR_Project_2024/glassy_challenge_ws/install/glassy_msgs/share/glassy_msgs/package.dsv
-- Installing: /home/diogo/MIR_Project_2024/glassy_challenge_ws/install/glassy_msgs/share/ament_index/resource_index/packages/glassy_msgs
-- Installing: /home/diogo/MIR_Project_2024/glassy_challenge_ws/install/glassy_msgs/share/glassy_msgs/cmake/export_glassy_msgs__rosidl_generator_cExport.cmake
-- Installing: /home/diogo/MIR_Project_2024/glassy_challenge_ws/install/glassy_msgs/share/glassy_msgs/cmake/export_glassy_msgs__rosidl_generator_cExport-noconfig.cmake
-- Installing: /home/diogo/MIR_Project_2024/glassy_challenge_ws/install/glassy_msgs/share/glassy_msgs/cmake/export_glassy_msgs__rosidl_typesupport_fastrtps_cExport.cmake
-- Installing: /home/diogo/MIR_Project_2024/glassy_challenge_ws/install/glassy_msgs/share/glassy_msgs/cmake/export_glassy_msgs__rosidl_typesupport_fastrtps_cExport-noconfig.cmake
-- Installing: /home/diogo/MIR_Project_2024/glassy_challenge_ws/install/glassy_msgs/share/glassy_msgs/cmake/export_glassy_msgs__rosidl_generator_cppExport.cmake
-- Installing: /home/diogo/MIR_Project_2024/glassy_challenge_ws/install/glassy_msgs/share/glassy_msgs/cmake/export_glassy_msgs__rosidl_typesupport_fastrtps_cppExport.cmake
-- Installing: /home/diogo/MIR_Project_2024/glassy_challenge_ws/install/glassy_msgs/share/glassy_msgs/cmake/export_glassy_msgs__rosidl_typesupport_fastrtps_cppExport-noconfig.cmake
-- Installing: /home/diogo/MIR_Project_2024/glassy_challenge_ws/install/glassy_msgs/share/glassy_msgs/cmake/glassy_msgs__rosidl_typesupport_introspection_cExport.cmake
-- Installing: /home/diogo/MIR_Project_2024/glassy_challenge_ws/install/glassy_msgs/share/glassy_msgs/cmake/glassy_msgs__rosidl_typesupport_introspection_cExport-noconfig.cmake
-- Installing: /home/diogo/MIR_Project_2024/glassy_challenge_ws/install/glassy_msgs/share/glassy_msgs/cmake/glassy_msgs__rosidl_typesupport_cExport.cmake
-- Installing: /home/diogo/MIR_Project_2024/glassy_challenge_ws/install/glassy_msgs/share/glassy_msgs/cmake/glassy_msgs__rosidl_typesupport_cExport-noconfig.cmake
-- Installing: /home/diogo/MIR_Project_2024/glassy_challenge_ws/install/glassy_msgs/share/glassy_msgs/cmake/glassy_msgs__rosidl_typesupport_introspection_cppExport.cmake
-- Installing: /home/diogo/MIR_Project_2024/glassy_challenge_ws/install/glassy_msgs/share/glassy_msgs/cmake/glassy_msgs__rosidl_typesupport_introspection_cppExport-noconfig.cmake
-- Installing: /home/diogo/MIR_Project_2024/glassy_challenge_ws/install/glassy_msgs/share/glassy_msgs/cmake/glassy_msgs__rosidl_typesupport_cppExport.cmake
-- Installing: /home/diogo/MIR_Project_2024/glassy_challenge_ws/install/glassy_msgs/share/glassy_msgs/cmake/glassy_msgs__rosidl_typesupport_cppExport-noconfig.cmake
-- Installing: /home/diogo/MIR_Project_2024/glassy_challenge_ws/install/glassy_msgs/share/glassy_msgs/cmake/export_glassy_msgs__rosidl_generator_pyExport.cmake
-- Installing: /home/diogo/MIR_Project_2024/glassy_challenge_ws/install/glassy_msgs/share/glassy_msgs/cmake/export_glassy_msgs__rosidl_generator_pyExport-noconfig.cmake
-- Installing: /home/diogo/MIR_Project_2024/glassy_challenge_ws/install/glassy_msgs/share/glassy_msgs/cmake/rosidl_cmake-extras.cmake
-- Installing: /home/diogo/MIR_Project_2024/glassy_challenge_ws/install/glassy_msgs/share/glassy_msgs/cmake/ament_cmake_export_dependencies-extras.cmake
-- Installing: /home/diogo/MIR_Project_2024/glassy_challenge_ws/install/glassy_msgs/share/glassy_msgs/cmake/ament_cmake_export_include_directories-extras.cmake
-- Installing: /home/diogo/MIR_Project_2024/glassy_challenge_ws/install/glassy_msgs/share/glassy_msgs/cmake/ament_cmake_export_libraries-extras.cmake
-- Installing: /home/diogo/MIR_Project_2024/glassy_challenge_ws/install/glassy_msgs/share/glassy_msgs/cmake/ament_cmake_export_targets-extras.cmake
-- Installing: /home/diogo/MIR_Project_2024/glassy_challenge_ws/install/glassy_msgs/share/glassy_msgs/cmake/rosidl_cmake_export_typesupport_targets-extras.cmake
-- Installing: /home/diogo/MIR_Project_2024/glassy_challenge_ws/install/glassy_msgs/share/glassy_msgs/cmake/rosidl_cmake_export_typesupport_libraries-extras.cmake
-- Installing: /home/diogo/MIR_Project_2024/glassy_challenge_ws/install/glassy_msgs/share/glassy_msgs/cmake/glassy_msgsConfig.cmake
-- Installing: /home/diogo/MIR_Project_2024/glassy_challenge_ws/install/glassy_msgs/share/glassy_msgs/cmake/glassy_msgsConfig-version.cmake
-- Installing: /home/diogo/MIR_Project_2024/glassy_challenge_ws/install/glassy_msgs/share/glassy_msgs/package.xml
