[0.038s] Invoking command in '/home/diogo/MIR_Project_2024/glassy_challenge_ws/build/glassy_msgs': CMAKE_PREFIX_PATH=${CMAKE_PREFIX_PATH}:/home/diogo/MIR_Project_2024/glassy_challenge_ws/install/glassy_challenge:/opt/ros/humble /usr/bin/cmake /home/diogo/MIR_Project_2024/glassy_challenge_ws/src/glassy_msgs -DCMAKE_INSTALL_PREFIX=/home/diogo/MIR_Project_2024/glassy_challenge_ws/install/glassy_msgs
[0.224s] -- The C compiler identification is GNU 11.4.0
[0.382s] -- The CXX compiler identification is GNU 11.4.0
[0.413s] -- Detecting C compiler ABI info
[0.612s] -- Detecting C compiler ABI info - done
[0.631s] -- Check for working C compiler: /usr/bin/cc - skipped
[0.631s] -- Detecting C compile features
[0.632s] -- Detecting C compile features - done
[0.638s] -- Detecting CXX compiler ABI info
[0.873s] -- Detecting CXX compiler ABI info - done
[0.894s] -- Check for working CXX compiler: /usr/bin/c++ - skipped
[0.894s] -- Detecting CXX compile features
[0.894s] -- Detecting CXX compile features - done
[0.924s] -- Found ament_cmake: 1.3.11 (/opt/ros/humble/share/ament_cmake/cmake)
[1.371s] -- Found Python3: /usr/bin/python3 (found version "3.10.12") found components: Interpreter 
[1.753s] -- Found rclcpp: 16.0.12 (/opt/ros/humble/share/rclcpp/cmake)
[1.897s] -- Found rosidl_generator_c: 3.1.6 (/opt/ros/humble/share/rosidl_generator_c/cmake)
[1.916s] -- Found rosidl_adapter: 3.1.6 (/opt/ros/humble/share/rosidl_adapter/cmake)
[1.974s] -- Found rosidl_generator_cpp: 3.1.6 (/opt/ros/humble/share/rosidl_generator_cpp/cmake)
[2.065s] -- Using all available rosidl_typesupport_c: rosidl_typesupport_fastrtps_c;rosidl_typesupport_introspection_c
[2.188s] -- Using all available rosidl_typesupport_cpp: rosidl_typesupport_fastrtps_cpp;rosidl_typesupport_introspection_cpp
[2.472s] -- Found rmw_implementation_cmake: 6.1.2 (/opt/ros/humble/share/rmw_implementation_cmake/cmake)
[2.484s] -- Found rmw_fastrtps_cpp: 6.2.7 (/opt/ros/humble/share/rmw_fastrtps_cpp/cmake)
[2.899s] -- Found OpenSSL: /usr/lib/x86_64-linux-gnu/libcrypto.so (found version "3.0.2")  
[2.975s] -- Found FastRTPS: /opt/ros/humble/include  
[3.080s] -- Using RMW implementation 'rmw_fastrtps_cpp' as default
[3.111s] -- Looking for pthread.h
[3.326s] -- Looking for pthread.h - found
[3.328s] -- Performing Test CMAKE_HAVE_LIBC_PTHREAD
[3.571s] -- Performing Test CMAKE_HAVE_LIBC_PTHREAD - Success
[3.574s] -- Found Threads: TRUE  
[3.840s] -- Found geometry_msgs: 4.8.0 (/opt/ros/humble/share/geometry_msgs/cmake)
[3.912s] -- Found rosidl_default_generators: 1.2.0 (/opt/ros/humble/share/rosidl_default_generators/cmake)
[3.957s] -- Found std_srvs: 4.8.0 (/opt/ros/humble/share/std_srvs/cmake)
[4.040s] -- Found ament_lint_auto: 0.12.12 (/opt/ros/humble/share/ament_lint_auto/cmake)
[5.171s] -- Found ament_cmake_ros: 0.10.0 (/opt/ros/humble/share/ament_cmake_ros/cmake)
[6.269s] -- Using all available rosidl_typesupport_c: rosidl_typesupport_fastrtps_c;rosidl_typesupport_introspection_c
[6.687s] -- Using all available rosidl_typesupport_cpp: rosidl_typesupport_fastrtps_cpp;rosidl_typesupport_introspection_cpp
[6.743s] -- Found PythonInterp: /usr/bin/python3 (found suitable version "3.10.12", minimum required is "3.6") 
[6.747s] -- Found python_cmake_module: 0.10.0 (/opt/ros/humble/share/python_cmake_module/cmake)
[6.824s] -- Found PythonLibs: /usr/lib/x86_64-linux-gnu/libpython3.10.so (found suitable version "3.10.12", minimum required is "3.5") 
[6.826s] -- Using PYTHON_EXECUTABLE: /usr/bin/python3
[6.826s] -- Using PYTHON_INCLUDE_DIRS: /usr/include/python3.10
[6.826s] -- Using PYTHON_LIBRARIES: /usr/lib/x86_64-linux-gnu/libpython3.10.so
[6.874s] -- Found PythonExtra: .so  
[7.055s] -- Added test 'copyright' to check source files copyright and LICENSE
[7.063s] -- Added test 'lint_cmake' to check CMake code style
[7.067s] -- Added test 'xmllint' to check XML markup files
[7.098s] -- Configuring done
[7.270s] -- Generating done
[7.312s] -- Build files have been written to: /home/diogo/MIR_Project_2024/glassy_challenge_ws/build/glassy_msgs
[7.354s] Invoked command in '/home/diogo/MIR_Project_2024/glassy_challenge_ws/build/glassy_msgs' returned '0': CMAKE_PREFIX_PATH=${CMAKE_PREFIX_PATH}:/home/diogo/MIR_Project_2024/glassy_challenge_ws/install/glassy_challenge:/opt/ros/humble /usr/bin/cmake /home/diogo/MIR_Project_2024/glassy_challenge_ws/src/glassy_msgs -DCMAKE_INSTALL_PREFIX=/home/diogo/MIR_Project_2024/glassy_challenge_ws/install/glassy_msgs
[7.355s] Invoking command in '/home/diogo/MIR_Project_2024/glassy_challenge_ws/build/glassy_msgs': CMAKE_PREFIX_PATH=${CMAKE_PREFIX_PATH}:/home/diogo/MIR_Project_2024/glassy_challenge_ws/install/glassy_challenge:/opt/ros/humble /usr/bin/cmake --build /home/diogo/MIR_Project_2024/glassy_challenge_ws/build/glassy_msgs -- -j2 -l2
[7.504s] [  1%] [34m[1mGenerating C code for ROS interfaces[0m
[7.511s] [  1%] [34m[1mGenerating C++ code for ROS interfaces[0m
[12.681s] [  1%] Built target glassy_msgs__cpp
[12.751s] [  2%] [32mBuilding C object CMakeFiles/glassy_msgs__rosidl_generator_c.dir/rosidl_generator_c/glassy_msgs/msg/detail/state__functions.c.o[0m
[12.811s] [  2%] Built target ament_cmake_python_copy_glassy_msgs
[12.873s] [  3%] [34m[1mGenerating C++ type support dispatch for ROS interfaces[0m
[13.029s] [  4%] [32mBuilding C object CMakeFiles/glassy_msgs__rosidl_generator_c.dir/rosidl_generator_c/glassy_msgs/msg/detail/actuators__functions.c.o[0m
[13.195s] [  5%] [32mBuilding C object CMakeFiles/glassy_msgs__rosidl_generator_c.dir/rosidl_generator_c/glassy_msgs/msg/detail/inner_loop_references__functions.c.o[0m
[13.493s] [  6%] [32mBuilding C object CMakeFiles/glassy_msgs__rosidl_generator_c.dir/rosidl_generator_c/glassy_msgs/msg/detail/path_references__functions.c.o[0m
[13.747s] [  7%] [32mBuilding C object CMakeFiles/glassy_msgs__rosidl_generator_c.dir/rosidl_generator_c/glassy_msgs/msg/detail/mission_info__functions.c.o[0m
[13.961s] [  8%] [32mBuilding C object CMakeFiles/glassy_msgs__rosidl_generator_c.dir/rosidl_generator_c/glassy_msgs/srv/detail/pid_gains__functions.c.o[0m
[14.182s] [  9%] [32mBuilding C object CMakeFiles/glassy_msgs__rosidl_generator_c.dir/rosidl_generator_c/glassy_msgs/srv/detail/set_path__functions.c.o[0m
[14.351s] [ 10%] [32mBuilding C object CMakeFiles/glassy_msgs__rosidl_generator_c.dir/rosidl_generator_c/glassy_msgs/srv/detail/los_params__functions.c.o[0m
[14.570s] [ 11%] [32mBuilding C object CMakeFiles/glassy_msgs__rosidl_generator_c.dir/rosidl_generator_c/glassy_msgs/srv/detail/set_limits__functions.c.o[0m
[14.825s] [ 12%] [32mBuilding C object CMakeFiles/glassy_msgs__rosidl_generator_c.dir/rosidl_generator_c/glassy_msgs/srv/detail/set_mission__functions.c.o[0m
[15.087s] [ 13%] [32m[1mLinking C shared library libglassy_msgs__rosidl_generator_c.so[0m
[15.304s] [ 13%] Built target glassy_msgs__rosidl_generator_c
[15.368s] [ 14%] [32mBuilding CXX object CMakeFiles/glassy_msgs__rosidl_typesupport_cpp.dir/rosidl_typesupport_cpp/glassy_msgs/msg/state__type_support.cpp.o[0m
[15.419s] [ 15%] [34m[1mGenerating C++ type support for eProsima Fast-RTPS[0m
[16.860s] [ 16%] [32mBuilding CXX object CMakeFiles/glassy_msgs__rosidl_typesupport_cpp.dir/rosidl_typesupport_cpp/glassy_msgs/msg/actuators__type_support.cpp.o[0m
[18.271s] [ 17%] [32mBuilding CXX object CMakeFiles/glassy_msgs__rosidl_typesupport_cpp.dir/rosidl_typesupport_cpp/glassy_msgs/msg/inner_loop_references__type_support.cpp.o[0m
[19.637s] [ 18%] [32mBuilding CXX object CMakeFiles/glassy_msgs__rosidl_typesupport_cpp.dir/rosidl_typesupport_cpp/glassy_msgs/msg/path_references__type_support.cpp.o[0m
[20.511s] [ 19%] [32mBuilding CXX object CMakeFiles/glassy_msgs__rosidl_typesupport_fastrtps_cpp.dir/rosidl_typesupport_fastrtps_cpp/glassy_msgs/msg/detail/dds_fastrtps/state__type_support.cpp.o[0m
[21.177s] [ 20%] [32mBuilding CXX object CMakeFiles/glassy_msgs__rosidl_typesupport_cpp.dir/rosidl_typesupport_cpp/glassy_msgs/msg/mission_info__type_support.cpp.o[0m
[22.505s] [ 21%] [32mBuilding CXX object CMakeFiles/glassy_msgs__rosidl_typesupport_cpp.dir/rosidl_typesupport_cpp/glassy_msgs/srv/pid_gains__type_support.cpp.o[0m
[22.631s] [ 22%] [32mBuilding CXX object CMakeFiles/glassy_msgs__rosidl_typesupport_fastrtps_cpp.dir/rosidl_typesupport_fastrtps_cpp/glassy_msgs/msg/detail/dds_fastrtps/actuators__type_support.cpp.o[0m
[23.684s] [ 23%] [32mBuilding CXX object CMakeFiles/glassy_msgs__rosidl_typesupport_cpp.dir/rosidl_typesupport_cpp/glassy_msgs/srv/set_path__type_support.cpp.o[0m
[24.306s] [ 23%] [32mBuilding CXX object CMakeFiles/glassy_msgs__rosidl_typesupport_fastrtps_cpp.dir/rosidl_typesupport_fastrtps_cpp/glassy_msgs/msg/detail/dds_fastrtps/inner_loop_references__type_support.cpp.o[0m
[24.713s] [ 24%] [32mBuilding CXX object CMakeFiles/glassy_msgs__rosidl_typesupport_cpp.dir/rosidl_typesupport_cpp/glassy_msgs/srv/los_params__type_support.cpp.o[0m
[26.007s] [ 25%] [32mBuilding CXX object CMakeFiles/glassy_msgs__rosidl_typesupport_cpp.dir/rosidl_typesupport_cpp/glassy_msgs/srv/set_limits__type_support.cpp.o[0m
[26.169s] [ 26%] [32mBuilding CXX object CMakeFiles/glassy_msgs__rosidl_typesupport_fastrtps_cpp.dir/rosidl_typesupport_fastrtps_cpp/glassy_msgs/msg/detail/dds_fastrtps/path_references__type_support.cpp.o[0m
[27.594s] [ 27%] [32mBuilding CXX object CMakeFiles/glassy_msgs__rosidl_typesupport_cpp.dir/rosidl_typesupport_cpp/glassy_msgs/srv/set_mission__type_support.cpp.o[0m
[28.248s] [ 28%] [32mBuilding CXX object CMakeFiles/glassy_msgs__rosidl_typesupport_fastrtps_cpp.dir/rosidl_typesupport_fastrtps_cpp/glassy_msgs/msg/detail/dds_fastrtps/mission_info__type_support.cpp.o[0m
[28.939s] [ 29%] [32m[1mLinking CXX shared library libglassy_msgs__rosidl_typesupport_cpp.so[0m
[29.174s] [ 29%] Built target glassy_msgs__rosidl_typesupport_cpp
[29.252s] [ 30%] [34m[1mGenerating C introspection for ROS interfaces[0m
[30.189s] [ 31%] [32mBuilding CXX object CMakeFiles/glassy_msgs__rosidl_typesupport_fastrtps_cpp.dir/rosidl_typesupport_fastrtps_cpp/glassy_msgs/srv/detail/dds_fastrtps/pid_gains__type_support.cpp.o[0m
[32.546s] [ 32%] [32mBuilding CXX object CMakeFiles/glassy_msgs__rosidl_typesupport_fastrtps_cpp.dir/rosidl_typesupport_fastrtps_cpp/glassy_msgs/srv/detail/dds_fastrtps/set_path__type_support.cpp.o[0m
[34.028s] [ 33%] [32mBuilding C object CMakeFiles/glassy_msgs__rosidl_typesupport_introspection_c.dir/rosidl_typesupport_introspection_c/glassy_msgs/msg/detail/state__type_support.c.o[0m
[34.274s] [ 34%] [32mBuilding C object CMakeFiles/glassy_msgs__rosidl_typesupport_introspection_c.dir/rosidl_typesupport_introspection_c/glassy_msgs/msg/detail/actuators__type_support.c.o[0m
[34.382s] [ 35%] [32mBuilding C object CMakeFiles/glassy_msgs__rosidl_typesupport_introspection_c.dir/rosidl_typesupport_introspection_c/glassy_msgs/msg/detail/inner_loop_references__type_support.c.o[0m
[34.532s] [ 36%] [32mBuilding C object CMakeFiles/glassy_msgs__rosidl_typesupport_introspection_c.dir/rosidl_typesupport_introspection_c/glassy_msgs/msg/detail/path_references__type_support.c.o[0m
[34.699s] [ 37%] [32mBuilding C object CMakeFiles/glassy_msgs__rosidl_typesupport_introspection_c.dir/rosidl_typesupport_introspection_c/glassy_msgs/msg/detail/mission_info__type_support.c.o[0m
[34.789s] [ 38%] [32mBuilding CXX object CMakeFiles/glassy_msgs__rosidl_typesupport_fastrtps_cpp.dir/rosidl_typesupport_fastrtps_cpp/glassy_msgs/srv/detail/dds_fastrtps/los_params__type_support.cpp.o[0m
[34.824s] [ 39%] [32mBuilding C object CMakeFiles/glassy_msgs__rosidl_typesupport_introspection_c.dir/rosidl_typesupport_introspection_c/glassy_msgs/srv/detail/pid_gains__type_support.c.o[0m
[34.962s] [ 40%] [32mBuilding C object CMakeFiles/glassy_msgs__rosidl_typesupport_introspection_c.dir/rosidl_typesupport_introspection_c/glassy_msgs/srv/detail/set_path__type_support.c.o[0m
[35.038s] [ 41%] [32mBuilding C object CMakeFiles/glassy_msgs__rosidl_typesupport_introspection_c.dir/rosidl_typesupport_introspection_c/glassy_msgs/srv/detail/los_params__type_support.c.o[0m
[35.183s] [ 42%] [32mBuilding C object CMakeFiles/glassy_msgs__rosidl_typesupport_introspection_c.dir/rosidl_typesupport_introspection_c/glassy_msgs/srv/detail/set_limits__type_support.c.o[0m
[35.340s] [ 43%] [32mBuilding C object CMakeFiles/glassy_msgs__rosidl_typesupport_introspection_c.dir/rosidl_typesupport_introspection_c/glassy_msgs/srv/detail/set_mission__type_support.c.o[0m
[35.445s] [ 44%] [32m[1mLinking C shared library libglassy_msgs__rosidl_typesupport_introspection_c.so[0m
[35.632s] [ 44%] Built target glassy_msgs__rosidl_typesupport_introspection_c
[35.686s] [ 45%] [34m[1mGenerating C type support dispatch for ROS interfaces[0m
[36.671s] [ 46%] [32mBuilding CXX object CMakeFiles/glassy_msgs__rosidl_typesupport_fastrtps_cpp.dir/rosidl_typesupport_fastrtps_cpp/glassy_msgs/srv/detail/dds_fastrtps/set_limits__type_support.cpp.o[0m
[38.817s] [ 47%] [32mBuilding CXX object CMakeFiles/glassy_msgs__rosidl_typesupport_fastrtps_cpp.dir/rosidl_typesupport_fastrtps_cpp/glassy_msgs/srv/detail/dds_fastrtps/set_mission__type_support.cpp.o[0m
[38.932s] [ 48%] [32mBuilding CXX object CMakeFiles/glassy_msgs__rosidl_typesupport_c.dir/rosidl_typesupport_c/glassy_msgs/msg/state__type_support.cpp.o[0m
[39.077s] [ 49%] [32mBuilding CXX object CMakeFiles/glassy_msgs__rosidl_typesupport_c.dir/rosidl_typesupport_c/glassy_msgs/msg/actuators__type_support.cpp.o[0m
[39.206s] [ 50%] [32mBuilding CXX object CMakeFiles/glassy_msgs__rosidl_typesupport_c.dir/rosidl_typesupport_c/glassy_msgs/msg/inner_loop_references__type_support.cpp.o[0m
[39.356s] [ 51%] [32mBuilding CXX object CMakeFiles/glassy_msgs__rosidl_typesupport_c.dir/rosidl_typesupport_c/glassy_msgs/msg/path_references__type_support.cpp.o[0m
[39.500s] [ 52%] [32mBuilding CXX object CMakeFiles/glassy_msgs__rosidl_typesupport_c.dir/rosidl_typesupport_c/glassy_msgs/msg/mission_info__type_support.cpp.o[0m
[39.637s] [ 53%] [32mBuilding CXX object CMakeFiles/glassy_msgs__rosidl_typesupport_c.dir/rosidl_typesupport_c/glassy_msgs/srv/pid_gains__type_support.cpp.o[0m
[39.795s] [ 54%] [32mBuilding CXX object CMakeFiles/glassy_msgs__rosidl_typesupport_c.dir/rosidl_typesupport_c/glassy_msgs/srv/set_path__type_support.cpp.o[0m
[39.958s] [ 55%] [32mBuilding CXX object CMakeFiles/glassy_msgs__rosidl_typesupport_c.dir/rosidl_typesupport_c/glassy_msgs/srv/los_params__type_support.cpp.o[0m
[40.033s] [ 55%] [32mBuilding CXX object CMakeFiles/glassy_msgs__rosidl_typesupport_c.dir/rosidl_typesupport_c/glassy_msgs/srv/set_limits__type_support.cpp.o[0m
[40.131s] [ 56%] [32mBuilding CXX object CMakeFiles/glassy_msgs__rosidl_typesupport_c.dir/rosidl_typesupport_c/glassy_msgs/srv/set_mission__type_support.cpp.o[0m
[40.272s] [ 57%] [32m[1mLinking CXX shared library libglassy_msgs__rosidl_typesupport_c.so[0m
[40.508s] [ 57%] Built target glassy_msgs__rosidl_typesupport_c
[40.564s] [ 58%] [34m[1mGenerating C++ introspection for ROS interfaces[0m
[40.595s] [ 59%] [32m[1mLinking CXX shared library libglassy_msgs__rosidl_typesupport_fastrtps_cpp.so[0m
[41.205s] [ 59%] Built target glassy_msgs__rosidl_typesupport_fastrtps_cpp
[42.625s] running egg_info
[42.625s] creating glassy_msgs.egg-info
[42.629s] writing glassy_msgs.egg-info/PKG-INFO
[42.629s] writing dependency_links to glassy_msgs.egg-info/dependency_links.txt
[42.629s] writing top-level names to glassy_msgs.egg-info/top_level.txt
[42.629s] writing manifest file 'glassy_msgs.egg-info/SOURCES.txt'
[42.642s] reading manifest file 'glassy_msgs.egg-info/SOURCES.txt'
[42.642s] writing manifest file 'glassy_msgs.egg-info/SOURCES.txt'
[42.765s] [ 59%] Built target ament_cmake_python_build_glassy_msgs_egg
[44.517s] [ 60%] [32mBuilding CXX object CMakeFiles/glassy_msgs__rosidl_typesupport_introspection_cpp.dir/rosidl_typesupport_introspection_cpp/glassy_msgs/msg/detail/state__type_support.cpp.o[0m
[46.213s] [ 61%] [32mBuilding CXX object CMakeFiles/glassy_msgs__rosidl_typesupport_introspection_cpp.dir/rosidl_typesupport_introspection_cpp/glassy_msgs/msg/detail/actuators__type_support.cpp.o[0m
[47.730s] [ 62%] [32mBuilding CXX object CMakeFiles/glassy_msgs__rosidl_typesupport_introspection_cpp.dir/rosidl_typesupport_introspection_cpp/glassy_msgs/msg/detail/inner_loop_references__type_support.cpp.o[0m
[49.030s] [ 63%] [32mBuilding CXX object CMakeFiles/glassy_msgs__rosidl_typesupport_introspection_cpp.dir/rosidl_typesupport_introspection_cpp/glassy_msgs/msg/detail/path_references__type_support.cpp.o[0m
[50.114s] [ 64%] [32mBuilding CXX object CMakeFiles/glassy_msgs__rosidl_typesupport_introspection_cpp.dir/rosidl_typesupport_introspection_cpp/glassy_msgs/msg/detail/mission_info__type_support.cpp.o[0m
[51.337s] [ 65%] [32mBuilding CXX object CMakeFiles/glassy_msgs__rosidl_typesupport_introspection_cpp.dir/rosidl_typesupport_introspection_cpp/glassy_msgs/srv/detail/pid_gains__type_support.cpp.o[0m
[52.514s] [ 66%] [32mBuilding CXX object CMakeFiles/glassy_msgs__rosidl_typesupport_introspection_cpp.dir/rosidl_typesupport_introspection_cpp/glassy_msgs/srv/detail/set_path__type_support.cpp.o[0m
[53.899s] [ 67%] [32mBuilding CXX object CMakeFiles/glassy_msgs__rosidl_typesupport_introspection_cpp.dir/rosidl_typesupport_introspection_cpp/glassy_msgs/srv/detail/los_params__type_support.cpp.o[0m
[55.289s] [ 68%] [32mBuilding CXX object CMakeFiles/glassy_msgs__rosidl_typesupport_introspection_cpp.dir/rosidl_typesupport_introspection_cpp/glassy_msgs/srv/detail/set_limits__type_support.cpp.o[0m
[56.604s] [ 69%] [32mBuilding CXX object CMakeFiles/glassy_msgs__rosidl_typesupport_introspection_cpp.dir/rosidl_typesupport_introspection_cpp/glassy_msgs/srv/detail/set_mission__type_support.cpp.o[0m
[58.300s] [ 70%] [32m[1mLinking CXX shared library libglassy_msgs__rosidl_typesupport_introspection_cpp.so[0m
[58.584s] [ 70%] Built target glassy_msgs__rosidl_typesupport_introspection_cpp
[58.626s] [ 71%] [34m[1mGenerating C type support for eProsima Fast-RTPS[0m
[62.288s] [ 72%] [32mBuilding CXX object CMakeFiles/glassy_msgs__rosidl_typesupport_fastrtps_c.dir/rosidl_typesupport_fastrtps_c/glassy_msgs/msg/detail/state__type_support_c.cpp.o[0m
[63.604s] [ 73%] [32mBuilding CXX object CMakeFiles/glassy_msgs__rosidl_typesupport_fastrtps_c.dir/rosidl_typesupport_fastrtps_c/glassy_msgs/msg/detail/actuators__type_support_c.cpp.o[0m
[64.840s] [ 74%] [32mBuilding CXX object CMakeFiles/glassy_msgs__rosidl_typesupport_fastrtps_c.dir/rosidl_typesupport_fastrtps_c/glassy_msgs/msg/detail/inner_loop_references__type_support_c.cpp.o[0m
[65.980s] [ 75%] [32mBuilding CXX object CMakeFiles/glassy_msgs__rosidl_typesupport_fastrtps_c.dir/rosidl_typesupport_fastrtps_c/glassy_msgs/msg/detail/path_references__type_support_c.cpp.o[0m
[67.144s] [ 76%] [32mBuilding CXX object CMakeFiles/glassy_msgs__rosidl_typesupport_fastrtps_c.dir/rosidl_typesupport_fastrtps_c/glassy_msgs/msg/detail/mission_info__type_support_c.cpp.o[0m
[68.274s] [ 77%] [32mBuilding CXX object CMakeFiles/glassy_msgs__rosidl_typesupport_fastrtps_c.dir/rosidl_typesupport_fastrtps_c/glassy_msgs/srv/detail/pid_gains__type_support_c.cpp.o[0m
[69.559s] [ 78%] [32mBuilding CXX object CMakeFiles/glassy_msgs__rosidl_typesupport_fastrtps_c.dir/rosidl_typesupport_fastrtps_c/glassy_msgs/srv/detail/set_path__type_support_c.cpp.o[0m
[70.710s] [ 79%] [32mBuilding CXX object CMakeFiles/glassy_msgs__rosidl_typesupport_fastrtps_c.dir/rosidl_typesupport_fastrtps_c/glassy_msgs/srv/detail/los_params__type_support_c.cpp.o[0m
[72.003s] [ 80%] [32mBuilding CXX object CMakeFiles/glassy_msgs__rosidl_typesupport_fastrtps_c.dir/rosidl_typesupport_fastrtps_c/glassy_msgs/srv/detail/set_limits__type_support_c.cpp.o[0m
[73.427s] [ 81%] [32mBuilding CXX object CMakeFiles/glassy_msgs__rosidl_typesupport_fastrtps_c.dir/rosidl_typesupport_fastrtps_c/glassy_msgs/srv/detail/set_mission__type_support_c.cpp.o[0m
[75.064s] [ 82%] [32m[1mLinking CXX shared library libglassy_msgs__rosidl_typesupport_fastrtps_c.so[0m
[75.454s] [ 82%] Built target glassy_msgs__rosidl_typesupport_fastrtps_c
[75.600s] [ 82%] Built target glassy_msgs
[75.688s] [ 83%] [34m[1mGenerating Python code for ROS interfaces[0m
[83.070s] [ 83%] Built target glassy_msgs__py
[83.178s] [ 84%] [32mBuilding C object CMakeFiles/glassy_msgs__rosidl_generator_py.dir/rosidl_generator_py/glassy_msgs/msg/_state_s.c.o[0m
[83.783s] [ 85%] [32mBuilding C object CMakeFiles/glassy_msgs__rosidl_generator_py.dir/rosidl_generator_py/glassy_msgs/msg/_actuators_s.c.o[0m
[84.175s] [ 86%] [32mBuilding C object CMakeFiles/glassy_msgs__rosidl_generator_py.dir/rosidl_generator_py/glassy_msgs/msg/_inner_loop_references_s.c.o[0m
[84.509s] [ 87%] [32mBuilding C object CMakeFiles/glassy_msgs__rosidl_generator_py.dir/rosidl_generator_py/glassy_msgs/msg/_path_references_s.c.o[0m
[84.932s] [ 88%] [32mBuilding C object CMakeFiles/glassy_msgs__rosidl_generator_py.dir/rosidl_generator_py/glassy_msgs/msg/_mission_info_s.c.o[0m
[85.313s] [ 89%] [32mBuilding C object CMakeFiles/glassy_msgs__rosidl_generator_py.dir/rosidl_generator_py/glassy_msgs/srv/_pid_gains_s.c.o[0m
[85.648s] [ 90%] [32mBuilding C object CMakeFiles/glassy_msgs__rosidl_generator_py.dir/rosidl_generator_py/glassy_msgs/srv/_set_path_s.c.o[0m
[86.048s] [ 91%] [32mBuilding C object CMakeFiles/glassy_msgs__rosidl_generator_py.dir/rosidl_generator_py/glassy_msgs/srv/_los_params_s.c.o[0m
[86.408s] [ 92%] [32mBuilding C object CMakeFiles/glassy_msgs__rosidl_generator_py.dir/rosidl_generator_py/glassy_msgs/srv/_set_limits_s.c.o[0m
[86.807s] [ 93%] [32mBuilding C object CMakeFiles/glassy_msgs__rosidl_generator_py.dir/rosidl_generator_py/glassy_msgs/srv/_set_mission_s.c.o[0m
[87.165s] [ 94%] [32m[1mLinking C shared library rosidl_generator_py/glassy_msgs/libglassy_msgs__rosidl_generator_py.so[0m
[87.383s] [ 94%] Built target glassy_msgs__rosidl_generator_py
[87.448s] [ 95%] [32mBuilding C object CMakeFiles/glassy_msgs__rosidl_typesupport_fastrtps_c__pyext.dir/rosidl_generator_py/glassy_msgs/_glassy_msgs_s.ep.rosidl_typesupport_fastrtps_c.c.o[0m
[87.918s] [ 96%] [32m[1mLinking C shared library rosidl_generator_py/glassy_msgs/glassy_msgs_s__rosidl_typesupport_fastrtps_c.cpython-310-x86_64-linux-gnu.so[0m
[88.023s] [ 96%] Built target glassy_msgs__rosidl_typesupport_fastrtps_c__pyext
[88.074s] [ 97%] [32mBuilding C object CMakeFiles/glassy_msgs__rosidl_typesupport_introspection_c__pyext.dir/rosidl_generator_py/glassy_msgs/_glassy_msgs_s.ep.rosidl_typesupport_introspection_c.c.o[0m
[88.530s] [ 98%] [32m[1mLinking C shared library rosidl_generator_py/glassy_msgs/glassy_msgs_s__rosidl_typesupport_introspection_c.cpython-310-x86_64-linux-gnu.so[0m
[88.708s] [ 98%] Built target glassy_msgs__rosidl_typesupport_introspection_c__pyext
[88.808s] [ 99%] [32mBuilding C object CMakeFiles/glassy_msgs__rosidl_typesupport_c__pyext.dir/rosidl_generator_py/glassy_msgs/_glassy_msgs_s.ep.rosidl_typesupport_c.c.o[0m
[89.358s] [100%] [32m[1mLinking C shared library rosidl_generator_py/glassy_msgs/glassy_msgs_s__rosidl_typesupport_c.cpython-310-x86_64-linux-gnu.so[0m
[89.580s] [100%] Built target glassy_msgs__rosidl_typesupport_c__pyext
[89.617s] Invoked command in '/home/diogo/MIR_Project_2024/glassy_challenge_ws/build/glassy_msgs' returned '0': CMAKE_PREFIX_PATH=${CMAKE_PREFIX_PATH}:/home/diogo/MIR_Project_2024/glassy_challenge_ws/install/glassy_challenge:/opt/ros/humble /usr/bin/cmake --build /home/diogo/MIR_Project_2024/glassy_challenge_ws/build/glassy_msgs -- -j2 -l2
[89.654s] Invoking command in '/home/diogo/MIR_Project_2024/glassy_challenge_ws/build/glassy_msgs': CMAKE_PREFIX_PATH=${CMAKE_PREFIX_PATH}:/home/diogo/MIR_Project_2024/glassy_challenge_ws/install/glassy_challenge:/opt/ros/humble /usr/bin/cmake --install /home/diogo/MIR_Project_2024/glassy_challenge_ws/build/glassy_msgs
[89.694s] -- Install configuration: ""
[89.699s] -- Installing: /home/diogo/MIR_Project_2024/glassy_challenge_ws/install/glassy_msgs/share/ament_index/resource_index/rosidl_interfaces/glassy_msgs
[89.700s] -- Installing: /home/diogo/MIR_Project_2024/glassy_challenge_ws/install/glassy_msgs/include/glassy_msgs/glassy_msgs
[89.700s] -- Installing: /home/diogo/MIR_Project_2024/glassy_challenge_ws/install/glassy_msgs/include/glassy_msgs/glassy_msgs/msg
[89.702s] -- Installing: /home/diogo/MIR_Project_2024/glassy_challenge_ws/install/glassy_msgs/include/glassy_msgs/glassy_msgs/msg/inner_loop_references.h
[89.702s] -- Installing: /home/diogo/MIR_Project_2024/glassy_challenge_ws/install/glassy_msgs/include/glassy_msgs/glassy_msgs/msg/detail
[89.702s] -- Installing: /home/diogo/MIR_Project_2024/glassy_challenge_ws/install/glassy_msgs/include/glassy_msgs/glassy_msgs/msg/detail/actuators__struct.h
[89.703s] -- Installing: /home/diogo/MIR_Project_2024/glassy_challenge_ws/install/glassy_msgs/include/glassy_msgs/glassy_msgs/msg/detail/path_references__type_support.h
[89.703s] -- Installing: /home/diogo/MIR_Project_2024/glassy_challenge_ws/install/glassy_msgs/include/glassy_msgs/glassy_msgs/msg/detail/mission_info__functions.h
[89.706s] -- Installing: /home/diogo/MIR_Project_2024/glassy_challenge_ws/install/glassy_msgs/include/glassy_msgs/glassy_msgs/msg/detail/inner_loop_references__type_support.h
[89.706s] -- Installing: /home/diogo/MIR_Project_2024/glassy_challenge_ws/install/glassy_msgs/include/glassy_msgs/glassy_msgs/msg/detail/state__functions.h
[89.706s] -- Installing: /home/diogo/MIR_Project_2024/glassy_challenge_ws/install/glassy_msgs/include/glassy_msgs/glassy_msgs/msg/detail/actuators__type_support.h
[89.706s] -- Installing: /home/diogo/MIR_Project_2024/glassy_challenge_ws/install/glassy_msgs/include/glassy_msgs/glassy_msgs/msg/detail/mission_info__functions.c
[89.706s] -- Installing: /home/diogo/MIR_Project_2024/glassy_challenge_ws/install/glassy_msgs/include/glassy_msgs/glassy_msgs/msg/detail/mission_info__type_support.h
[89.709s] -- Installing: /home/diogo/MIR_Project_2024/glassy_challenge_ws/install/glassy_msgs/include/glassy_msgs/glassy_msgs/msg/detail/state__functions.c
[89.709s] -- Installing: /home/diogo/MIR_Project_2024/glassy_challenge_ws/install/glassy_msgs/include/glassy_msgs/glassy_msgs/msg/detail/actuators__functions.c
[89.710s] -- Installing: /home/diogo/MIR_Project_2024/glassy_challenge_ws/install/glassy_msgs/include/glassy_msgs/glassy_msgs/msg/detail/inner_loop_references__functions.c
[89.711s] -- Installing: /home/diogo/MIR_Project_2024/glassy_challenge_ws/install/glassy_msgs/include/glassy_msgs/glassy_msgs/msg/detail/path_references__struct.h
[89.712s] -- Installing: /home/diogo/MIR_Project_2024/glassy_challenge_ws/install/glassy_msgs/include/glassy_msgs/glassy_msgs/msg/detail/state__type_support.h
[89.712s] -- Installing: /home/diogo/MIR_Project_2024/glassy_challenge_ws/install/glassy_msgs/include/glassy_msgs/glassy_msgs/msg/detail/inner_loop_references__functions.h
[89.712s] -- Installing: /home/diogo/MIR_Project_2024/glassy_challenge_ws/install/glassy_msgs/include/glassy_msgs/glassy_msgs/msg/detail/state__struct.h
[89.712s] -- Installing: /home/diogo/MIR_Project_2024/glassy_challenge_ws/install/glassy_msgs/include/glassy_msgs/glassy_msgs/msg/detail/mission_info__struct.h
[89.712s] -- Installing: /home/diogo/MIR_Project_2024/glassy_challenge_ws/install/glassy_msgs/include/glassy_msgs/glassy_msgs/msg/detail/inner_loop_references__struct.h
[89.715s] -- Installing: /home/diogo/MIR_Project_2024/glassy_challenge_ws/install/glassy_msgs/include/glassy_msgs/glassy_msgs/msg/detail/path_references__functions.h
[89.718s] -- Installing: /home/diogo/MIR_Project_2024/glassy_challenge_ws/install/glassy_msgs/include/glassy_msgs/glassy_msgs/msg/detail/path_references__functions.c
[89.718s] -- Installing: /home/diogo/MIR_Project_2024/glassy_challenge_ws/install/glassy_msgs/include/glassy_msgs/glassy_msgs/msg/detail/actuators__functions.h
[89.719s] -- Installing: /home/diogo/MIR_Project_2024/glassy_challenge_ws/install/glassy_msgs/include/glassy_msgs/glassy_msgs/msg/path_references.h
[89.720s] -- Installing: /home/diogo/MIR_Project_2024/glassy_challenge_ws/install/glassy_msgs/include/glassy_msgs/glassy_msgs/msg/actuators.h
[89.720s] -- Installing: /home/diogo/MIR_Project_2024/glassy_challenge_ws/install/glassy_msgs/include/glassy_msgs/glassy_msgs/msg/rosidl_generator_c__visibility_control.h
[89.720s] -- Installing: /home/diogo/MIR_Project_2024/glassy_challenge_ws/install/glassy_msgs/include/glassy_msgs/glassy_msgs/msg/mission_info.h
[89.720s] -- Installing: /home/diogo/MIR_Project_2024/glassy_challenge_ws/install/glassy_msgs/include/glassy_msgs/glassy_msgs/msg/state.h
[89.721s] -- Installing: /home/diogo/MIR_Project_2024/glassy_challenge_ws/install/glassy_msgs/include/glassy_msgs/glassy_msgs/srv
[89.721s] -- Installing: /home/diogo/MIR_Project_2024/glassy_challenge_ws/install/glassy_msgs/include/glassy_msgs/glassy_msgs/srv/detail
[89.722s] -- Installing: /home/diogo/MIR_Project_2024/glassy_challenge_ws/install/glassy_msgs/include/glassy_msgs/glassy_msgs/srv/detail/los_params__functions.h
[89.722s] -- Installing: /home/diogo/MIR_Project_2024/glassy_challenge_ws/install/glassy_msgs/include/glassy_msgs/glassy_msgs/srv/detail/pid_gains__type_support.h
[89.723s] -- Installing: /home/diogo/MIR_Project_2024/glassy_challenge_ws/install/glassy_msgs/include/glassy_msgs/glassy_msgs/srv/detail/set_mission__struct.h
[89.723s] -- Installing: /home/diogo/MIR_Project_2024/glassy_challenge_ws/install/glassy_msgs/include/glassy_msgs/glassy_msgs/srv/detail/set_path__struct.h
[89.725s] -- Installing: /home/diogo/MIR_Project_2024/glassy_challenge_ws/install/glassy_msgs/include/glassy_msgs/glassy_msgs/srv/detail/los_params__type_support.h
[89.727s] -- Installing: /home/diogo/MIR_Project_2024/glassy_challenge_ws/install/glassy_msgs/include/glassy_msgs/glassy_msgs/srv/detail/pid_gains__functions.c
[89.727s] -- Installing: /home/diogo/MIR_Project_2024/glassy_challenge_ws/install/glassy_msgs/include/glassy_msgs/glassy_msgs/srv/detail/set_limits__type_support.h
[89.727s] -- Installing: /home/diogo/MIR_Project_2024/glassy_challenge_ws/install/glassy_msgs/include/glassy_msgs/glassy_msgs/srv/detail/set_limits__functions.h
[89.734s] -- Installing: /home/diogo/MIR_Project_2024/glassy_challenge_ws/install/glassy_msgs/include/glassy_msgs/glassy_msgs/srv/detail/set_path__functions.h
[89.734s] -- Installing: /home/diogo/MIR_Project_2024/glassy_challenge_ws/install/glassy_msgs/include/glassy_msgs/glassy_msgs/srv/detail/set_mission__functions.c
[89.734s] -- Installing: /home/diogo/MIR_Project_2024/glassy_challenge_ws/install/glassy_msgs/include/glassy_msgs/glassy_msgs/srv/detail/set_mission__type_support.h
[89.735s] -- Installing: /home/diogo/MIR_Project_2024/glassy_challenge_ws/install/glassy_msgs/include/glassy_msgs/glassy_msgs/srv/detail/set_path__type_support.h
[89.735s] -- Installing: /home/diogo/MIR_Project_2024/glassy_challenge_ws/install/glassy_msgs/include/glassy_msgs/glassy_msgs/srv/detail/los_params__struct.h
[89.735s] -- Installing: /home/diogo/MIR_Project_2024/glassy_challenge_ws/install/glassy_msgs/include/glassy_msgs/glassy_msgs/srv/detail/set_limits__functions.c
[89.737s] -- Installing: /home/diogo/MIR_Project_2024/glassy_challenge_ws/install/glassy_msgs/include/glassy_msgs/glassy_msgs/srv/detail/set_mission__functions.h
[89.737s] -- Installing: /home/diogo/MIR_Project_2024/glassy_challenge_ws/install/glassy_msgs/include/glassy_msgs/glassy_msgs/srv/detail/set_limits__struct.h
[89.744s] -- Installing: /home/diogo/MIR_Project_2024/glassy_challenge_ws/install/glassy_msgs/include/glassy_msgs/glassy_msgs/srv/detail/pid_gains__functions.h
[89.744s] -- Installing: /home/diogo/MIR_Project_2024/glassy_challenge_ws/install/glassy_msgs/include/glassy_msgs/glassy_msgs/srv/detail/los_params__functions.c
[89.748s] -- Installing: /home/diogo/MIR_Project_2024/glassy_challenge_ws/install/glassy_msgs/include/glassy_msgs/glassy_msgs/srv/detail/pid_gains__struct.h
[89.748s] -- Installing: /home/diogo/MIR_Project_2024/glassy_challenge_ws/install/glassy_msgs/include/glassy_msgs/glassy_msgs/srv/detail/set_path__functions.c
[89.748s] -- Installing: /home/diogo/MIR_Project_2024/glassy_challenge_ws/install/glassy_msgs/include/glassy_msgs/glassy_msgs/srv/pid_gains.h
[89.748s] -- Installing: /home/diogo/MIR_Project_2024/glassy_challenge_ws/install/glassy_msgs/include/glassy_msgs/glassy_msgs/srv/los_params.h
[89.750s] -- Installing: /home/diogo/MIR_Project_2024/glassy_challenge_ws/install/glassy_msgs/include/glassy_msgs/glassy_msgs/srv/set_path.h
[89.750s] -- Installing: /home/diogo/MIR_Project_2024/glassy_challenge_ws/install/glassy_msgs/include/glassy_msgs/glassy_msgs/srv/set_limits.h
[89.751s] -- Installing: /home/diogo/MIR_Project_2024/glassy_challenge_ws/install/glassy_msgs/include/glassy_msgs/glassy_msgs/srv/set_mission.h
[89.751s] -- Installing: /home/diogo/MIR_Project_2024/glassy_challenge_ws/install/glassy_msgs/share/glassy_msgs/environment/library_path.sh
[89.752s] -- Installing: /home/diogo/MIR_Project_2024/glassy_challenge_ws/install/glassy_msgs/share/glassy_msgs/environment/library_path.dsv
[89.758s] -- Installing: /home/diogo/MIR_Project_2024/glassy_challenge_ws/install/glassy_msgs/lib/libglassy_msgs__rosidl_generator_c.so
[89.760s] -- Set runtime path of "/home/diogo/MIR_Project_2024/glassy_challenge_ws/install/glassy_msgs/lib/libglassy_msgs__rosidl_generator_c.so" to ""
[89.760s] -- Up-to-date: /home/diogo/MIR_Project_2024/glassy_challenge_ws/install/glassy_msgs/include/glassy_msgs/glassy_msgs
[89.760s] -- Up-to-date: /home/diogo/MIR_Project_2024/glassy_challenge_ws/install/glassy_msgs/include/glassy_msgs/glassy_msgs/msg
[89.760s] -- Up-to-date: /home/diogo/MIR_Project_2024/glassy_challenge_ws/install/glassy_msgs/include/glassy_msgs/glassy_msgs/msg/detail
[89.762s] -- Installing: /home/diogo/MIR_Project_2024/glassy_challenge_ws/install/glassy_msgs/include/glassy_msgs/glassy_msgs/msg/detail/inner_loop_references__rosidl_typesupport_fastrtps_c.h
[89.763s] -- Installing: /home/diogo/MIR_Project_2024/glassy_challenge_ws/install/glassy_msgs/include/glassy_msgs/glassy_msgs/msg/detail/mission_info__rosidl_typesupport_fastrtps_c.h
[89.763s] -- Installing: /home/diogo/MIR_Project_2024/glassy_challenge_ws/install/glassy_msgs/include/glassy_msgs/glassy_msgs/msg/detail/actuators__rosidl_typesupport_fastrtps_c.h
[89.763s] -- Installing: /home/diogo/MIR_Project_2024/glassy_challenge_ws/install/glassy_msgs/include/glassy_msgs/glassy_msgs/msg/detail/path_references__rosidl_typesupport_fastrtps_c.h
[89.763s] -- Installing: /home/diogo/MIR_Project_2024/glassy_challenge_ws/install/glassy_msgs/include/glassy_msgs/glassy_msgs/msg/detail/state__rosidl_typesupport_fastrtps_c.h
[89.763s] -- Installing: /home/diogo/MIR_Project_2024/glassy_challenge_ws/install/glassy_msgs/include/glassy_msgs/glassy_msgs/msg/rosidl_typesupport_fastrtps_c__visibility_control.h
[89.764s] -- Up-to-date: /home/diogo/MIR_Project_2024/glassy_challenge_ws/install/glassy_msgs/include/glassy_msgs/glassy_msgs/srv
[89.764s] -- Up-to-date: /home/diogo/MIR_Project_2024/glassy_challenge_ws/install/glassy_msgs/include/glassy_msgs/glassy_msgs/srv/detail
[89.764s] -- Installing: /home/diogo/MIR_Project_2024/glassy_challenge_ws/install/glassy_msgs/include/glassy_msgs/glassy_msgs/srv/detail/set_mission__rosidl_typesupport_fastrtps_c.h
[89.767s] -- Installing: /home/diogo/MIR_Project_2024/glassy_challenge_ws/install/glassy_msgs/include/glassy_msgs/glassy_msgs/srv/detail/set_path__rosidl_typesupport_fastrtps_c.h
[89.771s] -- Installing: /home/diogo/MIR_Project_2024/glassy_challenge_ws/install/glassy_msgs/include/glassy_msgs/glassy_msgs/srv/detail/los_params__rosidl_typesupport_fastrtps_c.h
[89.774s] -- Installing: /home/diogo/MIR_Project_2024/glassy_challenge_ws/install/glassy_msgs/include/glassy_msgs/glassy_msgs/srv/detail/pid_gains__rosidl_typesupport_fastrtps_c.h
[89.774s] -- Installing: /home/diogo/MIR_Project_2024/glassy_challenge_ws/install/glassy_msgs/include/glassy_msgs/glassy_msgs/srv/detail/set_limits__rosidl_typesupport_fastrtps_c.h
[89.775s] -- Installing: /home/diogo/MIR_Project_2024/glassy_challenge_ws/install/glassy_msgs/lib/libglassy_msgs__rosidl_typesupport_fastrtps_c.so
[89.776s] -- Set runtime path of "/home/diogo/MIR_Project_2024/glassy_challenge_ws/install/glassy_msgs/lib/libglassy_msgs__rosidl_typesupport_fastrtps_c.so" to ""
[89.776s] -- Up-to-date: /home/diogo/MIR_Project_2024/glassy_challenge_ws/install/glassy_msgs/include/glassy_msgs/glassy_msgs
[89.777s] -- Up-to-date: /home/diogo/MIR_Project_2024/glassy_challenge_ws/install/glassy_msgs/include/glassy_msgs/glassy_msgs/msg
[89.777s] -- Installing: /home/diogo/MIR_Project_2024/glassy_challenge_ws/install/glassy_msgs/include/glassy_msgs/glassy_msgs/msg/mission_info.hpp
[89.779s] -- Up-to-date: /home/diogo/MIR_Project_2024/glassy_challenge_ws/install/glassy_msgs/include/glassy_msgs/glassy_msgs/msg/detail
[89.779s] -- Installing: /home/diogo/MIR_Project_2024/glassy_challenge_ws/install/glassy_msgs/include/glassy_msgs/glassy_msgs/msg/detail/actuators__type_support.hpp
[89.779s] -- Installing: /home/diogo/MIR_Project_2024/glassy_challenge_ws/install/glassy_msgs/include/glassy_msgs/glassy_msgs/msg/detail/state__builder.hpp
[89.779s] -- Installing: /home/diogo/MIR_Project_2024/glassy_challenge_ws/install/glassy_msgs/include/glassy_msgs/glassy_msgs/msg/detail/state__type_support.hpp
[89.780s] -- Installing: /home/diogo/MIR_Project_2024/glassy_challenge_ws/install/glassy_msgs/include/glassy_msgs/glassy_msgs/msg/detail/actuators__builder.hpp
[89.780s] -- Installing: /home/diogo/MIR_Project_2024/glassy_challenge_ws/install/glassy_msgs/include/glassy_msgs/glassy_msgs/msg/detail/inner_loop_references__struct.hpp
[89.780s] -- Installing: /home/diogo/MIR_Project_2024/glassy_challenge_ws/install/glassy_msgs/include/glassy_msgs/glassy_msgs/msg/detail/path_references__struct.hpp
[89.780s] -- Installing: /home/diogo/MIR_Project_2024/glassy_challenge_ws/install/glassy_msgs/include/glassy_msgs/glassy_msgs/msg/detail/inner_loop_references__traits.hpp
[89.781s] -- Installing: /home/diogo/MIR_Project_2024/glassy_challenge_ws/install/glassy_msgs/include/glassy_msgs/glassy_msgs/msg/detail/actuators__traits.hpp
[89.785s] -- Installing: /home/diogo/MIR_Project_2024/glassy_challenge_ws/install/glassy_msgs/include/glassy_msgs/glassy_msgs/msg/detail/actuators__struct.hpp
[89.785s] -- Installing: /home/diogo/MIR_Project_2024/glassy_challenge_ws/install/glassy_msgs/include/glassy_msgs/glassy_msgs/msg/detail/path_references__type_support.hpp
[89.789s] -- Installing: /home/diogo/MIR_Project_2024/glassy_challenge_ws/install/glassy_msgs/include/glassy_msgs/glassy_msgs/msg/detail/state__struct.hpp
[89.790s] -- Installing: /home/diogo/MIR_Project_2024/glassy_challenge_ws/install/glassy_msgs/include/glassy_msgs/glassy_msgs/msg/detail/inner_loop_references__builder.hpp
[89.790s] -- Installing: /home/diogo/MIR_Project_2024/glassy_challenge_ws/install/glassy_msgs/include/glassy_msgs/glassy_msgs/msg/detail/mission_info__struct.hpp
[89.790s] -- Installing: /home/diogo/MIR_Project_2024/glassy_challenge_ws/install/glassy_msgs/include/glassy_msgs/glassy_msgs/msg/detail/path_references__traits.hpp
[89.790s] -- Installing: /home/diogo/MIR_Project_2024/glassy_challenge_ws/install/glassy_msgs/include/glassy_msgs/glassy_msgs/msg/detail/inner_loop_references__type_support.hpp
[89.790s] -- Installing: /home/diogo/MIR_Project_2024/glassy_challenge_ws/install/glassy_msgs/include/glassy_msgs/glassy_msgs/msg/detail/mission_info__type_support.hpp
[89.790s] -- Installing: /home/diogo/MIR_Project_2024/glassy_challenge_ws/install/glassy_msgs/include/glassy_msgs/glassy_msgs/msg/detail/state__traits.hpp
[89.791s] -- Installing: /home/diogo/MIR_Project_2024/glassy_challenge_ws/install/glassy_msgs/include/glassy_msgs/glassy_msgs/msg/detail/mission_info__traits.hpp
[89.791s] -- Installing: /home/diogo/MIR_Project_2024/glassy_challenge_ws/install/glassy_msgs/include/glassy_msgs/glassy_msgs/msg/detail/mission_info__builder.hpp
[89.791s] -- Installing: /home/diogo/MIR_Project_2024/glassy_challenge_ws/install/glassy_msgs/include/glassy_msgs/glassy_msgs/msg/detail/path_references__builder.hpp
[89.793s] -- Installing: /home/diogo/MIR_Project_2024/glassy_challenge_ws/install/glassy_msgs/include/glassy_msgs/glassy_msgs/msg/state.hpp
[89.793s] -- Installing: /home/diogo/MIR_Project_2024/glassy_challenge_ws/install/glassy_msgs/include/glassy_msgs/glassy_msgs/msg/inner_loop_references.hpp
[89.793s] -- Installing: /home/diogo/MIR_Project_2024/glassy_challenge_ws/install/glassy_msgs/include/glassy_msgs/glassy_msgs/msg/actuators.hpp
[89.796s] -- Installing: /home/diogo/MIR_Project_2024/glassy_challenge_ws/install/glassy_msgs/include/glassy_msgs/glassy_msgs/msg/rosidl_generator_cpp__visibility_control.hpp
[89.796s] -- Installing: /home/diogo/MIR_Project_2024/glassy_challenge_ws/install/glassy_msgs/include/glassy_msgs/glassy_msgs/msg/path_references.hpp
[89.796s] -- Up-to-date: /home/diogo/MIR_Project_2024/glassy_challenge_ws/install/glassy_msgs/include/glassy_msgs/glassy_msgs/srv
[89.796s] -- Up-to-date: /home/diogo/MIR_Project_2024/glassy_challenge_ws/install/glassy_msgs/include/glassy_msgs/glassy_msgs/srv/detail
[89.796s] -- Installing: /home/diogo/MIR_Project_2024/glassy_challenge_ws/install/glassy_msgs/include/glassy_msgs/glassy_msgs/srv/detail/set_limits__struct.hpp
[89.797s] -- Installing: /home/diogo/MIR_Project_2024/glassy_challenge_ws/install/glassy_msgs/include/glassy_msgs/glassy_msgs/srv/detail/los_params__type_support.hpp
[89.797s] -- Installing: /home/diogo/MIR_Project_2024/glassy_challenge_ws/install/glassy_msgs/include/glassy_msgs/glassy_msgs/srv/detail/pid_gains__struct.hpp
[89.797s] -- Installing: /home/diogo/MIR_Project_2024/glassy_challenge_ws/install/glassy_msgs/include/glassy_msgs/glassy_msgs/srv/detail/set_limits__traits.hpp
[89.797s] -- Installing: /home/diogo/MIR_Project_2024/glassy_challenge_ws/install/glassy_msgs/include/glassy_msgs/glassy_msgs/srv/detail/set_limits__builder.hpp
[89.798s] -- Installing: /home/diogo/MIR_Project_2024/glassy_challenge_ws/install/glassy_msgs/include/glassy_msgs/glassy_msgs/srv/detail/pid_gains__type_support.hpp
[89.798s] -- Installing: /home/diogo/MIR_Project_2024/glassy_challenge_ws/install/glassy_msgs/include/glassy_msgs/glassy_msgs/srv/detail/set_path__traits.hpp
[89.801s] -- Installing: /home/diogo/MIR_Project_2024/glassy_challenge_ws/install/glassy_msgs/include/glassy_msgs/glassy_msgs/srv/detail/pid_gains__traits.hpp
[89.801s] -- Installing: /home/diogo/MIR_Project_2024/glassy_challenge_ws/install/glassy_msgs/include/glassy_msgs/glassy_msgs/srv/detail/set_path__builder.hpp
[89.801s] -- Installing: /home/diogo/MIR_Project_2024/glassy_challenge_ws/install/glassy_msgs/include/glassy_msgs/glassy_msgs/srv/detail/pid_gains__builder.hpp
[89.802s] -- Installing: /home/diogo/MIR_Project_2024/glassy_challenge_ws/install/glassy_msgs/include/glassy_msgs/glassy_msgs/srv/detail/set_mission__type_support.hpp
[89.802s] -- Installing: /home/diogo/MIR_Project_2024/glassy_challenge_ws/install/glassy_msgs/include/glassy_msgs/glassy_msgs/srv/detail/set_limits__type_support.hpp
[89.803s] -- Installing: /home/diogo/MIR_Project_2024/glassy_challenge_ws/install/glassy_msgs/include/glassy_msgs/glassy_msgs/srv/detail/los_params__builder.hpp
[89.804s] -- Installing: /home/diogo/MIR_Project_2024/glassy_challenge_ws/install/glassy_msgs/include/glassy_msgs/glassy_msgs/srv/detail/set_path__struct.hpp
[89.806s] -- Installing: /home/diogo/MIR_Project_2024/glassy_challenge_ws/install/glassy_msgs/include/glassy_msgs/glassy_msgs/srv/detail/los_params__traits.hpp
[89.806s] -- Installing: /home/diogo/MIR_Project_2024/glassy_challenge_ws/install/glassy_msgs/include/glassy_msgs/glassy_msgs/srv/detail/set_mission__struct.hpp
[89.806s] -- Installing: /home/diogo/MIR_Project_2024/glassy_challenge_ws/install/glassy_msgs/include/glassy_msgs/glassy_msgs/srv/detail/set_path__type_support.hpp
[89.806s] -- Installing: /home/diogo/MIR_Project_2024/glassy_challenge_ws/install/glassy_msgs/include/glassy_msgs/glassy_msgs/srv/detail/set_mission__builder.hpp
[89.807s] -- Installing: /home/diogo/MIR_Project_2024/glassy_challenge_ws/install/glassy_msgs/include/glassy_msgs/glassy_msgs/srv/detail/set_mission__traits.hpp
[89.807s] -- Installing: /home/diogo/MIR_Project_2024/glassy_challenge_ws/install/glassy_msgs/include/glassy_msgs/glassy_msgs/srv/detail/los_params__struct.hpp
[89.810s] -- Installing: /home/diogo/MIR_Project_2024/glassy_challenge_ws/install/glassy_msgs/include/glassy_msgs/glassy_msgs/srv/los_params.hpp
[89.812s] -- Installing: /home/diogo/MIR_Project_2024/glassy_challenge_ws/install/glassy_msgs/include/glassy_msgs/glassy_msgs/srv/set_mission.hpp
[89.812s] -- Installing: /home/diogo/MIR_Project_2024/glassy_challenge_ws/install/glassy_msgs/include/glassy_msgs/glassy_msgs/srv/set_path.hpp
[89.812s] -- Installing: /home/diogo/MIR_Project_2024/glassy_challenge_ws/install/glassy_msgs/include/glassy_msgs/glassy_msgs/srv/set_limits.hpp
[89.812s] -- Installing: /home/diogo/MIR_Project_2024/glassy_challenge_ws/install/glassy_msgs/include/glassy_msgs/glassy_msgs/srv/pid_gains.hpp
[89.813s] -- Up-to-date: /home/diogo/MIR_Project_2024/glassy_challenge_ws/install/glassy_msgs/include/glassy_msgs/glassy_msgs
[89.813s] -- Up-to-date: /home/diogo/MIR_Project_2024/glassy_challenge_ws/install/glassy_msgs/include/glassy_msgs/glassy_msgs/msg
[89.814s] -- Installing: /home/diogo/MIR_Project_2024/glassy_challenge_ws/install/glassy_msgs/include/glassy_msgs/glassy_msgs/msg/rosidl_typesupport_fastrtps_cpp__visibility_control.h
[89.814s] -- Up-to-date: /home/diogo/MIR_Project_2024/glassy_challenge_ws/install/glassy_msgs/include/glassy_msgs/glassy_msgs/msg/detail
[89.814s] -- Installing: /home/diogo/MIR_Project_2024/glassy_challenge_ws/install/glassy_msgs/include/glassy_msgs/glassy_msgs/msg/detail/actuators__rosidl_typesupport_fastrtps_cpp.hpp
[89.815s] -- Installing: /home/diogo/MIR_Project_2024/glassy_challenge_ws/install/glassy_msgs/include/glassy_msgs/glassy_msgs/msg/detail/mission_info__rosidl_typesupport_fastrtps_cpp.hpp
[89.816s] -- Installing: /home/diogo/MIR_Project_2024/glassy_challenge_ws/install/glassy_msgs/include/glassy_msgs/glassy_msgs/msg/detail/inner_loop_references__rosidl_typesupport_fastrtps_cpp.hpp
[89.816s] -- Installing: /home/diogo/MIR_Project_2024/glassy_challenge_ws/install/glassy_msgs/include/glassy_msgs/glassy_msgs/msg/detail/path_references__rosidl_typesupport_fastrtps_cpp.hpp
[89.816s] -- Installing: /home/diogo/MIR_Project_2024/glassy_challenge_ws/install/glassy_msgs/include/glassy_msgs/glassy_msgs/msg/detail/state__rosidl_typesupport_fastrtps_cpp.hpp
[89.818s] -- Installing: /home/diogo/MIR_Project_2024/glassy_challenge_ws/install/glassy_msgs/include/glassy_msgs/glassy_msgs/msg/detail/dds_fastrtps
[89.818s] -- Up-to-date: /home/diogo/MIR_Project_2024/glassy_challenge_ws/install/glassy_msgs/include/glassy_msgs/glassy_msgs/srv
[89.818s] -- Up-to-date: /home/diogo/MIR_Project_2024/glassy_challenge_ws/install/glassy_msgs/include/glassy_msgs/glassy_msgs/srv/detail
[89.818s] -- Installing: /home/diogo/MIR_Project_2024/glassy_challenge_ws/install/glassy_msgs/include/glassy_msgs/glassy_msgs/srv/detail/set_mission__rosidl_typesupport_fastrtps_cpp.hpp
[89.819s] -- Installing: /home/diogo/MIR_Project_2024/glassy_challenge_ws/install/glassy_msgs/include/glassy_msgs/glassy_msgs/srv/detail/pid_gains__rosidl_typesupport_fastrtps_cpp.hpp
[89.820s] -- Installing: /home/diogo/MIR_Project_2024/glassy_challenge_ws/install/glassy_msgs/include/glassy_msgs/glassy_msgs/srv/detail/set_limits__rosidl_typesupport_fastrtps_cpp.hpp
[89.820s] -- Installing: /home/diogo/MIR_Project_2024/glassy_challenge_ws/install/glassy_msgs/include/glassy_msgs/glassy_msgs/srv/detail/set_path__rosidl_typesupport_fastrtps_cpp.hpp
[89.820s] -- Installing: /home/diogo/MIR_Project_2024/glassy_challenge_ws/install/glassy_msgs/include/glassy_msgs/glassy_msgs/srv/detail/dds_fastrtps
[89.820s] -- Installing: /home/diogo/MIR_Project_2024/glassy_challenge_ws/install/glassy_msgs/include/glassy_msgs/glassy_msgs/srv/detail/los_params__rosidl_typesupport_fastrtps_cpp.hpp
[89.833s] -- Installing: /home/diogo/MIR_Project_2024/glassy_challenge_ws/install/glassy_msgs/lib/libglassy_msgs__rosidl_typesupport_fastrtps_cpp.so
[89.842s] -- Set runtime path of "/home/diogo/MIR_Project_2024/glassy_challenge_ws/install/glassy_msgs/lib/libglassy_msgs__rosidl_typesupport_fastrtps_cpp.so" to ""
[89.843s] -- Up-to-date: /home/diogo/MIR_Project_2024/glassy_challenge_ws/install/glassy_msgs/include/glassy_msgs/glassy_msgs
[89.844s] -- Up-to-date: /home/diogo/MIR_Project_2024/glassy_challenge_ws/install/glassy_msgs/include/glassy_msgs/glassy_msgs/msg
[89.845s] -- Up-to-date: /home/diogo/MIR_Project_2024/glassy_challenge_ws/install/glassy_msgs/include/glassy_msgs/glassy_msgs/msg/detail
[89.845s] -- Installing: /home/diogo/MIR_Project_2024/glassy_challenge_ws/install/glassy_msgs/include/glassy_msgs/glassy_msgs/msg/detail/mission_info__type_support.c
[89.845s] -- Installing: /home/diogo/MIR_Project_2024/glassy_challenge_ws/install/glassy_msgs/include/glassy_msgs/glassy_msgs/msg/detail/mission_info__rosidl_typesupport_introspection_c.h
[89.845s] -- Installing: /home/diogo/MIR_Project_2024/glassy_challenge_ws/install/glassy_msgs/include/glassy_msgs/glassy_msgs/msg/detail/state__rosidl_typesupport_introspection_c.h
[89.851s] -- Installing: /home/diogo/MIR_Project_2024/glassy_challenge_ws/install/glassy_msgs/include/glassy_msgs/glassy_msgs/msg/detail/inner_loop_references__type_support.c
[89.851s] -- Installing: /home/diogo/MIR_Project_2024/glassy_challenge_ws/install/glassy_msgs/include/glassy_msgs/glassy_msgs/msg/detail/path_references__rosidl_typesupport_introspection_c.h
[89.851s] -- Installing: /home/diogo/MIR_Project_2024/glassy_challenge_ws/install/glassy_msgs/include/glassy_msgs/glassy_msgs/msg/detail/actuators__rosidl_typesupport_introspection_c.h
[89.859s] -- Installing: /home/diogo/MIR_Project_2024/glassy_challenge_ws/install/glassy_msgs/include/glassy_msgs/glassy_msgs/msg/detail/inner_loop_references__rosidl_typesupport_introspection_c.h
[89.860s] -- Installing: /home/diogo/MIR_Project_2024/glassy_challenge_ws/install/glassy_msgs/include/glassy_msgs/glassy_msgs/msg/detail/actuators__type_support.c
[89.860s] -- Installing: /home/diogo/MIR_Project_2024/glassy_challenge_ws/install/glassy_msgs/include/glassy_msgs/glassy_msgs/msg/detail/state__type_support.c
[89.860s] -- Installing: /home/diogo/MIR_Project_2024/glassy_challenge_ws/install/glassy_msgs/include/glassy_msgs/glassy_msgs/msg/detail/path_references__type_support.c
[89.862s] -- Installing: /home/diogo/MIR_Project_2024/glassy_challenge_ws/install/glassy_msgs/include/glassy_msgs/glassy_msgs/msg/rosidl_typesupport_introspection_c__visibility_control.h
[89.863s] -- Up-to-date: /home/diogo/MIR_Project_2024/glassy_challenge_ws/install/glassy_msgs/include/glassy_msgs/glassy_msgs/srv
[89.863s] -- Up-to-date: /home/diogo/MIR_Project_2024/glassy_challenge_ws/install/glassy_msgs/include/glassy_msgs/glassy_msgs/srv/detail
[89.863s] -- Installing: /home/diogo/MIR_Project_2024/glassy_challenge_ws/install/glassy_msgs/include/glassy_msgs/glassy_msgs/srv/detail/los_params__type_support.c
[89.863s] -- Installing: /home/diogo/MIR_Project_2024/glassy_challenge_ws/install/glassy_msgs/include/glassy_msgs/glassy_msgs/srv/detail/set_mission__rosidl_typesupport_introspection_c.h
[89.864s] -- Installing: /home/diogo/MIR_Project_2024/glassy_challenge_ws/install/glassy_msgs/include/glassy_msgs/glassy_msgs/srv/detail/set_path__type_support.c
[89.864s] -- Installing: /home/diogo/MIR_Project_2024/glassy_challenge_ws/install/glassy_msgs/include/glassy_msgs/glassy_msgs/srv/detail/set_mission__type_support.c
[89.865s] -- Installing: /home/diogo/MIR_Project_2024/glassy_challenge_ws/install/glassy_msgs/include/glassy_msgs/glassy_msgs/srv/detail/set_path__rosidl_typesupport_introspection_c.h
[89.868s] -- Installing: /home/diogo/MIR_Project_2024/glassy_challenge_ws/install/glassy_msgs/include/glassy_msgs/glassy_msgs/srv/detail/los_params__rosidl_typesupport_introspection_c.h
[89.871s] -- Installing: /home/diogo/MIR_Project_2024/glassy_challenge_ws/install/glassy_msgs/include/glassy_msgs/glassy_msgs/srv/detail/set_limits__type_support.c
[89.871s] -- Installing: /home/diogo/MIR_Project_2024/glassy_challenge_ws/install/glassy_msgs/include/glassy_msgs/glassy_msgs/srv/detail/pid_gains__type_support.c
[89.871s] -- Installing: /home/diogo/MIR_Project_2024/glassy_challenge_ws/install/glassy_msgs/include/glassy_msgs/glassy_msgs/srv/detail/pid_gains__rosidl_typesupport_introspection_c.h
[89.871s] -- Installing: /home/diogo/MIR_Project_2024/glassy_challenge_ws/install/glassy_msgs/include/glassy_msgs/glassy_msgs/srv/detail/set_limits__rosidl_typesupport_introspection_c.h
[89.871s] -- Installing: /home/diogo/MIR_Project_2024/glassy_challenge_ws/install/glassy_msgs/lib/libglassy_msgs__rosidl_typesupport_introspection_c.so
[89.878s] -- Set runtime path of "/home/diogo/MIR_Project_2024/glassy_challenge_ws/install/glassy_msgs/lib/libglassy_msgs__rosidl_typesupport_introspection_c.so" to ""
[89.879s] -- Installing: /home/diogo/MIR_Project_2024/glassy_challenge_ws/install/glassy_msgs/lib/libglassy_msgs__rosidl_typesupport_c.so
[89.880s] -- Set runtime path of "/home/diogo/MIR_Project_2024/glassy_challenge_ws/install/glassy_msgs/lib/libglassy_msgs__rosidl_typesupport_c.so" to ""
[89.880s] -- Up-to-date: /home/diogo/MIR_Project_2024/glassy_challenge_ws/install/glassy_msgs/include/glassy_msgs/glassy_msgs
[89.881s] -- Up-to-date: /home/diogo/MIR_Project_2024/glassy_challenge_ws/install/glassy_msgs/include/glassy_msgs/glassy_msgs/msg
[89.881s] -- Up-to-date: /home/diogo/MIR_Project_2024/glassy_challenge_ws/install/glassy_msgs/include/glassy_msgs/glassy_msgs/msg/detail
[89.881s] -- Installing: /home/diogo/MIR_Project_2024/glassy_challenge_ws/install/glassy_msgs/include/glassy_msgs/glassy_msgs/msg/detail/state__rosidl_typesupport_introspection_cpp.hpp
[89.881s] -- Installing: /home/diogo/MIR_Project_2024/glassy_challenge_ws/install/glassy_msgs/include/glassy_msgs/glassy_msgs/msg/detail/path_references__rosidl_typesupport_introspection_cpp.hpp
[89.881s] -- Installing: /home/diogo/MIR_Project_2024/glassy_challenge_ws/install/glassy_msgs/include/glassy_msgs/glassy_msgs/msg/detail/path_references__type_support.cpp
[89.882s] -- Installing: /home/diogo/MIR_Project_2024/glassy_challenge_ws/install/glassy_msgs/include/glassy_msgs/glassy_msgs/msg/detail/inner_loop_references__rosidl_typesupport_introspection_cpp.hpp
[89.883s] -- Installing: /home/diogo/MIR_Project_2024/glassy_challenge_ws/install/glassy_msgs/include/glassy_msgs/glassy_msgs/msg/detail/state__type_support.cpp
[89.883s] -- Installing: /home/diogo/MIR_Project_2024/glassy_challenge_ws/install/glassy_msgs/include/glassy_msgs/glassy_msgs/msg/detail/actuators__type_support.cpp
[89.883s] -- Installing: /home/diogo/MIR_Project_2024/glassy_challenge_ws/install/glassy_msgs/include/glassy_msgs/glassy_msgs/msg/detail/inner_loop_references__type_support.cpp
[89.884s] -- Installing: /home/diogo/MIR_Project_2024/glassy_challenge_ws/install/glassy_msgs/include/glassy_msgs/glassy_msgs/msg/detail/mission_info__rosidl_typesupport_introspection_cpp.hpp
[89.885s] -- Installing: /home/diogo/MIR_Project_2024/glassy_challenge_ws/install/glassy_msgs/include/glassy_msgs/glassy_msgs/msg/detail/mission_info__type_support.cpp
[89.885s] -- Installing: /home/diogo/MIR_Project_2024/glassy_challenge_ws/install/glassy_msgs/include/glassy_msgs/glassy_msgs/msg/detail/actuators__rosidl_typesupport_introspection_cpp.hpp
[89.886s] -- Up-to-date: /home/diogo/MIR_Project_2024/glassy_challenge_ws/install/glassy_msgs/include/glassy_msgs/glassy_msgs/srv
[89.886s] -- Up-to-date: /home/diogo/MIR_Project_2024/glassy_challenge_ws/install/glassy_msgs/include/glassy_msgs/glassy_msgs/srv/detail
[89.887s] -- Installing: /home/diogo/MIR_Project_2024/glassy_challenge_ws/install/glassy_msgs/include/glassy_msgs/glassy_msgs/srv/detail/los_params__rosidl_typesupport_introspection_cpp.hpp
[89.887s] -- Installing: /home/diogo/MIR_Project_2024/glassy_challenge_ws/install/glassy_msgs/include/glassy_msgs/glassy_msgs/srv/detail/set_path__rosidl_typesupport_introspection_cpp.hpp
[89.888s] -- Installing: /home/diogo/MIR_Project_2024/glassy_challenge_ws/install/glassy_msgs/include/glassy_msgs/glassy_msgs/srv/detail/pid_gains__type_support.cpp
[89.888s] -- Installing: /home/diogo/MIR_Project_2024/glassy_challenge_ws/install/glassy_msgs/include/glassy_msgs/glassy_msgs/srv/detail/set_path__type_support.cpp
[89.888s] -- Installing: /home/diogo/MIR_Project_2024/glassy_challenge_ws/install/glassy_msgs/include/glassy_msgs/glassy_msgs/srv/detail/set_mission__type_support.cpp
[89.888s] -- Installing: /home/diogo/MIR_Project_2024/glassy_challenge_ws/install/glassy_msgs/include/glassy_msgs/glassy_msgs/srv/detail/los_params__type_support.cpp
[89.889s] -- Installing: /home/diogo/MIR_Project_2024/glassy_challenge_ws/install/glassy_msgs/include/glassy_msgs/glassy_msgs/srv/detail/set_limits__type_support.cpp
[89.891s] -- Installing: /home/diogo/MIR_Project_2024/glassy_challenge_ws/install/glassy_msgs/include/glassy_msgs/glassy_msgs/srv/detail/pid_gains__rosidl_typesupport_introspection_cpp.hpp
[89.891s] -- Installing: /home/diogo/MIR_Project_2024/glassy_challenge_ws/install/glassy_msgs/include/glassy_msgs/glassy_msgs/srv/detail/set_mission__rosidl_typesupport_introspection_cpp.hpp
[89.891s] -- Installing: /home/diogo/MIR_Project_2024/glassy_challenge_ws/install/glassy_msgs/include/glassy_msgs/glassy_msgs/srv/detail/set_limits__rosidl_typesupport_introspection_cpp.hpp
[89.896s] -- Installing: /home/diogo/MIR_Project_2024/glassy_challenge_ws/install/glassy_msgs/lib/libglassy_msgs__rosidl_typesupport_introspection_cpp.so
[89.896s] -- Set runtime path of "/home/diogo/MIR_Project_2024/glassy_challenge_ws/install/glassy_msgs/lib/libglassy_msgs__rosidl_typesupport_introspection_cpp.so" to ""
[89.897s] -- Installing: /home/diogo/MIR_Project_2024/glassy_challenge_ws/install/glassy_msgs/lib/libglassy_msgs__rosidl_typesupport_cpp.so
[89.898s] -- Set runtime path of "/home/diogo/MIR_Project_2024/glassy_challenge_ws/install/glassy_msgs/lib/libglassy_msgs__rosidl_typesupport_cpp.so" to ""
[89.899s] -- Installing: /home/diogo/MIR_Project_2024/glassy_challenge_ws/install/glassy_msgs/share/glassy_msgs/environment/pythonpath.sh
[89.899s] -- Installing: /home/diogo/MIR_Project_2024/glassy_challenge_ws/install/glassy_msgs/share/glassy_msgs/environment/pythonpath.dsv
[89.899s] -- Installing: /home/diogo/MIR_Project_2024/glassy_challenge_ws/install/glassy_msgs/local/lib/python3.10/dist-packages/glassy_msgs-0.0.0-py3.10.egg-info
[89.902s] -- Installing: /home/diogo/MIR_Project_2024/glassy_challenge_ws/install/glassy_msgs/local/lib/python3.10/dist-packages/glassy_msgs-0.0.0-py3.10.egg-info/dependency_links.txt
[89.902s] -- Installing: /home/diogo/MIR_Project_2024/glassy_challenge_ws/install/glassy_msgs/local/lib/python3.10/dist-packages/glassy_msgs-0.0.0-py3.10.egg-info/SOURCES.txt
[89.902s] -- Installing: /home/diogo/MIR_Project_2024/glassy_challenge_ws/install/glassy_msgs/local/lib/python3.10/dist-packages/glassy_msgs-0.0.0-py3.10.egg-info/PKG-INFO
[89.902s] -- Installing: /home/diogo/MIR_Project_2024/glassy_challenge_ws/install/glassy_msgs/local/lib/python3.10/dist-packages/glassy_msgs-0.0.0-py3.10.egg-info/top_level.txt
[89.903s] -- Installing: /home/diogo/MIR_Project_2024/glassy_challenge_ws/install/glassy_msgs/local/lib/python3.10/dist-packages/glassy_msgs
[89.904s] -- Installing: /home/diogo/MIR_Project_2024/glassy_challenge_ws/install/glassy_msgs/local/lib/python3.10/dist-packages/glassy_msgs/msg
[89.904s] -- Installing: /home/diogo/MIR_Project_2024/glassy_challenge_ws/install/glassy_msgs/local/lib/python3.10/dist-packages/glassy_msgs/msg/_actuators.py
[89.907s] -- Installing: /home/diogo/MIR_Project_2024/glassy_challenge_ws/install/glassy_msgs/local/lib/python3.10/dist-packages/glassy_msgs/msg/_mission_info.py
[89.908s] -- Installing: /home/diogo/MIR_Project_2024/glassy_challenge_ws/install/glassy_msgs/local/lib/python3.10/dist-packages/glassy_msgs/msg/_state.py
[89.909s] -- Installing: /home/diogo/MIR_Project_2024/glassy_challenge_ws/install/glassy_msgs/local/lib/python3.10/dist-packages/glassy_msgs/msg/_mission_info_s.c
[89.909s] -- Installing: /home/diogo/MIR_Project_2024/glassy_challenge_ws/install/glassy_msgs/local/lib/python3.10/dist-packages/glassy_msgs/msg/_inner_loop_references_s.c
[89.909s] -- Installing: /home/diogo/MIR_Project_2024/glassy_challenge_ws/install/glassy_msgs/local/lib/python3.10/dist-packages/glassy_msgs/msg/__init__.py
[89.910s] -- Installing: /home/diogo/MIR_Project_2024/glassy_challenge_ws/install/glassy_msgs/local/lib/python3.10/dist-packages/glassy_msgs/msg/_actuators_s.c
[89.911s] -- Installing: /home/diogo/MIR_Project_2024/glassy_challenge_ws/install/glassy_msgs/local/lib/python3.10/dist-packages/glassy_msgs/msg/_path_references.py
[89.911s] -- Installing: /home/diogo/MIR_Project_2024/glassy_challenge_ws/install/glassy_msgs/local/lib/python3.10/dist-packages/glassy_msgs/msg/_state_s.c
[89.915s] -- Installing: /home/diogo/MIR_Project_2024/glassy_challenge_ws/install/glassy_msgs/local/lib/python3.10/dist-packages/glassy_msgs/msg/_path_references_s.c
[89.916s] -- Installing: /home/diogo/MIR_Project_2024/glassy_challenge_ws/install/glassy_msgs/local/lib/python3.10/dist-packages/glassy_msgs/msg/_inner_loop_references.py
[89.916s] -- Installing: /home/diogo/MIR_Project_2024/glassy_challenge_ws/install/glassy_msgs/local/lib/python3.10/dist-packages/glassy_msgs/glassy_msgs_s__rosidl_typesupport_fastrtps_c.cpython-310-x86_64-linux-gnu.so
[89.916s] -- Installing: /home/diogo/MIR_Project_2024/glassy_challenge_ws/install/glassy_msgs/local/lib/python3.10/dist-packages/glassy_msgs/glassy_msgs_s__rosidl_typesupport_introspection_c.cpython-310-x86_64-linux-gnu.so
[89.918s] -- Installing: /home/diogo/MIR_Project_2024/glassy_challenge_ws/install/glassy_msgs/local/lib/python3.10/dist-packages/glassy_msgs/srv
[89.918s] -- Installing: /home/diogo/MIR_Project_2024/glassy_challenge_ws/install/glassy_msgs/local/lib/python3.10/dist-packages/glassy_msgs/srv/_los_params_s.c
[89.918s] -- Installing: /home/diogo/MIR_Project_2024/glassy_challenge_ws/install/glassy_msgs/local/lib/python3.10/dist-packages/glassy_msgs/srv/_set_path_s.c
[89.918s] -- Installing: /home/diogo/MIR_Project_2024/glassy_challenge_ws/install/glassy_msgs/local/lib/python3.10/dist-packages/glassy_msgs/srv/_set_path.py
[89.918s] -- Installing: /home/diogo/MIR_Project_2024/glassy_challenge_ws/install/glassy_msgs/local/lib/python3.10/dist-packages/glassy_msgs/srv/_set_mission.py
[89.918s] -- Installing: /home/diogo/MIR_Project_2024/glassy_challenge_ws/install/glassy_msgs/local/lib/python3.10/dist-packages/glassy_msgs/srv/_set_mission_s.c
[89.919s] -- Installing: /home/diogo/MIR_Project_2024/glassy_challenge_ws/install/glassy_msgs/local/lib/python3.10/dist-packages/glassy_msgs/srv/_set_limits.py
[89.919s] -- Installing: /home/diogo/MIR_Project_2024/glassy_challenge_ws/install/glassy_msgs/local/lib/python3.10/dist-packages/glassy_msgs/srv/__init__.py
[89.920s] -- Installing: /home/diogo/MIR_Project_2024/glassy_challenge_ws/install/glassy_msgs/local/lib/python3.10/dist-packages/glassy_msgs/srv/_pid_gains.py
[89.920s] -- Installing: /home/diogo/MIR_Project_2024/glassy_challenge_ws/install/glassy_msgs/local/lib/python3.10/dist-packages/glassy_msgs/srv/_pid_gains_s.c
[89.920s] -- Installing: /home/diogo/MIR_Project_2024/glassy_challenge_ws/install/glassy_msgs/local/lib/python3.10/dist-packages/glassy_msgs/srv/_set_limits_s.c
[89.920s] -- Installing: /home/diogo/MIR_Project_2024/glassy_challenge_ws/install/glassy_msgs/local/lib/python3.10/dist-packages/glassy_msgs/srv/_los_params.py
[89.925s] -- Installing: /home/diogo/MIR_Project_2024/glassy_challenge_ws/install/glassy_msgs/local/lib/python3.10/dist-packages/glassy_msgs/__init__.py
[89.931s] -- Installing: /home/diogo/MIR_Project_2024/glassy_challenge_ws/install/glassy_msgs/local/lib/python3.10/dist-packages/glassy_msgs/_glassy_msgs_s.ep.rosidl_typesupport_introspection_c.c
[89.932s] -- Installing: /home/diogo/MIR_Project_2024/glassy_challenge_ws/install/glassy_msgs/local/lib/python3.10/dist-packages/glassy_msgs/libglassy_msgs__rosidl_generator_py.so
[89.932s] -- Installing: /home/diogo/MIR_Project_2024/glassy_challenge_ws/install/glassy_msgs/local/lib/python3.10/dist-packages/glassy_msgs/glassy_msgs_s__rosidl_typesupport_c.cpython-310-x86_64-linux-gnu.so
[89.932s] -- Installing: /home/diogo/MIR_Project_2024/glassy_challenge_ws/install/glassy_msgs/local/lib/python3.10/dist-packages/glassy_msgs/_glassy_msgs_s.ep.rosidl_typesupport_c.c
[89.933s] -- Installing: /home/diogo/MIR_Project_2024/glassy_challenge_ws/install/glassy_msgs/local/lib/python3.10/dist-packages/glassy_msgs/_glassy_msgs_s.ep.rosidl_typesupport_fastrtps_c.c
[90.124s] Listing '/home/diogo/MIR_Project_2024/glassy_challenge_ws/install/glassy_msgs/local/lib/python3.10/dist-packages/glassy_msgs'...
[90.124s] Compiling '/home/diogo/MIR_Project_2024/glassy_challenge_ws/install/glassy_msgs/local/lib/python3.10/dist-packages/glassy_msgs/__init__.py'...
[90.124s] Listing '/home/diogo/MIR_Project_2024/glassy_challenge_ws/install/glassy_msgs/local/lib/python3.10/dist-packages/glassy_msgs/msg'...
[90.124s] Compiling '/home/diogo/MIR_Project_2024/glassy_challenge_ws/install/glassy_msgs/local/lib/python3.10/dist-packages/glassy_msgs/msg/__init__.py'...
[90.124s] Compiling '/home/diogo/MIR_Project_2024/glassy_challenge_ws/install/glassy_msgs/local/lib/python3.10/dist-packages/glassy_msgs/msg/_actuators.py'...
[90.124s] Compiling '/home/diogo/MIR_Project_2024/glassy_challenge_ws/install/glassy_msgs/local/lib/python3.10/dist-packages/glassy_msgs/msg/_inner_loop_references.py'...
[90.125s] Compiling '/home/diogo/MIR_Project_2024/glassy_challenge_ws/install/glassy_msgs/local/lib/python3.10/dist-packages/glassy_msgs/msg/_mission_info.py'...
[90.125s] Compiling '/home/diogo/MIR_Project_2024/glassy_challenge_ws/install/glassy_msgs/local/lib/python3.10/dist-packages/glassy_msgs/msg/_path_references.py'...
[90.128s] Compiling '/home/diogo/MIR_Project_2024/glassy_challenge_ws/install/glassy_msgs/local/lib/python3.10/dist-packages/glassy_msgs/msg/_state.py'...
[90.129s] Listing '/home/diogo/MIR_Project_2024/glassy_challenge_ws/install/glassy_msgs/local/lib/python3.10/dist-packages/glassy_msgs/srv'...
[90.129s] Compiling '/home/diogo/MIR_Project_2024/glassy_challenge_ws/install/glassy_msgs/local/lib/python3.10/dist-packages/glassy_msgs/srv/__init__.py'...
[90.129s] Compiling '/home/diogo/MIR_Project_2024/glassy_challenge_ws/install/glassy_msgs/local/lib/python3.10/dist-packages/glassy_msgs/srv/_los_params.py'...
[90.129s] Compiling '/home/diogo/MIR_Project_2024/glassy_challenge_ws/install/glassy_msgs/local/lib/python3.10/dist-packages/glassy_msgs/srv/_pid_gains.py'...
[90.130s] Compiling '/home/diogo/MIR_Project_2024/glassy_challenge_ws/install/glassy_msgs/local/lib/python3.10/dist-packages/glassy_msgs/srv/_set_limits.py'...
[90.130s] Compiling '/home/diogo/MIR_Project_2024/glassy_challenge_ws/install/glassy_msgs/local/lib/python3.10/dist-packages/glassy_msgs/srv/_set_mission.py'...
[90.131s] Compiling '/home/diogo/MIR_Project_2024/glassy_challenge_ws/install/glassy_msgs/local/lib/python3.10/dist-packages/glassy_msgs/srv/_set_path.py'...
[90.152s] -- Installing: /home/diogo/MIR_Project_2024/glassy_challenge_ws/install/glassy_msgs/local/lib/python3.10/dist-packages/glassy_msgs/glassy_msgs_s__rosidl_typesupport_fastrtps_c.cpython-310-x86_64-linux-gnu.so
[90.152s] -- Set runtime path of "/home/diogo/MIR_Project_2024/glassy_challenge_ws/install/glassy_msgs/local/lib/python3.10/dist-packages/glassy_msgs/glassy_msgs_s__rosidl_typesupport_fastrtps_c.cpython-310-x86_64-linux-gnu.so" to ""
[90.152s] -- Installing: /home/diogo/MIR_Project_2024/glassy_challenge_ws/install/glassy_msgs/local/lib/python3.10/dist-packages/glassy_msgs/glassy_msgs_s__rosidl_typesupport_introspection_c.cpython-310-x86_64-linux-gnu.so
[90.160s] -- Set runtime path of "/home/diogo/MIR_Project_2024/glassy_challenge_ws/install/glassy_msgs/local/lib/python3.10/dist-packages/glassy_msgs/glassy_msgs_s__rosidl_typesupport_introspection_c.cpython-310-x86_64-linux-gnu.so" to ""
[90.161s] -- Installing: /home/diogo/MIR_Project_2024/glassy_challenge_ws/install/glassy_msgs/local/lib/python3.10/dist-packages/glassy_msgs/glassy_msgs_s__rosidl_typesupport_c.cpython-310-x86_64-linux-gnu.so
[90.161s] -- Set runtime path of "/home/diogo/MIR_Project_2024/glassy_challenge_ws/install/glassy_msgs/local/lib/python3.10/dist-packages/glassy_msgs/glassy_msgs_s__rosidl_typesupport_c.cpython-310-x86_64-linux-gnu.so" to ""
[90.162s] -- Installing: /home/diogo/MIR_Project_2024/glassy_challenge_ws/install/glassy_msgs/lib/libglassy_msgs__rosidl_generator_py.so
[90.162s] -- Set runtime path of "/home/diogo/MIR_Project_2024/glassy_challenge_ws/install/glassy_msgs/lib/libglassy_msgs__rosidl_generator_py.so" to ""
[90.163s] -- Installing: /home/diogo/MIR_Project_2024/glassy_challenge_ws/install/glassy_msgs/share/glassy_msgs/msg/State.idl
[90.167s] -- Installing: /home/diogo/MIR_Project_2024/glassy_challenge_ws/install/glassy_msgs/share/glassy_msgs/msg/Actuators.idl
[90.167s] -- Installing: /home/diogo/MIR_Project_2024/glassy_challenge_ws/install/glassy_msgs/share/glassy_msgs/msg/InnerLoopReferences.idl
[90.168s] -- Installing: /home/diogo/MIR_Project_2024/glassy_challenge_ws/install/glassy_msgs/share/glassy_msgs/msg/PathReferences.idl
[90.168s] -- Installing: /home/diogo/MIR_Project_2024/glassy_challenge_ws/install/glassy_msgs/share/glassy_msgs/msg/MissionInfo.idl
[90.171s] -- Installing: /home/diogo/MIR_Project_2024/glassy_challenge_ws/install/glassy_msgs/share/glassy_msgs/srv/PidGains.idl
[90.171s] -- Installing: /home/diogo/MIR_Project_2024/glassy_challenge_ws/install/glassy_msgs/share/glassy_msgs/srv/SetPath.idl
[90.172s] -- Installing: /home/diogo/MIR_Project_2024/glassy_challenge_ws/install/glassy_msgs/share/glassy_msgs/srv/LosParams.idl
[90.173s] -- Installing: /home/diogo/MIR_Project_2024/glassy_challenge_ws/install/glassy_msgs/share/glassy_msgs/srv/SetLimits.idl
[90.178s] -- Installing: /home/diogo/MIR_Project_2024/glassy_challenge_ws/install/glassy_msgs/share/glassy_msgs/srv/SetMission.idl
[90.179s] -- Installing: /home/diogo/MIR_Project_2024/glassy_challenge_ws/install/glassy_msgs/share/glassy_msgs/msg/State.msg
[90.179s] -- Installing: /home/diogo/MIR_Project_2024/glassy_challenge_ws/install/glassy_msgs/share/glassy_msgs/msg/Actuators.msg
[90.179s] -- Installing: /home/diogo/MIR_Project_2024/glassy_challenge_ws/install/glassy_msgs/share/glassy_msgs/msg/InnerLoopReferences.msg
[90.179s] -- Installing: /home/diogo/MIR_Project_2024/glassy_challenge_ws/install/glassy_msgs/share/glassy_msgs/msg/PathReferences.msg
[90.179s] -- Installing: /home/diogo/MIR_Project_2024/glassy_challenge_ws/install/glassy_msgs/share/glassy_msgs/msg/MissionInfo.msg
[90.180s] -- Installing: /home/diogo/MIR_Project_2024/glassy_challenge_ws/install/glassy_msgs/share/glassy_msgs/srv/PidGains.srv
[90.184s] -- Installing: /home/diogo/MIR_Project_2024/glassy_challenge_ws/install/glassy_msgs/share/glassy_msgs/srv/PidGains_Request.msg
[90.185s] -- Installing: /home/diogo/MIR_Project_2024/glassy_challenge_ws/install/glassy_msgs/share/glassy_msgs/srv/PidGains_Response.msg
[90.185s] -- Installing: /home/diogo/MIR_Project_2024/glassy_challenge_ws/install/glassy_msgs/share/glassy_msgs/srv/SetPath.srv
[90.185s] -- Installing: /home/diogo/MIR_Project_2024/glassy_challenge_ws/install/glassy_msgs/share/glassy_msgs/srv/SetPath_Request.msg
[90.185s] -- Installing: /home/diogo/MIR_Project_2024/glassy_challenge_ws/install/glassy_msgs/share/glassy_msgs/srv/SetPath_Response.msg
[90.189s] -- Installing: /home/diogo/MIR_Project_2024/glassy_challenge_ws/install/glassy_msgs/share/glassy_msgs/srv/LosParams.srv
[90.190s] -- Installing: /home/diogo/MIR_Project_2024/glassy_challenge_ws/install/glassy_msgs/share/glassy_msgs/srv/LosParams_Request.msg
[90.190s] -- Installing: /home/diogo/MIR_Project_2024/glassy_challenge_ws/install/glassy_msgs/share/glassy_msgs/srv/LosParams_Response.msg
[90.190s] -- Installing: /home/diogo/MIR_Project_2024/glassy_challenge_ws/install/glassy_msgs/share/glassy_msgs/srv/SetLimits.srv
[90.191s] -- Installing: /home/diogo/MIR_Project_2024/glassy_challenge_ws/install/glassy_msgs/share/glassy_msgs/srv/SetLimits_Request.msg
[90.192s] -- Installing: /home/diogo/MIR_Project_2024/glassy_challenge_ws/install/glassy_msgs/share/glassy_msgs/srv/SetLimits_Response.msg
[90.200s] -- Installing: /home/diogo/MIR_Project_2024/glassy_challenge_ws/install/glassy_msgs/share/glassy_msgs/srv/SetMission.srv
[90.201s] -- Installing: /home/diogo/MIR_Project_2024/glassy_challenge_ws/install/glassy_msgs/share/glassy_msgs/srv/SetMission_Request.msg
[90.201s] -- Installing: /home/diogo/MIR_Project_2024/glassy_challenge_ws/install/glassy_msgs/share/glassy_msgs/srv/SetMission_Response.msg
[90.201s] -- Installing: /home/diogo/MIR_Project_2024/glassy_challenge_ws/install/glassy_msgs/share/ament_index/resource_index/package_run_dependencies/glassy_msgs
[90.201s] -- Installing: /home/diogo/MIR_Project_2024/glassy_challenge_ws/install/glassy_msgs/share/ament_index/resource_index/parent_prefix_path/glassy_msgs
[90.201s] -- Installing: /home/diogo/MIR_Project_2024/glassy_challenge_ws/install/glassy_msgs/share/glassy_msgs/environment/ament_prefix_path.sh
[90.201s] -- Installing: /home/diogo/MIR_Project_2024/glassy_challenge_ws/install/glassy_msgs/share/glassy_msgs/environment/ament_prefix_path.dsv
[90.201s] -- Installing: /home/diogo/MIR_Project_2024/glassy_challenge_ws/install/glassy_msgs/share/glassy_msgs/environment/path.sh
[90.202s] -- Installing: /home/diogo/MIR_Project_2024/glassy_challenge_ws/install/glassy_msgs/share/glassy_msgs/environment/path.dsv
[90.203s] -- Installing: /home/diogo/MIR_Project_2024/glassy_challenge_ws/install/glassy_msgs/share/glassy_msgs/local_setup.bash
[90.204s] -- Installing: /home/diogo/MIR_Project_2024/glassy_challenge_ws/install/glassy_msgs/share/glassy_msgs/local_setup.sh
[90.204s] -- Installing: /home/diogo/MIR_Project_2024/glassy_challenge_ws/install/glassy_msgs/share/glassy_msgs/local_setup.zsh
[90.204s] -- Installing: /home/diogo/MIR_Project_2024/glassy_challenge_ws/install/glassy_msgs/share/glassy_msgs/local_setup.dsv
[90.204s] -- Installing: /home/diogo/MIR_Project_2024/glassy_challenge_ws/install/glassy_msgs/share/glassy_msgs/package.dsv
[90.208s] -- Installing: /home/diogo/MIR_Project_2024/glassy_challenge_ws/install/glassy_msgs/share/ament_index/resource_index/packages/glassy_msgs
[90.209s] -- Installing: /home/diogo/MIR_Project_2024/glassy_challenge_ws/install/glassy_msgs/share/glassy_msgs/cmake/export_glassy_msgs__rosidl_generator_cExport.cmake
[90.209s] -- Installing: /home/diogo/MIR_Project_2024/glassy_challenge_ws/install/glassy_msgs/share/glassy_msgs/cmake/export_glassy_msgs__rosidl_generator_cExport-noconfig.cmake
[90.209s] -- Installing: /home/diogo/MIR_Project_2024/glassy_challenge_ws/install/glassy_msgs/share/glassy_msgs/cmake/export_glassy_msgs__rosidl_typesupport_fastrtps_cExport.cmake
[90.214s] -- Installing: /home/diogo/MIR_Project_2024/glassy_challenge_ws/install/glassy_msgs/share/glassy_msgs/cmake/export_glassy_msgs__rosidl_typesupport_fastrtps_cExport-noconfig.cmake
[90.214s] -- Installing: /home/diogo/MIR_Project_2024/glassy_challenge_ws/install/glassy_msgs/share/glassy_msgs/cmake/export_glassy_msgs__rosidl_generator_cppExport.cmake
[90.214s] -- Installing: /home/diogo/MIR_Project_2024/glassy_challenge_ws/install/glassy_msgs/share/glassy_msgs/cmake/export_glassy_msgs__rosidl_typesupport_fastrtps_cppExport.cmake
[90.214s] -- Installing: /home/diogo/MIR_Project_2024/glassy_challenge_ws/install/glassy_msgs/share/glassy_msgs/cmake/export_glassy_msgs__rosidl_typesupport_fastrtps_cppExport-noconfig.cmake
[90.214s] -- Installing: /home/diogo/MIR_Project_2024/glassy_challenge_ws/install/glassy_msgs/share/glassy_msgs/cmake/glassy_msgs__rosidl_typesupport_introspection_cExport.cmake
[90.219s] -- Installing: /home/diogo/MIR_Project_2024/glassy_challenge_ws/install/glassy_msgs/share/glassy_msgs/cmake/glassy_msgs__rosidl_typesupport_introspection_cExport-noconfig.cmake
[90.219s] -- Installing: /home/diogo/MIR_Project_2024/glassy_challenge_ws/install/glassy_msgs/share/glassy_msgs/cmake/glassy_msgs__rosidl_typesupport_cExport.cmake
[90.219s] -- Installing: /home/diogo/MIR_Project_2024/glassy_challenge_ws/install/glassy_msgs/share/glassy_msgs/cmake/glassy_msgs__rosidl_typesupport_cExport-noconfig.cmake
[90.219s] -- Installing: /home/diogo/MIR_Project_2024/glassy_challenge_ws/install/glassy_msgs/share/glassy_msgs/cmake/glassy_msgs__rosidl_typesupport_introspection_cppExport.cmake
[90.219s] -- Installing: /home/diogo/MIR_Project_2024/glassy_challenge_ws/install/glassy_msgs/share/glassy_msgs/cmake/glassy_msgs__rosidl_typesupport_introspection_cppExport-noconfig.cmake
[90.220s] -- Installing: /home/diogo/MIR_Project_2024/glassy_challenge_ws/install/glassy_msgs/share/glassy_msgs/cmake/glassy_msgs__rosidl_typesupport_cppExport.cmake
[90.225s] -- Installing: /home/diogo/MIR_Project_2024/glassy_challenge_ws/install/glassy_msgs/share/glassy_msgs/cmake/glassy_msgs__rosidl_typesupport_cppExport-noconfig.cmake
[90.225s] -- Installing: /home/diogo/MIR_Project_2024/glassy_challenge_ws/install/glassy_msgs/share/glassy_msgs/cmake/export_glassy_msgs__rosidl_generator_pyExport.cmake
[90.225s] -- Installing: /home/diogo/MIR_Project_2024/glassy_challenge_ws/install/glassy_msgs/share/glassy_msgs/cmake/export_glassy_msgs__rosidl_generator_pyExport-noconfig.cmake
[90.225s] -- Installing: /home/diogo/MIR_Project_2024/glassy_challenge_ws/install/glassy_msgs/share/glassy_msgs/cmake/rosidl_cmake-extras.cmake
[90.229s] -- Installing: /home/diogo/MIR_Project_2024/glassy_challenge_ws/install/glassy_msgs/share/glassy_msgs/cmake/ament_cmake_export_dependencies-extras.cmake
[90.230s] -- Installing: /home/diogo/MIR_Project_2024/glassy_challenge_ws/install/glassy_msgs/share/glassy_msgs/cmake/ament_cmake_export_include_directories-extras.cmake
[90.230s] -- Installing: /home/diogo/MIR_Project_2024/glassy_challenge_ws/install/glassy_msgs/share/glassy_msgs/cmake/ament_cmake_export_libraries-extras.cmake
[90.231s] -- Installing: /home/diogo/MIR_Project_2024/glassy_challenge_ws/install/glassy_msgs/share/glassy_msgs/cmake/ament_cmake_export_targets-extras.cmake
[90.233s] -- Installing: /home/diogo/MIR_Project_2024/glassy_challenge_ws/install/glassy_msgs/share/glassy_msgs/cmake/rosidl_cmake_export_typesupport_targets-extras.cmake
[90.233s] -- Installing: /home/diogo/MIR_Project_2024/glassy_challenge_ws/install/glassy_msgs/share/glassy_msgs/cmake/rosidl_cmake_export_typesupport_libraries-extras.cmake
[90.235s] -- Installing: /home/diogo/MIR_Project_2024/glassy_challenge_ws/install/glassy_msgs/share/glassy_msgs/cmake/glassy_msgsConfig.cmake
[90.235s] -- Installing: /home/diogo/MIR_Project_2024/glassy_challenge_ws/install/glassy_msgs/share/glassy_msgs/cmake/glassy_msgsConfig-version.cmake
[90.245s] -- Installing: /home/diogo/MIR_Project_2024/glassy_challenge_ws/install/glassy_msgs/share/glassy_msgs/package.xml
[90.250s] Invoked command in '/home/diogo/MIR_Project_2024/glassy_challenge_ws/build/glassy_msgs' returned '0': CMAKE_PREFIX_PATH=${CMAKE_PREFIX_PATH}:/home/diogo/MIR_Project_2024/glassy_challenge_ws/install/glassy_challenge:/opt/ros/humble /usr/bin/cmake --install /home/diogo/MIR_Project_2024/glassy_challenge_ws/build/glassy_msgs
